
Initial statistics: 1 variables; iteration 0; function evaluation 0; phase 1
Function value   1.0872117e+03; maximum gradient component mag  -8.4196e+03
Var   Value    Gradient   |Var   Value    Gradient   |Var   Value    Gradient
  1  0.00500  -8.4196e+03 |

Intermediate statistics: 1 variables; iteration 10; function evaluation 14; phase 1
Function value   3.2893061e+01; maximum gradient component mag  -6.3483e-03
Var   Value    Gradient   |Var   Value    Gradient   |Var   Value    Gradient
  1  0.58240  -6.3483e-03 |

 - final statistics:
1 variables; iteration 12; function evaluation 16
Function value   3.2893e+01; maximum gradient component mag  -3.0246e-11
Exit code = 1;  converg criter   1.0000e-07
Var   Value    Gradient   |Var   Value    Gradient   |Var   Value    Gradient
  1  0.58240  -3.0246e-11 |

Initial statistics: 2 variables; iteration 0; function evaluation 0; phase 2
Function value   3.2893061e+01; maximum gradient component mag  -3.4469e+01
Var   Value    Gradient   |Var   Value    Gradient   |Var   Value    Gradient
  1  0.58240  -3.0246e-11 |  2  0.50000  -3.4469e+01 |

Intermediate statistics: 2 variables; iteration 10; function evaluation 12; phase 2
Function value   9.4957405e+00; maximum gradient component mag   2.1133e-06
Var   Value    Gradient   |Var   Value    Gradient   |Var   Value    Gradient
  1  0.01724   2.1133e-06 |  2  2.14145   7.9413e-07 |

 - final statistics:
2 variables; iteration 11; function evaluation 13
Function value   9.4957e+00; maximum gradient component mag  -8.1091e-09
Exit code = 1;  converg criter   1.0000e-07
Var   Value    Gradient   |Var   Value    Gradient   |Var   Value    Gradient
  1  0.01724  -8.1091e-09 |  2  2.14145  -3.7526e-09 |
Estimating row 1 out of 2 for hessian
Estimating row 2 out of 2 for hessian
