Alternative 1 Catch
     Model_1_goa_nr_2020.dat 
Equil_Fabc 4.93127 
Year 
2020 2.38492 
2021 2.47104 
2022 3.08946 
2023 2.88424 
2024 4.73575 
2025 4.47855 
2026 4.05703 
2027 3.78644 
2028 3.67201 
2029 3.66332 
2030 3.71905 
2031 3.80762 
2032 3.90912 
2033 4.01756 

Alternative 1 ABCs
     Model_1_goa_nr_2020.dat 

Year 
2020  NA 
2021  NA 
2022  NA 
2023  NA 
2024 4.73575 
2025 4.47855 
2026 4.05703 
2027 3.78644 
2028 3.67201 
2029 3.66332 
2030 3.71905 
2031 3.80762 
2032 3.90912 
2033 4.01756 

Alternative 1 TACs
     Model_1_goa_nr_2020.dat 

Year 
2020  NA 
2021  NA 
2022  NA 
2023  NA 
2024 4.73575 
2025 4.47855 
2026 4.05703 
2027 3.78644 
2028 3.67201 
2029 3.66332 
2030 3.71905 
2031 3.80762 
2032 3.90912 
2033 4.01756 

Alternative 1 Sp_Biomass
     Model_1_goa_nr_2020.dat 
Equil_Fabc 33.9327 
Year 
2020 45.176 
2021 42.9879 
2022 40.8076 
2023 38.6569 
2024 36.5062 
2025 34.1211 
2026 32.1927 
2027 30.778 
2028 29.8536 
2029 29.3874 
2030 29.3178 
2031 29.5445 
2032 29.9509 
2033 30.4391 

Alternative 1 Fishing Mortality
     Model_1_goa_nr_2020.dat 
Equil_Fabc 0.0610274 
Year 
2020 0.0254399 
2021 0.0276305 
2022 0.0361983 
2023 0.0353312 
2024 0.0610274 
2025 0.0610274 
2026 0.0577334 
2027 0.0550551 
2028 0.0532964 
2029 0.0523797 
2030 0.0521444 
2031 0.0523889 
2032 0.0528891 
2033 0.0534769 

Alternative 1 Biomass
     Model_1_goa_nr_2020.dat 

Year 
2020 106.12 
2021 102.903 
2022 100.371 
2023 98.0777 
2024 96.8426 
2025 94.5235 
2026 93.1667 
2027 92.8365 
2028 93.2521 
2029 94.1601 
2030 95.3183 
2031 96.5986 
2032 97.8691 
2033 99.0679 

Alternative 1 Implied SPR rate 
     Model_1_goa_nr_2020.dat 
Equil_Fabc 0.4 
Year 
2020 0.637635 
2021 0.616881 
2022 0.545488 
2023 0.552081 
2024 0.4 
2025 0.4 
2026 0.415443 
2027 0.428745 
2028 0.437925 
2029 0.442978 
2030 0.444525 
2031 0.443536 
2032 0.441152 
2033 0.438241 

  Model_1_goa_nr_2020.dat 
EquilAvgAgeF0  16.5608 
EquilAvgAgeFabc  9.68849 
AvgAgeYr2033 10.7481 
Alternative 2 Catch
     Model_1_goa_nr_2020.dat 
Equil_Fabc 4.93127 
Year 
2020 2.38492 
2021 2.47104 
2022 3.08946 
2023 2.88424 
2024 4.73575 
2025 4.47855 
2026 4.05703 
2027 3.78644 
2028 3.67201 
2029 3.66332 
2030 3.71905 
2031 3.80762 
2032 3.90912 
2033 4.01756 

Alternative 2 ABCs
     Model_1_goa_nr_2020.dat 

Year 
2020  NA 
2021  NA 
2022  NA 
2023  NA 
2024 4.73575 
2025 4.47855 
2026 4.05703 
2027 3.78644 
2028 3.67201 
2029 3.66332 
2030 3.71905 
2031 3.80762 
2032 3.90912 
2033 4.01756 

Alternative 2 TACs
     Model_1_goa_nr_2020.dat 

Year 
2020  NA 
2021  NA 
2022  NA 
2023  NA 
2024 4.73575 
2025 4.47855 
2026 4.05703 
2027 3.78644 
2028 3.67201 
2029 3.66332 
2030 3.71905 
2031 3.80762 
2032 3.90912 
2033 4.01756 

Alternative 2 Sp_Biomass
     Model_1_goa_nr_2020.dat 
Equil_Fabc 33.9327 
Year 
2020 45.176 
2021 42.9879 
2022 40.8076 
2023 38.6569 
2024 36.5062 
2025 34.1211 
2026 32.1927 
2027 30.778 
2028 29.8536 
2029 29.3874 
2030 29.3178 
2031 29.5445 
2032 29.9509 
2033 30.4391 

Alternative 2 Fishing Mortality
     Model_1_goa_nr_2020.dat 
Equil_Fabc 0.0610274 
Year 
2020 0.0254399 
2021 0.0276305 
2022 0.0361983 
2023 0.0353312 
2024 0.0610274 
2025 0.0610274 
2026 0.0577334 
2027 0.0550551 
2028 0.0532964 
2029 0.0523797 
2030 0.0521444 
2031 0.0523889 
2032 0.0528891 
2033 0.0534769 

Alternative 2 Biomass
     Model_1_goa_nr_2020.dat 

Year 
2020 106.12 
2021 102.903 
2022 100.371 
2023 98.0777 
2024 96.8426 
2025 94.5235 
2026 93.1667 
2027 92.8365 
2028 93.2521 
2029 94.1601 
2030 95.3183 
2031 96.5986 
2032 97.8691 
2033 99.0679 

Alternative 2 Implied SPR rate 
     Model_1_goa_nr_2020.dat 
Equil_Fabc 0.4 
Year 
2020 0.637635 
2021 0.616881 
2022 0.545488 
2023 0.552081 
2024 0.4 
2025 0.4 
2026 0.415443 
2027 0.428745 
2028 0.437925 
2029 0.442978 
2030 0.444525 
2031 0.443536 
2032 0.441152 
2033 0.438241 

  Model_1_goa_nr_2020.dat 
EquilAvgAgeF0  16.5608 
EquilAvgAgeFabc  9.68849 
AvgAgeYr2033 10.7481 
Alternative 3 Catch
     Model_1_goa_nr_2020.dat 
Equil_Fabc 4.93127 
Year 
2020 2.38492 
2021 2.47104 
2022 3.08946 
2023 2.88424 
2024 2.40285 
2025 2.33907 
2026 2.2972 
2027 2.25249 
2028 2.26131 
2029 2.31014 
2030 2.37779 
2031 2.45036 
2032 2.52299 
2033 2.59735 

Alternative 3 ABCs
     Model_1_goa_nr_2020.dat 

Year 
2020  NA 
2021  NA 
2022  NA 
2023  NA 
2024 2.40285 
2025 2.33907 
2026 2.2972 
2027 2.25249 
2028 2.26131 
2029 2.31014 
2030 2.37779 
2031 2.45036 
2032 2.52299 
2033 2.59735 

Alternative 3 TACs
     Model_1_goa_nr_2020.dat 

Year 
2020  NA 
2021  NA 
2022  NA 
2023  NA 
2024 2.40285 
2025 2.33907 
2026 2.2972 
2027 2.25249 
2028 2.26131 
2029 2.31014 
2030 2.37779 
2031 2.45036 
2032 2.52299 
2033 2.59735 

Alternative 3 Sp_Biomass
     Model_1_goa_nr_2020.dat 
Equil_Fabc 33.9327 
Year 
2020 45.176 
2021 42.9879 
2022 40.8076 
2023 38.6569 
2024 36.8748 
2025 35.5056 
2026 34.4438 
2027 33.7182 
2028 33.3669 
2029 33.4021 
2030 33.7986 
2031 34.483 
2032 35.3528 
2033 36.3129 

Alternative 3 Fishing Mortality
     Model_1_goa_nr_2020.dat 
Equil_Fabc 0.0610274 
Year 
2020 0.0254399 
2021 0.0276305 
2022 0.0361983 
2023 0.0353312 
2024 0.0305137 
2025 0.0305137 
2026 0.0305033 
2027 0.029948 
2028 0.0295657 
2029 0.0294295 
2030 0.0294451 
2031 0.0295395 
2032 0.0296695 
2033 0.029807 

Alternative 3 Biomass
     Model_1_goa_nr_2020.dat 

Year 
2020 106.12 
2021 102.903 
2022 100.371 
2023 98.0777 
2024 96.8426 
2025 96.8374 
2026 97.5172 
2027 98.7714 
2028 100.491 
2029 102.537 
2030 104.741 
2031 107.025 
2032 109.285 
2033 111.471 

Alternative 3 Implied SPR rate 
     Model_1_goa_nr_2020.dat 
Equil_Fabc 0.4 
Year 
2020 0.637635 
2021 0.616881 
2022 0.545488 
2023 0.552081 
2024 0.591218 
2025 0.591218 
2026 0.591308 
2027 0.596124 
2028 0.599493 
2029 0.600731 
2030 0.600631 
2031 0.599826 
2032 0.598697 
2033 0.597494 

  Model_1_goa_nr_2020.dat 
EquilAvgAgeF0  16.5608 
EquilAvgAgeFabc  9.68849 
AvgAgeYr2033 11.7016 
Alternative 4 Catch
     Model_1_goa_nr_2020.dat 
Equil_Fabc 4.93127 
Year 
2020 2.38492 
2021 2.47104 
2022 3.08946 
2023 2.88424 
2024 1.98496 
2025 1.94215 
2026 1.91725 
2027 1.92202 
2028 1.95886 
2029 2.01304 
2030 2.07344 
2031 2.13326 
2032 2.1912 
2033 2.2503 

Alternative 4 ABCs
     Model_1_goa_nr_2020.dat 

Year 
2020  NA 
2021  NA 
2022  NA 
2023  NA 
2024 1.98496 
2025 1.94215 
2026 1.91725 
2027 1.92202 
2028 1.95886 
2029 2.01304 
2030 2.07344 
2031 2.13326 
2032 2.1912 
2033 2.2503 

Alternative 4 TACs
     Model_1_goa_nr_2020.dat 

Year 
2020  NA 
2021  NA 
2022  NA 
2023  NA 
2024 1.98496 
2025 1.94215 
2026 1.91725 
2027 1.92202 
2028 1.95886 
2029 2.01304 
2030 2.07344 
2031 2.13326 
2032 2.1912 
2033 2.2503 

Alternative 4 Sp_Biomass
     Model_1_goa_nr_2020.dat 
Equil_Fabc 33.9327 
Year 
2020 45.176 
2021 42.9879 
2022 40.8076 
2023 38.6569 
2024 36.9401 
2025 35.7552 
2026 34.8629 
2027 34.2884 
2028 34.063 
2029 34.2093 
2030 34.7126 
2031 35.5062 
2032 36.4903 
2033 37.5696 

Alternative 4 Fishing Mortality
     Model_1_goa_nr_2020.dat 
Equil_Fabc 0.0610274 
Year 
2020 0.0254399 
2021 0.0276305 
2022 0.0361983 
2023 0.0353312 
2024 0.0251418 
2025 0.0251418 
2026 0.0251418 
2027 0.0251418 
2028 0.0251418 
2029 0.0251418 
2030 0.0251418 
2031 0.0251418 
2032 0.0251418 
2033 0.0251418 

Alternative 4 Biomass
     Model_1_goa_nr_2020.dat 

Year 
2020 106.12 
2021 102.903 
2022 100.371 
2023 98.0777 
2024 96.8426 
2025 97.2519 
2026 98.3101 
2027 99.9119 
2028 101.917 
2029 104.212 
2030 106.651 
2031 109.17 
2032 111.67 
2033 114.103 

Alternative 4 Implied SPR rate 
     Model_1_goa_nr_2020.dat 
Equil_Fabc 0.4 
Year 
2020 0.637635 
2021 0.616881 
2022 0.545488 
2023 0.552081 
2024 0.640548 
2025 0.640548 
2026 0.640548 
2027 0.640548 
2028 0.640548 
2029 0.640548 
2030 0.640548 
2031 0.640548 
2032 0.640548 
2033 0.640548 

  Model_1_goa_nr_2020.dat 
EquilAvgAgeF0  16.5608 
EquilAvgAgeFabc  9.68849 
AvgAgeYr2033 11.8917 
Alternative 5 Catch
     Model_1_goa_nr_2020.dat 
Equil_Fabc 4.93127 
Year 
2020 2.38492 
2021 2.47104 
2022 3.08946 
2023 2.88424 
2024  NA 
2025  NA 
2026  NA 
2027  NA 
2028  NA 
2029  NA 
2030  NA 
2031  NA 
2032  NA 
2033  NA 

Alternative 5 ABCs
     Model_1_goa_nr_2020.dat 

Year 
2020  NA 
2021  NA 
2022  NA 
2023  NA 
2024  NA 
2025  NA 
2026  NA 
2027  NA 
2028  NA 
2029  NA 
2030  NA 
2031  NA 
2032  NA 
2033  NA 

Alternative 5 TACs
     Model_1_goa_nr_2020.dat 

Year 
2020  NA 
2021  NA 
2022  NA 
2023  NA 
2024  NA 
2025  NA 
2026  NA 
2027  NA 
2028  NA 
2029  NA 
2030  NA 
2031  NA 
2032  NA 
2033  NA 

Alternative 5 Sp_Biomass
     Model_1_goa_nr_2020.dat 
Equil_Fabc 33.9327 
Year 
2020 45.176 
2021 42.9879 
2022 40.8076 
2023 38.6569 
2024 37.2472 
2025 36.9472 
2026 36.8958 
2027 37.1268 
2028 37.681 
2029 38.5945 
2030 39.8676 
2031 41.4441 
2032 43.2272 
2033 45.1176 

Alternative 5 Fishing Mortality
     Model_1_goa_nr_2020.dat 
Equil_Fabc 0.0610274 
Year 
2020 0.0254399 
2021 0.0276305 
2022 0.0361983 
2023 0.0353312 
2024  NA 
2025  NA 
2026  NA 
2027  NA 
2028  NA 
2029  NA 
2030  NA 
2031  NA 
2032  NA 
2033  NA 

Alternative 5 Biomass
     Model_1_goa_nr_2020.dat 

Year 
2020 106.12 
2021 102.903 
2022 100.371 
2023 98.0777 
2024 96.8426 
2025 99.2211 
2026 102.133 
2027 105.494 
2028 109.2 
2029 113.174 
2030 117.291 
2031 121.491 
2032 125.673 
2033 129.783 

Alternative 5 Implied SPR rate 
     Model_1_goa_nr_2020.dat 
Equil_Fabc 0.4 
Year 
2020 0.637635 
2021 0.616881 
2022 0.545488 
2023 0.552081 
2024 1 
2025 1 
2026 1 
2027 1 
2028 1 
2029 1 
2030 1 
2031 1 
2032 1 
2033 1 

  Model_1_goa_nr_2020.dat 
EquilAvgAgeF0  16.5608 
EquilAvgAgeFabc  9.68849 
AvgAgeYr2033 12.9621 
Alternative 6 Catch
     Model_1_goa_nr_2020.dat 
Equil_Fabc 4.93127 
Year 
2020 2.38492 
2021 6.40994 
2022 5.87799 
2023 5.43122 
2024 4.82594 
2025 4.23069 
2026 3.82863 
2027 3.60689 
2028 3.54422 
2029 3.59017 
2030 3.70295 
2031 3.84747 
2032 4.00203 
2033 4.16084 

Alternative 6 ABCs
     Model_1_goa_nr_2020.dat 

Year 
2020 6.71171 
2021 6.40995 
2022 5.87799 
2023 5.43123 
2024 4.82594 
2025 4.23069 
2026 3.82863 
2027 3.60689 
2028 3.54422 
2029 3.59017 
2030 3.70295 
2031 3.84747 
2032 4.00203 
2033 4.16084 

Alternative 6 TACs
     Model_1_goa_nr_2020.dat 

Year 
2020  NA 
2021 6.40995 
2022 5.87799 
2023 5.43123 
2024 4.82594 
2025 4.23069 
2026 3.82863 
2027 3.60689 
2028 3.54422 
2029 3.59017 
2030 3.70295 
2031 3.84747 
2032 4.00203 
2033 4.16084 

Alternative 6 Sp_Biomass
     Model_1_goa_nr_2020.dat 
Equil_Fabc 33.9327 
Year 
2020 45.176 
2021 42.3436 
2022 38.5392 
2023 35.2166 
2024 32.4084 
2025 30.1793 
2026 28.51 
2027 27.3449 
2028 26.6502 
2029 26.3894 
2030 26.4961 
2031 26.8662 
2032 27.3816 
2033 27.9457 

Alternative 6 Fishing Mortality
     Model_1_goa_nr_2020.dat 
Equil_Fabc 0.0610274 
Year 
2020 0.0254399 
2021 0.0732759 
2022 0.0732759 
2023 0.0732759 
2024 0.0698112 
2025 0.0647441 
2026 0.0609496 
2027 0.0583013 
2028 0.056722 
2029 0.0561226 
2030 0.0563277 
2031 0.0570829 
2032 0.0581236 
2033 0.0592529 

Alternative 6 Biomass
     Model_1_goa_nr_2020.dat 

Year 
2020 106.12 
2021 102.903 
2022 96.4818 
2023 91.5992 
2024 88.123 
2025 86.0933 
2026 85.3592 
2027 85.6146 
2028 86.5474 
2029 87.9007 
2030 89.4293 
2031 91.0038 
2032 92.4947 
2033 93.8453 

Alternative 6 Implied SPR rate 
     Model_1_goa_nr_2020.dat 
Equil_Fabc 0.4 
Year 
2020 0.637635 
2021 0.35 
2022 0.35 
2023 0.35 
2024 0.363077 
2025 0.383671 
2026 0.400365 
2027 0.412753 
2028 0.420534 
2029 0.423774 
2030 0.423181 
2031 0.419958 
2032 0.415362 
2033 0.410332 

  Model_1_goa_nr_2020.dat 
EquilAvgAgeF0  16.5608 
EquilAvgAgeFabc  9.68849 
AvgAgeYr2033 10.2189 
Alternative 7 Catch
     Model_1_goa_nr_2020.dat 
Equil_Fabc 4.93127 
Year 
2020 2.38492 
2021 5.37014 
2022 4.983 
2023 5.55868 
2024 5.0507 
2025 4.40561 
2026 3.96743 
2027 3.7194 
2028 3.63714 
2029 3.66744 
2030 3.76725 
2031 3.90031 
2032 4.04526 
2033 4.19589 

Alternative 7 ABCs
     Model_1_goa_nr_2020.dat 

Year 
2020 6.71171 
2021 6.40995 
2022 5.94797 
2023 5.55868 
2024 5.0507 
2025 4.40561 
2026 3.96743 
2027 3.7194 
2028 3.63714 
2029 3.66744 
2030 3.76725 
2031 3.90031 
2032 4.04526 
2033 4.19589 

Alternative 7 TACs
     Model_1_goa_nr_2020.dat 

Year 
2020  NA 
2021 6.40995 
2022 5.94797 
2023 5.55868 
2024 5.0507 
2025 4.40561 
2026 3.96743 
2027 3.7194 
2028 3.63714 
2029 3.66744 
2030 3.76725 
2031 3.90031 
2032 4.04526 
2033 4.19589 

Alternative 7 Sp_Biomass
     Model_1_goa_nr_2020.dat 
Equil_Fabc 33.9327 
Year 
2020 45.176 
2021 42.5155 
2022 39.1648 
2023 36.0683 
2024 33.1572 
2025 30.8057 
2026 29.0358 
2027 27.7864 
2028 27.0199 
2029 26.6977 
2030 26.7515 
2031 27.0761 
2032 27.5529 
2033 28.0846 

Alternative 7 Fishing Mortality
     Model_1_goa_nr_2020.dat 
Equil_Fabc 0.0610274 
Year 
2020 0.0254399 
2021 0.0610274 
2022 0.0610274 
2023 0.0732759 
2024 0.0715134 
2025 0.066168 
2026 0.0621448 
2027 0.0593048 
2028 0.0575625 
2029 0.0568213 
2030 0.0569044 
2031 0.0575502 
2032 0.0584995 
2033 0.0595519 

Alternative 7 Biomass
     Model_1_goa_nr_2020.dat 

Year 
2020 106.12 
2021 102.903 
2022 97.5082 
2023 93.4663 
2024 89.7836 
2025 87.4565 
2026 86.4844 
2027 86.5458 
2028 87.3179 
2029 88.536 
2030 89.9505 
2031 91.4289 
2032 92.8397 
2033 94.1238 

Alternative 7 Implied SPR rate 
     Model_1_goa_nr_2020.dat 
Equil_Fabc 0.4 
Year 
2020 0.637635 
2021 0.4 
2022 0.4 
2023 0.35 
2024 0.356556 
2025 0.377698 
2026 0.394984 
2027 0.408 
2028 0.416424 
2029 0.420304 
2030 0.420314 
2031 0.417647 
2032 0.413522 
2033 0.408886 

  Model_1_goa_nr_2020.dat 
EquilAvgAgeF0  16.5608 
EquilAvgAgeFabc  9.68849 
AvgAgeYr2033 10.262 
