First year:	2019
First year, and number of years catch is pre-specified. 2019 2
data/nr.dat
 1
 1000
Observed Catch 
 2019 55000
 2020 58000
ABC:  0.4
 0.35
nages: 50
Mature:   0.0589103 0.0589103 0.0589103 0.0589103 0.0589103 0.0589103 0.0589103 0.0589103 0.0589103 0.0589103 0.0589103 0.0589103 0.0589103 0.0589103 0.0589103 0.0589103 0.0589103 0.0589103 0.0589103 0.0589103 0.0589103 0.0589103 0.0037307 0.00711441 0.0135255 0.025565 0.0478021 0.0876418 0.155271 0.260203 0.402277 0.562901 0.711334 0.825029 0.900225 0.945249 0.970619 0.984427 0.9918 0.995698 0.997747 0.998821 0.999384 0.999678 0.999832 0.999912 0.999954 0.999976 0.999987 0.999993
N:  1 1 1 1 1 1 1 1 1 1 1 1 1 1 1 1 1 1 1 1 1 1 10.6154 9.14256 8.33665 6.63848 6.67331 4.77883 3.77618 2.85427 3.23269 2.94125 3.51114 3.15234 2.12478 2.04007 1.14904 1.02528 1.97414 3.8778 2.9386 3.64139 8.57973 4.57449 3.72479 5.70435 7.90193 1.31093 1.66879 1.62067
nrec: 2
Rec:  0.977696 2.14864
SSB:  1.715 1.13638
Model_1_goa_nr_2020.dat
M_Female: Model_1_goa_nr_2020.dat  0.3 0.3 0.3 0.3 0.3 0.3 0.3 0.3 0.3 0.3 0.3 0.005 0.037 0.224 0.688 0.944 0.992 0.999 1 1 1 1 0.0589103 0.0589103 0.0589103 0.0589103 0.0589103 0.0589103 0.0589103 0.0589103 0.0589103 0.0589103 0.0589103 0.0589103 0.0589103 0.0589103 0.0589103 0.0589103 0.0589103 0.0589103 0.0589103 0.0589103 0.0589103 0.0589103 0.0589103 0.0589103 0.0589103 0.0589103 0.0589103 0.0589103
M_Male:   Model_1_goa_nr_2020.dat  0.3 0.3 0.3 0.3 0.3 0.3 0.3 0.3 0.3 0.3 0.3 0.005 0.037 0.224 0.688 0.944 0.992 0.999 1 1 1 1 0.0589103 0.0589103 0.0589103 0.0589103 0.0589103 0.0589103 0.0589103 0.0589103 0.0589103 0.0589103 0.0589103 0.0589103 0.0589103 0.0589103 0.0589103 0.0589103 0.0589103 0.0589103 0.0589103 0.0589103 0.0589103 0.0589103 0.0589103 0.0589103 0.0589103 0.0589103 0.0589103 0.0589103
1 Model_1_goa_nr_2020.dat 55
2 Model_1_goa_nr_2020.dat 58
 0.000977696 0.00214864
Mean Catch
55
R_guess 
6.68716
