Model_1_goa_nr_2020.dat 1 2020 Cabc 4.93127
Model_1_goa_nr_2020.dat 1 2020 Cofl 5.27286
Model_1_goa_nr_2020.dat 1 2020 CLCI 2.38492
Model_1_goa_nr_2020.dat 1 2020 CUCI 2.38492
Model_1_goa_nr_2020.dat 1 2020 CMedian 2.38492
Model_1_goa_nr_2020.dat 1 2020 CMean 2.38492
Model_1_goa_nr_2020.dat 1 2021 Cabc 4.93127
Model_1_goa_nr_2020.dat 1 2021 Cofl 5.27286
Model_1_goa_nr_2020.dat 1 2021 CLCI 2.47104
Model_1_goa_nr_2020.dat 1 2021 CUCI 2.47104
Model_1_goa_nr_2020.dat 1 2021 CMedian 2.47104
Model_1_goa_nr_2020.dat 1 2021 CMean 2.47104
Model_1_goa_nr_2020.dat 1 2022 Cabc 4.93127
Model_1_goa_nr_2020.dat 1 2022 Cofl 5.27286
Model_1_goa_nr_2020.dat 1 2022 CLCI 3.08946
Model_1_goa_nr_2020.dat 1 2022 CUCI 3.08946
Model_1_goa_nr_2020.dat 1 2022 CMedian 3.08946
Model_1_goa_nr_2020.dat 1 2022 CMean 3.08946
Model_1_goa_nr_2020.dat 1 2023 Cabc 4.93127
Model_1_goa_nr_2020.dat 1 2023 Cofl 5.27286
Model_1_goa_nr_2020.dat 1 2023 CLCI 2.88424
Model_1_goa_nr_2020.dat 1 2023 CUCI 2.88424
Model_1_goa_nr_2020.dat 1 2023 CMedian 2.88424
Model_1_goa_nr_2020.dat 1 2023 CMean 2.88424
Model_1_goa_nr_2020.dat 1 2024 Cabc 4.93127
Model_1_goa_nr_2020.dat 1 2024 Cofl 5.27286
Model_1_goa_nr_2020.dat 1 2024 CLCI 4.73459
Model_1_goa_nr_2020.dat 1 2024 CUCI 4.7381
Model_1_goa_nr_2020.dat 1 2024 CMedian 4.73538
Model_1_goa_nr_2020.dat 1 2024 CMean 4.73575
Model_1_goa_nr_2020.dat 1 2025 Cabc 4.93127
Model_1_goa_nr_2020.dat 1 2025 Cofl 5.27286
Model_1_goa_nr_2020.dat 1 2025 CLCI 4.47121
Model_1_goa_nr_2020.dat 1 2025 CUCI 4.4935
Model_1_goa_nr_2020.dat 1 2025 CMedian 4.47631
Model_1_goa_nr_2020.dat 1 2025 CMean 4.47855
Model_1_goa_nr_2020.dat 1 2026 Cabc 4.93127
Model_1_goa_nr_2020.dat 1 2026 Cofl 5.27286
Model_1_goa_nr_2020.dat 1 2026 CLCI 3.9888
Model_1_goa_nr_2020.dat 1 2026 CUCI 4.18369
Model_1_goa_nr_2020.dat 1 2026 CMedian 4.03775
Model_1_goa_nr_2020.dat 1 2026 CMean 4.05703
Model_1_goa_nr_2020.dat 1 2027 Cabc 4.93127
Model_1_goa_nr_2020.dat 1 2027 Cofl 5.27286
Model_1_goa_nr_2020.dat 1 2027 CLCI 3.59271
Model_1_goa_nr_2020.dat 1 2027 CUCI 4.14508
Model_1_goa_nr_2020.dat 1 2027 CMedian 3.73348
Model_1_goa_nr_2020.dat 1 2027 CMean 3.78644
Model_1_goa_nr_2020.dat 1 2028 Cabc 4.93127
Model_1_goa_nr_2020.dat 1 2028 Cofl 5.27286
Model_1_goa_nr_2020.dat 1 2028 CLCI 3.27248
Model_1_goa_nr_2020.dat 1 2028 CUCI 4.3637
Model_1_goa_nr_2020.dat 1 2028 CMedian 3.55332
Model_1_goa_nr_2020.dat 1 2028 CMean 3.67201
Model_1_goa_nr_2020.dat 1 2029 Cabc 4.93127
Model_1_goa_nr_2020.dat 1 2029 Cofl 5.27286
Model_1_goa_nr_2020.dat 1 2029 CLCI 3.02798
Model_1_goa_nr_2020.dat 1 2029 CUCI 4.76217
Model_1_goa_nr_2020.dat 1 2029 CMedian 3.49767
Model_1_goa_nr_2020.dat 1 2029 CMean 3.66332
Model_1_goa_nr_2020.dat 1 2030 Cabc 4.93127
Model_1_goa_nr_2020.dat 1 2030 Cofl 5.27286
Model_1_goa_nr_2020.dat 1 2030 CLCI 2.87676
Model_1_goa_nr_2020.dat 1 2030 CUCI 5.13207
Model_1_goa_nr_2020.dat 1 2030 CMedian 3.51888
Model_1_goa_nr_2020.dat 1 2030 CMean 3.71905
Model_1_goa_nr_2020.dat 1 2031 Cabc 4.93127
Model_1_goa_nr_2020.dat 1 2031 Cofl 5.27286
Model_1_goa_nr_2020.dat 1 2031 CLCI 2.76855
Model_1_goa_nr_2020.dat 1 2031 CUCI 5.46338
Model_1_goa_nr_2020.dat 1 2031 CMedian 3.59566
Model_1_goa_nr_2020.dat 1 2031 CMean 3.80762
Model_1_goa_nr_2020.dat 1 2032 Cabc 4.93127
Model_1_goa_nr_2020.dat 1 2032 Cofl 5.27286
Model_1_goa_nr_2020.dat 1 2032 CLCI 2.69298
Model_1_goa_nr_2020.dat 1 2032 CUCI 5.71001
Model_1_goa_nr_2020.dat 1 2032 CMedian 3.71442
Model_1_goa_nr_2020.dat 1 2032 CMean 3.90912
Model_1_goa_nr_2020.dat 1 2033 Cabc 4.93127
Model_1_goa_nr_2020.dat 1 2033 Cofl 5.27286
Model_1_goa_nr_2020.dat 1 2033 CLCI 2.6639
Model_1_goa_nr_2020.dat 1 2033 CUCI 5.77477
Model_1_goa_nr_2020.dat 1 2033 CMedian 3.83395
Model_1_goa_nr_2020.dat 1 2033 CMean 4.01756
Model_1_goa_nr_2020.dat 1 2020 SSBF100 84.8317
Model_1_goa_nr_2020.dat 1 2020 SSBFabc 33.9327
Model_1_goa_nr_2020.dat 1 2020 SSBFofl 29.6911
Model_1_goa_nr_2020.dat 1 2020 SSBLCI 45.176
Model_1_goa_nr_2020.dat 1 2020 SSBUCI 45.176
Model_1_goa_nr_2020.dat 1 2020 SSBMedian 45.176
Model_1_goa_nr_2020.dat 1 2020 SSBMean 45.176
Model_1_goa_nr_2020.dat 1 2021 SSBF100 84.8317
Model_1_goa_nr_2020.dat 1 2021 SSBFabc 33.9327
Model_1_goa_nr_2020.dat 1 2021 SSBFofl 29.6911
Model_1_goa_nr_2020.dat 1 2021 SSBLCI 42.9872
Model_1_goa_nr_2020.dat 1 2021 SSBUCI 42.9895
Model_1_goa_nr_2020.dat 1 2021 SSBMedian 42.9877
Model_1_goa_nr_2020.dat 1 2021 SSBMean 42.9879
Model_1_goa_nr_2020.dat 1 2022 SSBF100 84.8317
Model_1_goa_nr_2020.dat 1 2022 SSBFabc 33.9327
Model_1_goa_nr_2020.dat 1 2022 SSBFofl 29.6911
Model_1_goa_nr_2020.dat 1 2022 SSBLCI 40.8037
Model_1_goa_nr_2020.dat 1 2022 SSBUCI 40.8157
Model_1_goa_nr_2020.dat 1 2022 SSBMedian 40.8065
Model_1_goa_nr_2020.dat 1 2022 SSBMean 40.8076
Model_1_goa_nr_2020.dat 1 2023 SSBF100 84.8317
Model_1_goa_nr_2020.dat 1 2023 SSBFabc 33.9327
Model_1_goa_nr_2020.dat 1 2023 SSBFofl 29.6911
Model_1_goa_nr_2020.dat 1 2023 SSBLCI 38.6426
Model_1_goa_nr_2020.dat 1 2023 SSBUCI 38.6837
Model_1_goa_nr_2020.dat 1 2023 SSBMedian 38.653
Model_1_goa_nr_2020.dat 1 2023 SSBMean 38.6569
Model_1_goa_nr_2020.dat 1 2024 SSBF100 84.8317
Model_1_goa_nr_2020.dat 1 2024 SSBFabc 33.9327
Model_1_goa_nr_2020.dat 1 2024 SSBFofl 29.6911
Model_1_goa_nr_2020.dat 1 2024 SSBLCI 36.4643
Model_1_goa_nr_2020.dat 1 2024 SSBUCI 36.5826
Model_1_goa_nr_2020.dat 1 2024 SSBMedian 36.495
Model_1_goa_nr_2020.dat 1 2024 SSBMean 36.5062
Model_1_goa_nr_2020.dat 1 2025 SSBF100 84.8317
Model_1_goa_nr_2020.dat 1 2025 SSBFabc 33.9327
Model_1_goa_nr_2020.dat 1 2025 SSBFofl 29.6911
Model_1_goa_nr_2020.dat 1 2025 SSBLCI 34.0151
Model_1_goa_nr_2020.dat 1 2025 SSBUCI 34.3112
Model_1_goa_nr_2020.dat 1 2025 SSBMedian 34.0927
Model_1_goa_nr_2020.dat 1 2025 SSBMean 34.1211
Model_1_goa_nr_2020.dat 1 2026 SSBF100 84.8317
Model_1_goa_nr_2020.dat 1 2026 SSBFabc 33.9327
Model_1_goa_nr_2020.dat 1 2026 SSBFofl 29.6911
Model_1_goa_nr_2020.dat 1 2026 SSBLCI 31.9539
Model_1_goa_nr_2020.dat 1 2026 SSBUCI 32.6123
Model_1_goa_nr_2020.dat 1 2026 SSBMedian 32.1248
Model_1_goa_nr_2020.dat 1 2026 SSBMean 32.1927
Model_1_goa_nr_2020.dat 1 2027 SSBF100 84.8317
Model_1_goa_nr_2020.dat 1 2027 SSBFabc 33.9327
Model_1_goa_nr_2020.dat 1 2027 SSBFofl 29.6911
Model_1_goa_nr_2020.dat 1 2027 SSBLCI 30.2898
Model_1_goa_nr_2020.dat 1 2027 SSBUCI 31.6173
Model_1_goa_nr_2020.dat 1 2027 SSBMedian 30.6511
Model_1_goa_nr_2020.dat 1 2027 SSBMean 30.778
Model_1_goa_nr_2020.dat 1 2028 SSBF100 84.8317
Model_1_goa_nr_2020.dat 1 2028 SSBFabc 33.9327
Model_1_goa_nr_2020.dat 1 2028 SSBFofl 29.6911
Model_1_goa_nr_2020.dat 1 2028 SSBLCI 28.937
Model_1_goa_nr_2020.dat 1 2028 SSBUCI 31.3686
Model_1_goa_nr_2020.dat 1 2028 SSBMedian 29.635
Model_1_goa_nr_2020.dat 1 2028 SSBMean 29.8536
Model_1_goa_nr_2020.dat 1 2029 SSBF100 84.8317
Model_1_goa_nr_2020.dat 1 2029 SSBFabc 33.9327
Model_1_goa_nr_2020.dat 1 2029 SSBFofl 29.6911
Model_1_goa_nr_2020.dat 1 2029 SSBLCI 27.838
Model_1_goa_nr_2020.dat 1 2029 SSBUCI 31.8085
Model_1_goa_nr_2020.dat 1 2029 SSBMedian 29.0274
Model_1_goa_nr_2020.dat 1 2029 SSBMean 29.3874
Model_1_goa_nr_2020.dat 1 2030 SSBF100 84.8317
Model_1_goa_nr_2020.dat 1 2030 SSBFabc 33.9327
Model_1_goa_nr_2020.dat 1 2030 SSBFofl 29.6911
Model_1_goa_nr_2020.dat 1 2030 SSBLCI 26.997
Model_1_goa_nr_2020.dat 1 2030 SSBUCI 33.0593
Model_1_goa_nr_2020.dat 1 2030 SSBMedian 28.8287
Model_1_goa_nr_2020.dat 1 2030 SSBMean 29.3178
Model_1_goa_nr_2020.dat 1 2031 SSBF100 84.8317
Model_1_goa_nr_2020.dat 1 2031 SSBFabc 33.9327
Model_1_goa_nr_2020.dat 1 2031 SSBFofl 29.6911
Model_1_goa_nr_2020.dat 1 2031 SSBLCI 26.3499
Model_1_goa_nr_2020.dat 1 2031 SSBUCI 34.2756
Model_1_goa_nr_2020.dat 1 2031 SSBMedian 28.916
Model_1_goa_nr_2020.dat 1 2031 SSBMean 29.5445
Model_1_goa_nr_2020.dat 1 2032 SSBF100 84.8317
Model_1_goa_nr_2020.dat 1 2032 SSBFabc 33.9327
Model_1_goa_nr_2020.dat 1 2032 SSBFofl 29.6911
Model_1_goa_nr_2020.dat 1 2032 SSBLCI 25.8727
Model_1_goa_nr_2020.dat 1 2032 SSBUCI 35.9155
Model_1_goa_nr_2020.dat 1 2032 SSBMedian 29.2513
Model_1_goa_nr_2020.dat 1 2032 SSBMean 29.9509
Model_1_goa_nr_2020.dat 1 2033 SSBF100 84.8317
Model_1_goa_nr_2020.dat 1 2033 SSBFabc 33.9327
Model_1_goa_nr_2020.dat 1 2033 SSBFofl 29.6911
Model_1_goa_nr_2020.dat 1 2033 SSBLCI 25.6799
Model_1_goa_nr_2020.dat 1 2033 SSBUCI 37.3335
Model_1_goa_nr_2020.dat 1 2033 SSBMedian 29.6426
Model_1_goa_nr_2020.dat 1 2033 SSBMean 30.4391
Model_1_goa_nr_2020.dat 1 2020 F0 0 
Model_1_goa_nr_2020.dat 1 2020 Fabc 0.0610274
Model_1_goa_nr_2020.dat 1 2020 Fofl 0.073276
Model_1_goa_nr_2020.dat 1 2020  F_LCI 0.0254399
Model_1_goa_nr_2020.dat 1 2020  F_UCI 0.0254399
Model_1_goa_nr_2020.dat 1 2020  F_Median 0.0254399
Model_1_goa_nr_2020.dat 1 2020  F_Mean 0.0254399
Model_1_goa_nr_2020.dat 1 2021 F0 0 
Model_1_goa_nr_2020.dat 1 2021 Fabc 0.0610274
Model_1_goa_nr_2020.dat 1 2021 Fofl 0.073276
Model_1_goa_nr_2020.dat 1 2021  F_LCI 0.0276305
Model_1_goa_nr_2020.dat 1 2021  F_UCI 0.0276305
Model_1_goa_nr_2020.dat 1 2021  F_Median 0.0276305
Model_1_goa_nr_2020.dat 1 2021  F_Mean 0.0276305
Model_1_goa_nr_2020.dat 1 2022 F0 0 
Model_1_goa_nr_2020.dat 1 2022 Fabc 0.0610274
Model_1_goa_nr_2020.dat 1 2022 Fofl 0.073276
Model_1_goa_nr_2020.dat 1 2022  F_LCI 0.0361981
Model_1_goa_nr_2020.dat 1 2022  F_UCI 0.0361985
Model_1_goa_nr_2020.dat 1 2022  F_Median 0.0361984
Model_1_goa_nr_2020.dat 1 2022  F_Mean 0.0361983
Model_1_goa_nr_2020.dat 1 2023 F0 0 
Model_1_goa_nr_2020.dat 1 2023 Fabc 0.0610274
Model_1_goa_nr_2020.dat 1 2023 Fofl 0.073276
Model_1_goa_nr_2020.dat 1 2023  F_LCI 0.0353287
Model_1_goa_nr_2020.dat 1 2023  F_UCI 0.0353323
Model_1_goa_nr_2020.dat 1 2023  F_Median 0.0353316
Model_1_goa_nr_2020.dat 1 2023  F_Mean 0.0353312
Model_1_goa_nr_2020.dat 1 2024 F0 0 
Model_1_goa_nr_2020.dat 1 2024 Fabc 0.0610274
Model_1_goa_nr_2020.dat 1 2024 Fofl 0.073276
Model_1_goa_nr_2020.dat 1 2024  F_LCI 0.0610274
Model_1_goa_nr_2020.dat 1 2024  F_UCI 0.0610274
Model_1_goa_nr_2020.dat 1 2024  F_Median 0.0610274
Model_1_goa_nr_2020.dat 1 2024  F_Mean 0.0610274
Model_1_goa_nr_2020.dat 1 2025 F0 0 
Model_1_goa_nr_2020.dat 1 2025 Fabc 0.0610274
Model_1_goa_nr_2020.dat 1 2025 Fofl 0.073276
Model_1_goa_nr_2020.dat 1 2025  F_LCI 0.0610274
Model_1_goa_nr_2020.dat 1 2025  F_UCI 0.0610274
Model_1_goa_nr_2020.dat 1 2025  F_Median 0.0610274
Model_1_goa_nr_2020.dat 1 2025  F_Mean 0.0610274
Model_1_goa_nr_2020.dat 1 2026 F0 0 
Model_1_goa_nr_2020.dat 1 2026 Fabc 0.0610274
Model_1_goa_nr_2020.dat 1 2026 Fofl 0.073276
Model_1_goa_nr_2020.dat 1 2026  F_LCI 0.0572814
Model_1_goa_nr_2020.dat 1 2026  F_UCI 0.0585277
Model_1_goa_nr_2020.dat 1 2026  F_Median 0.0576049
Model_1_goa_nr_2020.dat 1 2026  F_Mean 0.0577334
Model_1_goa_nr_2020.dat 1 2027 F0 0 
Model_1_goa_nr_2020.dat 1 2027 Fabc 0.0610274
Model_1_goa_nr_2020.dat 1 2027 Fofl 0.073276
Model_1_goa_nr_2020.dat 1 2027  F_LCI 0.0541308
Model_1_goa_nr_2020.dat 1 2027  F_UCI 0.0566442
Model_1_goa_nr_2020.dat 1 2027  F_Median 0.0548149
Model_1_goa_nr_2020.dat 1 2027  F_Mean 0.0550551
Model_1_goa_nr_2020.dat 1 2028 F0 0 
Model_1_goa_nr_2020.dat 1 2028 Fabc 0.0610274
Model_1_goa_nr_2020.dat 1 2028 Fofl 0.073276
Model_1_goa_nr_2020.dat 1 2028  F_LCI 0.0515699
Model_1_goa_nr_2020.dat 1 2028  F_UCI 0.0561732
Model_1_goa_nr_2020.dat 1 2028  F_Median 0.0528912
Model_1_goa_nr_2020.dat 1 2028  F_Mean 0.0532964
Model_1_goa_nr_2020.dat 1 2029 F0 0 
Model_1_goa_nr_2020.dat 1 2029 Fabc 0.0610274
Model_1_goa_nr_2020.dat 1 2029 Fofl 0.073276
Model_1_goa_nr_2020.dat 1 2029  F_LCI 0.0494894
Model_1_goa_nr_2020.dat 1 2029  F_UCI 0.057006
Model_1_goa_nr_2020.dat 1 2029  F_Median 0.051741
Model_1_goa_nr_2020.dat 1 2029  F_Mean 0.0523797
Model_1_goa_nr_2020.dat 1 2030 F0 0 
Model_1_goa_nr_2020.dat 1 2030 Fabc 0.0610274
Model_1_goa_nr_2020.dat 1 2030 Fofl 0.073276
Model_1_goa_nr_2020.dat 1 2030  F_LCI 0.0478972
Model_1_goa_nr_2020.dat 1 2030  F_UCI 0.059374
Model_1_goa_nr_2020.dat 1 2030  F_Median 0.0513649
Model_1_goa_nr_2020.dat 1 2030  F_Mean 0.0521444
Model_1_goa_nr_2020.dat 1 2031 F0 0 
Model_1_goa_nr_2020.dat 1 2031 Fabc 0.0610274
Model_1_goa_nr_2020.dat 1 2031 Fofl 0.073276
Model_1_goa_nr_2020.dat 1 2031  F_LCI 0.0466721
Model_1_goa_nr_2020.dat 1 2031  F_UCI 0.0610274
Model_1_goa_nr_2020.dat 1 2031  F_Median 0.05153
Model_1_goa_nr_2020.dat 1 2031  F_Mean 0.0523889
Model_1_goa_nr_2020.dat 1 2032 F0 0 
Model_1_goa_nr_2020.dat 1 2032 Fabc 0.0610274
Model_1_goa_nr_2020.dat 1 2032 Fofl 0.073276
Model_1_goa_nr_2020.dat 1 2032  F_LCI 0.0457688
Model_1_goa_nr_2020.dat 1 2032  F_UCI 0.0610274
Model_1_goa_nr_2020.dat 1 2032  F_Median 0.0521649
Model_1_goa_nr_2020.dat 1 2032  F_Mean 0.0528891
Model_1_goa_nr_2020.dat 1 2033 F0 0 
Model_1_goa_nr_2020.dat 1 2033 Fabc 0.0610274
Model_1_goa_nr_2020.dat 1 2033 Fofl 0.073276
Model_1_goa_nr_2020.dat 1 2033  F_LCI 0.0454036
Model_1_goa_nr_2020.dat 1 2033  F_UCI 0.0610274
Model_1_goa_nr_2020.dat 1 2033  F_Median 0.0529056
Model_1_goa_nr_2020.dat 1 2033  F_Mean 0.0534769
Model_1_goa_nr_2020.dat 2 2020 Cabc 4.93127
Model_1_goa_nr_2020.dat 2 2020 Cofl 5.27286
Model_1_goa_nr_2020.dat 2 2020 CLCI 2.38492
Model_1_goa_nr_2020.dat 2 2020 CUCI 2.38492
Model_1_goa_nr_2020.dat 2 2020 CMedian 2.38492
Model_1_goa_nr_2020.dat 2 2020 CMean 2.38492
Model_1_goa_nr_2020.dat 2 2021 Cabc 4.93127
Model_1_goa_nr_2020.dat 2 2021 Cofl 5.27286
Model_1_goa_nr_2020.dat 2 2021 CLCI 2.47104
Model_1_goa_nr_2020.dat 2 2021 CUCI 2.47104
Model_1_goa_nr_2020.dat 2 2021 CMedian 2.47104
Model_1_goa_nr_2020.dat 2 2021 CMean 2.47104
Model_1_goa_nr_2020.dat 2 2022 Cabc 4.93127
Model_1_goa_nr_2020.dat 2 2022 Cofl 5.27286
Model_1_goa_nr_2020.dat 2 2022 CLCI 3.08946
Model_1_goa_nr_2020.dat 2 2022 CUCI 3.08946
Model_1_goa_nr_2020.dat 2 2022 CMedian 3.08946
Model_1_goa_nr_2020.dat 2 2022 CMean 3.08946
Model_1_goa_nr_2020.dat 2 2023 Cabc 4.93127
Model_1_goa_nr_2020.dat 2 2023 Cofl 5.27286
Model_1_goa_nr_2020.dat 2 2023 CLCI 2.88424
Model_1_goa_nr_2020.dat 2 2023 CUCI 2.88424
Model_1_goa_nr_2020.dat 2 2023 CMedian 2.88424
Model_1_goa_nr_2020.dat 2 2023 CMean 2.88424
Model_1_goa_nr_2020.dat 2 2024 Cabc 4.93127
Model_1_goa_nr_2020.dat 2 2024 Cofl 5.27286
Model_1_goa_nr_2020.dat 2 2024 CLCI 4.73459
Model_1_goa_nr_2020.dat 2 2024 CUCI 4.7381
Model_1_goa_nr_2020.dat 2 2024 CMedian 4.73538
Model_1_goa_nr_2020.dat 2 2024 CMean 4.73575
Model_1_goa_nr_2020.dat 2 2025 Cabc 4.93127
Model_1_goa_nr_2020.dat 2 2025 Cofl 5.27286
Model_1_goa_nr_2020.dat 2 2025 CLCI 4.47121
Model_1_goa_nr_2020.dat 2 2025 CUCI 4.4935
Model_1_goa_nr_2020.dat 2 2025 CMedian 4.47631
Model_1_goa_nr_2020.dat 2 2025 CMean 4.47855
Model_1_goa_nr_2020.dat 2 2026 Cabc 4.93127
Model_1_goa_nr_2020.dat 2 2026 Cofl 5.27286
Model_1_goa_nr_2020.dat 2 2026 CLCI 3.9888
Model_1_goa_nr_2020.dat 2 2026 CUCI 4.18369
Model_1_goa_nr_2020.dat 2 2026 CMedian 4.03775
Model_1_goa_nr_2020.dat 2 2026 CMean 4.05703
Model_1_goa_nr_2020.dat 2 2027 Cabc 4.93127
Model_1_goa_nr_2020.dat 2 2027 Cofl 5.27286
Model_1_goa_nr_2020.dat 2 2027 CLCI 3.59271
Model_1_goa_nr_2020.dat 2 2027 CUCI 4.14508
Model_1_goa_nr_2020.dat 2 2027 CMedian 3.73348
Model_1_goa_nr_2020.dat 2 2027 CMean 3.78644
Model_1_goa_nr_2020.dat 2 2028 Cabc 4.93127
Model_1_goa_nr_2020.dat 2 2028 Cofl 5.27286
Model_1_goa_nr_2020.dat 2 2028 CLCI 3.27248
Model_1_goa_nr_2020.dat 2 2028 CUCI 4.3637
Model_1_goa_nr_2020.dat 2 2028 CMedian 3.55332
Model_1_goa_nr_2020.dat 2 2028 CMean 3.67201
Model_1_goa_nr_2020.dat 2 2029 Cabc 4.93127
Model_1_goa_nr_2020.dat 2 2029 Cofl 5.27286
Model_1_goa_nr_2020.dat 2 2029 CLCI 3.02798
Model_1_goa_nr_2020.dat 2 2029 CUCI 4.76217
Model_1_goa_nr_2020.dat 2 2029 CMedian 3.49767
Model_1_goa_nr_2020.dat 2 2029 CMean 3.66332
Model_1_goa_nr_2020.dat 2 2030 Cabc 4.93127
Model_1_goa_nr_2020.dat 2 2030 Cofl 5.27286
Model_1_goa_nr_2020.dat 2 2030 CLCI 2.87676
Model_1_goa_nr_2020.dat 2 2030 CUCI 5.13207
Model_1_goa_nr_2020.dat 2 2030 CMedian 3.51888
Model_1_goa_nr_2020.dat 2 2030 CMean 3.71905
Model_1_goa_nr_2020.dat 2 2031 Cabc 4.93127
Model_1_goa_nr_2020.dat 2 2031 Cofl 5.27286
Model_1_goa_nr_2020.dat 2 2031 CLCI 2.76855
Model_1_goa_nr_2020.dat 2 2031 CUCI 5.46338
Model_1_goa_nr_2020.dat 2 2031 CMedian 3.59566
Model_1_goa_nr_2020.dat 2 2031 CMean 3.80762
Model_1_goa_nr_2020.dat 2 2032 Cabc 4.93127
Model_1_goa_nr_2020.dat 2 2032 Cofl 5.27286
Model_1_goa_nr_2020.dat 2 2032 CLCI 2.69298
Model_1_goa_nr_2020.dat 2 2032 CUCI 5.71001
Model_1_goa_nr_2020.dat 2 2032 CMedian 3.71442
Model_1_goa_nr_2020.dat 2 2032 CMean 3.90912
Model_1_goa_nr_2020.dat 2 2033 Cabc 4.93127
Model_1_goa_nr_2020.dat 2 2033 Cofl 5.27286
Model_1_goa_nr_2020.dat 2 2033 CLCI 2.6639
Model_1_goa_nr_2020.dat 2 2033 CUCI 5.77477
Model_1_goa_nr_2020.dat 2 2033 CMedian 3.83395
Model_1_goa_nr_2020.dat 2 2033 CMean 4.01756
Model_1_goa_nr_2020.dat 2 2020 SSBF100 84.8317
Model_1_goa_nr_2020.dat 2 2020 SSBFabc 33.9327
Model_1_goa_nr_2020.dat 2 2020 SSBFofl 29.6911
Model_1_goa_nr_2020.dat 2 2020 SSBLCI 45.176
Model_1_goa_nr_2020.dat 2 2020 SSBUCI 45.176
Model_1_goa_nr_2020.dat 2 2020 SSBMedian 45.176
Model_1_goa_nr_2020.dat 2 2020 SSBMean 45.176
Model_1_goa_nr_2020.dat 2 2021 SSBF100 84.8317
Model_1_goa_nr_2020.dat 2 2021 SSBFabc 33.9327
Model_1_goa_nr_2020.dat 2 2021 SSBFofl 29.6911
Model_1_goa_nr_2020.dat 2 2021 SSBLCI 42.9872
Model_1_goa_nr_2020.dat 2 2021 SSBUCI 42.9895
Model_1_goa_nr_2020.dat 2 2021 SSBMedian 42.9877
Model_1_goa_nr_2020.dat 2 2021 SSBMean 42.9879
Model_1_goa_nr_2020.dat 2 2022 SSBF100 84.8317
Model_1_goa_nr_2020.dat 2 2022 SSBFabc 33.9327
Model_1_goa_nr_2020.dat 2 2022 SSBFofl 29.6911
Model_1_goa_nr_2020.dat 2 2022 SSBLCI 40.8037
Model_1_goa_nr_2020.dat 2 2022 SSBUCI 40.8157
Model_1_goa_nr_2020.dat 2 2022 SSBMedian 40.8065
Model_1_goa_nr_2020.dat 2 2022 SSBMean 40.8076
Model_1_goa_nr_2020.dat 2 2023 SSBF100 84.8317
Model_1_goa_nr_2020.dat 2 2023 SSBFabc 33.9327
Model_1_goa_nr_2020.dat 2 2023 SSBFofl 29.6911
Model_1_goa_nr_2020.dat 2 2023 SSBLCI 38.6426
Model_1_goa_nr_2020.dat 2 2023 SSBUCI 38.6837
Model_1_goa_nr_2020.dat 2 2023 SSBMedian 38.653
Model_1_goa_nr_2020.dat 2 2023 SSBMean 38.6569
Model_1_goa_nr_2020.dat 2 2024 SSBF100 84.8317
Model_1_goa_nr_2020.dat 2 2024 SSBFabc 33.9327
Model_1_goa_nr_2020.dat 2 2024 SSBFofl 29.6911
Model_1_goa_nr_2020.dat 2 2024 SSBLCI 36.4643
Model_1_goa_nr_2020.dat 2 2024 SSBUCI 36.5826
Model_1_goa_nr_2020.dat 2 2024 SSBMedian 36.495
Model_1_goa_nr_2020.dat 2 2024 SSBMean 36.5062
Model_1_goa_nr_2020.dat 2 2025 SSBF100 84.8317
Model_1_goa_nr_2020.dat 2 2025 SSBFabc 33.9327
Model_1_goa_nr_2020.dat 2 2025 SSBFofl 29.6911
Model_1_goa_nr_2020.dat 2 2025 SSBLCI 34.0151
Model_1_goa_nr_2020.dat 2 2025 SSBUCI 34.3112
Model_1_goa_nr_2020.dat 2 2025 SSBMedian 34.0927
Model_1_goa_nr_2020.dat 2 2025 SSBMean 34.1211
Model_1_goa_nr_2020.dat 2 2026 SSBF100 84.8317
Model_1_goa_nr_2020.dat 2 2026 SSBFabc 33.9327
Model_1_goa_nr_2020.dat 2 2026 SSBFofl 29.6911
Model_1_goa_nr_2020.dat 2 2026 SSBLCI 31.9539
Model_1_goa_nr_2020.dat 2 2026 SSBUCI 32.6123
Model_1_goa_nr_2020.dat 2 2026 SSBMedian 32.1248
Model_1_goa_nr_2020.dat 2 2026 SSBMean 32.1927
Model_1_goa_nr_2020.dat 2 2027 SSBF100 84.8317
Model_1_goa_nr_2020.dat 2 2027 SSBFabc 33.9327
Model_1_goa_nr_2020.dat 2 2027 SSBFofl 29.6911
Model_1_goa_nr_2020.dat 2 2027 SSBLCI 30.2898
Model_1_goa_nr_2020.dat 2 2027 SSBUCI 31.6173
Model_1_goa_nr_2020.dat 2 2027 SSBMedian 30.6511
Model_1_goa_nr_2020.dat 2 2027 SSBMean 30.778
Model_1_goa_nr_2020.dat 2 2028 SSBF100 84.8317
Model_1_goa_nr_2020.dat 2 2028 SSBFabc 33.9327
Model_1_goa_nr_2020.dat 2 2028 SSBFofl 29.6911
Model_1_goa_nr_2020.dat 2 2028 SSBLCI 28.937
Model_1_goa_nr_2020.dat 2 2028 SSBUCI 31.3686
Model_1_goa_nr_2020.dat 2 2028 SSBMedian 29.635
Model_1_goa_nr_2020.dat 2 2028 SSBMean 29.8536
Model_1_goa_nr_2020.dat 2 2029 SSBF100 84.8317
Model_1_goa_nr_2020.dat 2 2029 SSBFabc 33.9327
Model_1_goa_nr_2020.dat 2 2029 SSBFofl 29.6911
Model_1_goa_nr_2020.dat 2 2029 SSBLCI 27.838
Model_1_goa_nr_2020.dat 2 2029 SSBUCI 31.8085
Model_1_goa_nr_2020.dat 2 2029 SSBMedian 29.0274
Model_1_goa_nr_2020.dat 2 2029 SSBMean 29.3874
Model_1_goa_nr_2020.dat 2 2030 SSBF100 84.8317
Model_1_goa_nr_2020.dat 2 2030 SSBFabc 33.9327
Model_1_goa_nr_2020.dat 2 2030 SSBFofl 29.6911
Model_1_goa_nr_2020.dat 2 2030 SSBLCI 26.997
Model_1_goa_nr_2020.dat 2 2030 SSBUCI 33.0593
Model_1_goa_nr_2020.dat 2 2030 SSBMedian 28.8287
Model_1_goa_nr_2020.dat 2 2030 SSBMean 29.3178
Model_1_goa_nr_2020.dat 2 2031 SSBF100 84.8317
Model_1_goa_nr_2020.dat 2 2031 SSBFabc 33.9327
Model_1_goa_nr_2020.dat 2 2031 SSBFofl 29.6911
Model_1_goa_nr_2020.dat 2 2031 SSBLCI 26.3499
Model_1_goa_nr_2020.dat 2 2031 SSBUCI 34.2756
Model_1_goa_nr_2020.dat 2 2031 SSBMedian 28.916
Model_1_goa_nr_2020.dat 2 2031 SSBMean 29.5445
Model_1_goa_nr_2020.dat 2 2032 SSBF100 84.8317
Model_1_goa_nr_2020.dat 2 2032 SSBFabc 33.9327
Model_1_goa_nr_2020.dat 2 2032 SSBFofl 29.6911
Model_1_goa_nr_2020.dat 2 2032 SSBLCI 25.8727
Model_1_goa_nr_2020.dat 2 2032 SSBUCI 35.9155
Model_1_goa_nr_2020.dat 2 2032 SSBMedian 29.2513
Model_1_goa_nr_2020.dat 2 2032 SSBMean 29.9509
Model_1_goa_nr_2020.dat 2 2033 SSBF100 84.8317
Model_1_goa_nr_2020.dat 2 2033 SSBFabc 33.9327
Model_1_goa_nr_2020.dat 2 2033 SSBFofl 29.6911
Model_1_goa_nr_2020.dat 2 2033 SSBLCI 25.6799
Model_1_goa_nr_2020.dat 2 2033 SSBUCI 37.3335
Model_1_goa_nr_2020.dat 2 2033 SSBMedian 29.6426
Model_1_goa_nr_2020.dat 2 2033 SSBMean 30.4391
Model_1_goa_nr_2020.dat 2 2020 F0 0 
Model_1_goa_nr_2020.dat 2 2020 Fabc 0.0610274
Model_1_goa_nr_2020.dat 2 2020 Fofl 0.073276
Model_1_goa_nr_2020.dat 2 2020  F_LCI 0.0254399
Model_1_goa_nr_2020.dat 2 2020  F_UCI 0.0254399
Model_1_goa_nr_2020.dat 2 2020  F_Median 0.0254399
Model_1_goa_nr_2020.dat 2 2020  F_Mean 0.0254399
Model_1_goa_nr_2020.dat 2 2021 F0 0 
Model_1_goa_nr_2020.dat 2 2021 Fabc 0.0610274
Model_1_goa_nr_2020.dat 2 2021 Fofl 0.073276
Model_1_goa_nr_2020.dat 2 2021  F_LCI 0.0276305
Model_1_goa_nr_2020.dat 2 2021  F_UCI 0.0276305
Model_1_goa_nr_2020.dat 2 2021  F_Median 0.0276305
Model_1_goa_nr_2020.dat 2 2021  F_Mean 0.0276305
Model_1_goa_nr_2020.dat 2 2022 F0 0 
Model_1_goa_nr_2020.dat 2 2022 Fabc 0.0610274
Model_1_goa_nr_2020.dat 2 2022 Fofl 0.073276
Model_1_goa_nr_2020.dat 2 2022  F_LCI 0.0361981
Model_1_goa_nr_2020.dat 2 2022  F_UCI 0.0361985
Model_1_goa_nr_2020.dat 2 2022  F_Median 0.0361984
Model_1_goa_nr_2020.dat 2 2022  F_Mean 0.0361983
Model_1_goa_nr_2020.dat 2 2023 F0 0 
Model_1_goa_nr_2020.dat 2 2023 Fabc 0.0610274
Model_1_goa_nr_2020.dat 2 2023 Fofl 0.073276
Model_1_goa_nr_2020.dat 2 2023  F_LCI 0.0353287
Model_1_goa_nr_2020.dat 2 2023  F_UCI 0.0353323
Model_1_goa_nr_2020.dat 2 2023  F_Median 0.0353316
Model_1_goa_nr_2020.dat 2 2023  F_Mean 0.0353312
Model_1_goa_nr_2020.dat 2 2024 F0 0 
Model_1_goa_nr_2020.dat 2 2024 Fabc 0.0610274
Model_1_goa_nr_2020.dat 2 2024 Fofl 0.073276
Model_1_goa_nr_2020.dat 2 2024  F_LCI 0.0610274
Model_1_goa_nr_2020.dat 2 2024  F_UCI 0.0610274
Model_1_goa_nr_2020.dat 2 2024  F_Median 0.0610274
Model_1_goa_nr_2020.dat 2 2024  F_Mean 0.0610274
Model_1_goa_nr_2020.dat 2 2025 F0 0 
Model_1_goa_nr_2020.dat 2 2025 Fabc 0.0610274
Model_1_goa_nr_2020.dat 2 2025 Fofl 0.073276
Model_1_goa_nr_2020.dat 2 2025  F_LCI 0.0610274
Model_1_goa_nr_2020.dat 2 2025  F_UCI 0.0610274
Model_1_goa_nr_2020.dat 2 2025  F_Median 0.0610274
Model_1_goa_nr_2020.dat 2 2025  F_Mean 0.0610274
Model_1_goa_nr_2020.dat 2 2026 F0 0 
Model_1_goa_nr_2020.dat 2 2026 Fabc 0.0610274
Model_1_goa_nr_2020.dat 2 2026 Fofl 0.073276
Model_1_goa_nr_2020.dat 2 2026  F_LCI 0.0572814
Model_1_goa_nr_2020.dat 2 2026  F_UCI 0.0585277
Model_1_goa_nr_2020.dat 2 2026  F_Median 0.0576049
Model_1_goa_nr_2020.dat 2 2026  F_Mean 0.0577334
Model_1_goa_nr_2020.dat 2 2027 F0 0 
Model_1_goa_nr_2020.dat 2 2027 Fabc 0.0610274
Model_1_goa_nr_2020.dat 2 2027 Fofl 0.073276
Model_1_goa_nr_2020.dat 2 2027  F_LCI 0.0541308
Model_1_goa_nr_2020.dat 2 2027  F_UCI 0.0566442
Model_1_goa_nr_2020.dat 2 2027  F_Median 0.0548149
Model_1_goa_nr_2020.dat 2 2027  F_Mean 0.0550551
Model_1_goa_nr_2020.dat 2 2028 F0 0 
Model_1_goa_nr_2020.dat 2 2028 Fabc 0.0610274
Model_1_goa_nr_2020.dat 2 2028 Fofl 0.073276
Model_1_goa_nr_2020.dat 2 2028  F_LCI 0.0515699
Model_1_goa_nr_2020.dat 2 2028  F_UCI 0.0561732
Model_1_goa_nr_2020.dat 2 2028  F_Median 0.0528912
Model_1_goa_nr_2020.dat 2 2028  F_Mean 0.0532964
Model_1_goa_nr_2020.dat 2 2029 F0 0 
Model_1_goa_nr_2020.dat 2 2029 Fabc 0.0610274
Model_1_goa_nr_2020.dat 2 2029 Fofl 0.073276
Model_1_goa_nr_2020.dat 2 2029  F_LCI 0.0494894
Model_1_goa_nr_2020.dat 2 2029  F_UCI 0.057006
Model_1_goa_nr_2020.dat 2 2029  F_Median 0.051741
Model_1_goa_nr_2020.dat 2 2029  F_Mean 0.0523797
Model_1_goa_nr_2020.dat 2 2030 F0 0 
Model_1_goa_nr_2020.dat 2 2030 Fabc 0.0610274
Model_1_goa_nr_2020.dat 2 2030 Fofl 0.073276
Model_1_goa_nr_2020.dat 2 2030  F_LCI 0.0478972
Model_1_goa_nr_2020.dat 2 2030  F_UCI 0.059374
Model_1_goa_nr_2020.dat 2 2030  F_Median 0.0513649
Model_1_goa_nr_2020.dat 2 2030  F_Mean 0.0521444
Model_1_goa_nr_2020.dat 2 2031 F0 0 
Model_1_goa_nr_2020.dat 2 2031 Fabc 0.0610274
Model_1_goa_nr_2020.dat 2 2031 Fofl 0.073276
Model_1_goa_nr_2020.dat 2 2031  F_LCI 0.0466721
Model_1_goa_nr_2020.dat 2 2031  F_UCI 0.0610274
Model_1_goa_nr_2020.dat 2 2031  F_Median 0.05153
Model_1_goa_nr_2020.dat 2 2031  F_Mean 0.0523889
Model_1_goa_nr_2020.dat 2 2032 F0 0 
Model_1_goa_nr_2020.dat 2 2032 Fabc 0.0610274
Model_1_goa_nr_2020.dat 2 2032 Fofl 0.073276
Model_1_goa_nr_2020.dat 2 2032  F_LCI 0.0457688
Model_1_goa_nr_2020.dat 2 2032  F_UCI 0.0610274
Model_1_goa_nr_2020.dat 2 2032  F_Median 0.0521649
Model_1_goa_nr_2020.dat 2 2032  F_Mean 0.0528891
Model_1_goa_nr_2020.dat 2 2033 F0 0 
Model_1_goa_nr_2020.dat 2 2033 Fabc 0.0610274
Model_1_goa_nr_2020.dat 2 2033 Fofl 0.073276
Model_1_goa_nr_2020.dat 2 2033  F_LCI 0.0454036
Model_1_goa_nr_2020.dat 2 2033  F_UCI 0.0610274
Model_1_goa_nr_2020.dat 2 2033  F_Median 0.0529056
Model_1_goa_nr_2020.dat 2 2033  F_Mean 0.0534769
Model_1_goa_nr_2020.dat 3 2020 Cabc 4.93127
Model_1_goa_nr_2020.dat 3 2020 Cofl 5.27286
Model_1_goa_nr_2020.dat 3 2020 CLCI 2.38492
Model_1_goa_nr_2020.dat 3 2020 CUCI 2.38492
Model_1_goa_nr_2020.dat 3 2020 CMedian 2.38492
Model_1_goa_nr_2020.dat 3 2020 CMean 2.38492
Model_1_goa_nr_2020.dat 3 2021 Cabc 4.93127
Model_1_goa_nr_2020.dat 3 2021 Cofl 5.27286
Model_1_goa_nr_2020.dat 3 2021 CLCI 2.47104
Model_1_goa_nr_2020.dat 3 2021 CUCI 2.47104
Model_1_goa_nr_2020.dat 3 2021 CMedian 2.47104
Model_1_goa_nr_2020.dat 3 2021 CMean 2.47104
Model_1_goa_nr_2020.dat 3 2022 Cabc 4.93127
Model_1_goa_nr_2020.dat 3 2022 Cofl 5.27286
Model_1_goa_nr_2020.dat 3 2022 CLCI 3.08946
Model_1_goa_nr_2020.dat 3 2022 CUCI 3.08946
Model_1_goa_nr_2020.dat 3 2022 CMedian 3.08946
Model_1_goa_nr_2020.dat 3 2022 CMean 3.08946
Model_1_goa_nr_2020.dat 3 2023 Cabc 4.93127
Model_1_goa_nr_2020.dat 3 2023 Cofl 5.27286
Model_1_goa_nr_2020.dat 3 2023 CLCI 2.88424
Model_1_goa_nr_2020.dat 3 2023 CUCI 2.88424
Model_1_goa_nr_2020.dat 3 2023 CMedian 2.88424
Model_1_goa_nr_2020.dat 3 2023 CMean 2.88424
Model_1_goa_nr_2020.dat 3 2024 Cabc 4.93127
Model_1_goa_nr_2020.dat 3 2024 Cofl 5.27286
Model_1_goa_nr_2020.dat 3 2024 CLCI 2.40227
Model_1_goa_nr_2020.dat 3 2024 CUCI 2.40402
Model_1_goa_nr_2020.dat 3 2024 CMedian 2.40267
Model_1_goa_nr_2020.dat 3 2024 CMean 2.40285
Model_1_goa_nr_2020.dat 3 2025 Cabc 4.93127
Model_1_goa_nr_2020.dat 3 2025 Cofl 5.27286
Model_1_goa_nr_2020.dat 3 2025 CLCI 2.3354
Model_1_goa_nr_2020.dat 3 2025 CUCI 2.34655
Model_1_goa_nr_2020.dat 3 2025 CMedian 2.33795
Model_1_goa_nr_2020.dat 3 2025 CMean 2.33907
Model_1_goa_nr_2020.dat 3 2026 Cabc 4.93127
Model_1_goa_nr_2020.dat 3 2026 Cofl 5.27286
Model_1_goa_nr_2020.dat 3 2026 CLCI 2.27308
Model_1_goa_nr_2020.dat 3 2026 CUCI 2.33815
Model_1_goa_nr_2020.dat 3 2026 CMedian 2.29205
Model_1_goa_nr_2020.dat 3 2026 CMean 2.2972
Model_1_goa_nr_2020.dat 3 2027 Cabc 4.93127
Model_1_goa_nr_2020.dat 3 2027 Cofl 5.27286
Model_1_goa_nr_2020.dat 3 2027 CLCI 2.14833
Model_1_goa_nr_2020.dat 3 2027 CUCI 2.4353
Model_1_goa_nr_2020.dat 3 2027 CMedian 2.227
Model_1_goa_nr_2020.dat 3 2027 CMean 2.25249
Model_1_goa_nr_2020.dat 3 2028 Cabc 4.93127
Model_1_goa_nr_2020.dat 3 2028 Cofl 5.27286
Model_1_goa_nr_2020.dat 3 2028 CLCI 2.04096
Model_1_goa_nr_2020.dat 3 2028 CUCI 2.62121
Model_1_goa_nr_2020.dat 3 2028 CMedian 2.20274
Model_1_goa_nr_2020.dat 3 2028 CMean 2.26131
Model_1_goa_nr_2020.dat 3 2029 Cabc 4.93127
Model_1_goa_nr_2020.dat 3 2029 Cofl 5.27286
Model_1_goa_nr_2020.dat 3 2029 CLCI 1.95646
Model_1_goa_nr_2020.dat 3 2029 CUCI 2.83478
Model_1_goa_nr_2020.dat 3 2029 CMedian 2.23389
Model_1_goa_nr_2020.dat 3 2029 CMean 2.31014
Model_1_goa_nr_2020.dat 3 2030 Cabc 4.93127
Model_1_goa_nr_2020.dat 3 2030 Cofl 5.27286
Model_1_goa_nr_2020.dat 3 2030 CLCI 1.91516
Model_1_goa_nr_2020.dat 3 2030 CUCI 2.99504
Model_1_goa_nr_2020.dat 3 2030 CMedian 2.3032
Model_1_goa_nr_2020.dat 3 2030 CMean 2.37779
Model_1_goa_nr_2020.dat 3 2031 Cabc 4.93127
Model_1_goa_nr_2020.dat 3 2031 Cofl 5.27286
Model_1_goa_nr_2020.dat 3 2031 CLCI 1.88309
Model_1_goa_nr_2020.dat 3 2031 CUCI 3.14148
Model_1_goa_nr_2020.dat 3 2031 CMedian 2.40265
Model_1_goa_nr_2020.dat 3 2031 CMean 2.45036
Model_1_goa_nr_2020.dat 3 2032 Cabc 4.93127
Model_1_goa_nr_2020.dat 3 2032 Cofl 5.27286
Model_1_goa_nr_2020.dat 3 2032 CLCI 1.87283
Model_1_goa_nr_2020.dat 3 2032 CUCI 3.29282
Model_1_goa_nr_2020.dat 3 2032 CMedian 2.49163
Model_1_goa_nr_2020.dat 3 2032 CMean 2.52299
Model_1_goa_nr_2020.dat 3 2033 Cabc 4.93127
Model_1_goa_nr_2020.dat 3 2033 Cofl 5.27286
Model_1_goa_nr_2020.dat 3 2033 CLCI 1.88737
Model_1_goa_nr_2020.dat 3 2033 CUCI 3.39962
Model_1_goa_nr_2020.dat 3 2033 CMedian 2.56722
Model_1_goa_nr_2020.dat 3 2033 CMean 2.59735
Model_1_goa_nr_2020.dat 3 2020 SSBF100 84.8317
Model_1_goa_nr_2020.dat 3 2020 SSBFabc 33.9327
Model_1_goa_nr_2020.dat 3 2020 SSBFofl 29.6911
Model_1_goa_nr_2020.dat 3 2020 SSBLCI 45.176
Model_1_goa_nr_2020.dat 3 2020 SSBUCI 45.176
Model_1_goa_nr_2020.dat 3 2020 SSBMedian 45.176
Model_1_goa_nr_2020.dat 3 2020 SSBMean 45.176
Model_1_goa_nr_2020.dat 3 2021 SSBF100 84.8317
Model_1_goa_nr_2020.dat 3 2021 SSBFabc 33.9327
Model_1_goa_nr_2020.dat 3 2021 SSBFofl 29.6911
Model_1_goa_nr_2020.dat 3 2021 SSBLCI 42.9872
Model_1_goa_nr_2020.dat 3 2021 SSBUCI 42.9895
Model_1_goa_nr_2020.dat 3 2021 SSBMedian 42.9877
Model_1_goa_nr_2020.dat 3 2021 SSBMean 42.9879
Model_1_goa_nr_2020.dat 3 2022 SSBF100 84.8317
Model_1_goa_nr_2020.dat 3 2022 SSBFabc 33.9327
Model_1_goa_nr_2020.dat 3 2022 SSBFofl 29.6911
Model_1_goa_nr_2020.dat 3 2022 SSBLCI 40.8037
Model_1_goa_nr_2020.dat 3 2022 SSBUCI 40.8157
Model_1_goa_nr_2020.dat 3 2022 SSBMedian 40.8065
Model_1_goa_nr_2020.dat 3 2022 SSBMean 40.8076
Model_1_goa_nr_2020.dat 3 2023 SSBF100 84.8317
Model_1_goa_nr_2020.dat 3 2023 SSBFabc 33.9327
Model_1_goa_nr_2020.dat 3 2023 SSBFofl 29.6911
Model_1_goa_nr_2020.dat 3 2023 SSBLCI 38.6426
Model_1_goa_nr_2020.dat 3 2023 SSBUCI 38.6837
Model_1_goa_nr_2020.dat 3 2023 SSBMedian 38.653
Model_1_goa_nr_2020.dat 3 2023 SSBMean 38.6569
Model_1_goa_nr_2020.dat 3 2024 SSBF100 84.8317
Model_1_goa_nr_2020.dat 3 2024 SSBFabc 33.9327
Model_1_goa_nr_2020.dat 3 2024 SSBFofl 29.6911
Model_1_goa_nr_2020.dat 3 2024 SSBLCI 36.833
Model_1_goa_nr_2020.dat 3 2024 SSBUCI 36.9513
Model_1_goa_nr_2020.dat 3 2024 SSBMedian 36.8637
Model_1_goa_nr_2020.dat 3 2024 SSBMean 36.8748
Model_1_goa_nr_2020.dat 3 2025 SSBF100 84.8317
Model_1_goa_nr_2020.dat 3 2025 SSBFabc 33.9327
Model_1_goa_nr_2020.dat 3 2025 SSBFofl 29.6911
Model_1_goa_nr_2020.dat 3 2025 SSBLCI 35.3995
Model_1_goa_nr_2020.dat 3 2025 SSBUCI 35.6957
Model_1_goa_nr_2020.dat 3 2025 SSBMedian 35.4772
Model_1_goa_nr_2020.dat 3 2025 SSBMean 35.5056
Model_1_goa_nr_2020.dat 3 2026 SSBF100 84.8317
Model_1_goa_nr_2020.dat 3 2026 SSBFabc 33.9327
Model_1_goa_nr_2020.dat 3 2026 SSBFofl 29.6911
Model_1_goa_nr_2020.dat 3 2026 SSBLCI 34.2005
Model_1_goa_nr_2020.dat 3 2026 SSBUCI 34.8726
Model_1_goa_nr_2020.dat 3 2026 SSBMedian 34.3741
Model_1_goa_nr_2020.dat 3 2026 SSBMean 34.4438
Model_1_goa_nr_2020.dat 3 2027 SSBF100 84.8317
Model_1_goa_nr_2020.dat 3 2027 SSBFabc 33.9327
Model_1_goa_nr_2020.dat 3 2027 SSBFofl 29.6911
Model_1_goa_nr_2020.dat 3 2027 SSBLCI 33.2105
Model_1_goa_nr_2020.dat 3 2027 SSBUCI 34.5975
Model_1_goa_nr_2020.dat 3 2027 SSBMedian 33.5845
Model_1_goa_nr_2020.dat 3 2027 SSBMean 33.7182
Model_1_goa_nr_2020.dat 3 2028 SSBF100 84.8317
Model_1_goa_nr_2020.dat 3 2028 SSBFabc 33.9327
Model_1_goa_nr_2020.dat 3 2028 SSBFofl 29.6911
Model_1_goa_nr_2020.dat 3 2028 SSBLCI 32.4047
Model_1_goa_nr_2020.dat 3 2028 SSBUCI 34.9861
Model_1_goa_nr_2020.dat 3 2028 SSBMedian 33.1282
Model_1_goa_nr_2020.dat 3 2028 SSBMean 33.3669
Model_1_goa_nr_2020.dat 3 2029 SSBF100 84.8317
Model_1_goa_nr_2020.dat 3 2029 SSBFabc 33.9327
Model_1_goa_nr_2020.dat 3 2029 SSBFofl 29.6911
Model_1_goa_nr_2020.dat 3 2029 SSBLCI 31.7448
Model_1_goa_nr_2020.dat 3 2029 SSBUCI 36.0425
Model_1_goa_nr_2020.dat 3 2029 SSBMedian 33.0125
Model_1_goa_nr_2020.dat 3 2029 SSBMean 33.4021
Model_1_goa_nr_2020.dat 3 2030 SSBF100 84.8317
Model_1_goa_nr_2020.dat 3 2030 SSBFabc 33.9327
Model_1_goa_nr_2020.dat 3 2030 SSBFofl 29.6911
Model_1_goa_nr_2020.dat 3 2030 SSBLCI 31.2582
Model_1_goa_nr_2020.dat 3 2030 SSBUCI 37.9394
Model_1_goa_nr_2020.dat 3 2030 SSBMedian 33.2385
Model_1_goa_nr_2020.dat 3 2030 SSBMean 33.7986
Model_1_goa_nr_2020.dat 3 2031 SSBF100 84.8317
Model_1_goa_nr_2020.dat 3 2031 SSBFabc 33.9327
Model_1_goa_nr_2020.dat 3 2031 SSBFofl 29.6911
Model_1_goa_nr_2020.dat 3 2031 SSBLCI 30.8924
Model_1_goa_nr_2020.dat 3 2031 SSBUCI 40.1735
Model_1_goa_nr_2020.dat 3 2031 SSBMedian 33.7173
Model_1_goa_nr_2020.dat 3 2031 SSBMean 34.483
Model_1_goa_nr_2020.dat 3 2032 SSBF100 84.8317
Model_1_goa_nr_2020.dat 3 2032 SSBFabc 33.9327
Model_1_goa_nr_2020.dat 3 2032 SSBFofl 29.6911
Model_1_goa_nr_2020.dat 3 2032 SSBLCI 30.651
Model_1_goa_nr_2020.dat 3 2032 SSBUCI 42.5119
Model_1_goa_nr_2020.dat 3 2032 SSBMedian 34.4639
Model_1_goa_nr_2020.dat 3 2032 SSBMean 35.3528
Model_1_goa_nr_2020.dat 3 2033 SSBF100 84.8317
Model_1_goa_nr_2020.dat 3 2033 SSBFabc 33.9327
Model_1_goa_nr_2020.dat 3 2033 SSBFofl 29.6911
Model_1_goa_nr_2020.dat 3 2033 SSBLCI 30.6554
Model_1_goa_nr_2020.dat 3 2033 SSBUCI 44.5811
Model_1_goa_nr_2020.dat 3 2033 SSBMedian 35.3333
Model_1_goa_nr_2020.dat 3 2033 SSBMean 36.3129
Model_1_goa_nr_2020.dat 3 2020 F0 0 
Model_1_goa_nr_2020.dat 3 2020 Fabc 0.0610274
Model_1_goa_nr_2020.dat 3 2020 Fofl 0.073276
Model_1_goa_nr_2020.dat 3 2020  F_LCI 0.0254399
Model_1_goa_nr_2020.dat 3 2020  F_UCI 0.0254399
Model_1_goa_nr_2020.dat 3 2020  F_Median 0.0254399
Model_1_goa_nr_2020.dat 3 2020  F_Mean 0.0254399
Model_1_goa_nr_2020.dat 3 2021 F0 0 
Model_1_goa_nr_2020.dat 3 2021 Fabc 0.0610274
Model_1_goa_nr_2020.dat 3 2021 Fofl 0.073276
Model_1_goa_nr_2020.dat 3 2021  F_LCI 0.0276305
Model_1_goa_nr_2020.dat 3 2021  F_UCI 0.0276305
Model_1_goa_nr_2020.dat 3 2021  F_Median 0.0276305
Model_1_goa_nr_2020.dat 3 2021  F_Mean 0.0276305
Model_1_goa_nr_2020.dat 3 2022 F0 0 
Model_1_goa_nr_2020.dat 3 2022 Fabc 0.0610274
Model_1_goa_nr_2020.dat 3 2022 Fofl 0.073276
Model_1_goa_nr_2020.dat 3 2022  F_LCI 0.0361981
Model_1_goa_nr_2020.dat 3 2022  F_UCI 0.0361985
Model_1_goa_nr_2020.dat 3 2022  F_Median 0.0361984
Model_1_goa_nr_2020.dat 3 2022  F_Mean 0.0361983
Model_1_goa_nr_2020.dat 3 2023 F0 0 
Model_1_goa_nr_2020.dat 3 2023 Fabc 0.0610274
Model_1_goa_nr_2020.dat 3 2023 Fofl 0.073276
Model_1_goa_nr_2020.dat 3 2023  F_LCI 0.0353287
Model_1_goa_nr_2020.dat 3 2023  F_UCI 0.0353323
Model_1_goa_nr_2020.dat 3 2023  F_Median 0.0353316
Model_1_goa_nr_2020.dat 3 2023  F_Mean 0.0353312
Model_1_goa_nr_2020.dat 3 2024 F0 0 
Model_1_goa_nr_2020.dat 3 2024 Fabc 0.0610274
Model_1_goa_nr_2020.dat 3 2024 Fofl 0.073276
Model_1_goa_nr_2020.dat 3 2024  F_LCI 0.0305137
Model_1_goa_nr_2020.dat 3 2024  F_UCI 0.0305137
Model_1_goa_nr_2020.dat 3 2024  F_Median 0.0305137
Model_1_goa_nr_2020.dat 3 2024  F_Mean 0.0305137
Model_1_goa_nr_2020.dat 3 2025 F0 0 
Model_1_goa_nr_2020.dat 3 2025 Fabc 0.0610274
Model_1_goa_nr_2020.dat 3 2025 Fofl 0.073276
Model_1_goa_nr_2020.dat 3 2025  F_LCI 0.0305137
Model_1_goa_nr_2020.dat 3 2025  F_UCI 0.0305137
Model_1_goa_nr_2020.dat 3 2025  F_Median 0.0305137
Model_1_goa_nr_2020.dat 3 2025  F_Mean 0.0305137
Model_1_goa_nr_2020.dat 3 2026 F0 0 
Model_1_goa_nr_2020.dat 3 2026 Fabc 0.0610274
Model_1_goa_nr_2020.dat 3 2026 Fofl 0.073276
Model_1_goa_nr_2020.dat 3 2026  F_LCI 0.0304442
Model_1_goa_nr_2020.dat 3 2026  F_UCI 0.0305137
Model_1_goa_nr_2020.dat 3 2026  F_Median 0.0305137
Model_1_goa_nr_2020.dat 3 2026  F_Mean 0.0305033
Model_1_goa_nr_2020.dat 3 2027 F0 0 
Model_1_goa_nr_2020.dat 3 2027 Fabc 0.0610274
Model_1_goa_nr_2020.dat 3 2027 Fofl 0.073276
Model_1_goa_nr_2020.dat 3 2027  F_LCI 0.0295259
Model_1_goa_nr_2020.dat 3 2027  F_UCI 0.0305137
Model_1_goa_nr_2020.dat 3 2027  F_Median 0.0298754
Model_1_goa_nr_2020.dat 3 2027  F_Mean 0.029948
Model_1_goa_nr_2020.dat 3 2028 F0 0 
Model_1_goa_nr_2020.dat 3 2028 Fabc 0.0610274
Model_1_goa_nr_2020.dat 3 2028 Fofl 0.073276
Model_1_goa_nr_2020.dat 3 2028  F_LCI 0.0287774
Model_1_goa_nr_2020.dat 3 2028  F_UCI 0.0305137
Model_1_goa_nr_2020.dat 3 2028  F_Median 0.0294543
Model_1_goa_nr_2020.dat 3 2028  F_Mean 0.0295657
Model_1_goa_nr_2020.dat 3 2029 F0 0 
Model_1_goa_nr_2020.dat 3 2029 Fabc 0.0610274
Model_1_goa_nr_2020.dat 3 2029 Fofl 0.073276
Model_1_goa_nr_2020.dat 3 2029  F_LCI 0.0281648
Model_1_goa_nr_2020.dat 3 2029  F_UCI 0.0305137
Model_1_goa_nr_2020.dat 3 2029  F_Median 0.0293428
Model_1_goa_nr_2020.dat 3 2029  F_Mean 0.0294295
Model_1_goa_nr_2020.dat 3 2030 F0 0 
Model_1_goa_nr_2020.dat 3 2030 Fabc 0.0610274
Model_1_goa_nr_2020.dat 3 2030 Fofl 0.073276
Model_1_goa_nr_2020.dat 3 2030  F_LCI 0.0277164
Model_1_goa_nr_2020.dat 3 2030  F_UCI 0.0305137
Model_1_goa_nr_2020.dat 3 2030  F_Median 0.0295527
Model_1_goa_nr_2020.dat 3 2030  F_Mean 0.0294451
Model_1_goa_nr_2020.dat 3 2031 F0 0 
Model_1_goa_nr_2020.dat 3 2031 Fabc 0.0610274
Model_1_goa_nr_2020.dat 3 2031 Fofl 0.073276
Model_1_goa_nr_2020.dat 3 2031  F_LCI 0.0273738
Model_1_goa_nr_2020.dat 3 2031  F_UCI 0.0305137
Model_1_goa_nr_2020.dat 3 2031  F_Median 0.0299988
Model_1_goa_nr_2020.dat 3 2031  F_Mean 0.0295395
Model_1_goa_nr_2020.dat 3 2032 F0 0 
Model_1_goa_nr_2020.dat 3 2032 Fabc 0.0610274
Model_1_goa_nr_2020.dat 3 2032 Fofl 0.073276
Model_1_goa_nr_2020.dat 3 2032  F_LCI 0.0271507
Model_1_goa_nr_2020.dat 3 2032  F_UCI 0.0305137
Model_1_goa_nr_2020.dat 3 2032  F_Median 0.0305137
Model_1_goa_nr_2020.dat 3 2032  F_Mean 0.0296695
Model_1_goa_nr_2020.dat 3 2033 F0 0 
Model_1_goa_nr_2020.dat 3 2033 Fabc 0.0610274
Model_1_goa_nr_2020.dat 3 2033 Fofl 0.073276
Model_1_goa_nr_2020.dat 3 2033  F_LCI 0.0271572
Model_1_goa_nr_2020.dat 3 2033  F_UCI 0.0305137
Model_1_goa_nr_2020.dat 3 2033  F_Median 0.0305137
Model_1_goa_nr_2020.dat 3 2033  F_Mean 0.029807
Model_1_goa_nr_2020.dat 4 2020 Cabc 4.93127
Model_1_goa_nr_2020.dat 4 2020 Cofl 5.27286
Model_1_goa_nr_2020.dat 4 2020 CLCI 2.38492
Model_1_goa_nr_2020.dat 4 2020 CUCI 2.38492
Model_1_goa_nr_2020.dat 4 2020 CMedian 2.38492
Model_1_goa_nr_2020.dat 4 2020 CMean 2.38492
Model_1_goa_nr_2020.dat 4 2021 Cabc 4.93127
Model_1_goa_nr_2020.dat 4 2021 Cofl 5.27286
Model_1_goa_nr_2020.dat 4 2021 CLCI 2.47104
Model_1_goa_nr_2020.dat 4 2021 CUCI 2.47104
Model_1_goa_nr_2020.dat 4 2021 CMedian 2.47104
Model_1_goa_nr_2020.dat 4 2021 CMean 2.47104
Model_1_goa_nr_2020.dat 4 2022 Cabc 4.93127
Model_1_goa_nr_2020.dat 4 2022 Cofl 5.27286
Model_1_goa_nr_2020.dat 4 2022 CLCI 3.08946
Model_1_goa_nr_2020.dat 4 2022 CUCI 3.08946
Model_1_goa_nr_2020.dat 4 2022 CMedian 3.08946
Model_1_goa_nr_2020.dat 4 2022 CMean 3.08946
Model_1_goa_nr_2020.dat 4 2023 Cabc 4.93127
Model_1_goa_nr_2020.dat 4 2023 Cofl 5.27286
Model_1_goa_nr_2020.dat 4 2023 CLCI 2.88424
Model_1_goa_nr_2020.dat 4 2023 CUCI 2.88424
Model_1_goa_nr_2020.dat 4 2023 CMedian 2.88424
Model_1_goa_nr_2020.dat 4 2023 CMean 2.88424
Model_1_goa_nr_2020.dat 4 2024 Cabc 4.93127
Model_1_goa_nr_2020.dat 4 2024 Cofl 5.27286
Model_1_goa_nr_2020.dat 4 2024 CLCI 1.98449
Model_1_goa_nr_2020.dat 4 2024 CUCI 1.98593
Model_1_goa_nr_2020.dat 4 2024 CMedian 1.98481
Model_1_goa_nr_2020.dat 4 2024 CMean 1.98496
Model_1_goa_nr_2020.dat 4 2025 Cabc 4.93127
Model_1_goa_nr_2020.dat 4 2025 Cofl 5.27286
Model_1_goa_nr_2020.dat 4 2025 CLCI 1.93913
Model_1_goa_nr_2020.dat 4 2025 CUCI 1.94832
Model_1_goa_nr_2020.dat 4 2025 CMedian 1.94123
Model_1_goa_nr_2020.dat 4 2025 CMean 1.94215
Model_1_goa_nr_2020.dat 4 2026 Cabc 4.93127
Model_1_goa_nr_2020.dat 4 2026 Cofl 5.27286
Model_1_goa_nr_2020.dat 4 2026 CLCI 1.90093
Model_1_goa_nr_2020.dat 4 2026 CUCI 1.95037
Model_1_goa_nr_2020.dat 4 2026 CMedian 1.91237
Model_1_goa_nr_2020.dat 4 2026 CMean 1.91725
Model_1_goa_nr_2020.dat 4 2027 Cabc 4.93127
Model_1_goa_nr_2020.dat 4 2027 Cofl 5.27286
Model_1_goa_nr_2020.dat 4 2027 CLCI 1.86006
Model_1_goa_nr_2020.dat 4 2027 CUCI 2.03898
Model_1_goa_nr_2020.dat 4 2027 CMedian 1.90481
Model_1_goa_nr_2020.dat 4 2027 CMean 1.92202
Model_1_goa_nr_2020.dat 4 2028 Cabc 4.93127
Model_1_goa_nr_2020.dat 4 2028 Cofl 5.27286
Model_1_goa_nr_2020.dat 4 2028 CLCI 1.81903
Model_1_goa_nr_2020.dat 4 2028 CUCI 2.20043
Model_1_goa_nr_2020.dat 4 2028 CMedian 1.91997
Model_1_goa_nr_2020.dat 4 2028 CMean 1.95886
Model_1_goa_nr_2020.dat 4 2029 Cabc 4.93127
Model_1_goa_nr_2020.dat 4 2029 Cofl 5.27286
Model_1_goa_nr_2020.dat 4 2029 CLCI 1.78809
Model_1_goa_nr_2020.dat 4 2029 CUCI 2.38658
Model_1_goa_nr_2020.dat 4 2029 CMedian 1.95911
Model_1_goa_nr_2020.dat 4 2029 CMean 2.01304
Model_1_goa_nr_2020.dat 4 2030 Cabc 4.93127
Model_1_goa_nr_2020.dat 4 2030 Cofl 5.27286
Model_1_goa_nr_2020.dat 4 2030 CLCI 1.77857
Model_1_goa_nr_2020.dat 4 2030 CUCI 2.52739
Model_1_goa_nr_2020.dat 4 2030 CMedian 2.00981
Model_1_goa_nr_2020.dat 4 2030 CMean 2.07344
Model_1_goa_nr_2020.dat 4 2031 Cabc 4.93127
Model_1_goa_nr_2020.dat 4 2031 Cofl 5.27286
Model_1_goa_nr_2020.dat 4 2031 CLCI 1.77352
Model_1_goa_nr_2020.dat 4 2031 CUCI 2.65639
Model_1_goa_nr_2020.dat 4 2031 CMedian 2.06762
Model_1_goa_nr_2020.dat 4 2031 CMean 2.13326
Model_1_goa_nr_2020.dat 4 2032 Cabc 4.93127
Model_1_goa_nr_2020.dat 4 2032 Cofl 5.27286
Model_1_goa_nr_2020.dat 4 2032 CLCI 1.76634
Model_1_goa_nr_2020.dat 4 2032 CUCI 2.78278
Model_1_goa_nr_2020.dat 4 2032 CMedian 2.13116
Model_1_goa_nr_2020.dat 4 2032 CMean 2.1912
Model_1_goa_nr_2020.dat 4 2033 Cabc 4.93127
Model_1_goa_nr_2020.dat 4 2033 Cofl 5.27286
Model_1_goa_nr_2020.dat 4 2033 CLCI 1.78515
Model_1_goa_nr_2020.dat 4 2033 CUCI 2.89422
Model_1_goa_nr_2020.dat 4 2033 CMedian 2.18957
Model_1_goa_nr_2020.dat 4 2033 CMean 2.2503
Model_1_goa_nr_2020.dat 4 2020 SSBF100 84.8317
Model_1_goa_nr_2020.dat 4 2020 SSBFabc 33.9327
Model_1_goa_nr_2020.dat 4 2020 SSBFofl 29.6911
Model_1_goa_nr_2020.dat 4 2020 SSBLCI 45.176
Model_1_goa_nr_2020.dat 4 2020 SSBUCI 45.176
Model_1_goa_nr_2020.dat 4 2020 SSBMedian 45.176
Model_1_goa_nr_2020.dat 4 2020 SSBMean 45.176
Model_1_goa_nr_2020.dat 4 2021 SSBF100 84.8317
Model_1_goa_nr_2020.dat 4 2021 SSBFabc 33.9327
Model_1_goa_nr_2020.dat 4 2021 SSBFofl 29.6911
Model_1_goa_nr_2020.dat 4 2021 SSBLCI 42.9872
Model_1_goa_nr_2020.dat 4 2021 SSBUCI 42.9895
Model_1_goa_nr_2020.dat 4 2021 SSBMedian 42.9877
Model_1_goa_nr_2020.dat 4 2021 SSBMean 42.9879
Model_1_goa_nr_2020.dat 4 2022 SSBF100 84.8317
Model_1_goa_nr_2020.dat 4 2022 SSBFabc 33.9327
Model_1_goa_nr_2020.dat 4 2022 SSBFofl 29.6911
Model_1_goa_nr_2020.dat 4 2022 SSBLCI 40.8037
Model_1_goa_nr_2020.dat 4 2022 SSBUCI 40.8157
Model_1_goa_nr_2020.dat 4 2022 SSBMedian 40.8065
Model_1_goa_nr_2020.dat 4 2022 SSBMean 40.8076
Model_1_goa_nr_2020.dat 4 2023 SSBF100 84.8317
Model_1_goa_nr_2020.dat 4 2023 SSBFabc 33.9327
Model_1_goa_nr_2020.dat 4 2023 SSBFofl 29.6911
Model_1_goa_nr_2020.dat 4 2023 SSBLCI 38.6426
Model_1_goa_nr_2020.dat 4 2023 SSBUCI 38.6837
Model_1_goa_nr_2020.dat 4 2023 SSBMedian 38.653
Model_1_goa_nr_2020.dat 4 2023 SSBMean 38.6569
Model_1_goa_nr_2020.dat 4 2024 SSBF100 84.8317
Model_1_goa_nr_2020.dat 4 2024 SSBFabc 33.9327
Model_1_goa_nr_2020.dat 4 2024 SSBFofl 29.6911
Model_1_goa_nr_2020.dat 4 2024 SSBLCI 36.8983
Model_1_goa_nr_2020.dat 4 2024 SSBUCI 37.0166
Model_1_goa_nr_2020.dat 4 2024 SSBMedian 36.929
Model_1_goa_nr_2020.dat 4 2024 SSBMean 36.9401
Model_1_goa_nr_2020.dat 4 2025 SSBF100 84.8317
Model_1_goa_nr_2020.dat 4 2025 SSBFabc 33.9327
Model_1_goa_nr_2020.dat 4 2025 SSBFofl 29.6911
Model_1_goa_nr_2020.dat 4 2025 SSBLCI 35.6491
Model_1_goa_nr_2020.dat 4 2025 SSBUCI 35.9453
Model_1_goa_nr_2020.dat 4 2025 SSBMedian 35.7268
Model_1_goa_nr_2020.dat 4 2025 SSBMean 35.7552
Model_1_goa_nr_2020.dat 4 2026 SSBF100 84.8317
Model_1_goa_nr_2020.dat 4 2026 SSBFabc 33.9327
Model_1_goa_nr_2020.dat 4 2026 SSBFofl 29.6911
Model_1_goa_nr_2020.dat 4 2026 SSBLCI 34.6189
Model_1_goa_nr_2020.dat 4 2026 SSBUCI 35.292
Model_1_goa_nr_2020.dat 4 2026 SSBMedian 34.7933
Model_1_goa_nr_2020.dat 4 2026 SSBMean 34.8629
Model_1_goa_nr_2020.dat 4 2027 SSBF100 84.8317
Model_1_goa_nr_2020.dat 4 2027 SSBFabc 33.9327
Model_1_goa_nr_2020.dat 4 2027 SSBFofl 29.6911
Model_1_goa_nr_2020.dat 4 2027 SSBLCI 33.7735
Model_1_goa_nr_2020.dat 4 2027 SSBUCI 35.1757
Model_1_goa_nr_2020.dat 4 2027 SSBMedian 34.154
Model_1_goa_nr_2020.dat 4 2027 SSBMean 34.2884
Model_1_goa_nr_2020.dat 4 2028 SSBF100 84.8317
Model_1_goa_nr_2020.dat 4 2028 SSBFabc 33.9327
Model_1_goa_nr_2020.dat 4 2028 SSBFofl 29.6911
Model_1_goa_nr_2020.dat 4 2028 SSBLCI 33.0738
Model_1_goa_nr_2020.dat 4 2028 SSBUCI 35.7172
Model_1_goa_nr_2020.dat 4 2028 SSBMedian 33.8172
Model_1_goa_nr_2020.dat 4 2028 SSBMean 34.063
Model_1_goa_nr_2020.dat 4 2029 SSBF100 84.8317
Model_1_goa_nr_2020.dat 4 2029 SSBFabc 33.9327
Model_1_goa_nr_2020.dat 4 2029 SSBFofl 29.6911
Model_1_goa_nr_2020.dat 4 2029 SSBLCI 32.4938
Model_1_goa_nr_2020.dat 4 2029 SSBUCI 36.9309
Model_1_goa_nr_2020.dat 4 2029 SSBMedian 33.8123
Model_1_goa_nr_2020.dat 4 2029 SSBMean 34.2093
Model_1_goa_nr_2020.dat 4 2030 SSBF100 84.8317
Model_1_goa_nr_2020.dat 4 2030 SSBFabc 33.9327
Model_1_goa_nr_2020.dat 4 2030 SSBFofl 29.6911
Model_1_goa_nr_2020.dat 4 2030 SSBLCI 32.0514
Model_1_goa_nr_2020.dat 4 2030 SSBUCI 38.9804
Model_1_goa_nr_2020.dat 4 2030 SSBMedian 34.1344
Model_1_goa_nr_2020.dat 4 2030 SSBMean 34.7126
Model_1_goa_nr_2020.dat 4 2031 SSBF100 84.8317
Model_1_goa_nr_2020.dat 4 2031 SSBFabc 33.9327
Model_1_goa_nr_2020.dat 4 2031 SSBFofl 29.6911
Model_1_goa_nr_2020.dat 4 2031 SSBLCI 31.7214
Model_1_goa_nr_2020.dat 4 2031 SSBUCI 41.4308
Model_1_goa_nr_2020.dat 4 2031 SSBMedian 34.6955
Model_1_goa_nr_2020.dat 4 2031 SSBMean 35.5062
Model_1_goa_nr_2020.dat 4 2032 SSBF100 84.8317
Model_1_goa_nr_2020.dat 4 2032 SSBFabc 33.9327
Model_1_goa_nr_2020.dat 4 2032 SSBFofl 29.6911
Model_1_goa_nr_2020.dat 4 2032 SSBLCI 31.5044
Model_1_goa_nr_2020.dat 4 2032 SSBUCI 43.9241
Model_1_goa_nr_2020.dat 4 2032 SSBMedian 35.5818
Model_1_goa_nr_2020.dat 4 2032 SSBMean 36.4903
Model_1_goa_nr_2020.dat 4 2033 SSBF100 84.8317
Model_1_goa_nr_2020.dat 4 2033 SSBFabc 33.9327
Model_1_goa_nr_2020.dat 4 2033 SSBFofl 29.6911
Model_1_goa_nr_2020.dat 4 2033 SSBLCI 31.5042
Model_1_goa_nr_2020.dat 4 2033 SSBUCI 46.1839
Model_1_goa_nr_2020.dat 4 2033 SSBMedian 36.581
Model_1_goa_nr_2020.dat 4 2033 SSBMean 37.5696
Model_1_goa_nr_2020.dat 4 2020 F0 0 
Model_1_goa_nr_2020.dat 4 2020 Fabc 0.0610274
Model_1_goa_nr_2020.dat 4 2020 Fofl 0.073276
Model_1_goa_nr_2020.dat 4 2020  F_LCI 0.0254399
Model_1_goa_nr_2020.dat 4 2020  F_UCI 0.0254399
Model_1_goa_nr_2020.dat 4 2020  F_Median 0.0254399
Model_1_goa_nr_2020.dat 4 2020  F_Mean 0.0254399
Model_1_goa_nr_2020.dat 4 2021 F0 0 
Model_1_goa_nr_2020.dat 4 2021 Fabc 0.0610274
Model_1_goa_nr_2020.dat 4 2021 Fofl 0.073276
Model_1_goa_nr_2020.dat 4 2021  F_LCI 0.0276305
Model_1_goa_nr_2020.dat 4 2021  F_UCI 0.0276305
Model_1_goa_nr_2020.dat 4 2021  F_Median 0.0276305
Model_1_goa_nr_2020.dat 4 2021  F_Mean 0.0276305
Model_1_goa_nr_2020.dat 4 2022 F0 0 
Model_1_goa_nr_2020.dat 4 2022 Fabc 0.0610274
Model_1_goa_nr_2020.dat 4 2022 Fofl 0.073276
Model_1_goa_nr_2020.dat 4 2022  F_LCI 0.0361981
Model_1_goa_nr_2020.dat 4 2022  F_UCI 0.0361985
Model_1_goa_nr_2020.dat 4 2022  F_Median 0.0361984
Model_1_goa_nr_2020.dat 4 2022  F_Mean 0.0361983
Model_1_goa_nr_2020.dat 4 2023 F0 0 
Model_1_goa_nr_2020.dat 4 2023 Fabc 0.0610274
Model_1_goa_nr_2020.dat 4 2023 Fofl 0.073276
Model_1_goa_nr_2020.dat 4 2023  F_LCI 0.0353287
Model_1_goa_nr_2020.dat 4 2023  F_UCI 0.0353323
Model_1_goa_nr_2020.dat 4 2023  F_Median 0.0353316
Model_1_goa_nr_2020.dat 4 2023  F_Mean 0.0353312
Model_1_goa_nr_2020.dat 4 2024 F0 0 
Model_1_goa_nr_2020.dat 4 2024 Fabc 0.0610274
Model_1_goa_nr_2020.dat 4 2024 Fofl 0.073276
Model_1_goa_nr_2020.dat 4 2024  F_LCI 0.0251418
Model_1_goa_nr_2020.dat 4 2024  F_UCI 0.0251418
Model_1_goa_nr_2020.dat 4 2024  F_Median 0.0251418
Model_1_goa_nr_2020.dat 4 2024  F_Mean 0.0251418
Model_1_goa_nr_2020.dat 4 2025 F0 0 
Model_1_goa_nr_2020.dat 4 2025 Fabc 0.0610274
Model_1_goa_nr_2020.dat 4 2025 Fofl 0.073276
Model_1_goa_nr_2020.dat 4 2025  F_LCI 0.0251418
Model_1_goa_nr_2020.dat 4 2025  F_UCI 0.0251418
Model_1_goa_nr_2020.dat 4 2025  F_Median 0.0251418
Model_1_goa_nr_2020.dat 4 2025  F_Mean 0.0251418
Model_1_goa_nr_2020.dat 4 2026 F0 0 
Model_1_goa_nr_2020.dat 4 2026 Fabc 0.0610274
Model_1_goa_nr_2020.dat 4 2026 Fofl 0.073276
Model_1_goa_nr_2020.dat 4 2026  F_LCI 0.0251418
Model_1_goa_nr_2020.dat 4 2026  F_UCI 0.0251418
Model_1_goa_nr_2020.dat 4 2026  F_Median 0.0251418
Model_1_goa_nr_2020.dat 4 2026  F_Mean 0.0251418
Model_1_goa_nr_2020.dat 4 2027 F0 0 
Model_1_goa_nr_2020.dat 4 2027 Fabc 0.0610274
Model_1_goa_nr_2020.dat 4 2027 Fofl 0.073276
Model_1_goa_nr_2020.dat 4 2027  F_LCI 0.0251418
Model_1_goa_nr_2020.dat 4 2027  F_UCI 0.0251418
Model_1_goa_nr_2020.dat 4 2027  F_Median 0.0251418
Model_1_goa_nr_2020.dat 4 2027  F_Mean 0.0251418
Model_1_goa_nr_2020.dat 4 2028 F0 0 
Model_1_goa_nr_2020.dat 4 2028 Fabc 0.0610274
Model_1_goa_nr_2020.dat 4 2028 Fofl 0.073276
Model_1_goa_nr_2020.dat 4 2028  F_LCI 0.0251418
Model_1_goa_nr_2020.dat 4 2028  F_UCI 0.0251418
Model_1_goa_nr_2020.dat 4 2028  F_Median 0.0251418
Model_1_goa_nr_2020.dat 4 2028  F_Mean 0.0251418
Model_1_goa_nr_2020.dat 4 2029 F0 0 
Model_1_goa_nr_2020.dat 4 2029 Fabc 0.0610274
Model_1_goa_nr_2020.dat 4 2029 Fofl 0.073276
Model_1_goa_nr_2020.dat 4 2029  F_LCI 0.0251418
Model_1_goa_nr_2020.dat 4 2029  F_UCI 0.0251418
Model_1_goa_nr_2020.dat 4 2029  F_Median 0.0251418
Model_1_goa_nr_2020.dat 4 2029  F_Mean 0.0251418
Model_1_goa_nr_2020.dat 4 2030 F0 0 
Model_1_goa_nr_2020.dat 4 2030 Fabc 0.0610274
Model_1_goa_nr_2020.dat 4 2030 Fofl 0.073276
Model_1_goa_nr_2020.dat 4 2030  F_LCI 0.0251418
Model_1_goa_nr_2020.dat 4 2030  F_UCI 0.0251418
Model_1_goa_nr_2020.dat 4 2030  F_Median 0.0251418
Model_1_goa_nr_2020.dat 4 2030  F_Mean 0.0251418
Model_1_goa_nr_2020.dat 4 2031 F0 0 
Model_1_goa_nr_2020.dat 4 2031 Fabc 0.0610274
Model_1_goa_nr_2020.dat 4 2031 Fofl 0.073276
Model_1_goa_nr_2020.dat 4 2031  F_LCI 0.0251418
Model_1_goa_nr_2020.dat 4 2031  F_UCI 0.0251418
Model_1_goa_nr_2020.dat 4 2031  F_Median 0.0251418
Model_1_goa_nr_2020.dat 4 2031  F_Mean 0.0251418
Model_1_goa_nr_2020.dat 4 2032 F0 0 
Model_1_goa_nr_2020.dat 4 2032 Fabc 0.0610274
Model_1_goa_nr_2020.dat 4 2032 Fofl 0.073276
Model_1_goa_nr_2020.dat 4 2032  F_LCI 0.0251418
Model_1_goa_nr_2020.dat 4 2032  F_UCI 0.0251418
Model_1_goa_nr_2020.dat 4 2032  F_Median 0.0251418
Model_1_goa_nr_2020.dat 4 2032  F_Mean 0.0251418
Model_1_goa_nr_2020.dat 4 2033 F0 0 
Model_1_goa_nr_2020.dat 4 2033 Fabc 0.0610274
Model_1_goa_nr_2020.dat 4 2033 Fofl 0.073276
Model_1_goa_nr_2020.dat 4 2033  F_LCI 0.0251418
Model_1_goa_nr_2020.dat 4 2033  F_UCI 0.0251418
Model_1_goa_nr_2020.dat 4 2033  F_Median 0.0251418
Model_1_goa_nr_2020.dat 4 2033  F_Mean 0.0251418
Model_1_goa_nr_2020.dat 5 2020 Cabc 4.93127
Model_1_goa_nr_2020.dat 5 2020 Cofl 5.27286
Model_1_goa_nr_2020.dat 5 2020 CLCI 2.38492
Model_1_goa_nr_2020.dat 5 2020 CUCI 2.38492
Model_1_goa_nr_2020.dat 5 2020 CMedian 2.38492
Model_1_goa_nr_2020.dat 5 2020 CMean 2.38492
Model_1_goa_nr_2020.dat 5 2021 Cabc 4.93127
Model_1_goa_nr_2020.dat 5 2021 Cofl 5.27286
Model_1_goa_nr_2020.dat 5 2021 CLCI 2.47104
Model_1_goa_nr_2020.dat 5 2021 CUCI 2.47104
Model_1_goa_nr_2020.dat 5 2021 CMedian 2.47104
Model_1_goa_nr_2020.dat 5 2021 CMean 2.47104
Model_1_goa_nr_2020.dat 5 2022 Cabc 4.93127
Model_1_goa_nr_2020.dat 5 2022 Cofl 5.27286
Model_1_goa_nr_2020.dat 5 2022 CLCI 3.08946
Model_1_goa_nr_2020.dat 5 2022 CUCI 3.08946
Model_1_goa_nr_2020.dat 5 2022 CMedian 3.08946
Model_1_goa_nr_2020.dat 5 2022 CMean 3.08946
Model_1_goa_nr_2020.dat 5 2023 Cabc 4.93127
Model_1_goa_nr_2020.dat 5 2023 Cofl 5.27286
Model_1_goa_nr_2020.dat 5 2023 CLCI 2.88424
Model_1_goa_nr_2020.dat 5 2023 CUCI 2.88424
Model_1_goa_nr_2020.dat 5 2023 CMedian 2.88424
Model_1_goa_nr_2020.dat 5 2023 CMean 2.88424
Model_1_goa_nr_2020.dat 5 2024 Cabc 4.93127
Model_1_goa_nr_2020.dat 5 2024 Cofl 5.27286
Model_1_goa_nr_2020.dat 5 2024 CLCI 0
Model_1_goa_nr_2020.dat 5 2024 CUCI 0
Model_1_goa_nr_2020.dat 5 2024 CMedian 0
Model_1_goa_nr_2020.dat 5 2024 CMean 0
Model_1_goa_nr_2020.dat 5 2025 Cabc 4.93127
Model_1_goa_nr_2020.dat 5 2025 Cofl 5.27286
Model_1_goa_nr_2020.dat 5 2025 CLCI 0
Model_1_goa_nr_2020.dat 5 2025 CUCI 0
Model_1_goa_nr_2020.dat 5 2025 CMedian 0
Model_1_goa_nr_2020.dat 5 2025 CMean 0
Model_1_goa_nr_2020.dat 5 2026 Cabc 4.93127
Model_1_goa_nr_2020.dat 5 2026 Cofl 5.27286
Model_1_goa_nr_2020.dat 5 2026 CLCI 0
Model_1_goa_nr_2020.dat 5 2026 CUCI 0
Model_1_goa_nr_2020.dat 5 2026 CMedian 0
Model_1_goa_nr_2020.dat 5 2026 CMean 0
Model_1_goa_nr_2020.dat 5 2027 Cabc 4.93127
Model_1_goa_nr_2020.dat 5 2027 Cofl 5.27286
Model_1_goa_nr_2020.dat 5 2027 CLCI 0
Model_1_goa_nr_2020.dat 5 2027 CUCI 0
Model_1_goa_nr_2020.dat 5 2027 CMedian 0
Model_1_goa_nr_2020.dat 5 2027 CMean 0
Model_1_goa_nr_2020.dat 5 2028 Cabc 4.93127
Model_1_goa_nr_2020.dat 5 2028 Cofl 5.27286
Model_1_goa_nr_2020.dat 5 2028 CLCI 0
Model_1_goa_nr_2020.dat 5 2028 CUCI 0
Model_1_goa_nr_2020.dat 5 2028 CMedian 0
Model_1_goa_nr_2020.dat 5 2028 CMean 0
Model_1_goa_nr_2020.dat 5 2029 Cabc 4.93127
Model_1_goa_nr_2020.dat 5 2029 Cofl 5.27286
Model_1_goa_nr_2020.dat 5 2029 CLCI 0
Model_1_goa_nr_2020.dat 5 2029 CUCI 0
Model_1_goa_nr_2020.dat 5 2029 CMedian 0
Model_1_goa_nr_2020.dat 5 2029 CMean 0
Model_1_goa_nr_2020.dat 5 2030 Cabc 4.93127
Model_1_goa_nr_2020.dat 5 2030 Cofl 5.27286
Model_1_goa_nr_2020.dat 5 2030 CLCI 0
Model_1_goa_nr_2020.dat 5 2030 CUCI 0
Model_1_goa_nr_2020.dat 5 2030 CMedian 0
Model_1_goa_nr_2020.dat 5 2030 CMean 0
Model_1_goa_nr_2020.dat 5 2031 Cabc 4.93127
Model_1_goa_nr_2020.dat 5 2031 Cofl 5.27286
Model_1_goa_nr_2020.dat 5 2031 CLCI 0
Model_1_goa_nr_2020.dat 5 2031 CUCI 0
Model_1_goa_nr_2020.dat 5 2031 CMedian 0
Model_1_goa_nr_2020.dat 5 2031 CMean 0
Model_1_goa_nr_2020.dat 5 2032 Cabc 4.93127
Model_1_goa_nr_2020.dat 5 2032 Cofl 5.27286
Model_1_goa_nr_2020.dat 5 2032 CLCI 0
Model_1_goa_nr_2020.dat 5 2032 CUCI 0
Model_1_goa_nr_2020.dat 5 2032 CMedian 0
Model_1_goa_nr_2020.dat 5 2032 CMean 0
Model_1_goa_nr_2020.dat 5 2033 Cabc 4.93127
Model_1_goa_nr_2020.dat 5 2033 Cofl 5.27286
Model_1_goa_nr_2020.dat 5 2033 CLCI 0
Model_1_goa_nr_2020.dat 5 2033 CUCI 0
Model_1_goa_nr_2020.dat 5 2033 CMedian 0
Model_1_goa_nr_2020.dat 5 2033 CMean 0
Model_1_goa_nr_2020.dat 5 2020 SSBF100 84.8317
Model_1_goa_nr_2020.dat 5 2020 SSBFabc 33.9327
Model_1_goa_nr_2020.dat 5 2020 SSBFofl 29.6911
Model_1_goa_nr_2020.dat 5 2020 SSBLCI 45.176
Model_1_goa_nr_2020.dat 5 2020 SSBUCI 45.176
Model_1_goa_nr_2020.dat 5 2020 SSBMedian 45.176
Model_1_goa_nr_2020.dat 5 2020 SSBMean 45.176
Model_1_goa_nr_2020.dat 5 2021 SSBF100 84.8317
Model_1_goa_nr_2020.dat 5 2021 SSBFabc 33.9327
Model_1_goa_nr_2020.dat 5 2021 SSBFofl 29.6911
Model_1_goa_nr_2020.dat 5 2021 SSBLCI 42.9872
Model_1_goa_nr_2020.dat 5 2021 SSBUCI 42.9895
Model_1_goa_nr_2020.dat 5 2021 SSBMedian 42.9877
Model_1_goa_nr_2020.dat 5 2021 SSBMean 42.9879
Model_1_goa_nr_2020.dat 5 2022 SSBF100 84.8317
Model_1_goa_nr_2020.dat 5 2022 SSBFabc 33.9327
Model_1_goa_nr_2020.dat 5 2022 SSBFofl 29.6911
Model_1_goa_nr_2020.dat 5 2022 SSBLCI 40.8037
Model_1_goa_nr_2020.dat 5 2022 SSBUCI 40.8157
Model_1_goa_nr_2020.dat 5 2022 SSBMedian 40.8065
Model_1_goa_nr_2020.dat 5 2022 SSBMean 40.8076
Model_1_goa_nr_2020.dat 5 2023 SSBF100 84.8317
Model_1_goa_nr_2020.dat 5 2023 SSBFabc 33.9327
Model_1_goa_nr_2020.dat 5 2023 SSBFofl 29.6911
Model_1_goa_nr_2020.dat 5 2023 SSBLCI 38.6426
Model_1_goa_nr_2020.dat 5 2023 SSBUCI 38.6837
Model_1_goa_nr_2020.dat 5 2023 SSBMedian 38.653
Model_1_goa_nr_2020.dat 5 2023 SSBMean 38.6569
Model_1_goa_nr_2020.dat 5 2024 SSBF100 84.8317
Model_1_goa_nr_2020.dat 5 2024 SSBFabc 33.9327
Model_1_goa_nr_2020.dat 5 2024 SSBFofl 29.6911
Model_1_goa_nr_2020.dat 5 2024 SSBLCI 37.2054
Model_1_goa_nr_2020.dat 5 2024 SSBUCI 37.3237
Model_1_goa_nr_2020.dat 5 2024 SSBMedian 37.2361
Model_1_goa_nr_2020.dat 5 2024 SSBMean 37.2472
Model_1_goa_nr_2020.dat 5 2025 SSBF100 84.8317
Model_1_goa_nr_2020.dat 5 2025 SSBFabc 33.9327
Model_1_goa_nr_2020.dat 5 2025 SSBFofl 29.6911
Model_1_goa_nr_2020.dat 5 2025 SSBLCI 36.8411
Model_1_goa_nr_2020.dat 5 2025 SSBUCI 37.1373
Model_1_goa_nr_2020.dat 5 2025 SSBMedian 36.9187
Model_1_goa_nr_2020.dat 5 2025 SSBMean 36.9472
Model_1_goa_nr_2020.dat 5 2026 SSBF100 84.8317
Model_1_goa_nr_2020.dat 5 2026 SSBFabc 33.9327
Model_1_goa_nr_2020.dat 5 2026 SSBFofl 29.6911
Model_1_goa_nr_2020.dat 5 2026 SSBLCI 36.6515
Model_1_goa_nr_2020.dat 5 2026 SSBUCI 37.3258
Model_1_goa_nr_2020.dat 5 2026 SSBMedian 36.8262
Model_1_goa_nr_2020.dat 5 2026 SSBMean 36.8958
Model_1_goa_nr_2020.dat 5 2027 SSBF100 84.8317
Model_1_goa_nr_2020.dat 5 2027 SSBFabc 33.9327
Model_1_goa_nr_2020.dat 5 2027 SSBFofl 29.6911
Model_1_goa_nr_2020.dat 5 2027 SSBLCI 36.6086
Model_1_goa_nr_2020.dat 5 2027 SSBUCI 38.0207
Model_1_goa_nr_2020.dat 5 2027 SSBMedian 36.9903
Model_1_goa_nr_2020.dat 5 2027 SSBMean 37.1268
Model_1_goa_nr_2020.dat 5 2028 SSBF100 84.8317
Model_1_goa_nr_2020.dat 5 2028 SSBFabc 33.9327
Model_1_goa_nr_2020.dat 5 2028 SSBFofl 29.6911
Model_1_goa_nr_2020.dat 5 2028 SSBLCI 36.6756
Model_1_goa_nr_2020.dat 5 2028 SSBUCI 39.366
Model_1_goa_nr_2020.dat 5 2028 SSBMedian 37.4291
Model_1_goa_nr_2020.dat 5 2028 SSBMean 37.681
Model_1_goa_nr_2020.dat 5 2029 SSBF100 84.8317
Model_1_goa_nr_2020.dat 5 2029 SSBFabc 33.9327
Model_1_goa_nr_2020.dat 5 2029 SSBFofl 29.6911
Model_1_goa_nr_2020.dat 5 2029 SSBLCI 36.835
Model_1_goa_nr_2020.dat 5 2029 SSBUCI 41.3975
Model_1_goa_nr_2020.dat 5 2029 SSBMedian 38.1853
Model_1_goa_nr_2020.dat 5 2029 SSBMean 38.5945
Model_1_goa_nr_2020.dat 5 2030 SSBF100 84.8317
Model_1_goa_nr_2020.dat 5 2030 SSBFabc 33.9327
Model_1_goa_nr_2020.dat 5 2030 SSBFofl 29.6911
Model_1_goa_nr_2020.dat 5 2030 SSBLCI 37.071
Model_1_goa_nr_2020.dat 5 2030 SSBUCI 44.3112
Model_1_goa_nr_2020.dat 5 2030 SSBMedian 39.2461
Model_1_goa_nr_2020.dat 5 2030 SSBMean 39.8676
Model_1_goa_nr_2020.dat 5 2031 SSBF100 84.8317
Model_1_goa_nr_2020.dat 5 2031 SSBFabc 33.9327
Model_1_goa_nr_2020.dat 5 2031 SSBFofl 29.6911
Model_1_goa_nr_2020.dat 5 2031 SSBLCI 37.4024
Model_1_goa_nr_2020.dat 5 2031 SSBUCI 47.7904
Model_1_goa_nr_2020.dat 5 2031 SSBMedian 40.6114
Model_1_goa_nr_2020.dat 5 2031 SSBMean 41.4441
Model_1_goa_nr_2020.dat 5 2032 SSBF100 84.8317
Model_1_goa_nr_2020.dat 5 2032 SSBFabc 33.9327
Model_1_goa_nr_2020.dat 5 2032 SSBFofl 29.6911
Model_1_goa_nr_2020.dat 5 2032 SSBLCI 37.8435
Model_1_goa_nr_2020.dat 5 2032 SSBUCI 51.3074
Model_1_goa_nr_2020.dat 5 2032 SSBMedian 42.207
Model_1_goa_nr_2020.dat 5 2032 SSBMean 43.2272
Model_1_goa_nr_2020.dat 5 2033 SSBF100 84.8317
Model_1_goa_nr_2020.dat 5 2033 SSBFabc 33.9327
Model_1_goa_nr_2020.dat 5 2033 SSBFofl 29.6911
Model_1_goa_nr_2020.dat 5 2033 SSBLCI 38.4045
Model_1_goa_nr_2020.dat 5 2033 SSBUCI 54.7434
Model_1_goa_nr_2020.dat 5 2033 SSBMedian 43.9411
Model_1_goa_nr_2020.dat 5 2033 SSBMean 45.1176
Model_1_goa_nr_2020.dat 5 2020 F0 0 
Model_1_goa_nr_2020.dat 5 2020 Fabc 0.0610274
Model_1_goa_nr_2020.dat 5 2020 Fofl 0.073276
Model_1_goa_nr_2020.dat 5 2020  F_LCI 0.0254399
Model_1_goa_nr_2020.dat 5 2020  F_UCI 0.0254399
Model_1_goa_nr_2020.dat 5 2020  F_Median 0.0254399
Model_1_goa_nr_2020.dat 5 2020  F_Mean 0.0254399
Model_1_goa_nr_2020.dat 5 2021 F0 0 
Model_1_goa_nr_2020.dat 5 2021 Fabc 0.0610274
Model_1_goa_nr_2020.dat 5 2021 Fofl 0.073276
Model_1_goa_nr_2020.dat 5 2021  F_LCI 0.0276305
Model_1_goa_nr_2020.dat 5 2021  F_UCI 0.0276305
Model_1_goa_nr_2020.dat 5 2021  F_Median 0.0276305
Model_1_goa_nr_2020.dat 5 2021  F_Mean 0.0276305
Model_1_goa_nr_2020.dat 5 2022 F0 0 
Model_1_goa_nr_2020.dat 5 2022 Fabc 0.0610274
Model_1_goa_nr_2020.dat 5 2022 Fofl 0.073276
Model_1_goa_nr_2020.dat 5 2022  F_LCI 0.0361981
Model_1_goa_nr_2020.dat 5 2022  F_UCI 0.0361985
Model_1_goa_nr_2020.dat 5 2022  F_Median 0.0361984
Model_1_goa_nr_2020.dat 5 2022  F_Mean 0.0361983
Model_1_goa_nr_2020.dat 5 2023 F0 0 
Model_1_goa_nr_2020.dat 5 2023 Fabc 0.0610274
Model_1_goa_nr_2020.dat 5 2023 Fofl 0.073276
Model_1_goa_nr_2020.dat 5 2023  F_LCI 0.0353287
Model_1_goa_nr_2020.dat 5 2023  F_UCI 0.0353323
Model_1_goa_nr_2020.dat 5 2023  F_Median 0.0353316
Model_1_goa_nr_2020.dat 5 2023  F_Mean 0.0353312
Model_1_goa_nr_2020.dat 5 2024 F0 0 
Model_1_goa_nr_2020.dat 5 2024 Fabc 0.0610274
Model_1_goa_nr_2020.dat 5 2024 Fofl 0.073276
Model_1_goa_nr_2020.dat 5 2024  F_LCI 0
Model_1_goa_nr_2020.dat 5 2024  F_UCI 0
Model_1_goa_nr_2020.dat 5 2024  F_Median 0
Model_1_goa_nr_2020.dat 5 2024  F_Mean 0
Model_1_goa_nr_2020.dat 5 2025 F0 0 
Model_1_goa_nr_2020.dat 5 2025 Fabc 0.0610274
Model_1_goa_nr_2020.dat 5 2025 Fofl 0.073276
Model_1_goa_nr_2020.dat 5 2025  F_LCI 0
Model_1_goa_nr_2020.dat 5 2025  F_UCI 0
Model_1_goa_nr_2020.dat 5 2025  F_Median 0
Model_1_goa_nr_2020.dat 5 2025  F_Mean 0
Model_1_goa_nr_2020.dat 5 2026 F0 0 
Model_1_goa_nr_2020.dat 5 2026 Fabc 0.0610274
Model_1_goa_nr_2020.dat 5 2026 Fofl 0.073276
Model_1_goa_nr_2020.dat 5 2026  F_LCI 0
Model_1_goa_nr_2020.dat 5 2026  F_UCI 0
Model_1_goa_nr_2020.dat 5 2026  F_Median 0
Model_1_goa_nr_2020.dat 5 2026  F_Mean 0
Model_1_goa_nr_2020.dat 5 2027 F0 0 
Model_1_goa_nr_2020.dat 5 2027 Fabc 0.0610274
Model_1_goa_nr_2020.dat 5 2027 Fofl 0.073276
Model_1_goa_nr_2020.dat 5 2027  F_LCI 0
Model_1_goa_nr_2020.dat 5 2027  F_UCI 0
Model_1_goa_nr_2020.dat 5 2027  F_Median 0
Model_1_goa_nr_2020.dat 5 2027  F_Mean 0
Model_1_goa_nr_2020.dat 5 2028 F0 0 
Model_1_goa_nr_2020.dat 5 2028 Fabc 0.0610274
Model_1_goa_nr_2020.dat 5 2028 Fofl 0.073276
Model_1_goa_nr_2020.dat 5 2028  F_LCI 0
Model_1_goa_nr_2020.dat 5 2028  F_UCI 0
Model_1_goa_nr_2020.dat 5 2028  F_Median 0
Model_1_goa_nr_2020.dat 5 2028  F_Mean 0
Model_1_goa_nr_2020.dat 5 2029 F0 0 
Model_1_goa_nr_2020.dat 5 2029 Fabc 0.0610274
Model_1_goa_nr_2020.dat 5 2029 Fofl 0.073276
Model_1_goa_nr_2020.dat 5 2029  F_LCI 0
Model_1_goa_nr_2020.dat 5 2029  F_UCI 0
Model_1_goa_nr_2020.dat 5 2029  F_Median 0
Model_1_goa_nr_2020.dat 5 2029  F_Mean 0
Model_1_goa_nr_2020.dat 5 2030 F0 0 
Model_1_goa_nr_2020.dat 5 2030 Fabc 0.0610274
Model_1_goa_nr_2020.dat 5 2030 Fofl 0.073276
Model_1_goa_nr_2020.dat 5 2030  F_LCI 0
Model_1_goa_nr_2020.dat 5 2030  F_UCI 0
Model_1_goa_nr_2020.dat 5 2030  F_Median 0
Model_1_goa_nr_2020.dat 5 2030  F_Mean 0
Model_1_goa_nr_2020.dat 5 2031 F0 0 
Model_1_goa_nr_2020.dat 5 2031 Fabc 0.0610274
Model_1_goa_nr_2020.dat 5 2031 Fofl 0.073276
Model_1_goa_nr_2020.dat 5 2031  F_LCI 0
Model_1_goa_nr_2020.dat 5 2031  F_UCI 0
Model_1_goa_nr_2020.dat 5 2031  F_Median 0
Model_1_goa_nr_2020.dat 5 2031  F_Mean 0
Model_1_goa_nr_2020.dat 5 2032 F0 0 
Model_1_goa_nr_2020.dat 5 2032 Fabc 0.0610274
Model_1_goa_nr_2020.dat 5 2032 Fofl 0.073276
Model_1_goa_nr_2020.dat 5 2032  F_LCI 0
Model_1_goa_nr_2020.dat 5 2032  F_UCI 0
Model_1_goa_nr_2020.dat 5 2032  F_Median 0
Model_1_goa_nr_2020.dat 5 2032  F_Mean 0
Model_1_goa_nr_2020.dat 5 2033 F0 0 
Model_1_goa_nr_2020.dat 5 2033 Fabc 0.0610274
Model_1_goa_nr_2020.dat 5 2033 Fofl 0.073276
Model_1_goa_nr_2020.dat 5 2033  F_LCI 0
Model_1_goa_nr_2020.dat 5 2033  F_UCI 0
Model_1_goa_nr_2020.dat 5 2033  F_Median 0
Model_1_goa_nr_2020.dat 5 2033  F_Mean 0
Model_1_goa_nr_2020.dat 6 2020 Cabc 4.93127
Model_1_goa_nr_2020.dat 6 2020 Cofl 5.27286
Model_1_goa_nr_2020.dat 6 2020 CLCI 2.38492
Model_1_goa_nr_2020.dat 6 2020 CUCI 2.38492
Model_1_goa_nr_2020.dat 6 2020 CMedian 2.38492
Model_1_goa_nr_2020.dat 6 2020 CMean 2.38492
Model_1_goa_nr_2020.dat 6 2021 Cabc 4.93127
Model_1_goa_nr_2020.dat 6 2021 Cofl 5.27286
Model_1_goa_nr_2020.dat 6 2021 CLCI 6.40994
Model_1_goa_nr_2020.dat 6 2021 CUCI 6.40995
Model_1_goa_nr_2020.dat 6 2021 CMedian 6.40994
Model_1_goa_nr_2020.dat 6 2021 CMean 6.40994
Model_1_goa_nr_2020.dat 6 2022 Cabc 4.93127
Model_1_goa_nr_2020.dat 6 2022 Cofl 5.27286
Model_1_goa_nr_2020.dat 6 2022 CLCI 5.87797
Model_1_goa_nr_2020.dat 6 2022 CUCI 5.87804
Model_1_goa_nr_2020.dat 6 2022 CMedian 5.87799
Model_1_goa_nr_2020.dat 6 2022 CMean 5.87799
Model_1_goa_nr_2020.dat 6 2023 Cabc 4.93127
Model_1_goa_nr_2020.dat 6 2023 Cofl 5.27286
Model_1_goa_nr_2020.dat 6 2023 CLCI 5.43103
Model_1_goa_nr_2020.dat 6 2023 CUCI 5.43161
Model_1_goa_nr_2020.dat 6 2023 CMedian 5.43116
Model_1_goa_nr_2020.dat 6 2023 CMean 5.43122
Model_1_goa_nr_2020.dat 6 2024 Cabc 4.93127
Model_1_goa_nr_2020.dat 6 2024 Cofl 5.27286
Model_1_goa_nr_2020.dat 6 2024 CLCI 4.81841
Model_1_goa_nr_2020.dat 6 2024 CUCI 4.83986
Model_1_goa_nr_2020.dat 6 2024 CMedian 4.82388
Model_1_goa_nr_2020.dat 6 2024 CMean 4.82594
Model_1_goa_nr_2020.dat 6 2025 Cabc 4.93127
Model_1_goa_nr_2020.dat 6 2025 Cofl 5.27286
Model_1_goa_nr_2020.dat 6 2025 CLCI 4.20865
Model_1_goa_nr_2020.dat 6 2025 CUCI 4.27161
Model_1_goa_nr_2020.dat 6 2025 CMedian 4.22453
Model_1_goa_nr_2020.dat 6 2025 CMean 4.23069
Model_1_goa_nr_2020.dat 6 2026 Cabc 4.93127
Model_1_goa_nr_2020.dat 6 2026 Cofl 5.27286
Model_1_goa_nr_2020.dat 6 2026 CLCI 3.75853
Model_1_goa_nr_2020.dat 6 2026 CUCI 3.95864
Model_1_goa_nr_2020.dat 6 2026 CMedian 3.80884
Model_1_goa_nr_2020.dat 6 2026 CMean 3.82863
Model_1_goa_nr_2020.dat 6 2027 Cabc 4.93127
Model_1_goa_nr_2020.dat 6 2027 Cofl 5.27286
Model_1_goa_nr_2020.dat 6 2027 CLCI 3.40304
Model_1_goa_nr_2020.dat 6 2027 CUCI 3.98473
Model_1_goa_nr_2020.dat 6 2027 CMedian 3.55084
Model_1_goa_nr_2020.dat 6 2027 CMean 3.60689
Model_1_goa_nr_2020.dat 6 2028 Cabc 4.93127
Model_1_goa_nr_2020.dat 6 2028 Cofl 5.27286
Model_1_goa_nr_2020.dat 6 2028 CLCI 3.11914
Model_1_goa_nr_2020.dat 6 2028 CUCI 4.27953
Model_1_goa_nr_2020.dat 6 2028 CMedian 3.41622
Model_1_goa_nr_2020.dat 6 2028 CMean 3.54422
Model_1_goa_nr_2020.dat 6 2029 Cabc 4.93127
Model_1_goa_nr_2020.dat 6 2029 Cofl 5.27286
Model_1_goa_nr_2020.dat 6 2029 CLCI 2.90846
Model_1_goa_nr_2020.dat 6 2029 CUCI 4.76414
Model_1_goa_nr_2020.dat 6 2029 CMedian 3.40853
Model_1_goa_nr_2020.dat 6 2029 CMean 3.59017
Model_1_goa_nr_2020.dat 6 2030 Cabc 4.93127
Model_1_goa_nr_2020.dat 6 2030 Cofl 5.27286
Model_1_goa_nr_2020.dat 6 2030 CLCI 2.78944
Model_1_goa_nr_2020.dat 6 2030 CUCI 5.21623
Model_1_goa_nr_2020.dat 6 2030 CMedian 3.47261
Model_1_goa_nr_2020.dat 6 2030 CMean 3.70295
Model_1_goa_nr_2020.dat 6 2031 Cabc 4.93127
Model_1_goa_nr_2020.dat 6 2031 Cofl 5.27286
Model_1_goa_nr_2020.dat 6 2031 CLCI 2.70681
Model_1_goa_nr_2020.dat 6 2031 CUCI 5.69885
Model_1_goa_nr_2020.dat 6 2031 CMedian 3.59536
Model_1_goa_nr_2020.dat 6 2031 CMean 3.84747
Model_1_goa_nr_2020.dat 6 2032 Cabc 4.93127
Model_1_goa_nr_2020.dat 6 2032 Cofl 5.27286
Model_1_goa_nr_2020.dat 6 2032 CLCI 2.66325
Model_1_goa_nr_2020.dat 6 2032 CUCI 6.09628
Model_1_goa_nr_2020.dat 6 2032 CMedian 3.75994
Model_1_goa_nr_2020.dat 6 2032 CMean 4.00203
Model_1_goa_nr_2020.dat 6 2033 Cabc 4.93127
Model_1_goa_nr_2020.dat 6 2033 Cofl 5.27286
Model_1_goa_nr_2020.dat 6 2033 CLCI 2.65754
Model_1_goa_nr_2020.dat 6 2033 CUCI 6.4042
Model_1_goa_nr_2020.dat 6 2033 CMedian 3.91301
Model_1_goa_nr_2020.dat 6 2033 CMean 4.16084
Model_1_goa_nr_2020.dat 6 2020 SSBF100 84.8317
Model_1_goa_nr_2020.dat 6 2020 SSBFabc 33.9327
Model_1_goa_nr_2020.dat 6 2020 SSBFofl 29.6911
Model_1_goa_nr_2020.dat 6 2020 SSBLCI 45.176
Model_1_goa_nr_2020.dat 6 2020 SSBUCI 45.176
Model_1_goa_nr_2020.dat 6 2020 SSBMedian 45.176
Model_1_goa_nr_2020.dat 6 2020 SSBMean 45.176
Model_1_goa_nr_2020.dat 6 2021 SSBF100 84.8317
Model_1_goa_nr_2020.dat 6 2021 SSBFabc 33.9327
Model_1_goa_nr_2020.dat 6 2021 SSBFofl 29.6911
Model_1_goa_nr_2020.dat 6 2021 SSBLCI 42.3428
Model_1_goa_nr_2020.dat 6 2021 SSBUCI 42.3452
Model_1_goa_nr_2020.dat 6 2021 SSBMedian 42.3433
Model_1_goa_nr_2020.dat 6 2021 SSBMean 42.3436
Model_1_goa_nr_2020.dat 6 2022 SSBF100 84.8317
Model_1_goa_nr_2020.dat 6 2022 SSBFabc 33.9327
Model_1_goa_nr_2020.dat 6 2022 SSBFofl 29.6911
Model_1_goa_nr_2020.dat 6 2022 SSBLCI 38.5352
Model_1_goa_nr_2020.dat 6 2022 SSBUCI 38.5473
Model_1_goa_nr_2020.dat 6 2022 SSBMedian 38.538
Model_1_goa_nr_2020.dat 6 2022 SSBMean 38.5392
Model_1_goa_nr_2020.dat 6 2023 SSBF100 84.8317
Model_1_goa_nr_2020.dat 6 2023 SSBFabc 33.9327
Model_1_goa_nr_2020.dat 6 2023 SSBFofl 29.6911
Model_1_goa_nr_2020.dat 6 2023 SSBLCI 35.2022
Model_1_goa_nr_2020.dat 6 2023 SSBUCI 35.2433
Model_1_goa_nr_2020.dat 6 2023 SSBMedian 35.2127
Model_1_goa_nr_2020.dat 6 2023 SSBMean 35.2166
Model_1_goa_nr_2020.dat 6 2024 SSBF100 84.8317
Model_1_goa_nr_2020.dat 6 2024 SSBFabc 33.9327
Model_1_goa_nr_2020.dat 6 2024 SSBFofl 29.6911
Model_1_goa_nr_2020.dat 6 2024 SSBLCI 32.3675
Model_1_goa_nr_2020.dat 6 2024 SSBUCI 32.4829
Model_1_goa_nr_2020.dat 6 2024 SSBMedian 32.3975
Model_1_goa_nr_2020.dat 6 2024 SSBMean 32.4084
Model_1_goa_nr_2020.dat 6 2025 SSBF100 84.8317
Model_1_goa_nr_2020.dat 6 2025 SSBFabc 33.9327
Model_1_goa_nr_2020.dat 6 2025 SSBFofl 29.6911
Model_1_goa_nr_2020.dat 6 2025 SSBLCI 30.0783
Model_1_goa_nr_2020.dat 6 2025 SSBUCI 30.361
Model_1_goa_nr_2020.dat 6 2025 SSBMedian 30.1521
Model_1_goa_nr_2020.dat 6 2025 SSBMean 30.1793
Model_1_goa_nr_2020.dat 6 2026 SSBF100 84.8317
Model_1_goa_nr_2020.dat 6 2026 SSBFabc 33.9327
Model_1_goa_nr_2020.dat 6 2026 SSBFofl 29.6911
Model_1_goa_nr_2020.dat 6 2026 SSBLCI 28.28
Model_1_goa_nr_2020.dat 6 2026 SSBUCI 28.9134
Model_1_goa_nr_2020.dat 6 2026 SSBMedian 28.4458
Model_1_goa_nr_2020.dat 6 2026 SSBMean 28.51
Model_1_goa_nr_2020.dat 6 2027 SSBF100 84.8317
Model_1_goa_nr_2020.dat 6 2027 SSBFabc 33.9327
Model_1_goa_nr_2020.dat 6 2027 SSBFofl 29.6911
Model_1_goa_nr_2020.dat 6 2027 SSBLCI 26.8663
Model_1_goa_nr_2020.dat 6 2027 SSBUCI 28.1675
Model_1_goa_nr_2020.dat 6 2027 SSBMedian 27.2206
Model_1_goa_nr_2020.dat 6 2027 SSBMean 27.3449
Model_1_goa_nr_2020.dat 6 2028 SSBF100 84.8317
Model_1_goa_nr_2020.dat 6 2028 SSBFabc 33.9327
Model_1_goa_nr_2020.dat 6 2028 SSBFofl 29.6911
Model_1_goa_nr_2020.dat 6 2028 SSBLCI 25.7456
Model_1_goa_nr_2020.dat 6 2028 SSBUCI 28.1385
Model_1_goa_nr_2020.dat 6 2028 SSBMedian 26.434
Model_1_goa_nr_2020.dat 6 2028 SSBMean 26.6502
Model_1_goa_nr_2020.dat 6 2029 SSBF100 84.8317
Model_1_goa_nr_2020.dat 6 2029 SSBFabc 33.9327
Model_1_goa_nr_2020.dat 6 2029 SSBFofl 29.6911
Model_1_goa_nr_2020.dat 6 2029 SSBLCI 24.8613
Model_1_goa_nr_2020.dat 6 2029 SSBUCI 28.7753
Model_1_goa_nr_2020.dat 6 2029 SSBMedian 26.0356
Model_1_goa_nr_2020.dat 6 2029 SSBMean 26.3894
Model_1_goa_nr_2020.dat 6 2030 SSBF100 84.8317
Model_1_goa_nr_2020.dat 6 2030 SSBFabc 33.9327
Model_1_goa_nr_2020.dat 6 2030 SSBFofl 29.6911
Model_1_goa_nr_2020.dat 6 2030 SSBLCI 24.2141
Model_1_goa_nr_2020.dat 6 2030 SSBUCI 30.1764
Model_1_goa_nr_2020.dat 6 2030 SSBMedian 26.0178
Model_1_goa_nr_2020.dat 6 2030 SSBMean 26.4961
Model_1_goa_nr_2020.dat 6 2031 SSBF100 84.8317
Model_1_goa_nr_2020.dat 6 2031 SSBFabc 33.9327
Model_1_goa_nr_2020.dat 6 2031 SSBFofl 29.6911
Model_1_goa_nr_2020.dat 6 2031 SSBLCI 23.7477
Model_1_goa_nr_2020.dat 6 2031 SSBUCI 31.4998
Model_1_goa_nr_2020.dat 6 2031 SSBMedian 26.2658
Model_1_goa_nr_2020.dat 6 2031 SSBMean 26.8662
Model_1_goa_nr_2020.dat 6 2032 SSBF100 84.8317
Model_1_goa_nr_2020.dat 6 2032 SSBFabc 33.9327
Model_1_goa_nr_2020.dat 6 2032 SSBFofl 29.6911
Model_1_goa_nr_2020.dat 6 2032 SSBLCI 23.4162
Model_1_goa_nr_2020.dat 6 2032 SSBUCI 33.0936
Model_1_goa_nr_2020.dat 6 2032 SSBMedian 26.7119
Model_1_goa_nr_2020.dat 6 2032 SSBMean 27.3816
Model_1_goa_nr_2020.dat 6 2033 SSBF100 84.8317
Model_1_goa_nr_2020.dat 6 2033 SSBFabc 33.9327
Model_1_goa_nr_2020.dat 6 2033 SSBFofl 29.6911
Model_1_goa_nr_2020.dat 6 2033 SSBLCI 23.3637
Model_1_goa_nr_2020.dat 6 2033 SSBUCI 34.2539
Model_1_goa_nr_2020.dat 6 2033 SSBMedian 27.2268
Model_1_goa_nr_2020.dat 6 2033 SSBMean 27.9457
Model_1_goa_nr_2020.dat 6 2020 F0 0 
Model_1_goa_nr_2020.dat 6 2020 Fabc 0.0610274
Model_1_goa_nr_2020.dat 6 2020 Fofl 0.073276
Model_1_goa_nr_2020.dat 6 2020  F_LCI 0.0254399
Model_1_goa_nr_2020.dat 6 2020  F_UCI 0.0254399
Model_1_goa_nr_2020.dat 6 2020  F_Median 0.0254399
Model_1_goa_nr_2020.dat 6 2020  F_Mean 0.0254399
Model_1_goa_nr_2020.dat 6 2021 F0 0 
Model_1_goa_nr_2020.dat 6 2021 Fabc 0.0610274
Model_1_goa_nr_2020.dat 6 2021 Fofl 0.073276
Model_1_goa_nr_2020.dat 6 2021  F_LCI 0.0732759
Model_1_goa_nr_2020.dat 6 2021  F_UCI 0.0732759
Model_1_goa_nr_2020.dat 6 2021  F_Median 0.0732759
Model_1_goa_nr_2020.dat 6 2021  F_Mean 0.0732759
Model_1_goa_nr_2020.dat 6 2022 F0 0 
Model_1_goa_nr_2020.dat 6 2022 Fabc 0.0610274
Model_1_goa_nr_2020.dat 6 2022 Fofl 0.073276
Model_1_goa_nr_2020.dat 6 2022  F_LCI 0.0732759
Model_1_goa_nr_2020.dat 6 2022  F_UCI 0.0732759
Model_1_goa_nr_2020.dat 6 2022  F_Median 0.0732759
Model_1_goa_nr_2020.dat 6 2022  F_Mean 0.0732759
Model_1_goa_nr_2020.dat 6 2023 F0 0 
Model_1_goa_nr_2020.dat 6 2023 Fabc 0.0610274
Model_1_goa_nr_2020.dat 6 2023 Fofl 0.073276
Model_1_goa_nr_2020.dat 6 2023  F_LCI 0.0732759
Model_1_goa_nr_2020.dat 6 2023  F_UCI 0.0732759
Model_1_goa_nr_2020.dat 6 2023  F_Median 0.0732759
Model_1_goa_nr_2020.dat 6 2023  F_Mean 0.0732759
Model_1_goa_nr_2020.dat 6 2024 F0 0 
Model_1_goa_nr_2020.dat 6 2024 Fabc 0.0610274
Model_1_goa_nr_2020.dat 6 2024 Fofl 0.073276
Model_1_goa_nr_2020.dat 6 2024  F_LCI 0.0697184
Model_1_goa_nr_2020.dat 6 2024  F_UCI 0.0699806
Model_1_goa_nr_2020.dat 6 2024  F_Median 0.0697865
Model_1_goa_nr_2020.dat 6 2024  F_Mean 0.0698112
Model_1_goa_nr_2020.dat 6 2025 F0 0 
Model_1_goa_nr_2020.dat 6 2025 Fabc 0.0610274
Model_1_goa_nr_2020.dat 6 2025 Fofl 0.073276
Model_1_goa_nr_2020.dat 6 2025  F_LCI 0.0645146
Model_1_goa_nr_2020.dat 6 2025  F_UCI 0.0651573
Model_1_goa_nr_2020.dat 6 2025  F_Median 0.0646824
Model_1_goa_nr_2020.dat 6 2025  F_Mean 0.0647441
Model_1_goa_nr_2020.dat 6 2026 F0 0 
Model_1_goa_nr_2020.dat 6 2026 Fabc 0.0610274
Model_1_goa_nr_2020.dat 6 2026 Fofl 0.073276
Model_1_goa_nr_2020.dat 6 2026  F_LCI 0.0604269
Model_1_goa_nr_2020.dat 6 2026  F_UCI 0.0618666
Model_1_goa_nr_2020.dat 6 2026  F_Median 0.0608036
Model_1_goa_nr_2020.dat 6 2026  F_Mean 0.0609496
Model_1_goa_nr_2020.dat 6 2027 F0 0 
Model_1_goa_nr_2020.dat 6 2027 Fabc 0.0610274
Model_1_goa_nr_2020.dat 6 2027 Fofl 0.073276
Model_1_goa_nr_2020.dat 6 2027  F_LCI 0.0572134
Model_1_goa_nr_2020.dat 6 2027  F_UCI 0.0601711
Model_1_goa_nr_2020.dat 6 2027  F_Median 0.0580187
Model_1_goa_nr_2020.dat 6 2027  F_Mean 0.0583013
Model_1_goa_nr_2020.dat 6 2028 F0 0 
Model_1_goa_nr_2020.dat 6 2028 Fabc 0.0610274
Model_1_goa_nr_2020.dat 6 2028 Fofl 0.073276
Model_1_goa_nr_2020.dat 6 2028  F_LCI 0.0546659
Model_1_goa_nr_2020.dat 6 2028  F_UCI 0.0601051
Model_1_goa_nr_2020.dat 6 2028  F_Median 0.0562307
Model_1_goa_nr_2020.dat 6 2028  F_Mean 0.056722
Model_1_goa_nr_2020.dat 6 2029 F0 0 
Model_1_goa_nr_2020.dat 6 2029 Fabc 0.0610274
Model_1_goa_nr_2020.dat 6 2029 Fofl 0.073276
Model_1_goa_nr_2020.dat 6 2029  F_LCI 0.0526557
Model_1_goa_nr_2020.dat 6 2029  F_UCI 0.0615528
Model_1_goa_nr_2020.dat 6 2029  F_Median 0.055325
Model_1_goa_nr_2020.dat 6 2029  F_Mean 0.0561226
Model_1_goa_nr_2020.dat 6 2030 F0 0 
Model_1_goa_nr_2020.dat 6 2030 Fabc 0.0610274
Model_1_goa_nr_2020.dat 6 2030 Fofl 0.073276
Model_1_goa_nr_2020.dat 6 2030  F_LCI 0.0511845
Model_1_goa_nr_2020.dat 6 2030  F_UCI 0.0647377
Model_1_goa_nr_2020.dat 6 2030  F_Median 0.0552845
Model_1_goa_nr_2020.dat 6 2030  F_Mean 0.0563277
Model_1_goa_nr_2020.dat 6 2031 F0 0 
Model_1_goa_nr_2020.dat 6 2031 Fabc 0.0610274
Model_1_goa_nr_2020.dat 6 2031 Fofl 0.073276
Model_1_goa_nr_2020.dat 6 2031  F_LCI 0.0501243
Model_1_goa_nr_2020.dat 6 2031  F_UCI 0.0677459
Model_1_goa_nr_2020.dat 6 2031  F_Median 0.0558483
Model_1_goa_nr_2020.dat 6 2031  F_Mean 0.0570829
Model_1_goa_nr_2020.dat 6 2032 F0 0 
Model_1_goa_nr_2020.dat 6 2032 Fabc 0.0610274
Model_1_goa_nr_2020.dat 6 2032 Fofl 0.073276
Model_1_goa_nr_2020.dat 6 2032  F_LCI 0.0493709
Model_1_goa_nr_2020.dat 6 2032  F_UCI 0.0713689
Model_1_goa_nr_2020.dat 6 2032  F_Median 0.0568625
Model_1_goa_nr_2020.dat 6 2032  F_Mean 0.0581236
Model_1_goa_nr_2020.dat 6 2033 F0 0 
Model_1_goa_nr_2020.dat 6 2033 Fabc 0.0610274
Model_1_goa_nr_2020.dat 6 2033 Fofl 0.073276
Model_1_goa_nr_2020.dat 6 2033  F_LCI 0.0492514
Model_1_goa_nr_2020.dat 6 2033  F_UCI 0.073276
Model_1_goa_nr_2020.dat 6 2033  F_Median 0.0580328
Model_1_goa_nr_2020.dat 6 2033  F_Mean 0.0592529
Model_1_goa_nr_2020.dat 7 2020 Cabc 4.93127
Model_1_goa_nr_2020.dat 7 2020 Cofl 5.27286
Model_1_goa_nr_2020.dat 7 2020 CLCI 2.38492
Model_1_goa_nr_2020.dat 7 2020 CUCI 2.38492
Model_1_goa_nr_2020.dat 7 2020 CMedian 2.38492
Model_1_goa_nr_2020.dat 7 2020 CMean 2.38492
Model_1_goa_nr_2020.dat 7 2021 Cabc 4.93127
Model_1_goa_nr_2020.dat 7 2021 Cofl 5.27286
Model_1_goa_nr_2020.dat 7 2021 CLCI 5.37014
Model_1_goa_nr_2020.dat 7 2021 CUCI 5.37015
Model_1_goa_nr_2020.dat 7 2021 CMedian 5.37014
Model_1_goa_nr_2020.dat 7 2021 CMean 5.37014
Model_1_goa_nr_2020.dat 7 2022 Cabc 4.93127
Model_1_goa_nr_2020.dat 7 2022 Cofl 5.27286
Model_1_goa_nr_2020.dat 7 2022 CLCI 4.98299
Model_1_goa_nr_2020.dat 7 2022 CUCI 4.98304
Model_1_goa_nr_2020.dat 7 2022 CMedian 4.983
Model_1_goa_nr_2020.dat 7 2022 CMean 4.983
Model_1_goa_nr_2020.dat 7 2023 Cabc 4.93127
Model_1_goa_nr_2020.dat 7 2023 Cofl 5.27286
Model_1_goa_nr_2020.dat 7 2023 CLCI 5.55849
Model_1_goa_nr_2020.dat 7 2023 CUCI 5.55907
Model_1_goa_nr_2020.dat 7 2023 CMedian 5.55862
Model_1_goa_nr_2020.dat 7 2023 CMean 5.55868
Model_1_goa_nr_2020.dat 7 2024 Cabc 4.93127
Model_1_goa_nr_2020.dat 7 2024 Cofl 5.27286
Model_1_goa_nr_2020.dat 7 2024 CLCI 5.04301
Model_1_goa_nr_2020.dat 7 2024 CUCI 5.06491
Model_1_goa_nr_2020.dat 7 2024 CMedian 5.0486
Model_1_goa_nr_2020.dat 7 2024 CMean 5.0507
Model_1_goa_nr_2020.dat 7 2025 Cabc 4.93127
Model_1_goa_nr_2020.dat 7 2025 Cofl 5.27286
Model_1_goa_nr_2020.dat 7 2025 CLCI 4.38317
Model_1_goa_nr_2020.dat 7 2025 CUCI 4.44729
Model_1_goa_nr_2020.dat 7 2025 CMedian 4.39933
Model_1_goa_nr_2020.dat 7 2025 CMean 4.40561
Model_1_goa_nr_2020.dat 7 2026 Cabc 4.93127
Model_1_goa_nr_2020.dat 7 2026 Cofl 5.27286
Model_1_goa_nr_2020.dat 7 2026 CLCI 3.89615
Model_1_goa_nr_2020.dat 7 2026 CUCI 4.09968
Model_1_goa_nr_2020.dat 7 2026 CMedian 3.94732
Model_1_goa_nr_2020.dat 7 2026 CMean 3.96743
Model_1_goa_nr_2020.dat 7 2027 Cabc 4.93127
Model_1_goa_nr_2020.dat 7 2027 Cofl 5.27286
Model_1_goa_nr_2020.dat 7 2027 CLCI 3.51248
Model_1_goa_nr_2020.dat 7 2027 CUCI 4.10285
Model_1_goa_nr_2020.dat 7 2027 CMedian 3.66257
Model_1_goa_nr_2020.dat 7 2027 CMean 3.7194
Model_1_goa_nr_2020.dat 7 2028 Cabc 4.93127
Model_1_goa_nr_2020.dat 7 2028 Cofl 5.27286
Model_1_goa_nr_2020.dat 7 2028 CLCI 3.20675
Model_1_goa_nr_2020.dat 7 2028 CUCI 4.38139
Model_1_goa_nr_2020.dat 7 2028 CMedian 3.50768
Model_1_goa_nr_2020.dat 7 2028 CMean 3.63714
Model_1_goa_nr_2020.dat 7 2029 Cabc 4.93127
Model_1_goa_nr_2020.dat 7 2029 Cofl 5.27286
Model_1_goa_nr_2020.dat 7 2029 CLCI 2.97937
Model_1_goa_nr_2020.dat 7 2029 CUCI 4.85208
Model_1_goa_nr_2020.dat 7 2029 CMedian 3.48486
Model_1_goa_nr_2020.dat 7 2029 CMean 3.66744
Model_1_goa_nr_2020.dat 7 2030 Cabc 4.93127
Model_1_goa_nr_2020.dat 7 2030 Cofl 5.27286
Model_1_goa_nr_2020.dat 7 2030 CLCI 2.84753
Model_1_goa_nr_2020.dat 7 2030 CUCI 5.29111
Model_1_goa_nr_2020.dat 7 2030 CMedian 3.53516
Model_1_goa_nr_2020.dat 7 2030 CMean 3.76725
Model_1_goa_nr_2020.dat 7 2031 Cabc 4.93127
Model_1_goa_nr_2020.dat 7 2031 Cofl 5.27286
Model_1_goa_nr_2020.dat 7 2031 CLCI 2.75363
Model_1_goa_nr_2020.dat 7 2031 CUCI 5.76025
Model_1_goa_nr_2020.dat 7 2031 CMedian 3.6481
Model_1_goa_nr_2020.dat 7 2031 CMean 3.90031
Model_1_goa_nr_2020.dat 7 2032 Cabc 4.93127
Model_1_goa_nr_2020.dat 7 2032 Cofl 5.27286
Model_1_goa_nr_2020.dat 7 2032 CLCI 2.70294
Model_1_goa_nr_2020.dat 7 2032 CUCI 6.15107
Model_1_goa_nr_2020.dat 7 2032 CMedian 3.80377
Model_1_goa_nr_2020.dat 7 2032 CMean 4.04526
Model_1_goa_nr_2020.dat 7 2033 Cabc 4.93127
Model_1_goa_nr_2020.dat 7 2033 Cofl 5.27286
Model_1_goa_nr_2020.dat 7 2033 CLCI 2.69002
Model_1_goa_nr_2020.dat 7 2033 CUCI 6.44155
Model_1_goa_nr_2020.dat 7 2033 CMedian 3.94997
Model_1_goa_nr_2020.dat 7 2033 CMean 4.19589
Model_1_goa_nr_2020.dat 7 2020 SSBF100 84.8317
Model_1_goa_nr_2020.dat 7 2020 SSBFabc 33.9327
Model_1_goa_nr_2020.dat 7 2020 SSBFofl 29.6911
Model_1_goa_nr_2020.dat 7 2020 SSBLCI 45.176
Model_1_goa_nr_2020.dat 7 2020 SSBUCI 45.176
Model_1_goa_nr_2020.dat 7 2020 SSBMedian 45.176
Model_1_goa_nr_2020.dat 7 2020 SSBMean 45.176
Model_1_goa_nr_2020.dat 7 2021 SSBF100 84.8317
Model_1_goa_nr_2020.dat 7 2021 SSBFabc 33.9327
Model_1_goa_nr_2020.dat 7 2021 SSBFofl 29.6911
Model_1_goa_nr_2020.dat 7 2021 SSBLCI 42.5148
Model_1_goa_nr_2020.dat 7 2021 SSBUCI 42.5171
Model_1_goa_nr_2020.dat 7 2021 SSBMedian 42.5153
Model_1_goa_nr_2020.dat 7 2021 SSBMean 42.5155
Model_1_goa_nr_2020.dat 7 2022 SSBF100 84.8317
Model_1_goa_nr_2020.dat 7 2022 SSBFabc 33.9327
Model_1_goa_nr_2020.dat 7 2022 SSBFofl 29.6911
Model_1_goa_nr_2020.dat 7 2022 SSBLCI 39.1609
Model_1_goa_nr_2020.dat 7 2022 SSBUCI 39.1729
Model_1_goa_nr_2020.dat 7 2022 SSBMedian 39.1637
Model_1_goa_nr_2020.dat 7 2022 SSBMean 39.1648
Model_1_goa_nr_2020.dat 7 2023 SSBF100 84.8317
Model_1_goa_nr_2020.dat 7 2023 SSBFabc 33.9327
Model_1_goa_nr_2020.dat 7 2023 SSBFofl 29.6911
Model_1_goa_nr_2020.dat 7 2023 SSBLCI 36.054
Model_1_goa_nr_2020.dat 7 2023 SSBUCI 36.095
Model_1_goa_nr_2020.dat 7 2023 SSBMedian 36.0644
Model_1_goa_nr_2020.dat 7 2023 SSBMean 36.0683
Model_1_goa_nr_2020.dat 7 2024 SSBF100 84.8317
Model_1_goa_nr_2020.dat 7 2024 SSBFabc 33.9327
Model_1_goa_nr_2020.dat 7 2024 SSBFofl 29.6911
Model_1_goa_nr_2020.dat 7 2024 SSBLCI 33.1164
Model_1_goa_nr_2020.dat 7 2024 SSBUCI 33.2317
Model_1_goa_nr_2020.dat 7 2024 SSBMedian 33.1464
Model_1_goa_nr_2020.dat 7 2024 SSBMean 33.1572
Model_1_goa_nr_2020.dat 7 2025 SSBF100 84.8317
Model_1_goa_nr_2020.dat 7 2025 SSBFabc 33.9327
Model_1_goa_nr_2020.dat 7 2025 SSBFofl 29.6911
Model_1_goa_nr_2020.dat 7 2025 SSBLCI 30.7048
Model_1_goa_nr_2020.dat 7 2025 SSBUCI 30.9873
Model_1_goa_nr_2020.dat 7 2025 SSBMedian 30.7785
Model_1_goa_nr_2020.dat 7 2025 SSBMean 30.8057
Model_1_goa_nr_2020.dat 7 2026 SSBF100 84.8317
Model_1_goa_nr_2020.dat 7 2026 SSBFabc 33.9327
Model_1_goa_nr_2020.dat 7 2026 SSBFofl 29.6911
Model_1_goa_nr_2020.dat 7 2026 SSBLCI 28.8061
Model_1_goa_nr_2020.dat 7 2026 SSBUCI 29.4387
Model_1_goa_nr_2020.dat 7 2026 SSBMedian 28.9717
Model_1_goa_nr_2020.dat 7 2026 SSBMean 29.0358
Model_1_goa_nr_2020.dat 7 2027 SSBF100 84.8317
Model_1_goa_nr_2020.dat 7 2027 SSBFabc 33.9327
Model_1_goa_nr_2020.dat 7 2027 SSBFofl 29.6911
Model_1_goa_nr_2020.dat 7 2027 SSBLCI 27.3085
Model_1_goa_nr_2020.dat 7 2027 SSBUCI 28.6078
Model_1_goa_nr_2020.dat 7 2027 SSBMedian 27.6622
Model_1_goa_nr_2020.dat 7 2027 SSBMean 27.7864
Model_1_goa_nr_2020.dat 7 2028 SSBF100 84.8317
Model_1_goa_nr_2020.dat 7 2028 SSBFabc 33.9327
Model_1_goa_nr_2020.dat 7 2028 SSBFofl 29.6911
Model_1_goa_nr_2020.dat 7 2028 SSBLCI 26.1169
Model_1_goa_nr_2020.dat 7 2028 SSBUCI 28.5049
Model_1_goa_nr_2020.dat 7 2028 SSBMedian 26.804
Model_1_goa_nr_2020.dat 7 2028 SSBMean 27.0199
Model_1_goa_nr_2020.dat 7 2029 SSBF100 84.8317
Model_1_goa_nr_2020.dat 7 2029 SSBFabc 33.9327
Model_1_goa_nr_2020.dat 7 2029 SSBFofl 29.6911
Model_1_goa_nr_2020.dat 7 2029 SSBLCI 25.1729
Model_1_goa_nr_2020.dat 7 2029 SSBUCI 29.0765
Model_1_goa_nr_2020.dat 7 2029 SSBMedian 26.3448
Model_1_goa_nr_2020.dat 7 2029 SSBMean 26.6977
Model_1_goa_nr_2020.dat 7 2030 SSBF100 84.8317
Model_1_goa_nr_2020.dat 7 2030 SSBFabc 33.9327
Model_1_goa_nr_2020.dat 7 2030 SSBFofl 29.6911
Model_1_goa_nr_2020.dat 7 2030 SSBLCI 24.4751
Model_1_goa_nr_2020.dat 7 2030 SSBUCI 30.4264
Model_1_goa_nr_2020.dat 7 2030 SSBMedian 26.2743
Model_1_goa_nr_2020.dat 7 2030 SSBMean 26.7515
Model_1_goa_nr_2020.dat 7 2031 SSBF100 84.8317
Model_1_goa_nr_2020.dat 7 2031 SSBFabc 33.9327
Model_1_goa_nr_2020.dat 7 2031 SSBFofl 29.6911
Model_1_goa_nr_2020.dat 7 2031 SSBLCI 23.9679
Model_1_goa_nr_2020.dat 7 2031 SSBUCI 31.6961
Model_1_goa_nr_2020.dat 7 2031 SSBMedian 26.4784
Model_1_goa_nr_2020.dat 7 2031 SSBMean 27.0761
Model_1_goa_nr_2020.dat 7 2032 SSBF100 84.8317
Model_1_goa_nr_2020.dat 7 2032 SSBFabc 33.9327
Model_1_goa_nr_2020.dat 7 2032 SSBFofl 29.6911
Model_1_goa_nr_2020.dat 7 2032 SSBLCI 23.596
Model_1_goa_nr_2020.dat 7 2032 SSBUCI 33.2451
Model_1_goa_nr_2020.dat 7 2032 SSBMedian 26.8857
Model_1_goa_nr_2020.dat 7 2032 SSBMean 27.5529
Model_1_goa_nr_2020.dat 7 2033 SSBF100 84.8317
Model_1_goa_nr_2020.dat 7 2033 SSBFabc 33.9327
Model_1_goa_nr_2020.dat 7 2033 SSBFofl 29.6911
Model_1_goa_nr_2020.dat 7 2033 SSBLCI 23.5163
Model_1_goa_nr_2020.dat 7 2033 SSBUCI 34.3667
Model_1_goa_nr_2020.dat 7 2033 SSBMedian 27.3641
Model_1_goa_nr_2020.dat 7 2033 SSBMean 28.0846
Model_1_goa_nr_2020.dat 7 2020 F0 0 
Model_1_goa_nr_2020.dat 7 2020 Fabc 0.0610274
Model_1_goa_nr_2020.dat 7 2020 Fofl 0.073276
Model_1_goa_nr_2020.dat 7 2020  F_LCI 0.0254399
Model_1_goa_nr_2020.dat 7 2020  F_UCI 0.0254399
Model_1_goa_nr_2020.dat 7 2020  F_Median 0.0254399
Model_1_goa_nr_2020.dat 7 2020  F_Mean 0.0254399
Model_1_goa_nr_2020.dat 7 2021 F0 0 
Model_1_goa_nr_2020.dat 7 2021 Fabc 0.0610274
Model_1_goa_nr_2020.dat 7 2021 Fofl 0.073276
Model_1_goa_nr_2020.dat 7 2021  F_LCI 0.0610274
Model_1_goa_nr_2020.dat 7 2021  F_UCI 0.0610274
Model_1_goa_nr_2020.dat 7 2021  F_Median 0.0610274
Model_1_goa_nr_2020.dat 7 2021  F_Mean 0.0610274
Model_1_goa_nr_2020.dat 7 2022 F0 0 
Model_1_goa_nr_2020.dat 7 2022 Fabc 0.0610274
Model_1_goa_nr_2020.dat 7 2022 Fofl 0.073276
Model_1_goa_nr_2020.dat 7 2022  F_LCI 0.0610274
Model_1_goa_nr_2020.dat 7 2022  F_UCI 0.0610274
Model_1_goa_nr_2020.dat 7 2022  F_Median 0.0610274
Model_1_goa_nr_2020.dat 7 2022  F_Mean 0.0610274
Model_1_goa_nr_2020.dat 7 2023 F0 0 
Model_1_goa_nr_2020.dat 7 2023 Fabc 0.0610274
Model_1_goa_nr_2020.dat 7 2023 Fofl 0.073276
Model_1_goa_nr_2020.dat 7 2023  F_LCI 0.0732759
Model_1_goa_nr_2020.dat 7 2023  F_UCI 0.0732759
Model_1_goa_nr_2020.dat 7 2023  F_Median 0.0732759
Model_1_goa_nr_2020.dat 7 2023  F_Mean 0.0732759
Model_1_goa_nr_2020.dat 7 2024 F0 0 
Model_1_goa_nr_2020.dat 7 2024 Fabc 0.0610274
Model_1_goa_nr_2020.dat 7 2024 Fofl 0.073276
Model_1_goa_nr_2020.dat 7 2024  F_LCI 0.0714207
Model_1_goa_nr_2020.dat 7 2024  F_UCI 0.0716828
Model_1_goa_nr_2020.dat 7 2024  F_Median 0.0714888
Model_1_goa_nr_2020.dat 7 2024  F_Mean 0.0715134
Model_1_goa_nr_2020.dat 7 2025 F0 0 
Model_1_goa_nr_2020.dat 7 2025 Fabc 0.0610274
Model_1_goa_nr_2020.dat 7 2025 Fofl 0.073276
Model_1_goa_nr_2020.dat 7 2025  F_LCI 0.0659387
Model_1_goa_nr_2020.dat 7 2025  F_UCI 0.0665808
Model_1_goa_nr_2020.dat 7 2025  F_Median 0.0661064
Model_1_goa_nr_2020.dat 7 2025  F_Mean 0.066168
Model_1_goa_nr_2020.dat 7 2026 F0 0 
Model_1_goa_nr_2020.dat 7 2026 Fabc 0.0610274
Model_1_goa_nr_2020.dat 7 2026 Fofl 0.073276
Model_1_goa_nr_2020.dat 7 2026  F_LCI 0.0616227
Model_1_goa_nr_2020.dat 7 2026  F_UCI 0.0630607
Model_1_goa_nr_2020.dat 7 2026  F_Median 0.0619991
Model_1_goa_nr_2020.dat 7 2026  F_Mean 0.0621448
Model_1_goa_nr_2020.dat 7 2027 F0 0 
Model_1_goa_nr_2020.dat 7 2027 Fabc 0.0610274
Model_1_goa_nr_2020.dat 7 2027 Fofl 0.073276
Model_1_goa_nr_2020.dat 7 2027  F_LCI 0.0582184
Model_1_goa_nr_2020.dat 7 2027  F_UCI 0.0611719
Model_1_goa_nr_2020.dat 7 2027  F_Median 0.0590226
Model_1_goa_nr_2020.dat 7 2027  F_Mean 0.0593048
Model_1_goa_nr_2020.dat 7 2028 F0 0 
Model_1_goa_nr_2020.dat 7 2028 Fabc 0.0610274
Model_1_goa_nr_2020.dat 7 2028 Fofl 0.073276
Model_1_goa_nr_2020.dat 7 2028  F_LCI 0.0555099
Model_1_goa_nr_2020.dat 7 2028  F_UCI 0.060938
Model_1_goa_nr_2020.dat 7 2028  F_Median 0.0570717
Model_1_goa_nr_2020.dat 7 2028  F_Mean 0.0575625
Model_1_goa_nr_2020.dat 7 2029 F0 0 
Model_1_goa_nr_2020.dat 7 2029 Fabc 0.0610274
Model_1_goa_nr_2020.dat 7 2029 Fofl 0.073276
Model_1_goa_nr_2020.dat 7 2029  F_LCI 0.053364
Model_1_goa_nr_2020.dat 7 2029  F_UCI 0.0622373
Model_1_goa_nr_2020.dat 7 2029  F_Median 0.0560278
Model_1_goa_nr_2020.dat 7 2029  F_Mean 0.0568213
Model_1_goa_nr_2020.dat 7 2030 F0 0 
Model_1_goa_nr_2020.dat 7 2030 Fabc 0.0610274
Model_1_goa_nr_2020.dat 7 2030 Fofl 0.073276
Model_1_goa_nr_2020.dat 7 2030  F_LCI 0.0517779
Model_1_goa_nr_2020.dat 7 2030  F_UCI 0.0653059
Model_1_goa_nr_2020.dat 7 2030  F_Median 0.0558677
Model_1_goa_nr_2020.dat 7 2030  F_Mean 0.0569044
Model_1_goa_nr_2020.dat 7 2031 F0 0 
Model_1_goa_nr_2020.dat 7 2031 Fabc 0.0610274
Model_1_goa_nr_2020.dat 7 2031 Fofl 0.073276
Model_1_goa_nr_2020.dat 7 2031  F_LCI 0.050625
Model_1_goa_nr_2020.dat 7 2031  F_UCI 0.0681921
Model_1_goa_nr_2020.dat 7 2031  F_Median 0.0563316
Model_1_goa_nr_2020.dat 7 2031  F_Mean 0.0575502
Model_1_goa_nr_2020.dat 7 2032 F0 0 
Model_1_goa_nr_2020.dat 7 2032 Fabc 0.0610274
Model_1_goa_nr_2020.dat 7 2032 Fofl 0.073276
Model_1_goa_nr_2020.dat 7 2032  F_LCI 0.0497795
Model_1_goa_nr_2020.dat 7 2032  F_UCI 0.0717131
Model_1_goa_nr_2020.dat 7 2032  F_Median 0.0572573
Model_1_goa_nr_2020.dat 7 2032  F_Mean 0.0584995
Model_1_goa_nr_2020.dat 7 2033 F0 0 
Model_1_goa_nr_2020.dat 7 2033 Fabc 0.0610274
Model_1_goa_nr_2020.dat 7 2033 Fofl 0.073276
Model_1_goa_nr_2020.dat 7 2033  F_LCI 0.0495983
Model_1_goa_nr_2020.dat 7 2033  F_UCI 0.073276
Model_1_goa_nr_2020.dat 7 2033  F_Median 0.0583448
Model_1_goa_nr_2020.dat 7 2033  F_Mean 0.0595519
