
SB0 SB40 SB35 MeanRec HarMeanRec Bnow
84.8317 33.9327 29.6911 0.0181104 0.00990776 46.4619 
CV Recruit
0.90989 
Alternative 1 Alternative  Stock: Model_1_goa_nr_2020.dat
Catch Model_1_goa_nr_2020.dat
Year C0 Cabc Cofl LowCI_Catch Median_Catch Mean_Catch UpperCI_Catch Stdev_Catch 
2020  0 4.93127 5.27286 2.38492 2.38492 2.38492 2.38492 1.33227e-15 
2021  0 4.93127 5.27286 2.47104 2.47104 2.47104 2.47104 1.15345e-12 
2022  0 4.93127 5.27286 3.08946 3.08946 3.08946 3.08946 3.99754e-11 
2023  0 4.93127 5.27286 2.88424 2.88424 2.88424 2.88424 3.17796e-10 
2024  0 4.93127 5.27286 4.73459 4.73538 4.73575 4.7381 0.00128969 
2025  0 4.93127 5.27286 4.47121 4.47631 4.47855 4.4935 0.00811048 
2026  0 4.93127 5.27286 3.9888 4.03775 4.05703 4.18369 0.0711173 
2027  0 4.93127 5.27286 3.59271 3.73348 3.78644 4.14508 0.202659 
2028  0 4.93127 5.27286 3.27248 3.55332 3.67201 4.3637 0.400406 
2029  0 4.93127 5.27286 3.02798 3.49767 3.66332 4.76217 0.594298 
2030  0 4.93127 5.27286 2.87676 3.51888 3.71905 5.13207 0.751223 
2031  0 4.93127 5.27286 2.76855 3.59566 3.80762 5.46338 0.865746 
2032  0 4.93127 5.27286 2.69298 3.71442 3.90912 5.71001 0.944745 
2033  0 4.93127 5.27286 2.6639 3.83395 4.01756 5.77477 0.998804 

Spawning_Biomass Model_1_goa_nr_2020.dat
Year SSB100 SSBabc SSBofl LowCI_SSB Median_SSB Mean_SSB UpperCI_SSB Stdev_SSB 
2020 84.8317 33.9327 29.6911 45.176 45.176 45.176 45.176 1.0445e-12 
2021 84.8317 33.9327 29.6911 42.9872 42.9877 42.9879 42.9895 0.000878553 
2022 84.8317 33.9327 29.6911 40.8037 40.8065 40.8076 40.8157 0.00433044 
2023 84.8317 33.9327 29.6911 38.6426 38.653 38.6569 38.6837 0.0150068 
2024 84.8317 33.9327 29.6911 36.4643 36.495 36.5062 36.5826 0.0426458 
2025 84.8317 33.9327 29.6911 34.0151 34.0927 34.1211 34.3112 0.106373 
2026 84.8317 33.9327 29.6911 31.9539 32.1248 32.1927 32.6123 0.235265 
2027 84.8317 33.9327 29.6911 30.2898 30.6511 30.778 31.6173 0.470233 
2028 84.8317 33.9327 29.6911 28.937 29.635 29.8536 31.3686 0.858471 
2029 84.8317 33.9327 29.6911 27.838 29.0274 29.3874 31.8085 1.40853 
2030 84.8317 33.9327 29.6911 26.997 28.8287 29.3178 33.0593 2.07086 
2031 84.8317 33.9327 29.6911 26.3499 28.916 29.5445 34.2756 2.74937 
2032 84.8317 33.9327 29.6911 25.8727 29.2513 29.9509 35.9155 3.35138 
2033 84.8317 33.9327 29.6911 25.6799 29.6426 30.4391 37.3335 3.82986 

Fishing_mortalityModel_1_goa_nr_2020.dat
Year F0 Fabc Fofl LowCI_F Median_F Mean_F UpperCI_F Stdev_F 
2020  0 0.0610274 0.073276 0.0254399 0.0254399 0.0254399 0.0254399 2.08167e-16 
2021  0 0.0610274 0.073276 0.0276305 0.0276305 0.0276305 0.0276305 8.23658e-09 
2022  0 0.0610274 0.073276 0.0361981 0.0361984 0.0361983 0.0361985 1.42468e-07 
2023  0 0.0610274 0.073276 0.0353287 0.0353316 0.0353312 0.0353323 1.28124e-06 
2024  0 0.0610274 0.073276 0.0610274 0.0610274 0.0610274 0.0610274 1.63064e-15 
2025  0 0.0610274 0.073276 0.0610274 0.0610274 0.0610274 0.0610274 1.63064e-15 
2026  0 0.0610274 0.073276 0.0572814 0.0576049 0.0577334 0.0585277 0.000445394 
2027  0 0.0610274 0.073276 0.0541308 0.0548149 0.0550551 0.0566442 0.000890002 
2028  0 0.0610274 0.073276 0.0515699 0.0528912 0.0532964 0.0561732 0.00157588 
2029  0 0.0610274 0.073276 0.0494894 0.051741 0.0523797 0.057006 0.00247191 
2030  0 0.0610274 0.073276 0.0478972 0.0513649 0.0521444 0.059374 0.00339699 
2031  0 0.0610274 0.073276 0.0466721 0.05153 0.0523889 0.0610274 0.00421974 
2032  0 0.0610274 0.073276 0.0457688 0.0521649 0.0528891 0.0610274 0.00482831 
2033  0 0.0610274 0.073276 0.0454036 0.0529056 0.0534769 0.0610274 0.00520424 

Total_BiomassModel_1_goa_nr_2020.dat
Year B100 Babc Bofl LowCI_Biom Median_Biom Mean_Biom UpperCI_Biom Stdev_Biom 
2020 421.458 106.088 97.1138 106.12 106.12 106.12 106.12 1.26477e-12 
2021 421.458 106.088 97.1138 102.491 102.758 102.903 103.767 0.480262 
2022 421.458 106.088 97.1138 99.0862 99.9979 100.371 102.79 1.31653 
2023 421.458 106.088 97.1138 95.3907 97.348 98.0777 102.488 2.57248 
2024 421.458 106.088 97.1138 92.3481 95.761 96.8426 104.214 4.13299 
2025 421.458 106.088 97.1138 87.7818 93.0843 94.5235 105.328 5.88737 
2026 421.458 106.088 97.1138 84.1284 91.4152 93.1667 106.701 7.70144 
2027 421.458 106.088 97.1138 81.2012 90.8702 92.8365 109.797 9.4575 
2028 421.458 106.088 97.1138 79.4211 90.984 93.2521 112.817 11.0493 
2029 421.458 106.088 97.1138 78.458 91.8043 94.1601 116.22 12.4092 
2030 421.458 106.088 97.1138 78.1494 92.5364 95.3183 120.297 13.5297 
2031 421.458 106.088 97.1138 77.9517 94.232 96.5986 122.571 14.4306 
2032 421.458 106.088 97.1138 77.8929 95.7155 97.8691 124.863 15.1587 
2033 421.458 106.088 97.1138 77.8628 96.7942 99.0679 126.427 15.742 
Alternative 2 Alternative  Stock: Model_1_goa_nr_2020.dat
Catch Model_1_goa_nr_2020.dat
Year C0 Cabc Cofl LowCI_Catch Median_Catch Mean_Catch UpperCI_Catch Stdev_Catch 
2020  0 4.93127 5.27286 2.38492 2.38492 2.38492 2.38492 1.33227e-15 
2021  0 4.93127 5.27286 2.47104 2.47104 2.47104 2.47104 1.15345e-12 
2022  0 4.93127 5.27286 3.08946 3.08946 3.08946 3.08946 3.99754e-11 
2023  0 4.93127 5.27286 2.88424 2.88424 2.88424 2.88424 3.17796e-10 
2024  0 4.93127 5.27286 4.73459 4.73538 4.73575 4.7381 0.00128969 
2025  0 4.93127 5.27286 4.47121 4.47631 4.47855 4.4935 0.00811048 
2026  0 4.93127 5.27286 3.9888 4.03775 4.05703 4.18369 0.0711173 
2027  0 4.93127 5.27286 3.59271 3.73348 3.78644 4.14508 0.202659 
2028  0 4.93127 5.27286 3.27248 3.55332 3.67201 4.3637 0.400406 
2029  0 4.93127 5.27286 3.02798 3.49767 3.66332 4.76217 0.594298 
2030  0 4.93127 5.27286 2.87676 3.51888 3.71905 5.13207 0.751223 
2031  0 4.93127 5.27286 2.76855 3.59566 3.80762 5.46338 0.865746 
2032  0 4.93127 5.27286 2.69298 3.71442 3.90912 5.71001 0.944745 
2033  0 4.93127 5.27286 2.6639 3.83395 4.01756 5.77477 0.998804 

Spawning_Biomass Model_1_goa_nr_2020.dat
Year SSB100 SSBabc SSBofl LowCI_SSB Median_SSB Mean_SSB UpperCI_SSB Stdev_SSB 
2020 84.8317 33.9327 29.6911 45.176 45.176 45.176 45.176 1.0445e-12 
2021 84.8317 33.9327 29.6911 42.9872 42.9877 42.9879 42.9895 0.000878553 
2022 84.8317 33.9327 29.6911 40.8037 40.8065 40.8076 40.8157 0.00433044 
2023 84.8317 33.9327 29.6911 38.6426 38.653 38.6569 38.6837 0.0150068 
2024 84.8317 33.9327 29.6911 36.4643 36.495 36.5062 36.5826 0.0426458 
2025 84.8317 33.9327 29.6911 34.0151 34.0927 34.1211 34.3112 0.106373 
2026 84.8317 33.9327 29.6911 31.9539 32.1248 32.1927 32.6123 0.235265 
2027 84.8317 33.9327 29.6911 30.2898 30.6511 30.778 31.6173 0.470233 
2028 84.8317 33.9327 29.6911 28.937 29.635 29.8536 31.3686 0.858471 
2029 84.8317 33.9327 29.6911 27.838 29.0274 29.3874 31.8085 1.40853 
2030 84.8317 33.9327 29.6911 26.997 28.8287 29.3178 33.0593 2.07086 
2031 84.8317 33.9327 29.6911 26.3499 28.916 29.5445 34.2756 2.74937 
2032 84.8317 33.9327 29.6911 25.8727 29.2513 29.9509 35.9155 3.35138 
2033 84.8317 33.9327 29.6911 25.6799 29.6426 30.4391 37.3335 3.82986 

Fishing_mortalityModel_1_goa_nr_2020.dat
Year F0 Fabc Fofl LowCI_F Median_F Mean_F UpperCI_F Stdev_F 
2020  0 0.0610274 0.073276 0.0254399 0.0254399 0.0254399 0.0254399 2.08167e-16 
2021  0 0.0610274 0.073276 0.0276305 0.0276305 0.0276305 0.0276305 8.23658e-09 
2022  0 0.0610274 0.073276 0.0361981 0.0361984 0.0361983 0.0361985 1.42468e-07 
2023  0 0.0610274 0.073276 0.0353287 0.0353316 0.0353312 0.0353323 1.28124e-06 
2024  0 0.0610274 0.073276 0.0610274 0.0610274 0.0610274 0.0610274 1.63064e-15 
2025  0 0.0610274 0.073276 0.0610274 0.0610274 0.0610274 0.0610274 1.63064e-15 
2026  0 0.0610274 0.073276 0.0572814 0.0576049 0.0577334 0.0585277 0.000445394 
2027  0 0.0610274 0.073276 0.0541308 0.0548149 0.0550551 0.0566442 0.000890002 
2028  0 0.0610274 0.073276 0.0515699 0.0528912 0.0532964 0.0561732 0.00157588 
2029  0 0.0610274 0.073276 0.0494894 0.051741 0.0523797 0.057006 0.00247191 
2030  0 0.0610274 0.073276 0.0478972 0.0513649 0.0521444 0.059374 0.00339699 
2031  0 0.0610274 0.073276 0.0466721 0.05153 0.0523889 0.0610274 0.00421974 
2032  0 0.0610274 0.073276 0.0457688 0.0521649 0.0528891 0.0610274 0.00482831 
2033  0 0.0610274 0.073276 0.0454036 0.0529056 0.0534769 0.0610274 0.00520424 

Total_BiomassModel_1_goa_nr_2020.dat
Year B100 Babc Bofl LowCI_Biom Median_Biom Mean_Biom UpperCI_Biom Stdev_Biom 
2020 421.458 106.088 97.1138 106.12 106.12 106.12 106.12 1.26477e-12 
2021 421.458 106.088 97.1138 102.491 102.758 102.903 103.767 0.480262 
2022 421.458 106.088 97.1138 99.0862 99.9979 100.371 102.79 1.31653 
2023 421.458 106.088 97.1138 95.3907 97.348 98.0777 102.488 2.57248 
2024 421.458 106.088 97.1138 92.3481 95.761 96.8426 104.214 4.13299 
2025 421.458 106.088 97.1138 87.7818 93.0843 94.5235 105.328 5.88737 
2026 421.458 106.088 97.1138 84.1284 91.4152 93.1667 106.701 7.70144 
2027 421.458 106.088 97.1138 81.2012 90.8702 92.8365 109.797 9.4575 
2028 421.458 106.088 97.1138 79.4211 90.984 93.2521 112.817 11.0493 
2029 421.458 106.088 97.1138 78.458 91.8043 94.1601 116.22 12.4092 
2030 421.458 106.088 97.1138 78.1494 92.5364 95.3183 120.297 13.5297 
2031 421.458 106.088 97.1138 77.9517 94.232 96.5986 122.571 14.4306 
2032 421.458 106.088 97.1138 77.8929 95.7155 97.8691 124.863 15.1587 
2033 421.458 106.088 97.1138 77.8628 96.7942 99.0679 126.427 15.742 
Alternative 3 Alternative  Stock: Model_1_goa_nr_2020.dat
Catch Model_1_goa_nr_2020.dat
Year C0 Cabc Cofl LowCI_Catch Median_Catch Mean_Catch UpperCI_Catch Stdev_Catch 
2020  0 4.93127 5.27286 2.38492 2.38492 2.38492 2.38492 1.33227e-15 
2021  0 4.93127 5.27286 2.47104 2.47104 2.47104 2.47104 1.15345e-12 
2022  0 4.93127 5.27286 3.08946 3.08946 3.08946 3.08946 3.99754e-11 
2023  0 4.93127 5.27286 2.88424 2.88424 2.88424 2.88424 3.17796e-10 
2024  0 4.93127 5.27286 2.40227 2.40267 2.40285 2.40402 0.000644957 
2025  0 4.93127 5.27286 2.3354 2.33795 2.33907 2.34655 0.00405816 
2026  0 4.93127 5.27286 2.27308 2.29205 2.2972 2.33815 0.022289 
2027  0 4.93127 5.27286 2.14833 2.227 2.25249 2.4353 0.0989434 
2028  0 4.93127 5.27286 2.04096 2.20274 2.26131 2.62121 0.201705 
2029  0 4.93127 5.27286 1.95646 2.23389 2.31014 2.83478 0.295779 
2030  0 4.93127 5.27286 1.91516 2.3032 2.37779 2.99504 0.366443 
2031  0 4.93127 5.27286 1.88309 2.40265 2.45036 3.14148 0.414628 
2032  0 4.93127 5.27286 1.87283 2.49163 2.52299 3.29282 0.446575 
2033  0 4.93127 5.27286 1.88737 2.56722 2.59735 3.39962 0.470699 

Spawning_Biomass Model_1_goa_nr_2020.dat
Year SSB100 SSBabc SSBofl LowCI_SSB Median_SSB Mean_SSB UpperCI_SSB Stdev_SSB 
2020 84.8317 33.9327 29.6911 45.176 45.176 45.176 45.176 1.0445e-12 
2021 84.8317 33.9327 29.6911 42.9872 42.9877 42.9879 42.9895 0.000878553 
2022 84.8317 33.9327 29.6911 40.8037 40.8065 40.8076 40.8157 0.00433044 
2023 84.8317 33.9327 29.6911 38.6426 38.653 38.6569 38.6837 0.0150068 
2024 84.8317 33.9327 29.6911 36.833 36.8637 36.8748 36.9513 0.0426489 
2025 84.8317 33.9327 29.6911 35.3995 35.4772 35.5056 35.6957 0.106424 
2026 84.8317 33.9327 29.6911 34.2005 34.3741 34.4438 34.8726 0.240347 
2027 84.8317 33.9327 29.6911 33.2105 33.5845 33.7182 34.5975 0.492525 
2028 84.8317 33.9327 29.6911 32.4047 33.1282 33.3669 34.9861 0.913941 
2029 84.8317 33.9327 29.6911 31.7448 33.0125 33.4021 36.0425 1.53383 
2030 84.8317 33.9327 29.6911 31.2582 33.2385 33.7986 37.9394 2.31727 
2031 84.8317 33.9327 29.6911 30.8924 33.7173 34.483 40.1735 3.16778 
2032 84.8317 33.9327 29.6911 30.651 34.4639 35.3528 42.5119 3.97768 
2033 84.8317 33.9327 29.6911 30.6554 35.3333 36.3129 44.5811 4.67865 

Fishing_mortalityModel_1_goa_nr_2020.dat
Year F0 Fabc Fofl LowCI_F Median_F Mean_F UpperCI_F Stdev_F 
2020  0 0.0610274 0.073276 0.0254399 0.0254399 0.0254399 0.0254399 2.08167e-16 
2021  0 0.0610274 0.073276 0.0276305 0.0276305 0.0276305 0.0276305 8.23658e-09 
2022  0 0.0610274 0.073276 0.0361981 0.0361984 0.0361983 0.0361985 1.42468e-07 
2023  0 0.0610274 0.073276 0.0353287 0.0353316 0.0353312 0.0353323 1.28124e-06 
2024  0 0.0610274 0.073276 0.0305137 0.0305137 0.0305137 0.0305137 8.1532e-16 
2025  0 0.0610274 0.073276 0.0305137 0.0305137 0.0305137 0.0305137 8.1532e-16 
2026  0 0.0610274 0.073276 0.0304442 0.0305137 0.0305033 0.0305137 2.42256e-05 
2027  0 0.0610274 0.073276 0.0295259 0.0298754 0.029948 0.0305137 0.000317914 
2028  0 0.0610274 0.073276 0.0287774 0.0294543 0.0295657 0.0305137 0.000569227 
2029  0 0.0610274 0.073276 0.0281648 0.0293428 0.0294295 0.0305137 0.000820961 
2030  0 0.0610274 0.073276 0.0277164 0.0295527 0.0294451 0.0305137 0.00101293 
2031  0 0.0610274 0.073276 0.0273738 0.0299988 0.0295395 0.0305137 0.00112754 
2032  0 0.0610274 0.073276 0.0271507 0.0305137 0.0296695 0.0305137 0.00117636 
2033  0 0.0610274 0.073276 0.0271572 0.0305137 0.029807 0.0305137 0.00117986 

Total_BiomassModel_1_goa_nr_2020.dat
Year B100 Babc Bofl LowCI_Biom Median_Biom Mean_Biom UpperCI_Biom Stdev_Biom 
2020 421.458 106.088 97.1138 106.12 106.12 106.12 106.12 1.26477e-12 
2021 421.458 106.088 97.1138 102.491 102.758 102.903 103.767 0.480262 
2022 421.458 106.088 97.1138 99.0862 99.9979 100.371 102.79 1.31653 
2023 421.458 106.088 97.1138 95.3907 97.348 98.0777 102.488 2.57248 
2024 421.458 106.088 97.1138 92.3481 95.761 96.8426 104.214 4.13299 
2025 421.458 106.088 97.1138 90.0949 95.3979 96.8374 107.642 5.88806 
2026 421.458 106.088 97.1138 88.4739 95.7623 97.5172 111.062 7.70603 
2027 421.458 106.088 97.1138 87.0876 96.7985 98.7714 115.812 9.50432 
2028 421.458 106.088 97.1138 86.4935 98.2621 100.491 120.128 11.1783 
2029 421.458 106.088 97.1138 86.6052 99.9806 102.537 124.96 12.6941 
2030 421.458 106.088 97.1138 87.0829 101.8 104.741 130.624 14.0445 
2031 421.458 106.088 97.1138 87.3741 104.356 107.025 134.537 15.2253 
2032 421.458 106.088 97.1138 88.3723 106.954 109.285 138.999 16.2574 
2033 421.458 106.088 97.1138 89.0298 109.007 111.471 141.743 17.1528 
Alternative 4 Alternative  Stock: Model_1_goa_nr_2020.dat
Catch Model_1_goa_nr_2020.dat
Year C0 Cabc Cofl LowCI_Catch Median_Catch Mean_Catch UpperCI_Catch Stdev_Catch 
2020  0 4.93127 5.27286 2.38492 2.38492 2.38492 2.38492 1.33227e-15 
2021  0 4.93127 5.27286 2.47104 2.47104 2.47104 2.47104 1.15345e-12 
2022  0 4.93127 5.27286 3.08946 3.08946 3.08946 3.08946 3.99754e-11 
2023  0 4.93127 5.27286 2.88424 2.88424 2.88424 2.88424 3.17796e-10 
2024  0 4.93127 5.27286 1.98449 1.98481 1.98496 1.98593 0.000531429 
2025  0 4.93127 5.27286 1.93913 1.94123 1.94215 1.94832 0.00334415 
2026  0 4.93127 5.27286 1.90093 1.91237 1.91725 1.95037 0.0177698 
2027  0 4.93127 5.27286 1.86006 1.90481 1.92202 2.03898 0.0651442 
2028  0 4.93127 5.27286 1.81903 1.91997 1.95886 2.20043 0.137864 
2029  0 4.93127 5.27286 1.78809 1.95911 2.01304 2.38658 0.205627 
2030  0 4.93127 5.27286 1.77857 2.00981 2.07344 2.52739 0.258848 
2031  0 4.93127 5.27286 1.77352 2.06762 2.13326 2.65639 0.298189 
2032  0 4.93127 5.27286 1.76634 2.13116 2.1912 2.78278 0.327707 
2033  0 4.93127 5.27286 1.78515 2.18957 2.2503 2.89422 0.35278 

Spawning_Biomass Model_1_goa_nr_2020.dat
Year SSB100 SSBabc SSBofl LowCI_SSB Median_SSB Mean_SSB UpperCI_SSB Stdev_SSB 
2020 84.8317 33.9327 29.6911 45.176 45.176 45.176 45.176 1.0445e-12 
2021 84.8317 33.9327 29.6911 42.9872 42.9877 42.9879 42.9895 0.000878553 
2022 84.8317 33.9327 29.6911 40.8037 40.8065 40.8076 40.8157 0.00433044 
2023 84.8317 33.9327 29.6911 38.6426 38.653 38.6569 38.6837 0.0150068 
2024 84.8317 33.9327 29.6911 36.8983 36.929 36.9401 37.0166 0.0426495 
2025 84.8317 33.9327 29.6911 35.6491 35.7268 35.7552 35.9453 0.106433 
2026 84.8317 33.9327 29.6911 34.6189 34.7933 34.8629 35.292 0.240559 
2027 84.8317 33.9327 29.6911 33.7735 34.154 34.2884 35.1757 0.496696 
2028 84.8317 33.9327 29.6911 33.0738 33.8172 34.063 35.7172 0.932248 
2029 84.8317 33.9327 29.6911 32.4938 33.8123 34.2093 36.9309 1.57737 
2030 84.8317 33.9327 29.6911 32.0514 34.1344 34.7126 38.9804 2.39767 
2031 84.8317 33.9327 29.6911 31.7214 34.6955 35.5062 41.4308 3.29416 
2032 84.8317 33.9327 29.6911 31.5044 35.5818 36.4903 43.9241 4.15454 
2033 84.8317 33.9327 29.6911 31.5042 36.581 37.5696 46.1839 4.90561 

Fishing_mortalityModel_1_goa_nr_2020.dat
Year F0 Fabc Fofl LowCI_F Median_F Mean_F UpperCI_F Stdev_F 
2020  0 0.0610274 0.073276 0.0254399 0.0254399 0.0254399 0.0254399 2.08167e-16 
2021  0 0.0610274 0.073276 0.0276305 0.0276305 0.0276305 0.0276305 8.23658e-09 
2022  0 0.0610274 0.073276 0.0361981 0.0361984 0.0361983 0.0361985 1.42468e-07 
2023  0 0.0610274 0.073276 0.0353287 0.0353316 0.0353312 0.0353323 1.28124e-06 
2024  0 0.0610274 0.073276 0.0251418 0.0251418 0.0251418 0.0251418 9.71445e-17 
2025  0 0.0610274 0.073276 0.0251418 0.0251418 0.0251418 0.0251418 9.71445e-17 
2026  0 0.0610274 0.073276 0.0251418 0.0251418 0.0251418 0.0251418 9.71445e-17 
2027  0 0.0610274 0.073276 0.0251418 0.0251418 0.0251418 0.0251418 9.71445e-17 
2028  0 0.0610274 0.073276 0.0251418 0.0251418 0.0251418 0.0251418 9.71445e-17 
2029  0 0.0610274 0.073276 0.0251418 0.0251418 0.0251418 0.0251418 9.71445e-17 
2030  0 0.0610274 0.073276 0.0251418 0.0251418 0.0251418 0.0251418 9.71445e-17 
2031  0 0.0610274 0.073276 0.0251418 0.0251418 0.0251418 0.0251418 9.71445e-17 
2032  0 0.0610274 0.073276 0.0251418 0.0251418 0.0251418 0.0251418 9.71445e-17 
2033  0 0.0610274 0.073276 0.0251418 0.0251418 0.0251418 0.0251418 9.71445e-17 

Total_BiomassModel_1_goa_nr_2020.dat
Year B100 Babc Bofl LowCI_Biom Median_Biom Mean_Biom UpperCI_Biom Stdev_Biom 
2020 421.458 106.088 97.1138 106.12 106.12 106.12 106.12 1.26477e-12 
2021 421.458 106.088 97.1138 102.491 102.758 102.903 103.767 0.480262 
2022 421.458 106.088 97.1138 99.0862 99.9979 100.371 102.79 1.31653 
2023 421.458 106.088 97.1138 95.3907 97.348 98.0777 102.488 2.57248 
2024 421.458 106.088 97.1138 92.3481 95.761 96.8426 104.214 4.13299 
2025 421.458 106.088 97.1138 90.5093 95.8123 97.2519 108.056 5.88819 
2026 421.458 106.088 97.1138 89.2658 96.5545 98.3101 111.857 7.70684 
2027 421.458 106.088 97.1138 88.2199 97.9378 99.9119 116.96 9.50917 
2028 421.458 106.088 97.1138 87.8581 99.6972 101.917 121.598 11.2121 
2029 421.458 106.088 97.1138 88.1683 101.644 104.212 126.797 12.7799 
2030 421.458 106.088 97.1138 88.7877 103.707 106.651 132.852 14.2008 
2031 421.458 106.088 97.1138 89.3499 106.326 109.17 136.991 15.461 
2032 421.458 106.088 97.1138 90.3971 109.1 111.67 141.923 16.5729 
2033 421.458 106.088 97.1138 90.8072 111.73 114.103 145.268 17.5425 
Alternative 5 Alternative  Stock: Model_1_goa_nr_2020.dat
Catch Model_1_goa_nr_2020.dat
Year C0 Cabc Cofl LowCI_Catch Median_Catch Mean_Catch UpperCI_Catch Stdev_Catch 
2020  0 4.93127 5.27286 2.38492 2.38492 2.38492 2.38492 1.33227e-15 
2021  0 4.93127 5.27286 2.47104 2.47104 2.47104 2.47104 1.15345e-12 
2022  0 4.93127 5.27286 3.08946 3.08946 3.08946 3.08946 3.99754e-11 
2023  0 4.93127 5.27286 2.88424 2.88424 2.88424 2.88424 3.17796e-10 
2024  0 4.93127 5.27286 0 0 0 0 0 
2025  0 4.93127 5.27286 0 0 0 0 0 
2026  0 4.93127 5.27286 0 0 0 0 0 
2027  0 4.93127 5.27286 0 0 0 0 0 
2028  0 4.93127 5.27286 0 0 0 0 0 
2029  0 4.93127 5.27286 0 0 0 0 0 
2030  0 4.93127 5.27286 0 0 0 0 0 
2031  0 4.93127 5.27286 0 0 0 0 0 
2032  0 4.93127 5.27286 0 0 0 0 0 
2033  0 4.93127 5.27286 0 0 0 0 0 

Spawning_Biomass Model_1_goa_nr_2020.dat
Year SSB100 SSBabc SSBofl LowCI_SSB Median_SSB Mean_SSB UpperCI_SSB Stdev_SSB 
2020 84.8317 33.9327 29.6911 45.176 45.176 45.176 45.176 1.0445e-12 
2021 84.8317 33.9327 29.6911 42.9872 42.9877 42.9879 42.9895 0.000878553 
2022 84.8317 33.9327 29.6911 40.8037 40.8065 40.8076 40.8157 0.00433044 
2023 84.8317 33.9327 29.6911 38.6426 38.653 38.6569 38.6837 0.0150068 
2024 84.8317 33.9327 29.6911 37.2054 37.2361 37.2472 37.3237 0.042652 
2025 84.8317 33.9327 29.6911 36.8411 36.9187 36.9472 37.1373 0.106476 
2026 84.8317 33.9327 29.6911 36.6515 36.8262 36.8958 37.3258 0.241001 
2027 84.8317 33.9327 29.6911 36.6086 36.9903 37.1268 38.0207 0.50008 
2028 84.8317 33.9327 29.6911 36.6756 37.4291 37.681 39.366 0.949246 
2029 84.8317 33.9327 29.6911 36.835 38.1853 38.5945 41.3975 1.63362 
2030 84.8317 33.9327 29.6911 37.071 39.2461 39.8676 44.3112 2.53179 
2031 84.8317 33.9327 29.6911 37.4024 40.6114 41.4441 47.7904 3.54703 
2032 84.8317 33.9327 29.6911 37.8435 42.207 43.2272 51.3074 4.5578 
2033 84.8317 33.9327 29.6911 38.4045 43.9411 45.1176 54.7434 5.4763 

Fishing_mortalityModel_1_goa_nr_2020.dat
Year F0 Fabc Fofl LowCI_F Median_F Mean_F UpperCI_F Stdev_F 
2020  0 0.0610274 0.073276 0.0254399 0.0254399 0.0254399 0.0254399 2.08167e-16 
2021  0 0.0610274 0.073276 0.0276305 0.0276305 0.0276305 0.0276305 8.23658e-09 
2022  0 0.0610274 0.073276 0.0361981 0.0361984 0.0361983 0.0361985 1.42468e-07 
2023  0 0.0610274 0.073276 0.0353287 0.0353316 0.0353312 0.0353323 1.28124e-06 
2024  0 0.0610274 0.073276 0 0 0 0 0 
2025  0 0.0610274 0.073276 0 0 0 0 0 
2026  0 0.0610274 0.073276 0 0 0 0 0 
2027  0 0.0610274 0.073276 0 0 0 0 0 
2028  0 0.0610274 0.073276 0 0 0 0 0 
2029  0 0.0610274 0.073276 0 0 0 0 0 
2030  0 0.0610274 0.073276 0 0 0 0 0 
2031  0 0.0610274 0.073276 0 0 0 0 0 
2032  0 0.0610274 0.073276 0 0 0 0 0 
2033  0 0.0610274 0.073276 0 0 0 0 0 

Total_BiomassModel_1_goa_nr_2020.dat
Year B100 Babc Bofl LowCI_Biom Median_Biom Mean_Biom UpperCI_Biom Stdev_Biom 
2020 421.458 106.088 97.1138 106.12 106.12 106.12 106.12 1.26477e-12 
2021 421.458 106.088 97.1138 102.491 102.758 102.903 103.767 0.480262 
2022 421.458 106.088 97.1138 99.0862 99.9979 100.371 102.79 1.31653 
2023 421.458 106.088 97.1138 95.3907 97.348 98.0777 102.488 2.57248 
2024 421.458 106.088 97.1138 92.3481 95.761 96.8426 104.214 4.13299 
2025 421.458 106.088 97.1138 92.4778 97.7813 99.2211 110.026 5.88876 
2026 421.458 106.088 97.1138 93.0843 100.374 102.133 115.694 7.71063 
2027 421.458 106.088 97.1138 93.7817 103.511 105.494 122.574 9.52827 
2028 421.458 106.088 97.1138 95.0632 106.987 109.2 128.925 11.2843 
2029 421.458 106.088 97.1138 96.9272 110.52 113.174 136.155 12.967 
2030 421.458 106.088 97.1138 98.9187 114.313 117.291 143.985 14.5617 
2031 421.458 106.088 97.1138 100.977 118.51 121.491 150.735 16.0355 
2032 421.458 106.088 97.1138 102.985 123.006 125.673 157.37 17.3822 
2033 421.458 106.088 97.1138 105.021 127.022 129.783 163.69 18.5981 
Alternative 6 Alternative  Stock: Model_1_goa_nr_2020.dat
Catch Model_1_goa_nr_2020.dat
Year C0 Cabc Cofl LowCI_Catch Median_Catch Mean_Catch UpperCI_Catch Stdev_Catch 
2020  0 4.93127 5.27286 2.38492 2.38492 2.38492 2.38492 1.33227e-15 
2021  0 4.93127 5.27286 6.40994 6.40994 6.40994 6.40995 1.92725e-06 
2022  0 4.93127 5.27286 5.87797 5.87799 5.87799 5.87804 2.41336e-05 
2023  0 4.93127 5.27286 5.43103 5.43116 5.43122 5.43161 0.000212372 
2024  0 4.93127 5.27286 4.81841 4.82388 4.82594 4.83986 0.00775756 
2025  0 4.93127 5.27286 4.20865 4.22453 4.23069 4.27161 0.0226744 
2026  0 4.93127 5.27286 3.75853 3.80884 3.82863 3.95864 0.0731891 
2027  0 4.93127 5.27286 3.40304 3.55084 3.60689 3.98473 0.213764 
2028  0 4.93127 5.27286 3.11914 3.41622 3.54422 4.27953 0.432831 
2029  0 4.93127 5.27286 2.90846 3.40853 3.59017 4.76414 0.659328 
2030  0 4.93127 5.27286 2.78944 3.47261 3.70295 5.21623 0.850157 
2031  0 4.93127 5.27286 2.70681 3.59536 3.84747 5.69885 0.993198 
2032  0 4.93127 5.27286 2.66325 3.75994 4.00203 6.09628 1.09366 
2033  0 4.93127 5.27286 2.65754 3.91301 4.16084 6.4042 1.16821 

Spawning_Biomass Model_1_goa_nr_2020.dat
Year SSB100 SSBabc SSBofl LowCI_SSB Median_SSB Mean_SSB UpperCI_SSB Stdev_SSB 
2020 84.8317 33.9327 29.6911 45.176 45.176 45.176 45.176 1.0445e-12 
2021 84.8317 33.9327 29.6911 42.3428 42.3433 42.3436 42.3452 0.000878435 
2022 84.8317 33.9327 29.6911 38.5352 38.538 38.5392 38.5473 0.00432819 
2023 84.8317 33.9327 29.6911 35.2022 35.2127 35.2166 35.2433 0.0149848 
2024 84.8317 33.9327 29.6911 32.3675 32.3975 32.4084 32.4829 0.0415859 
2025 84.8317 33.9327 29.6911 30.0783 30.1521 30.1793 30.361 0.10127 
2026 84.8317 33.9327 29.6911 28.28 28.4458 28.51 28.9134 0.226192 
2027 84.8317 33.9327 29.6911 26.8663 27.2206 27.3449 28.1675 0.460891 
2028 84.8317 33.9327 29.6911 25.7456 26.434 26.6502 28.1385 0.845731 
2029 84.8317 33.9327 29.6911 24.8613 26.0356 26.3894 28.7753 1.38415 
2030 84.8317 33.9327 29.6911 24.2141 26.0178 26.4961 30.1764 2.0206 
2031 84.8317 33.9327 29.6911 23.7477 26.2658 26.8662 31.4998 2.65617 
2032 84.8317 33.9327 29.6911 23.4162 26.7119 27.3816 33.0936 3.20063 
2033 84.8317 33.9327 29.6911 23.3637 27.2268 27.9457 34.2539 3.61287 

Fishing_mortalityModel_1_goa_nr_2020.dat
Year F0 Fabc Fofl LowCI_F Median_F Mean_F UpperCI_F Stdev_F 
2020  0 0.0610274 0.073276 0.0254399 0.0254399 0.0254399 0.0254399 2.08167e-16 
2021  0 0.0610274 0.073276 0.0732759 0.0732759 0.0732759 0.0732759 4.25137e-14 
2022  0 0.0610274 0.073276 0.0732759 0.0732759 0.0732759 0.0732759 5.71408e-13 
2023  0 0.0610274 0.073276 0.0732759 0.0732759 0.0732759 0.0732759 5.36259e-12 
2024  0 0.0610274 0.073276 0.0697184 0.0697865 0.0698112 0.0699806 9.45306e-05 
2025  0 0.0610274 0.073276 0.0645146 0.0646824 0.0647441 0.0651573 0.0002302 
2026  0 0.0610274 0.073276 0.0604269 0.0608036 0.0609496 0.0618666 0.000514165 
2027  0 0.0610274 0.073276 0.0572134 0.0580187 0.0583013 0.0601711 0.00104766 
2028  0 0.0610274 0.073276 0.0546659 0.0562307 0.056722 0.0601051 0.00192245 
2029  0 0.0610274 0.073276 0.0526557 0.055325 0.0561226 0.0615528 0.00310629 
2030  0 0.0610274 0.073276 0.0511845 0.0552845 0.0563277 0.0647377 0.00438028 
2031  0 0.0610274 0.073276 0.0501243 0.0558483 0.0570829 0.0677459 0.00553424 
2032  0 0.0610274 0.073276 0.0493709 0.0568625 0.0581236 0.0713689 0.00642421 
2033  0 0.0610274 0.073276 0.0492514 0.0580328 0.0592529 0.073276 0.00704777 

Total_BiomassModel_1_goa_nr_2020.dat
Year B100 Babc Bofl LowCI_Biom Median_Biom Mean_Biom UpperCI_Biom Stdev_Biom 
2020 421.458 106.088 97.1138 106.12 106.12 106.12 106.12 1.26477e-12 
2021 421.458 106.088 97.1138 102.491 102.758 102.903 103.767 0.480262 
2022 421.458 106.088 97.1138 95.1975 96.1091 96.4818 98.9013 1.31653 
2023 421.458 106.088 97.1138 88.9122 90.8694 91.5992 96.0092 2.57245 
2024 421.458 106.088 97.1138 83.6288 87.0415 88.123 95.4943 4.13272 
2025 421.458 106.088 97.1138 79.3586 84.6557 86.0933 96.8911 5.88123 
2026 421.458 106.088 97.1138 76.343 83.6211 85.3592 98.8753 7.68282 
2027 421.458 106.088 97.1138 74.0006 83.6626 85.6146 102.543 9.43854 
2028 421.458 106.088 97.1138 72.7539 84.2881 86.5474 106.092 11.0227 
2029 421.458 106.088 97.1138 72.2552 85.5827 87.9007 109.897 12.3587 
2030 421.458 106.088 97.1138 72.3353 86.7505 89.4293 114.137 13.4325 
2031 421.458 106.088 97.1138 72.5377 88.6145 91.0038 116.767 14.2646 
2032 421.458 106.088 97.1138 72.7072 90.3704 92.4947 119.186 14.9108 
2033 421.458 106.088 97.1138 73.0116 91.6209 93.8453 120.685 15.4059 
Alternative 7 Alternative  Stock: Model_1_goa_nr_2020.dat
Catch Model_1_goa_nr_2020.dat
Year C0 Cabc Cofl LowCI_Catch Median_Catch Mean_Catch UpperCI_Catch Stdev_Catch 
2020  0 4.93127 5.27286 2.38492 2.38492 2.38492 2.38492 1.33227e-15 
2021  0 4.93127 5.27286 5.37014 5.37014 5.37014 5.37015 1.6051e-06 
2022  0 4.93127 5.27286 4.98299 4.983 4.983 4.98304 2.00995e-05 
2023  0 4.93127 5.27286 5.55849 5.55862 5.55868 5.55907 0.000212373 
2024  0 4.93127 5.27286 5.04301 5.0486 5.0507 5.06491 0.0079204 
2025  0 4.93127 5.27286 4.38317 4.39933 4.40561 4.44729 0.0230934 
2026  0 4.93127 5.27286 3.89615 3.94732 3.96743 4.09968 0.0744235 
2027  0 4.93127 5.27286 3.51248 3.66257 3.7194 4.10285 0.216891 
2028  0 4.93127 5.27286 3.20675 3.50768 3.63714 4.38139 0.437865 
2029  0 4.93127 5.27286 2.97937 3.48486 3.66744 4.85208 0.663684 
2030  0 4.93127 5.27286 2.84753 3.53516 3.76725 5.29111 0.853621 
2031  0 4.93127 5.27286 2.75363 3.6481 3.90031 5.76025 0.994367 
2032  0 4.93127 5.27286 2.70294 3.80377 4.04526 6.15107 1.09378 
2033  0 4.93127 5.27286 2.69002 3.94997 4.19589 6.44155 1.16737 

Spawning_Biomass Model_1_goa_nr_2020.dat
Year SSB100 SSBabc SSBofl LowCI_SSB Median_SSB Mean_SSB UpperCI_SSB Stdev_SSB 
2020 84.8317 33.9327 29.6911 45.176 45.176 45.176 45.176 1.0445e-12 
2021 84.8317 33.9327 29.6911 42.5148 42.5153 42.5155 42.5171 0.000878435 
2022 84.8317 33.9327 29.6911 39.1609 39.1637 39.1648 39.1729 0.0043282 
2023 84.8317 33.9327 29.6911 36.054 36.0644 36.0683 36.095 0.0149848 
2024 84.8317 33.9327 29.6911 33.1164 33.1464 33.1572 33.2317 0.0415629 
2025 84.8317 33.9327 29.6911 30.7048 30.7785 30.8057 30.9873 0.101164 
2026 84.8317 33.9327 29.6911 28.8061 28.9717 29.0358 29.4387 0.225924 
2027 84.8317 33.9327 29.6911 27.3085 27.6622 27.7864 28.6078 0.460256 
2028 84.8317 33.9327 29.6911 26.1169 26.804 27.0199 28.5049 0.844249 
2029 84.8317 33.9327 29.6911 25.1729 26.3448 26.6977 29.0765 1.3812 
2030 84.8317 33.9327 29.6911 24.4751 26.2743 26.7515 30.4264 2.0159 
2031 84.8317 33.9327 29.6911 23.9679 26.4784 27.0761 31.6961 2.64989 
2032 84.8317 33.9327 29.6911 23.596 26.8857 27.5529 33.2451 3.19354 
2033 84.8317 33.9327 29.6911 23.5163 27.3641 28.0846 34.3667 3.60567 

Fishing_mortalityModel_1_goa_nr_2020.dat
Year F0 Fabc Fofl LowCI_F Median_F Mean_F UpperCI_F Stdev_F 
2020  0 0.0610274 0.073276 0.0254399 0.0254399 0.0254399 0.0254399 2.08167e-16 
2021  0 0.0610274 0.073276 0.0610274 0.0610274 0.0610274 0.0610274 1.67151e-14 
2022  0 0.0610274 0.073276 0.0610274 0.0610274 0.0610274 0.0610274 2.22307e-13 
2023  0 0.0610274 0.073276 0.0732759 0.0732759 0.0732759 0.0732759 5.24835e-12 
2024  0 0.0610274 0.073276 0.0714207 0.0714888 0.0715134 0.0716828 9.44784e-05 
2025  0 0.0610274 0.073276 0.0659387 0.0661064 0.066168 0.0665808 0.00022996 
2026  0 0.0610274 0.073276 0.0616227 0.0619991 0.0621448 0.0630607 0.000513554 
2027  0 0.0610274 0.073276 0.0582184 0.0590226 0.0593048 0.0611719 0.00104622 
2028  0 0.0610274 0.073276 0.0555099 0.0570717 0.0575625 0.060938 0.00191908 
2029  0 0.0610274 0.073276 0.053364 0.0560278 0.0568213 0.0622373 0.00308863 
2030  0 0.0610274 0.073276 0.0517779 0.0558677 0.0569044 0.0653059 0.0043544 
2031  0 0.0610274 0.073276 0.050625 0.0563316 0.0575502 0.0681921 0.00549006 
2032  0 0.0610274 0.073276 0.0497795 0.0572573 0.0584995 0.0717131 0.00637439 
2033  0 0.0610274 0.073276 0.0495983 0.0583448 0.0595519 0.073276 0.00699578 

Total_BiomassModel_1_goa_nr_2020.dat
Year B100 Babc Bofl LowCI_Biom Median_Biom Mean_Biom UpperCI_Biom Stdev_Biom 
2020 421.458 106.088 97.1138 106.12 106.12 106.12 106.12 1.26477e-12 
2021 421.458 106.088 97.1138 102.491 102.758 102.903 103.767 0.480262 
2022 421.458 106.088 97.1138 96.2239 97.1356 97.5082 99.9277 1.31653 
2023 421.458 106.088 97.1138 90.7794 92.7366 93.4663 97.8764 2.57245 
2024 421.458 106.088 97.1138 85.2895 88.7022 89.7836 97.155 4.13273 
2025 421.458 106.088 97.1138 80.722 86.019 87.4565 98.2542 5.88109 
2026 421.458 106.088 97.1138 77.4688 84.7467 86.4844 100 7.68231 
2027 421.458 106.088 97.1138 74.9336 84.5915 86.5458 103.472 9.437 
2028 421.458 106.088 97.1138 73.5302 85.0614 87.3179 106.86 11.0187 
2029 421.458 106.088 97.1138 72.8966 86.2213 88.536 110.521 12.3508 
2030 421.458 106.088 97.1138 72.8642 87.2885 89.9505 114.643 13.4212 
2031 421.458 106.088 97.1138 72.9863 89.0514 91.4289 117.161 14.251 
2032 421.458 106.088 97.1138 73.0665 90.6982 92.8397 119.485 14.8971 
2033 421.458 106.088 97.1138 73.3175 91.8874 94.1238 120.953 15.3929 
