Alternative 1 Catch
     Model_1_goa_nr_2022.dat 
Equil_Fabc 4.75074 
Year 
2022 1.89847 
2023 1.44052 
2024 2.192 
2025 2.048 
2026 4.51837 
2027 4.23264 
2028 3.83514 
2029 3.59432 
2030 3.49482 
2031 3.49416 
2032 3.55424 
2033 3.64489 
2034 3.74632 
2035 3.85251 

Alternative 1 ABCs
     Model_1_goa_nr_2022.dat 

Year 
2022  NA 
2023  NA 
2024  NA 
2025  NA 
2026 4.51837 
2027 4.23264 
2028 3.83514 
2029 3.59432 
2030 3.49482 
2031 3.49416 
2032 3.55424 
2033 3.64489 
2034 3.74632 
2035 3.85251 

Alternative 1 TACs
     Model_1_goa_nr_2022.dat 

Year 
2022  NA 
2023  NA 
2024  NA 
2025  NA 
2026 4.51837 
2027 4.23264 
2028 3.83514 
2029 3.59432 
2030 3.49482 
2031 3.49416 
2032 3.55424 
2033 3.64489 
2034 3.74632 
2035 3.85251 

Alternative 1 Sp_Biomass
     Model_1_goa_nr_2022.dat 
Equil_Fabc 32.9399 
Year 
2022 41.416 
2023 39.6882 
2024 38.1183 
2025 36.5105 
2026 34.7595 
2027 32.5663 
2028 30.8183 
2029 29.5563 
2030 28.7508 
2031 28.3677 
2032 28.3466 
2033 28.5936 
2034 29.0018 
2035 29.4823 

Alternative 1 Fishing Mortality
     Model_1_goa_nr_2022.dat 
Equil_Fabc 0.0612999 
Year 
2022 0.0220775 
2023 0.017392 
2024 0.027447 
2025 0.0265667 
2026 0.0612999 
2027 0.0605656 
2028 0.0571438 
2029 0.0546717 
2030 0.0530888 
2031 0.0523085 
2032 0.0521742 
2033 0.0524844 
2034 0.0530261 
2035 0.0536454 

Alternative 1 Biomass
     Model_1_goa_nr_2022.dat 

Year 
2022 97.9501 
2023 95.5547 
2024 94.3194 
2025 93.0879 
2026 92.7499 
2027 90.6167 
2028 89.4154 
2029 89.1739 
2030 89.616 
2031 90.5148 
2032 91.6416 
2033 92.8835 
2034 94.114 
2035 95.2786 

Alternative 1 Implied SPR rate 
     Model_1_goa_nr_2022.dat 
Equil_Fabc 0.4 
Year 
2022 0.672843 
2023 0.72574 
2024 0.619674 
2025 0.627904 
2026 0.4 
2027 0.403343 
2028 0.419538 
2029 0.431927 
2030 0.440241 
2031 0.444575 
2032 0.445575 
2033 0.444231 
2034 0.441627 
2035 0.43856 

  Model_1_goa_nr_2022.dat 
EquilAvgAgeF0  16.428 
EquilAvgAgeFabc  9.65465 
AvgAgeYr2035 10.6455 
Alternative 2 Catch
     Model_1_goa_nr_2022.dat 
Equil_Fabc 4.75074 
Year 
2022 1.89847 
2023 1.44052 
2024 2.192 
2025 2.048 
2026 4.51837 
2027 4.23264 
2028 3.83514 
2029 3.59432 
2030 3.49482 
2031 3.49416 
2032 3.55424 
2033 3.64489 
2034 3.74632 
2035 3.85251 

Alternative 2 ABCs
     Model_1_goa_nr_2022.dat 

Year 
2022  NA 
2023  NA 
2024  NA 
2025  NA 
2026 4.51837 
2027 4.23264 
2028 3.83514 
2029 3.59432 
2030 3.49482 
2031 3.49416 
2032 3.55424 
2033 3.64489 
2034 3.74632 
2035 3.85251 

Alternative 2 TACs
     Model_1_goa_nr_2022.dat 

Year 
2022  NA 
2023  NA 
2024  NA 
2025  NA 
2026 4.51837 
2027 4.23264 
2028 3.83514 
2029 3.59432 
2030 3.49482 
2031 3.49416 
2032 3.55424 
2033 3.64489 
2034 3.74632 
2035 3.85251 

Alternative 2 Sp_Biomass
     Model_1_goa_nr_2022.dat 
Equil_Fabc 32.9399 
Year 
2022 41.416 
2023 39.6882 
2024 38.1183 
2025 36.5105 
2026 34.7595 
2027 32.5663 
2028 30.8183 
2029 29.5563 
2030 28.7508 
2031 28.3677 
2032 28.3466 
2033 28.5936 
2034 29.0018 
2035 29.4823 

Alternative 2 Fishing Mortality
     Model_1_goa_nr_2022.dat 
Equil_Fabc 0.0612999 
Year 
2022 0.0220775 
2023 0.017392 
2024 0.027447 
2025 0.0265667 
2026 0.0612999 
2027 0.0605656 
2028 0.0571438 
2029 0.0546717 
2030 0.0530888 
2031 0.0523085 
2032 0.0521742 
2033 0.0524844 
2034 0.0530261 
2035 0.0536454 

Alternative 2 Biomass
     Model_1_goa_nr_2022.dat 

Year 
2022 97.9501 
2023 95.5547 
2024 94.3194 
2025 93.0879 
2026 92.7499 
2027 90.6167 
2028 89.4154 
2029 89.1739 
2030 89.616 
2031 90.5148 
2032 91.6416 
2033 92.8835 
2034 94.114 
2035 95.2786 

Alternative 2 Implied SPR rate 
     Model_1_goa_nr_2022.dat 
Equil_Fabc 0.4 
Year 
2022 0.672843 
2023 0.72574 
2024 0.619674 
2025 0.627904 
2026 0.4 
2027 0.403343 
2028 0.419538 
2029 0.431927 
2030 0.440241 
2031 0.444575 
2032 0.445575 
2033 0.444231 
2034 0.441627 
2035 0.43856 

  Model_1_goa_nr_2022.dat 
EquilAvgAgeF0  16.428 
EquilAvgAgeFabc  9.65465 
AvgAgeYr2035 10.6455 
Alternative 3 Catch
     Model_1_goa_nr_2022.dat 
Equil_Fabc 4.75074 
Year 
2022 1.89847 
2023 1.44052 
2024 2.192 
2025 2.048 
2026 2.29264 
2027 2.23681 
2028 2.17906 
2029 2.13585 
2030 2.15003 
2031 2.20237 
2032 2.27284 
2033 2.34675 
2034 2.41943 
2035 2.49247 

Alternative 3 ABCs
     Model_1_goa_nr_2022.dat 

Year 
2022  NA 
2023  NA 
2024  NA 
2025  NA 
2026 2.29264 
2027 2.23681 
2028 2.17906 
2029 2.13585 
2030 2.15003 
2031 2.20237 
2032 2.27284 
2033 2.34675 
2034 2.41943 
2035 2.49247 

Alternative 3 TACs
     Model_1_goa_nr_2022.dat 

Year 
2022  NA 
2023  NA 
2024  NA 
2025  NA 
2026 2.29264 
2027 2.23681 
2028 2.17906 
2029 2.13585 
2030 2.15003 
2031 2.20237 
2032 2.27284 
2033 2.34675 
2034 2.41943 
2035 2.49247 

Alternative 3 Sp_Biomass
     Model_1_goa_nr_2022.dat 
Equil_Fabc 32.9399 
Year 
2022 41.416 
2023 39.6882 
2024 38.1183 
2025 36.5105 
2026 35.1116 
2027 33.8822 
2028 32.9465 
2029 32.3385 
2030 32.0843 
2031 32.1869 
2032 32.6186 
2033 33.3103 
2034 34.1685 
2035 35.1073 

Alternative 3 Fishing Mortality
     Model_1_goa_nr_2022.dat 
Equil_Fabc 0.0612999 
Year 
2022 0.0220775 
2023 0.017392 
2024 0.027447 
2025 0.0265667 
2026 0.0306499 
2027 0.0306499 
2028 0.0303201 
2029 0.029734 
2030 0.0294418 
2031 0.0293885 
2032 0.0294763 
2033 0.0296141 
2034 0.0297693 
2035 0.029924 

Alternative 3 Biomass
     Model_1_goa_nr_2022.dat 

Year 
2022 97.9501 
2023 95.5547 
2024 94.3194 
2025 93.0879 
2026 92.7499 
2027 92.8266 
2028 93.5275 
2029 94.782 
2030 96.4714 
2031 98.4639 
2032 100.599 
2033 102.809 
2034 104.997 
2035 107.118 

Alternative 3 Implied SPR rate 
     Model_1_goa_nr_2022.dat 
Equil_Fabc 0.4 
Year 
2022 0.672843 
2023 0.72574 
2024 0.619674 
2025 0.627904 
2026 0.591179 
2027 0.591179 
2028 0.594016 
2029 0.599117 
2030 0.601708 
2031 0.602217 
2032 0.601482 
2033 0.600297 
2034 0.598947 
2035 0.597598 

  Model_1_goa_nr_2022.dat 
EquilAvgAgeF0  16.428 
EquilAvgAgeFabc  9.65465 
AvgAgeYr2035 11.5779 
Alternative 4 Catch
     Model_1_goa_nr_2022.dat 
Equil_Fabc 4.75074 
Year 
2022 1.89847 
2023 1.44052 
2024 2.192 
2025 2.048 
2026 1.85517 
2027 1.82016 
2028 1.80162 
2029 1.80778 
2030 1.84222 
2031 1.89332 
2032 1.95098 
2033 2.00887 
2034 2.06504 
2035 2.12174 

Alternative 4 ABCs
     Model_1_goa_nr_2022.dat 

Year 
2022  NA 
2023  NA 
2024  NA 
2025  NA 
2026 1.85517 
2027 1.82016 
2028 1.80162 
2029 1.80778 
2030 1.84222 
2031 1.89332 
2032 1.95098 
2033 2.00887 
2034 2.06504 
2035 2.12174 

Alternative 4 TACs
     Model_1_goa_nr_2022.dat 

Year 
2022  NA 
2023  NA 
2024  NA 
2025  NA 
2026 1.85517 
2027 1.82016 
2028 1.80162 
2029 1.80778 
2030 1.84222 
2031 1.89332 
2032 1.95098 
2033 2.00887 
2034 2.06504 
2035 2.12174 

Alternative 4 Sp_Biomass
     Model_1_goa_nr_2022.dat 
Equil_Fabc 32.9399 
Year 
2022 41.416 
2023 39.6882 
2024 38.1183 
2025 36.5105 
2026 35.1799 
2027 34.1441 
2028 33.3836 
2029 32.9259 
2030 32.7982 
2031 33.0161 
2032 33.5615 
2033 34.371 
2034 35.3533 
2035 36.4218 

Alternative 4 Fishing Mortality
     Model_1_goa_nr_2022.dat 
Equil_Fabc 0.0612999 
Year 
2022 0.0220775 
2023 0.017392 
2024 0.027447 
2025 0.0265667 
2026 0.0247309 
2027 0.0247309 
2028 0.0247309 
2029 0.0247309 
2030 0.0247309 
2031 0.0247309 
2032 0.0247309 
2033 0.0247309 
2034 0.0247309 
2035 0.0247309 

Alternative 4 Biomass
     Model_1_goa_nr_2022.dat 

Year 
2022 97.9501 
2023 95.5547 
2024 94.3194 
2025 93.0879 
2026 92.7499 
2027 93.261 
2028 94.3599 
2029 95.9592 
2030 97.9319 
2031 100.178 
2032 102.56 
2033 105.023 
2034 107.471 
2035 109.861 

Alternative 4 Implied SPR rate 
     Model_1_goa_nr_2022.dat 
Equil_Fabc 0.4 
Year 
2022 0.672843 
2023 0.72574 
2024 0.619674 
2025 0.627904 
2026 0.645662 
2027 0.645662 
2028 0.645662 
2029 0.645662 
2030 0.645662 
2031 0.645662 
2032 0.645662 
2033 0.645662 
2034 0.645662 
2035 0.645662 

  Model_1_goa_nr_2022.dat 
EquilAvgAgeF0  16.428 
EquilAvgAgeFabc  9.65465 
AvgAgeYr2035 11.7813 
Alternative 5 Catch
     Model_1_goa_nr_2022.dat 
Equil_Fabc 4.75074 
Year 
2022 1.89847 
2023 1.44052 
2024 2.192 
2025 2.048 
2026  NA 
2027  NA 
2028  NA 
2029  NA 
2030  NA 
2031  NA 
2032  NA 
2033  NA 
2034  NA 
2035  NA 

Alternative 5 ABCs
     Model_1_goa_nr_2022.dat 

Year 
2022  NA 
2023  NA 
2024  NA 
2025  NA 
2026  NA 
2027  NA 
2028  NA 
2029  NA 
2030  NA 
2031  NA 
2032  NA 
2033  NA 
2034  NA 
2035  NA 

Alternative 5 TACs
     Model_1_goa_nr_2022.dat 

Year 
2022  NA 
2023  NA 
2024  NA 
2025  NA 
2026  NA 
2027  NA 
2028  NA 
2029  NA 
2030  NA 
2031  NA 
2032  NA 
2033  NA 
2034  NA 
2035  NA 

Alternative 5 Sp_Biomass
     Model_1_goa_nr_2022.dat 
Equil_Fabc 32.9399 
Year 
2022 41.416 
2023 39.6882 
2024 38.1183 
2025 36.5105 
2026 35.4672 
2027 35.2607 
2028 35.2912 
2029 35.5941 
2030 36.2055 
2031 37.1527 
2032 38.4306 
2033 39.9851 
2034 41.7273 
2035 43.5673 

Alternative 5 Fishing Mortality
     Model_1_goa_nr_2022.dat 
Equil_Fabc 0.0612999 
Year 
2022 0.0220775 
2023 0.017392 
2024 0.027447 
2025 0.0265667 
2026  NA 
2027  NA 
2028  NA 
2029  NA 
2030  NA 
2031  NA 
2032  NA 
2033  NA 
2034  NA 
2035  NA 

Alternative 5 Biomass
     Model_1_goa_nr_2022.dat 

Year 
2022 97.9501 
2023 95.5547 
2024 94.3194 
2025 93.0879 
2026 92.7499 
2027 95.1034 
2028 97.9431 
2029 101.201 
2030 104.781 
2031 108.614 
2032 112.582 
2033 116.636 
2034 120.678 
2035 124.661 

Alternative 5 Implied SPR rate 
     Model_1_goa_nr_2022.dat 
Equil_Fabc 0.4 
Year 
2022 0.672843 
2023 0.72574 
2024 0.619674 
2025 0.627904 
2026 1 
2027 1 
2028 1 
2029 1 
2030 1 
2031 1 
2032 1 
2033 1 
2034 1 
2035 1 

  Model_1_goa_nr_2022.dat 
EquilAvgAgeF0  16.428 
EquilAvgAgeFabc  9.65465 
AvgAgeYr2035 12.8193 
Alternative 6 Catch
     Model_1_goa_nr_2022.dat 
Equil_Fabc 4.75074 
Year 
2022 1.89847 
2023 5.93368 
2024 5.44581 
2025 4.9751 
2026 4.28932 
2027 3.80821 
2028 3.48815 
2029 3.31757 
2030 3.28484 
2031 3.35052 
2032 3.47675 
2033 3.63136 
2034 3.79245 
2035 3.95392 

Alternative 6 ABCs
     Model_1_goa_nr_2022.dat 

Year 
2022 6.17422 
2023 5.93369 
2024 5.44582 
2025 4.9751 
2026 4.28932 
2027 3.80821 
2028 3.48815 
2029 3.31757 
2030 3.28484 
2031 3.35052 
2032 3.47675 
2033 3.63136 
2034 3.79245 
2035 3.95392 

Alternative 6 TACs
     Model_1_goa_nr_2022.dat 

Year 
2022  NA 
2023 5.93369 
2024 5.44582 
2025 4.9751 
2026 4.28932 
2027 3.80821 
2028 3.48815 
2029 3.31757 
2030 3.28484 
2031 3.35052 
2032 3.47675 
2033 3.63136 
2034 3.79245 
2035 3.95392 

Alternative 6 Sp_Biomass
     Model_1_goa_nr_2022.dat 
Equil_Fabc 32.9399 
Year 
2022 41.416 
2023 38.9574 
2024 35.5235 
2025 32.5493 
2026 30.087 
2027 28.187 
2028 26.7842 
2029 25.8374 
2030 25.3172 
2031 25.1876 
2032 25.3847 
2033 25.8118 
2034 26.3611 
2035 26.9455 

Alternative 6 Fishing Mortality
     Model_1_goa_nr_2022.dat 
Equil_Fabc 0.0612999 
Year 
2022 0.0220775 
2023 0.0736156 
2024 0.0736156 
2025 0.072697 
2026 0.0669044 
2027 0.0624347 
2028 0.0591346 
2029 0.0569073 
2030 0.0556836 
2031 0.055376 
2032 0.0558086 
2033 0.0567383 
2034 0.0579101 
2035 0.0591398 

Alternative 6 Biomass
     Model_1_goa_nr_2022.dat 

Year 
2022 97.9501 
2023 95.5547 
2024 89.8782 
2025 85.6136 
2026 82.6927 
2027 81.2168 
2028 80.8537 
2029 81.3492 
2030 82.4342 
2031 83.8851 
2032 85.4741 
2033 87.0892 
2034 88.6081 
2035 89.9828 

Alternative 6 Implied SPR rate 
     Model_1_goa_nr_2022.dat 
Equil_Fabc 0.4 
Year 
2022 0.672843 
2023 0.35 
2024 0.35 
2025 0.353373 
2026 0.375904 
2027 0.394924 
2028 0.409997 
2029 0.420734 
2030 0.426924 
2031 0.428744 
2032 0.426994 
2033 0.422875 
2034 0.417613 
2035 0.412086 

  Model_1_goa_nr_2022.dat 
EquilAvgAgeF0  16.428 
EquilAvgAgeFabc  9.65465 
AvgAgeYr2035 10.0849 
Alternative 7 Catch
     Model_1_goa_nr_2022.dat 
Equil_Fabc 4.75074 
Year 
2022 1.89847 
2023 4.97041 
2024 4.61622 
2025 5.15447 
2026 4.48212 
2027 3.96019 
2028 3.61009 
2029 3.41725 
2030 3.36772 
2031 3.41991 
2032 3.53472 
2033 3.6793 
2034 3.83177 
2035 3.98584 

Alternative 7 ABCs
     Model_1_goa_nr_2022.dat 

Year 
2022 6.17422 
2023 5.93369 
2024 5.51095 
2025 5.15447 
2026 4.48212 
2027 3.96019 
2028 3.61009 
2029 3.41725 
2030 3.36772 
2031 3.41991 
2032 3.53472 
2033 3.6793 
2034 3.83177 
2035 3.98584 

Alternative 7 TACs
     Model_1_goa_nr_2022.dat 

Year 
2022  NA 
2023 5.93369 
2024 5.51095 
2025 5.15447 
2026 4.48212 
2027 3.96019 
2028 3.61009 
2029 3.41725 
2030 3.36772 
2031 3.41991 
2032 3.53472 
2033 3.6793 
2034 3.83177 
2035 3.98584 

Alternative 7 Sp_Biomass
     Model_1_goa_nr_2022.dat 
Equil_Fabc 32.9399 
Year 
2022 41.416 
2023 39.1163 
2024 36.1024 
2025 33.3288 
2026 30.757 
2027 28.7511 
2028 27.26 
2029 26.2383 
2030 25.654 
2031 25.4689 
2032 25.6181 
2033 26.0039 
2034 26.518 
2035 27.0727 

Alternative 7 Fishing Mortality
     Model_1_goa_nr_2022.dat 
Equil_Fabc 0.0612999 
Year 
2022 0.0220775 
2023 0.0612999 
2024 0.0612999 
2025 0.0736156 
2026 0.0684806 
2027 0.0637616 
2028 0.0602538 
2029 0.0578504 
2030 0.0564757 
2031 0.0560366 
2032 0.0563541 
2033 0.0571822 
2034 0.0582672 
2035 0.0594239 

Alternative 7 Biomass
     Model_1_goa_nr_2022.dat 

Year 
2022 97.9501 
2023 95.5547 
2024 90.8301 
2025 87.3466 
2026 84.1746 
2027 82.4416 
2028 81.87 
2029 82.194 
2030 83.1356 
2031 84.4652 
2032 85.9511 
2033 87.479 
2034 88.9248 
2035 90.2386 

Alternative 7 Implied SPR rate 
     Model_1_goa_nr_2022.dat 
Equil_Fabc 0.4 
Year 
2022 0.672843 
2023 0.4 
2024 0.4 
2025 0.35 
2026 0.369548 
2027 0.389119 
2028 0.404785 
2029 0.416147 
2030 0.422973 
2031 0.425417 
2032 0.424255 
2033 0.420667 
2034 0.415859 
2035 0.41071 

  Model_1_goa_nr_2022.dat 
EquilAvgAgeF0  16.428 
EquilAvgAgeFabc  9.65465 
AvgAgeYr2035 10.1251 
