Model_1_goa_nr_2022.dat 1 2022 Cabc 4.75074
Model_1_goa_nr_2022.dat 1 2022 Cofl 5.07516
Model_1_goa_nr_2022.dat 1 2022 CLCI 1.89847
Model_1_goa_nr_2022.dat 1 2022 CUCI 1.89847
Model_1_goa_nr_2022.dat 1 2022 CMedian 1.89847
Model_1_goa_nr_2022.dat 1 2022 CMean 1.89847
Model_1_goa_nr_2022.dat 1 2023 Cabc 4.75074
Model_1_goa_nr_2022.dat 1 2023 Cofl 5.07516
Model_1_goa_nr_2022.dat 1 2023 CLCI 1.44052
Model_1_goa_nr_2022.dat 1 2023 CUCI 1.44052
Model_1_goa_nr_2022.dat 1 2023 CMedian 1.44052
Model_1_goa_nr_2022.dat 1 2023 CMean 1.44052
Model_1_goa_nr_2022.dat 1 2024 Cabc 4.75074
Model_1_goa_nr_2022.dat 1 2024 Cofl 5.07516
Model_1_goa_nr_2022.dat 1 2024 CLCI 2.192
Model_1_goa_nr_2022.dat 1 2024 CUCI 2.192
Model_1_goa_nr_2022.dat 1 2024 CMedian 2.192
Model_1_goa_nr_2022.dat 1 2024 CMean 2.192
Model_1_goa_nr_2022.dat 1 2025 Cabc 4.75074
Model_1_goa_nr_2022.dat 1 2025 Cofl 5.07516
Model_1_goa_nr_2022.dat 1 2025 CLCI 2.048
Model_1_goa_nr_2022.dat 1 2025 CUCI 2.048
Model_1_goa_nr_2022.dat 1 2025 CMedian 2.048
Model_1_goa_nr_2022.dat 1 2025 CMean 2.048
Model_1_goa_nr_2022.dat 1 2026 Cabc 4.75074
Model_1_goa_nr_2022.dat 1 2026 Cofl 5.07516
Model_1_goa_nr_2022.dat 1 2026 CLCI 4.51725
Model_1_goa_nr_2022.dat 1 2026 CUCI 4.52067
Model_1_goa_nr_2022.dat 1 2026 CMedian 4.51803
Model_1_goa_nr_2022.dat 1 2026 CMean 4.51837
Model_1_goa_nr_2022.dat 1 2027 Cabc 4.75074
Model_1_goa_nr_2022.dat 1 2027 Cofl 5.07516
Model_1_goa_nr_2022.dat 1 2027 CLCI 4.21316
Model_1_goa_nr_2022.dat 1 2027 CUCI 4.26837
Model_1_goa_nr_2022.dat 1 2027 CMedian 4.22749
Model_1_goa_nr_2022.dat 1 2027 CMean 4.23264
Model_1_goa_nr_2022.dat 1 2028 Cabc 4.75074
Model_1_goa_nr_2022.dat 1 2028 Cofl 5.07516
Model_1_goa_nr_2022.dat 1 2028 CLCI 3.77637
Model_1_goa_nr_2022.dat 1 2028 CUCI 3.94312
Model_1_goa_nr_2022.dat 1 2028 CMedian 3.81852
Model_1_goa_nr_2022.dat 1 2028 CMean 3.83514
Model_1_goa_nr_2022.dat 1 2029 Cabc 4.75074
Model_1_goa_nr_2022.dat 1 2029 Cofl 5.07516
Model_1_goa_nr_2022.dat 1 2029 CLCI 3.42669
Model_1_goa_nr_2022.dat 1 2029 CUCI 3.90864
Model_1_goa_nr_2022.dat 1 2029 CMedian 3.54904
Model_1_goa_nr_2022.dat 1 2029 CMean 3.59432
Model_1_goa_nr_2022.dat 1 2030 Cabc 4.75074
Model_1_goa_nr_2022.dat 1 2030 Cofl 5.07516
Model_1_goa_nr_2022.dat 1 2030 CLCI 3.14045
Model_1_goa_nr_2022.dat 1 2030 CUCI 4.10902
Model_1_goa_nr_2022.dat 1 2030 CMedian 3.39339
Model_1_goa_nr_2022.dat 1 2030 CMean 3.49482
Model_1_goa_nr_2022.dat 1 2031 Cabc 4.75074
Model_1_goa_nr_2022.dat 1 2031 Cofl 5.07516
Model_1_goa_nr_2022.dat 1 2031 CLCI 2.91712
Model_1_goa_nr_2022.dat 1 2031 CUCI 4.49963
Model_1_goa_nr_2022.dat 1 2031 CMedian 3.34366
Model_1_goa_nr_2022.dat 1 2031 CMean 3.49416
Model_1_goa_nr_2022.dat 1 2032 Cabc 4.75074
Model_1_goa_nr_2022.dat 1 2032 Cofl 5.07516
Model_1_goa_nr_2022.dat 1 2032 CLCI 2.77971
Model_1_goa_nr_2022.dat 1 2032 CUCI 4.89943
Model_1_goa_nr_2022.dat 1 2032 CMedian 3.36472
Model_1_goa_nr_2022.dat 1 2032 CMean 3.55424
Model_1_goa_nr_2022.dat 1 2033 Cabc 4.75074
Model_1_goa_nr_2022.dat 1 2033 Cofl 5.07516
Model_1_goa_nr_2022.dat 1 2033 CLCI 2.67139
Model_1_goa_nr_2022.dat 1 2033 CUCI 5.20674
Model_1_goa_nr_2022.dat 1 2033 CMedian 3.44474
Model_1_goa_nr_2022.dat 1 2033 CMean 3.64489
Model_1_goa_nr_2022.dat 1 2034 Cabc 4.75074
Model_1_goa_nr_2022.dat 1 2034 Cofl 5.07516
Model_1_goa_nr_2022.dat 1 2034 CLCI 2.60697
Model_1_goa_nr_2022.dat 1 2034 CUCI 5.43964
Model_1_goa_nr_2022.dat 1 2034 CMedian 3.5662
Model_1_goa_nr_2022.dat 1 2034 CMean 3.74632
Model_1_goa_nr_2022.dat 1 2035 Cabc 4.75074
Model_1_goa_nr_2022.dat 1 2035 Cofl 5.07516
Model_1_goa_nr_2022.dat 1 2035 CLCI 2.57834
Model_1_goa_nr_2022.dat 1 2035 CUCI 5.5196
Model_1_goa_nr_2022.dat 1 2035 CMedian 3.69144
Model_1_goa_nr_2022.dat 1 2035 CMean 3.85251
Model_1_goa_nr_2022.dat 1 2022 SSBF100 82.3497
Model_1_goa_nr_2022.dat 1 2022 SSBFabc 32.9399
Model_1_goa_nr_2022.dat 1 2022 SSBFofl 28.8224
Model_1_goa_nr_2022.dat 1 2022 SSBLCI 41.416
Model_1_goa_nr_2022.dat 1 2022 SSBUCI 41.416
Model_1_goa_nr_2022.dat 1 2022 SSBMedian 41.416
Model_1_goa_nr_2022.dat 1 2022 SSBMean 41.416
Model_1_goa_nr_2022.dat 1 2023 SSBF100 82.3497
Model_1_goa_nr_2022.dat 1 2023 SSBFabc 32.9399
Model_1_goa_nr_2022.dat 1 2023 SSBFofl 28.8224
Model_1_goa_nr_2022.dat 1 2023 SSBLCI 39.6874
Model_1_goa_nr_2022.dat 1 2023 SSBUCI 39.6898
Model_1_goa_nr_2022.dat 1 2023 SSBMedian 39.6879
Model_1_goa_nr_2022.dat 1 2023 SSBMean 39.6882
Model_1_goa_nr_2022.dat 1 2024 SSBF100 82.3497
Model_1_goa_nr_2022.dat 1 2024 SSBFabc 32.9399
Model_1_goa_nr_2022.dat 1 2024 SSBFofl 28.8224
Model_1_goa_nr_2022.dat 1 2024 SSBLCI 38.1143
Model_1_goa_nr_2022.dat 1 2024 SSBUCI 38.126
Model_1_goa_nr_2022.dat 1 2024 SSBMedian 38.1171
Model_1_goa_nr_2022.dat 1 2024 SSBMean 38.1183
Model_1_goa_nr_2022.dat 1 2025 SSBF100 82.3497
Model_1_goa_nr_2022.dat 1 2025 SSBFabc 32.9399
Model_1_goa_nr_2022.dat 1 2025 SSBFofl 28.8224
Model_1_goa_nr_2022.dat 1 2025 SSBLCI 36.4967
Model_1_goa_nr_2022.dat 1 2025 SSBUCI 36.5361
Model_1_goa_nr_2022.dat 1 2025 SSBMedian 36.5068
Model_1_goa_nr_2022.dat 1 2025 SSBMean 36.5105
Model_1_goa_nr_2022.dat 1 2026 SSBF100 82.3497
Model_1_goa_nr_2022.dat 1 2026 SSBFabc 32.9399
Model_1_goa_nr_2022.dat 1 2026 SSBFofl 28.8224
Model_1_goa_nr_2022.dat 1 2026 SSBLCI 34.72
Model_1_goa_nr_2022.dat 1 2026 SSBUCI 34.8326
Model_1_goa_nr_2022.dat 1 2026 SSBMedian 34.7492
Model_1_goa_nr_2022.dat 1 2026 SSBMean 34.7595
Model_1_goa_nr_2022.dat 1 2027 SSBF100 82.3497
Model_1_goa_nr_2022.dat 1 2027 SSBFabc 32.9399
Model_1_goa_nr_2022.dat 1 2027 SSBFofl 28.8224
Model_1_goa_nr_2022.dat 1 2027 SSBLCI 32.4687
Model_1_goa_nr_2022.dat 1 2027 SSBUCI 32.7387
Model_1_goa_nr_2022.dat 1 2027 SSBMedian 32.5399
Model_1_goa_nr_2022.dat 1 2027 SSBMean 32.5663
Model_1_goa_nr_2022.dat 1 2028 SSBF100 82.3497
Model_1_goa_nr_2022.dat 1 2028 SSBFabc 32.9399
Model_1_goa_nr_2022.dat 1 2028 SSBFofl 28.8224
Model_1_goa_nr_2022.dat 1 2028 SSBLCI 30.6
Model_1_goa_nr_2022.dat 1 2028 SSBUCI 31.2006
Model_1_goa_nr_2022.dat 1 2028 SSBMedian 30.7571
Model_1_goa_nr_2022.dat 1 2028 SSBMean 30.8183
Model_1_goa_nr_2022.dat 1 2029 SSBF100 82.3497
Model_1_goa_nr_2022.dat 1 2029 SSBFabc 32.9399
Model_1_goa_nr_2022.dat 1 2029 SSBFofl 28.8224
Model_1_goa_nr_2022.dat 1 2029 SSBLCI 29.1035
Model_1_goa_nr_2022.dat 1 2029 SSBUCI 30.3317
Model_1_goa_nr_2022.dat 1 2029 SSBMedian 29.4403
Model_1_goa_nr_2022.dat 1 2029 SSBMean 29.5563
Model_1_goa_nr_2022.dat 1 2030 SSBF100 82.3497
Model_1_goa_nr_2022.dat 1 2030 SSBFabc 32.9399
Model_1_goa_nr_2022.dat 1 2030 SSBFofl 28.8224
Model_1_goa_nr_2022.dat 1 2030 SSBLCI 27.8937
Model_1_goa_nr_2022.dat 1 2030 SSBUCI 30.1588
Model_1_goa_nr_2022.dat 1 2030 SSBMedian 28.5424
Model_1_goa_nr_2022.dat 1 2030 SSBMean 28.7508
Model_1_goa_nr_2022.dat 1 2031 SSBF100 82.3497
Model_1_goa_nr_2022.dat 1 2031 SSBFabc 32.9399
Model_1_goa_nr_2022.dat 1 2031 SSBFofl 28.8224
Model_1_goa_nr_2022.dat 1 2031 SSBLCI 26.9189
Model_1_goa_nr_2022.dat 1 2031 SSBUCI 30.679
Model_1_goa_nr_2022.dat 1 2031 SSBMedian 28.0291
Model_1_goa_nr_2022.dat 1 2031 SSBMean 28.3677
Model_1_goa_nr_2022.dat 1 2032 SSBF100 82.3497
Model_1_goa_nr_2022.dat 1 2032 SSBFabc 32.9399
Model_1_goa_nr_2022.dat 1 2032 SSBFofl 28.8224
Model_1_goa_nr_2022.dat 1 2032 SSBLCI 26.1583
Model_1_goa_nr_2022.dat 1 2032 SSBUCI 31.851
Model_1_goa_nr_2022.dat 1 2032 SSBMedian 27.8835
Model_1_goa_nr_2022.dat 1 2032 SSBMean 28.3466
Model_1_goa_nr_2022.dat 1 2033 SSBF100 82.3497
Model_1_goa_nr_2022.dat 1 2033 SSBFabc 32.9399
Model_1_goa_nr_2022.dat 1 2033 SSBFofl 28.8224
Model_1_goa_nr_2022.dat 1 2033 SSBLCI 25.5576
Model_1_goa_nr_2022.dat 1 2033 SSBUCI 33.0324
Model_1_goa_nr_2022.dat 1 2033 SSBMedian 27.9983
Model_1_goa_nr_2022.dat 1 2033 SSBMean 28.5936
Model_1_goa_nr_2022.dat 1 2034 SSBF100 82.3497
Model_1_goa_nr_2022.dat 1 2034 SSBFabc 32.9399
Model_1_goa_nr_2022.dat 1 2034 SSBFofl 28.8224
Model_1_goa_nr_2022.dat 1 2034 SSBLCI 25.1225
Model_1_goa_nr_2022.dat 1 2034 SSBUCI 34.6146
Model_1_goa_nr_2022.dat 1 2034 SSBMedian 28.3365
Model_1_goa_nr_2022.dat 1 2034 SSBMean 29.0018
Model_1_goa_nr_2022.dat 1 2035 SSBF100 82.3497
Model_1_goa_nr_2022.dat 1 2035 SSBFabc 32.9399
Model_1_goa_nr_2022.dat 1 2035 SSBFofl 28.8224
Model_1_goa_nr_2022.dat 1 2035 SSBLCI 24.9396
Model_1_goa_nr_2022.dat 1 2035 SSBUCI 35.9561
Model_1_goa_nr_2022.dat 1 2035 SSBMedian 28.7498
Model_1_goa_nr_2022.dat 1 2035 SSBMean 29.4823
Model_1_goa_nr_2022.dat 1 2022 F0 0 
Model_1_goa_nr_2022.dat 1 2022 Fabc 0.0612999
Model_1_goa_nr_2022.dat 1 2022 Fofl 0.0736157
Model_1_goa_nr_2022.dat 1 2022  F_LCI 0.0220775
Model_1_goa_nr_2022.dat 1 2022  F_UCI 0.0220775
Model_1_goa_nr_2022.dat 1 2022  F_Median 0.0220775
Model_1_goa_nr_2022.dat 1 2022  F_Mean 0.0220775
Model_1_goa_nr_2022.dat 1 2023 F0 0 
Model_1_goa_nr_2022.dat 1 2023 Fabc 0.0612999
Model_1_goa_nr_2022.dat 1 2023 Fofl 0.0736157
Model_1_goa_nr_2022.dat 1 2023  F_LCI 0.017392
Model_1_goa_nr_2022.dat 1 2023  F_UCI 0.017392
Model_1_goa_nr_2022.dat 1 2023  F_Median 0.017392
Model_1_goa_nr_2022.dat 1 2023  F_Mean 0.017392
Model_1_goa_nr_2022.dat 1 2024 F0 0 
Model_1_goa_nr_2022.dat 1 2024 Fabc 0.0612999
Model_1_goa_nr_2022.dat 1 2024 Fofl 0.0736157
Model_1_goa_nr_2022.dat 1 2024  F_LCI 0.0274467
Model_1_goa_nr_2022.dat 1 2024  F_UCI 0.0274471
Model_1_goa_nr_2022.dat 1 2024  F_Median 0.027447
Model_1_goa_nr_2022.dat 1 2024  F_Mean 0.027447
Model_1_goa_nr_2022.dat 1 2025 F0 0 
Model_1_goa_nr_2022.dat 1 2025 Fabc 0.0612999
Model_1_goa_nr_2022.dat 1 2025 Fofl 0.0736157
Model_1_goa_nr_2022.dat 1 2025  F_LCI 0.0265647
Model_1_goa_nr_2022.dat 1 2025  F_UCI 0.0265677
Model_1_goa_nr_2022.dat 1 2025  F_Median 0.026567
Model_1_goa_nr_2022.dat 1 2025  F_Mean 0.0265667
Model_1_goa_nr_2022.dat 1 2026 F0 0 
Model_1_goa_nr_2022.dat 1 2026 Fabc 0.0612999
Model_1_goa_nr_2022.dat 1 2026 Fofl 0.0736157
Model_1_goa_nr_2022.dat 1 2026  F_LCI 0.0612999
Model_1_goa_nr_2022.dat 1 2026  F_UCI 0.0612999
Model_1_goa_nr_2022.dat 1 2026  F_Median 0.0612999
Model_1_goa_nr_2022.dat 1 2026  F_Mean 0.0612999
Model_1_goa_nr_2022.dat 1 2027 F0 0 
Model_1_goa_nr_2022.dat 1 2027 Fabc 0.0612999
Model_1_goa_nr_2022.dat 1 2027 Fofl 0.0736157
Model_1_goa_nr_2022.dat 1 2027  F_LCI 0.0603768
Model_1_goa_nr_2022.dat 1 2027  F_UCI 0.0609058
Model_1_goa_nr_2022.dat 1 2027  F_Median 0.0605163
Model_1_goa_nr_2022.dat 1 2027  F_Mean 0.0605656
Model_1_goa_nr_2022.dat 1 2028 F0 0 
Model_1_goa_nr_2022.dat 1 2028 Fabc 0.0612999
Model_1_goa_nr_2022.dat 1 2028 Fofl 0.0736157
Model_1_goa_nr_2022.dat 1 2028  F_LCI 0.0567162
Model_1_goa_nr_2022.dat 1 2028  F_UCI 0.0578928
Model_1_goa_nr_2022.dat 1 2028  F_Median 0.057024
Model_1_goa_nr_2022.dat 1 2028  F_Mean 0.0571438
Model_1_goa_nr_2022.dat 1 2029 F0 0 
Model_1_goa_nr_2022.dat 1 2029 Fabc 0.0612999
Model_1_goa_nr_2022.dat 1 2029 Fofl 0.0736157
Model_1_goa_nr_2022.dat 1 2029  F_LCI 0.0537847
Model_1_goa_nr_2022.dat 1 2029  F_UCI 0.0561907
Model_1_goa_nr_2022.dat 1 2029  F_Median 0.0544445
Model_1_goa_nr_2022.dat 1 2029  F_Mean 0.0546717
Model_1_goa_nr_2022.dat 1 2030 F0 0 
Model_1_goa_nr_2022.dat 1 2030 Fabc 0.0612999
Model_1_goa_nr_2022.dat 1 2030 Fofl 0.0736157
Model_1_goa_nr_2022.dat 1 2030  F_LCI 0.0514148
Model_1_goa_nr_2022.dat 1 2030  F_UCI 0.055852
Model_1_goa_nr_2022.dat 1 2030  F_Median 0.0526855
Model_1_goa_nr_2022.dat 1 2030  F_Mean 0.0530888
Model_1_goa_nr_2022.dat 1 2031 F0 0 
Model_1_goa_nr_2022.dat 1 2031 Fabc 0.0612999
Model_1_goa_nr_2022.dat 1 2031 Fofl 0.0736157
Model_1_goa_nr_2022.dat 1 2031  F_LCI 0.0495053
Model_1_goa_nr_2022.dat 1 2031  F_UCI 0.0568711
Model_1_goa_nr_2022.dat 1 2031  F_Median 0.05168
Model_1_goa_nr_2022.dat 1 2031  F_Mean 0.0523085
Model_1_goa_nr_2022.dat 1 2032 F0 0 
Model_1_goa_nr_2022.dat 1 2032 Fabc 0.0612999
Model_1_goa_nr_2022.dat 1 2032 Fofl 0.0736157
Model_1_goa_nr_2022.dat 1 2032  F_LCI 0.0480154
Model_1_goa_nr_2022.dat 1 2032  F_UCI 0.0591669
Model_1_goa_nr_2022.dat 1 2032  F_Median 0.0513948
Model_1_goa_nr_2022.dat 1 2032  F_Mean 0.0521742
Model_1_goa_nr_2022.dat 1 2033 F0 0 
Model_1_goa_nr_2022.dat 1 2033 Fabc 0.0612999
Model_1_goa_nr_2022.dat 1 2033 Fofl 0.0736157
Model_1_goa_nr_2022.dat 1 2033  F_LCI 0.0468385
Model_1_goa_nr_2022.dat 1 2033  F_UCI 0.0612999
Model_1_goa_nr_2022.dat 1 2033  F_Median 0.0516198
Model_1_goa_nr_2022.dat 1 2033  F_Mean 0.0524844
Model_1_goa_nr_2022.dat 1 2034 F0 0 
Model_1_goa_nr_2022.dat 1 2034 Fabc 0.0612999
Model_1_goa_nr_2022.dat 1 2034 Fofl 0.0736157
Model_1_goa_nr_2022.dat 1 2034  F_LCI 0.0459862
Model_1_goa_nr_2022.dat 1 2034  F_UCI 0.0612999
Model_1_goa_nr_2022.dat 1 2034  F_Median 0.0522822
Model_1_goa_nr_2022.dat 1 2034  F_Mean 0.0530261
Model_1_goa_nr_2022.dat 1 2035 F0 0 
Model_1_goa_nr_2022.dat 1 2035 Fabc 0.0612999
Model_1_goa_nr_2022.dat 1 2035 Fofl 0.0736157
Model_1_goa_nr_2022.dat 1 2035  F_LCI 0.0456281
Model_1_goa_nr_2022.dat 1 2035  F_UCI 0.0612999
Model_1_goa_nr_2022.dat 1 2035  F_Median 0.0530919
Model_1_goa_nr_2022.dat 1 2035  F_Mean 0.0536454
Model_1_goa_nr_2022.dat 2 2022 Cabc 4.75074
Model_1_goa_nr_2022.dat 2 2022 Cofl 5.07516
Model_1_goa_nr_2022.dat 2 2022 CLCI 1.89847
Model_1_goa_nr_2022.dat 2 2022 CUCI 1.89847
Model_1_goa_nr_2022.dat 2 2022 CMedian 1.89847
Model_1_goa_nr_2022.dat 2 2022 CMean 1.89847
Model_1_goa_nr_2022.dat 2 2023 Cabc 4.75074
Model_1_goa_nr_2022.dat 2 2023 Cofl 5.07516
Model_1_goa_nr_2022.dat 2 2023 CLCI 1.44052
Model_1_goa_nr_2022.dat 2 2023 CUCI 1.44052
Model_1_goa_nr_2022.dat 2 2023 CMedian 1.44052
Model_1_goa_nr_2022.dat 2 2023 CMean 1.44052
Model_1_goa_nr_2022.dat 2 2024 Cabc 4.75074
Model_1_goa_nr_2022.dat 2 2024 Cofl 5.07516
Model_1_goa_nr_2022.dat 2 2024 CLCI 2.192
Model_1_goa_nr_2022.dat 2 2024 CUCI 2.192
Model_1_goa_nr_2022.dat 2 2024 CMedian 2.192
Model_1_goa_nr_2022.dat 2 2024 CMean 2.192
Model_1_goa_nr_2022.dat 2 2025 Cabc 4.75074
Model_1_goa_nr_2022.dat 2 2025 Cofl 5.07516
Model_1_goa_nr_2022.dat 2 2025 CLCI 2.048
Model_1_goa_nr_2022.dat 2 2025 CUCI 2.048
Model_1_goa_nr_2022.dat 2 2025 CMedian 2.048
Model_1_goa_nr_2022.dat 2 2025 CMean 2.048
Model_1_goa_nr_2022.dat 2 2026 Cabc 4.75074
Model_1_goa_nr_2022.dat 2 2026 Cofl 5.07516
Model_1_goa_nr_2022.dat 2 2026 CLCI 4.51725
Model_1_goa_nr_2022.dat 2 2026 CUCI 4.52067
Model_1_goa_nr_2022.dat 2 2026 CMedian 4.51803
Model_1_goa_nr_2022.dat 2 2026 CMean 4.51837
Model_1_goa_nr_2022.dat 2 2027 Cabc 4.75074
Model_1_goa_nr_2022.dat 2 2027 Cofl 5.07516
Model_1_goa_nr_2022.dat 2 2027 CLCI 4.21316
Model_1_goa_nr_2022.dat 2 2027 CUCI 4.26837
Model_1_goa_nr_2022.dat 2 2027 CMedian 4.22749
Model_1_goa_nr_2022.dat 2 2027 CMean 4.23264
Model_1_goa_nr_2022.dat 2 2028 Cabc 4.75074
Model_1_goa_nr_2022.dat 2 2028 Cofl 5.07516
Model_1_goa_nr_2022.dat 2 2028 CLCI 3.77637
Model_1_goa_nr_2022.dat 2 2028 CUCI 3.94312
Model_1_goa_nr_2022.dat 2 2028 CMedian 3.81852
Model_1_goa_nr_2022.dat 2 2028 CMean 3.83514
Model_1_goa_nr_2022.dat 2 2029 Cabc 4.75074
Model_1_goa_nr_2022.dat 2 2029 Cofl 5.07516
Model_1_goa_nr_2022.dat 2 2029 CLCI 3.42669
Model_1_goa_nr_2022.dat 2 2029 CUCI 3.90864
Model_1_goa_nr_2022.dat 2 2029 CMedian 3.54904
Model_1_goa_nr_2022.dat 2 2029 CMean 3.59432
Model_1_goa_nr_2022.dat 2 2030 Cabc 4.75074
Model_1_goa_nr_2022.dat 2 2030 Cofl 5.07516
Model_1_goa_nr_2022.dat 2 2030 CLCI 3.14045
Model_1_goa_nr_2022.dat 2 2030 CUCI 4.10902
Model_1_goa_nr_2022.dat 2 2030 CMedian 3.39339
Model_1_goa_nr_2022.dat 2 2030 CMean 3.49482
Model_1_goa_nr_2022.dat 2 2031 Cabc 4.75074
Model_1_goa_nr_2022.dat 2 2031 Cofl 5.07516
Model_1_goa_nr_2022.dat 2 2031 CLCI 2.91712
Model_1_goa_nr_2022.dat 2 2031 CUCI 4.49963
Model_1_goa_nr_2022.dat 2 2031 CMedian 3.34366
Model_1_goa_nr_2022.dat 2 2031 CMean 3.49416
Model_1_goa_nr_2022.dat 2 2032 Cabc 4.75074
Model_1_goa_nr_2022.dat 2 2032 Cofl 5.07516
Model_1_goa_nr_2022.dat 2 2032 CLCI 2.77971
Model_1_goa_nr_2022.dat 2 2032 CUCI 4.89943
Model_1_goa_nr_2022.dat 2 2032 CMedian 3.36472
Model_1_goa_nr_2022.dat 2 2032 CMean 3.55424
Model_1_goa_nr_2022.dat 2 2033 Cabc 4.75074
Model_1_goa_nr_2022.dat 2 2033 Cofl 5.07516
Model_1_goa_nr_2022.dat 2 2033 CLCI 2.67139
Model_1_goa_nr_2022.dat 2 2033 CUCI 5.20674
Model_1_goa_nr_2022.dat 2 2033 CMedian 3.44474
Model_1_goa_nr_2022.dat 2 2033 CMean 3.64489
Model_1_goa_nr_2022.dat 2 2034 Cabc 4.75074
Model_1_goa_nr_2022.dat 2 2034 Cofl 5.07516
Model_1_goa_nr_2022.dat 2 2034 CLCI 2.60697
Model_1_goa_nr_2022.dat 2 2034 CUCI 5.43964
Model_1_goa_nr_2022.dat 2 2034 CMedian 3.5662
Model_1_goa_nr_2022.dat 2 2034 CMean 3.74632
Model_1_goa_nr_2022.dat 2 2035 Cabc 4.75074
Model_1_goa_nr_2022.dat 2 2035 Cofl 5.07516
Model_1_goa_nr_2022.dat 2 2035 CLCI 2.57834
Model_1_goa_nr_2022.dat 2 2035 CUCI 5.5196
Model_1_goa_nr_2022.dat 2 2035 CMedian 3.69144
Model_1_goa_nr_2022.dat 2 2035 CMean 3.85251
Model_1_goa_nr_2022.dat 2 2022 SSBF100 82.3497
Model_1_goa_nr_2022.dat 2 2022 SSBFabc 32.9399
Model_1_goa_nr_2022.dat 2 2022 SSBFofl 28.8224
Model_1_goa_nr_2022.dat 2 2022 SSBLCI 41.416
Model_1_goa_nr_2022.dat 2 2022 SSBUCI 41.416
Model_1_goa_nr_2022.dat 2 2022 SSBMedian 41.416
Model_1_goa_nr_2022.dat 2 2022 SSBMean 41.416
Model_1_goa_nr_2022.dat 2 2023 SSBF100 82.3497
Model_1_goa_nr_2022.dat 2 2023 SSBFabc 32.9399
Model_1_goa_nr_2022.dat 2 2023 SSBFofl 28.8224
Model_1_goa_nr_2022.dat 2 2023 SSBLCI 39.6874
Model_1_goa_nr_2022.dat 2 2023 SSBUCI 39.6898
Model_1_goa_nr_2022.dat 2 2023 SSBMedian 39.6879
Model_1_goa_nr_2022.dat 2 2023 SSBMean 39.6882
Model_1_goa_nr_2022.dat 2 2024 SSBF100 82.3497
Model_1_goa_nr_2022.dat 2 2024 SSBFabc 32.9399
Model_1_goa_nr_2022.dat 2 2024 SSBFofl 28.8224
Model_1_goa_nr_2022.dat 2 2024 SSBLCI 38.1143
Model_1_goa_nr_2022.dat 2 2024 SSBUCI 38.126
Model_1_goa_nr_2022.dat 2 2024 SSBMedian 38.1171
Model_1_goa_nr_2022.dat 2 2024 SSBMean 38.1183
Model_1_goa_nr_2022.dat 2 2025 SSBF100 82.3497
Model_1_goa_nr_2022.dat 2 2025 SSBFabc 32.9399
Model_1_goa_nr_2022.dat 2 2025 SSBFofl 28.8224
Model_1_goa_nr_2022.dat 2 2025 SSBLCI 36.4967
Model_1_goa_nr_2022.dat 2 2025 SSBUCI 36.5361
Model_1_goa_nr_2022.dat 2 2025 SSBMedian 36.5068
Model_1_goa_nr_2022.dat 2 2025 SSBMean 36.5105
Model_1_goa_nr_2022.dat 2 2026 SSBF100 82.3497
Model_1_goa_nr_2022.dat 2 2026 SSBFabc 32.9399
Model_1_goa_nr_2022.dat 2 2026 SSBFofl 28.8224
Model_1_goa_nr_2022.dat 2 2026 SSBLCI 34.72
Model_1_goa_nr_2022.dat 2 2026 SSBUCI 34.8326
Model_1_goa_nr_2022.dat 2 2026 SSBMedian 34.7492
Model_1_goa_nr_2022.dat 2 2026 SSBMean 34.7595
Model_1_goa_nr_2022.dat 2 2027 SSBF100 82.3497
Model_1_goa_nr_2022.dat 2 2027 SSBFabc 32.9399
Model_1_goa_nr_2022.dat 2 2027 SSBFofl 28.8224
Model_1_goa_nr_2022.dat 2 2027 SSBLCI 32.4687
Model_1_goa_nr_2022.dat 2 2027 SSBUCI 32.7387
Model_1_goa_nr_2022.dat 2 2027 SSBMedian 32.5399
Model_1_goa_nr_2022.dat 2 2027 SSBMean 32.5663
Model_1_goa_nr_2022.dat 2 2028 SSBF100 82.3497
Model_1_goa_nr_2022.dat 2 2028 SSBFabc 32.9399
Model_1_goa_nr_2022.dat 2 2028 SSBFofl 28.8224
Model_1_goa_nr_2022.dat 2 2028 SSBLCI 30.6
Model_1_goa_nr_2022.dat 2 2028 SSBUCI 31.2006
Model_1_goa_nr_2022.dat 2 2028 SSBMedian 30.7571
Model_1_goa_nr_2022.dat 2 2028 SSBMean 30.8183
Model_1_goa_nr_2022.dat 2 2029 SSBF100 82.3497
Model_1_goa_nr_2022.dat 2 2029 SSBFabc 32.9399
Model_1_goa_nr_2022.dat 2 2029 SSBFofl 28.8224
Model_1_goa_nr_2022.dat 2 2029 SSBLCI 29.1035
Model_1_goa_nr_2022.dat 2 2029 SSBUCI 30.3317
Model_1_goa_nr_2022.dat 2 2029 SSBMedian 29.4403
Model_1_goa_nr_2022.dat 2 2029 SSBMean 29.5563
Model_1_goa_nr_2022.dat 2 2030 SSBF100 82.3497
Model_1_goa_nr_2022.dat 2 2030 SSBFabc 32.9399
Model_1_goa_nr_2022.dat 2 2030 SSBFofl 28.8224
Model_1_goa_nr_2022.dat 2 2030 SSBLCI 27.8937
Model_1_goa_nr_2022.dat 2 2030 SSBUCI 30.1588
Model_1_goa_nr_2022.dat 2 2030 SSBMedian 28.5424
Model_1_goa_nr_2022.dat 2 2030 SSBMean 28.7508
Model_1_goa_nr_2022.dat 2 2031 SSBF100 82.3497
Model_1_goa_nr_2022.dat 2 2031 SSBFabc 32.9399
Model_1_goa_nr_2022.dat 2 2031 SSBFofl 28.8224
Model_1_goa_nr_2022.dat 2 2031 SSBLCI 26.9189
Model_1_goa_nr_2022.dat 2 2031 SSBUCI 30.679
Model_1_goa_nr_2022.dat 2 2031 SSBMedian 28.0291
Model_1_goa_nr_2022.dat 2 2031 SSBMean 28.3677
Model_1_goa_nr_2022.dat 2 2032 SSBF100 82.3497
Model_1_goa_nr_2022.dat 2 2032 SSBFabc 32.9399
Model_1_goa_nr_2022.dat 2 2032 SSBFofl 28.8224
Model_1_goa_nr_2022.dat 2 2032 SSBLCI 26.1583
Model_1_goa_nr_2022.dat 2 2032 SSBUCI 31.851
Model_1_goa_nr_2022.dat 2 2032 SSBMedian 27.8835
Model_1_goa_nr_2022.dat 2 2032 SSBMean 28.3466
Model_1_goa_nr_2022.dat 2 2033 SSBF100 82.3497
Model_1_goa_nr_2022.dat 2 2033 SSBFabc 32.9399
Model_1_goa_nr_2022.dat 2 2033 SSBFofl 28.8224
Model_1_goa_nr_2022.dat 2 2033 SSBLCI 25.5576
Model_1_goa_nr_2022.dat 2 2033 SSBUCI 33.0324
Model_1_goa_nr_2022.dat 2 2033 SSBMedian 27.9983
Model_1_goa_nr_2022.dat 2 2033 SSBMean 28.5936
Model_1_goa_nr_2022.dat 2 2034 SSBF100 82.3497
Model_1_goa_nr_2022.dat 2 2034 SSBFabc 32.9399
Model_1_goa_nr_2022.dat 2 2034 SSBFofl 28.8224
Model_1_goa_nr_2022.dat 2 2034 SSBLCI 25.1225
Model_1_goa_nr_2022.dat 2 2034 SSBUCI 34.6146
Model_1_goa_nr_2022.dat 2 2034 SSBMedian 28.3365
Model_1_goa_nr_2022.dat 2 2034 SSBMean 29.0018
Model_1_goa_nr_2022.dat 2 2035 SSBF100 82.3497
Model_1_goa_nr_2022.dat 2 2035 SSBFabc 32.9399
Model_1_goa_nr_2022.dat 2 2035 SSBFofl 28.8224
Model_1_goa_nr_2022.dat 2 2035 SSBLCI 24.9396
Model_1_goa_nr_2022.dat 2 2035 SSBUCI 35.9561
Model_1_goa_nr_2022.dat 2 2035 SSBMedian 28.7498
Model_1_goa_nr_2022.dat 2 2035 SSBMean 29.4823
Model_1_goa_nr_2022.dat 2 2022 F0 0 
Model_1_goa_nr_2022.dat 2 2022 Fabc 0.0612999
Model_1_goa_nr_2022.dat 2 2022 Fofl 0.0736157
Model_1_goa_nr_2022.dat 2 2022  F_LCI 0.0220775
Model_1_goa_nr_2022.dat 2 2022  F_UCI 0.0220775
Model_1_goa_nr_2022.dat 2 2022  F_Median 0.0220775
Model_1_goa_nr_2022.dat 2 2022  F_Mean 0.0220775
Model_1_goa_nr_2022.dat 2 2023 F0 0 
Model_1_goa_nr_2022.dat 2 2023 Fabc 0.0612999
Model_1_goa_nr_2022.dat 2 2023 Fofl 0.0736157
Model_1_goa_nr_2022.dat 2 2023  F_LCI 0.017392
Model_1_goa_nr_2022.dat 2 2023  F_UCI 0.017392
Model_1_goa_nr_2022.dat 2 2023  F_Median 0.017392
Model_1_goa_nr_2022.dat 2 2023  F_Mean 0.017392
Model_1_goa_nr_2022.dat 2 2024 F0 0 
Model_1_goa_nr_2022.dat 2 2024 Fabc 0.0612999
Model_1_goa_nr_2022.dat 2 2024 Fofl 0.0736157
Model_1_goa_nr_2022.dat 2 2024  F_LCI 0.0274467
Model_1_goa_nr_2022.dat 2 2024  F_UCI 0.0274471
Model_1_goa_nr_2022.dat 2 2024  F_Median 0.027447
Model_1_goa_nr_2022.dat 2 2024  F_Mean 0.027447
Model_1_goa_nr_2022.dat 2 2025 F0 0 
Model_1_goa_nr_2022.dat 2 2025 Fabc 0.0612999
Model_1_goa_nr_2022.dat 2 2025 Fofl 0.0736157
Model_1_goa_nr_2022.dat 2 2025  F_LCI 0.0265647
Model_1_goa_nr_2022.dat 2 2025  F_UCI 0.0265677
Model_1_goa_nr_2022.dat 2 2025  F_Median 0.026567
Model_1_goa_nr_2022.dat 2 2025  F_Mean 0.0265667
Model_1_goa_nr_2022.dat 2 2026 F0 0 
Model_1_goa_nr_2022.dat 2 2026 Fabc 0.0612999
Model_1_goa_nr_2022.dat 2 2026 Fofl 0.0736157
Model_1_goa_nr_2022.dat 2 2026  F_LCI 0.0612999
Model_1_goa_nr_2022.dat 2 2026  F_UCI 0.0612999
Model_1_goa_nr_2022.dat 2 2026  F_Median 0.0612999
Model_1_goa_nr_2022.dat 2 2026  F_Mean 0.0612999
Model_1_goa_nr_2022.dat 2 2027 F0 0 
Model_1_goa_nr_2022.dat 2 2027 Fabc 0.0612999
Model_1_goa_nr_2022.dat 2 2027 Fofl 0.0736157
Model_1_goa_nr_2022.dat 2 2027  F_LCI 0.0603768
Model_1_goa_nr_2022.dat 2 2027  F_UCI 0.0609058
Model_1_goa_nr_2022.dat 2 2027  F_Median 0.0605163
Model_1_goa_nr_2022.dat 2 2027  F_Mean 0.0605656
Model_1_goa_nr_2022.dat 2 2028 F0 0 
Model_1_goa_nr_2022.dat 2 2028 Fabc 0.0612999
Model_1_goa_nr_2022.dat 2 2028 Fofl 0.0736157
Model_1_goa_nr_2022.dat 2 2028  F_LCI 0.0567162
Model_1_goa_nr_2022.dat 2 2028  F_UCI 0.0578928
Model_1_goa_nr_2022.dat 2 2028  F_Median 0.057024
Model_1_goa_nr_2022.dat 2 2028  F_Mean 0.0571438
Model_1_goa_nr_2022.dat 2 2029 F0 0 
Model_1_goa_nr_2022.dat 2 2029 Fabc 0.0612999
Model_1_goa_nr_2022.dat 2 2029 Fofl 0.0736157
Model_1_goa_nr_2022.dat 2 2029  F_LCI 0.0537847
Model_1_goa_nr_2022.dat 2 2029  F_UCI 0.0561907
Model_1_goa_nr_2022.dat 2 2029  F_Median 0.0544445
Model_1_goa_nr_2022.dat 2 2029  F_Mean 0.0546717
Model_1_goa_nr_2022.dat 2 2030 F0 0 
Model_1_goa_nr_2022.dat 2 2030 Fabc 0.0612999
Model_1_goa_nr_2022.dat 2 2030 Fofl 0.0736157
Model_1_goa_nr_2022.dat 2 2030  F_LCI 0.0514148
Model_1_goa_nr_2022.dat 2 2030  F_UCI 0.055852
Model_1_goa_nr_2022.dat 2 2030  F_Median 0.0526855
Model_1_goa_nr_2022.dat 2 2030  F_Mean 0.0530888
Model_1_goa_nr_2022.dat 2 2031 F0 0 
Model_1_goa_nr_2022.dat 2 2031 Fabc 0.0612999
Model_1_goa_nr_2022.dat 2 2031 Fofl 0.0736157
Model_1_goa_nr_2022.dat 2 2031  F_LCI 0.0495053
Model_1_goa_nr_2022.dat 2 2031  F_UCI 0.0568711
Model_1_goa_nr_2022.dat 2 2031  F_Median 0.05168
Model_1_goa_nr_2022.dat 2 2031  F_Mean 0.0523085
Model_1_goa_nr_2022.dat 2 2032 F0 0 
Model_1_goa_nr_2022.dat 2 2032 Fabc 0.0612999
Model_1_goa_nr_2022.dat 2 2032 Fofl 0.0736157
Model_1_goa_nr_2022.dat 2 2032  F_LCI 0.0480154
Model_1_goa_nr_2022.dat 2 2032  F_UCI 0.0591669
Model_1_goa_nr_2022.dat 2 2032  F_Median 0.0513948
Model_1_goa_nr_2022.dat 2 2032  F_Mean 0.0521742
Model_1_goa_nr_2022.dat 2 2033 F0 0 
Model_1_goa_nr_2022.dat 2 2033 Fabc 0.0612999
Model_1_goa_nr_2022.dat 2 2033 Fofl 0.0736157
Model_1_goa_nr_2022.dat 2 2033  F_LCI 0.0468385
Model_1_goa_nr_2022.dat 2 2033  F_UCI 0.0612999
Model_1_goa_nr_2022.dat 2 2033  F_Median 0.0516198
Model_1_goa_nr_2022.dat 2 2033  F_Mean 0.0524844
Model_1_goa_nr_2022.dat 2 2034 F0 0 
Model_1_goa_nr_2022.dat 2 2034 Fabc 0.0612999
Model_1_goa_nr_2022.dat 2 2034 Fofl 0.0736157
Model_1_goa_nr_2022.dat 2 2034  F_LCI 0.0459862
Model_1_goa_nr_2022.dat 2 2034  F_UCI 0.0612999
Model_1_goa_nr_2022.dat 2 2034  F_Median 0.0522822
Model_1_goa_nr_2022.dat 2 2034  F_Mean 0.0530261
Model_1_goa_nr_2022.dat 2 2035 F0 0 
Model_1_goa_nr_2022.dat 2 2035 Fabc 0.0612999
Model_1_goa_nr_2022.dat 2 2035 Fofl 0.0736157
Model_1_goa_nr_2022.dat 2 2035  F_LCI 0.0456281
Model_1_goa_nr_2022.dat 2 2035  F_UCI 0.0612999
Model_1_goa_nr_2022.dat 2 2035  F_Median 0.0530919
Model_1_goa_nr_2022.dat 2 2035  F_Mean 0.0536454
Model_1_goa_nr_2022.dat 3 2022 Cabc 4.75074
Model_1_goa_nr_2022.dat 3 2022 Cofl 5.07516
Model_1_goa_nr_2022.dat 3 2022 CLCI 1.89847
Model_1_goa_nr_2022.dat 3 2022 CUCI 1.89847
Model_1_goa_nr_2022.dat 3 2022 CMedian 1.89847
Model_1_goa_nr_2022.dat 3 2022 CMean 1.89847
Model_1_goa_nr_2022.dat 3 2023 Cabc 4.75074
Model_1_goa_nr_2022.dat 3 2023 Cofl 5.07516
Model_1_goa_nr_2022.dat 3 2023 CLCI 1.44052
Model_1_goa_nr_2022.dat 3 2023 CUCI 1.44052
Model_1_goa_nr_2022.dat 3 2023 CMedian 1.44052
Model_1_goa_nr_2022.dat 3 2023 CMean 1.44052
Model_1_goa_nr_2022.dat 3 2024 Cabc 4.75074
Model_1_goa_nr_2022.dat 3 2024 Cofl 5.07516
Model_1_goa_nr_2022.dat 3 2024 CLCI 2.192
Model_1_goa_nr_2022.dat 3 2024 CUCI 2.192
Model_1_goa_nr_2022.dat 3 2024 CMedian 2.192
Model_1_goa_nr_2022.dat 3 2024 CMean 2.192
Model_1_goa_nr_2022.dat 3 2025 Cabc 4.75074
Model_1_goa_nr_2022.dat 3 2025 Cofl 5.07516
Model_1_goa_nr_2022.dat 3 2025 CLCI 2.048
Model_1_goa_nr_2022.dat 3 2025 CUCI 2.048
Model_1_goa_nr_2022.dat 3 2025 CMedian 2.048
Model_1_goa_nr_2022.dat 3 2025 CMean 2.048
Model_1_goa_nr_2022.dat 3 2026 Cabc 4.75074
Model_1_goa_nr_2022.dat 3 2026 Cofl 5.07516
Model_1_goa_nr_2022.dat 3 2026 CLCI 2.29208
Model_1_goa_nr_2022.dat 3 2026 CUCI 2.29379
Model_1_goa_nr_2022.dat 3 2026 CMedian 2.29247
Model_1_goa_nr_2022.dat 3 2026 CMean 2.29264
Model_1_goa_nr_2022.dat 3 2027 Cabc 4.75074
Model_1_goa_nr_2022.dat 3 2027 Cofl 5.07516
Model_1_goa_nr_2022.dat 3 2027 CLCI 2.23349
Model_1_goa_nr_2022.dat 3 2027 CUCI 2.24351
Model_1_goa_nr_2022.dat 3 2027 CMedian 2.23584
Model_1_goa_nr_2022.dat 3 2027 CMean 2.23681
Model_1_goa_nr_2022.dat 3 2028 Cabc 4.75074
Model_1_goa_nr_2022.dat 3 2028 Cofl 5.07516
Model_1_goa_nr_2022.dat 3 2028 CLCI 2.14807
Model_1_goa_nr_2022.dat 3 2028 CUCI 2.23595
Model_1_goa_nr_2022.dat 3 2028 CMedian 2.17134
Model_1_goa_nr_2022.dat 3 2028 CMean 2.17906
Model_1_goa_nr_2022.dat 3 2029 Cabc 4.75074
Model_1_goa_nr_2022.dat 3 2029 Cofl 5.07516
Model_1_goa_nr_2022.dat 3 2029 CLCI 2.04381
Model_1_goa_nr_2022.dat 3 2029 CUCI 2.30985
Model_1_goa_nr_2022.dat 3 2029 CMedian 2.11223
Model_1_goa_nr_2022.dat 3 2029 CMean 2.13585
Model_1_goa_nr_2022.dat 3 2030 Cabc 4.75074
Model_1_goa_nr_2022.dat 3 2030 Cofl 5.07516
Model_1_goa_nr_2022.dat 3 2030 CLCI 1.95269
Model_1_goa_nr_2022.dat 3 2030 CUCI 2.49388
Model_1_goa_nr_2022.dat 3 2030 CMedian 2.09793
Model_1_goa_nr_2022.dat 3 2030 CMean 2.15003
Model_1_goa_nr_2022.dat 3 2031 Cabc 4.75074
Model_1_goa_nr_2022.dat 3 2031 Cofl 5.07516
Model_1_goa_nr_2022.dat 3 2031 CLCI 1.87934
Model_1_goa_nr_2022.dat 3 2031 CUCI 2.693
Model_1_goa_nr_2022.dat 3 2031 CMedian 2.13032
Model_1_goa_nr_2022.dat 3 2031 CMean 2.20237
Model_1_goa_nr_2022.dat 3 2032 Cabc 4.75074
Model_1_goa_nr_2022.dat 3 2032 Cofl 5.07516
Model_1_goa_nr_2022.dat 3 2032 CLCI 1.84199
Model_1_goa_nr_2022.dat 3 2032 CUCI 2.84382
Model_1_goa_nr_2022.dat 3 2032 CMedian 2.19907
Model_1_goa_nr_2022.dat 3 2032 CMean 2.27284
Model_1_goa_nr_2022.dat 3 2033 Cabc 4.75074
Model_1_goa_nr_2022.dat 3 2033 Cofl 5.07516
Model_1_goa_nr_2022.dat 3 2033 CLCI 1.81362
Model_1_goa_nr_2022.dat 3 2033 CUCI 2.99792
Model_1_goa_nr_2022.dat 3 2033 CMedian 2.30322
Model_1_goa_nr_2022.dat 3 2033 CMean 2.34675
Model_1_goa_nr_2022.dat 3 2034 Cabc 4.75074
Model_1_goa_nr_2022.dat 3 2034 Cofl 5.07516
Model_1_goa_nr_2022.dat 3 2034 CLCI 1.80454
Model_1_goa_nr_2022.dat 3 2034 CUCI 3.15444
Model_1_goa_nr_2022.dat 3 2034 CMedian 2.39729
Model_1_goa_nr_2022.dat 3 2034 CMean 2.41943
Model_1_goa_nr_2022.dat 3 2035 Cabc 4.75074
Model_1_goa_nr_2022.dat 3 2035 Cofl 5.07516
Model_1_goa_nr_2022.dat 3 2035 CLCI 1.82151
Model_1_goa_nr_2022.dat 3 2035 CUCI 3.25607
Model_1_goa_nr_2022.dat 3 2035 CMedian 2.4717
Model_1_goa_nr_2022.dat 3 2035 CMean 2.49247
Model_1_goa_nr_2022.dat 3 2022 SSBF100 82.3497
Model_1_goa_nr_2022.dat 3 2022 SSBFabc 32.9399
Model_1_goa_nr_2022.dat 3 2022 SSBFofl 28.8224
Model_1_goa_nr_2022.dat 3 2022 SSBLCI 41.416
Model_1_goa_nr_2022.dat 3 2022 SSBUCI 41.416
Model_1_goa_nr_2022.dat 3 2022 SSBMedian 41.416
Model_1_goa_nr_2022.dat 3 2022 SSBMean 41.416
Model_1_goa_nr_2022.dat 3 2023 SSBF100 82.3497
Model_1_goa_nr_2022.dat 3 2023 SSBFabc 32.9399
Model_1_goa_nr_2022.dat 3 2023 SSBFofl 28.8224
Model_1_goa_nr_2022.dat 3 2023 SSBLCI 39.6874
Model_1_goa_nr_2022.dat 3 2023 SSBUCI 39.6898
Model_1_goa_nr_2022.dat 3 2023 SSBMedian 39.6879
Model_1_goa_nr_2022.dat 3 2023 SSBMean 39.6882
Model_1_goa_nr_2022.dat 3 2024 SSBF100 82.3497
Model_1_goa_nr_2022.dat 3 2024 SSBFabc 32.9399
Model_1_goa_nr_2022.dat 3 2024 SSBFofl 28.8224
Model_1_goa_nr_2022.dat 3 2024 SSBLCI 38.1143
Model_1_goa_nr_2022.dat 3 2024 SSBUCI 38.126
Model_1_goa_nr_2022.dat 3 2024 SSBMedian 38.1171
Model_1_goa_nr_2022.dat 3 2024 SSBMean 38.1183
Model_1_goa_nr_2022.dat 3 2025 SSBF100 82.3497
Model_1_goa_nr_2022.dat 3 2025 SSBFabc 32.9399
Model_1_goa_nr_2022.dat 3 2025 SSBFofl 28.8224
Model_1_goa_nr_2022.dat 3 2025 SSBLCI 36.4967
Model_1_goa_nr_2022.dat 3 2025 SSBUCI 36.5361
Model_1_goa_nr_2022.dat 3 2025 SSBMedian 36.5068
Model_1_goa_nr_2022.dat 3 2025 SSBMean 36.5105
Model_1_goa_nr_2022.dat 3 2026 SSBF100 82.3497
Model_1_goa_nr_2022.dat 3 2026 SSBFabc 32.9399
Model_1_goa_nr_2022.dat 3 2026 SSBFofl 28.8224
Model_1_goa_nr_2022.dat 3 2026 SSBLCI 35.072
Model_1_goa_nr_2022.dat 3 2026 SSBUCI 35.1846
Model_1_goa_nr_2022.dat 3 2026 SSBMedian 35.1012
Model_1_goa_nr_2022.dat 3 2026 SSBMean 35.1116
Model_1_goa_nr_2022.dat 3 2027 SSBF100 82.3497
Model_1_goa_nr_2022.dat 3 2027 SSBFabc 32.9399
Model_1_goa_nr_2022.dat 3 2027 SSBFofl 28.8224
Model_1_goa_nr_2022.dat 3 2027 SSBLCI 33.7825
Model_1_goa_nr_2022.dat 3 2027 SSBUCI 34.0584
Model_1_goa_nr_2022.dat 3 2027 SSBMedian 33.8552
Model_1_goa_nr_2022.dat 3 2027 SSBMean 33.8822
Model_1_goa_nr_2022.dat 3 2028 SSBF100 82.3497
Model_1_goa_nr_2022.dat 3 2028 SSBFabc 32.9399
Model_1_goa_nr_2022.dat 3 2028 SSBFofl 28.8224
Model_1_goa_nr_2022.dat 3 2028 SSBLCI 32.72
Model_1_goa_nr_2022.dat 3 2028 SSBUCI 33.3446
Model_1_goa_nr_2022.dat 3 2028 SSBMedian 32.883
Model_1_goa_nr_2022.dat 3 2028 SSBMean 32.9465
Model_1_goa_nr_2022.dat 3 2029 SSBF100 82.3497
Model_1_goa_nr_2022.dat 3 2029 SSBFabc 32.9399
Model_1_goa_nr_2022.dat 3 2029 SSBFofl 28.8224
Model_1_goa_nr_2022.dat 3 2029 SSBLCI 31.8676
Model_1_goa_nr_2022.dat 3 2029 SSBUCI 33.1467
Model_1_goa_nr_2022.dat 3 2029 SSBMedian 32.217
Model_1_goa_nr_2022.dat 3 2029 SSBMean 32.3385
Model_1_goa_nr_2022.dat 3 2030 SSBF100 82.3497
Model_1_goa_nr_2022.dat 3 2030 SSBFabc 32.9399
Model_1_goa_nr_2022.dat 3 2030 SSBFofl 28.8224
Model_1_goa_nr_2022.dat 3 2030 SSBLCI 31.1856
Model_1_goa_nr_2022.dat 3 2030 SSBUCI 33.5719
Model_1_goa_nr_2022.dat 3 2030 SSBMedian 31.8583
Model_1_goa_nr_2022.dat 3 2030 SSBMean 32.0843
Model_1_goa_nr_2022.dat 3 2031 SSBF100 82.3497
Model_1_goa_nr_2022.dat 3 2031 SSBFabc 32.9399
Model_1_goa_nr_2022.dat 3 2031 SSBFofl 28.8224
Model_1_goa_nr_2022.dat 3 2031 SSBLCI 30.6431
Model_1_goa_nr_2022.dat 3 2031 SSBUCI 34.6522
Model_1_goa_nr_2022.dat 3 2031 SSBMedian 31.824
Model_1_goa_nr_2022.dat 3 2031 SSBMean 32.1869
Model_1_goa_nr_2022.dat 3 2032 SSBF100 82.3497
Model_1_goa_nr_2022.dat 3 2032 SSBFabc 32.9399
Model_1_goa_nr_2022.dat 3 2032 SSBFofl 28.8224
Model_1_goa_nr_2022.dat 3 2032 SSBLCI 30.2293
Model_1_goa_nr_2022.dat 3 2032 SSBUCI 36.4467
Model_1_goa_nr_2022.dat 3 2032 SSBMedian 32.0889
Model_1_goa_nr_2022.dat 3 2032 SSBMean 32.6186
Model_1_goa_nr_2022.dat 3 2033 SSBF100 82.3497
Model_1_goa_nr_2022.dat 3 2033 SSBFabc 32.9399
Model_1_goa_nr_2022.dat 3 2033 SSBFofl 28.8224
Model_1_goa_nr_2022.dat 3 2033 SSBLCI 29.9164
Model_1_goa_nr_2022.dat 3 2033 SSBUCI 38.6102
Model_1_goa_nr_2022.dat 3 2033 SSBMedian 32.5917
Model_1_goa_nr_2022.dat 3 2033 SSBMean 33.3103
Model_1_goa_nr_2022.dat 3 2034 SSBF100 82.3497
Model_1_goa_nr_2022.dat 3 2034 SSBFabc 32.9399
Model_1_goa_nr_2022.dat 3 2034 SSBFofl 28.8224
Model_1_goa_nr_2022.dat 3 2034 SSBLCI 29.7277
Model_1_goa_nr_2022.dat 3 2034 SSBUCI 40.8674
Model_1_goa_nr_2022.dat 3 2034 SSBMedian 33.3158
Model_1_goa_nr_2022.dat 3 2034 SSBMean 34.1685
Model_1_goa_nr_2022.dat 3 2035 SSBF100 82.3497
Model_1_goa_nr_2022.dat 3 2035 SSBFabc 32.9399
Model_1_goa_nr_2022.dat 3 2035 SSBFofl 28.8224
Model_1_goa_nr_2022.dat 3 2035 SSBLCI 29.7218
Model_1_goa_nr_2022.dat 3 2035 SSBUCI 43.2684
Model_1_goa_nr_2022.dat 3 2035 SSBMedian 34.1727
Model_1_goa_nr_2022.dat 3 2035 SSBMean 35.1073
Model_1_goa_nr_2022.dat 3 2022 F0 0 
Model_1_goa_nr_2022.dat 3 2022 Fabc 0.0612999
Model_1_goa_nr_2022.dat 3 2022 Fofl 0.0736157
Model_1_goa_nr_2022.dat 3 2022  F_LCI 0.0220775
Model_1_goa_nr_2022.dat 3 2022  F_UCI 0.0220775
Model_1_goa_nr_2022.dat 3 2022  F_Median 0.0220775
Model_1_goa_nr_2022.dat 3 2022  F_Mean 0.0220775
Model_1_goa_nr_2022.dat 3 2023 F0 0 
Model_1_goa_nr_2022.dat 3 2023 Fabc 0.0612999
Model_1_goa_nr_2022.dat 3 2023 Fofl 0.0736157
Model_1_goa_nr_2022.dat 3 2023  F_LCI 0.017392
Model_1_goa_nr_2022.dat 3 2023  F_UCI 0.017392
Model_1_goa_nr_2022.dat 3 2023  F_Median 0.017392
Model_1_goa_nr_2022.dat 3 2023  F_Mean 0.017392
Model_1_goa_nr_2022.dat 3 2024 F0 0 
Model_1_goa_nr_2022.dat 3 2024 Fabc 0.0612999
Model_1_goa_nr_2022.dat 3 2024 Fofl 0.0736157
Model_1_goa_nr_2022.dat 3 2024  F_LCI 0.0274467
Model_1_goa_nr_2022.dat 3 2024  F_UCI 0.0274471
Model_1_goa_nr_2022.dat 3 2024  F_Median 0.027447
Model_1_goa_nr_2022.dat 3 2024  F_Mean 0.027447
Model_1_goa_nr_2022.dat 3 2025 F0 0 
Model_1_goa_nr_2022.dat 3 2025 Fabc 0.0612999
Model_1_goa_nr_2022.dat 3 2025 Fofl 0.0736157
Model_1_goa_nr_2022.dat 3 2025  F_LCI 0.0265647
Model_1_goa_nr_2022.dat 3 2025  F_UCI 0.0265677
Model_1_goa_nr_2022.dat 3 2025  F_Median 0.026567
Model_1_goa_nr_2022.dat 3 2025  F_Mean 0.0265667
Model_1_goa_nr_2022.dat 3 2026 F0 0 
Model_1_goa_nr_2022.dat 3 2026 Fabc 0.0612999
Model_1_goa_nr_2022.dat 3 2026 Fofl 0.0736157
Model_1_goa_nr_2022.dat 3 2026  F_LCI 0.0306499
Model_1_goa_nr_2022.dat 3 2026  F_UCI 0.0306499
Model_1_goa_nr_2022.dat 3 2026  F_Median 0.0306499
Model_1_goa_nr_2022.dat 3 2026  F_Mean 0.0306499
Model_1_goa_nr_2022.dat 3 2027 F0 0 
Model_1_goa_nr_2022.dat 3 2027 Fabc 0.0612999
Model_1_goa_nr_2022.dat 3 2027 Fofl 0.0736157
Model_1_goa_nr_2022.dat 3 2027  F_LCI 0.0306499
Model_1_goa_nr_2022.dat 3 2027  F_UCI 0.0306499
Model_1_goa_nr_2022.dat 3 2027  F_Median 0.0306499
Model_1_goa_nr_2022.dat 3 2027  F_Mean 0.0306499
Model_1_goa_nr_2022.dat 3 2028 F0 0 
Model_1_goa_nr_2022.dat 3 2028 Fabc 0.0612999
Model_1_goa_nr_2022.dat 3 2028 Fofl 0.0736157
Model_1_goa_nr_2022.dat 3 2028  F_LCI 0.0301187
Model_1_goa_nr_2022.dat 3 2028  F_UCI 0.0306499
Model_1_goa_nr_2022.dat 3 2028  F_Median 0.0302766
Model_1_goa_nr_2022.dat 3 2028  F_Mean 0.0303201
Model_1_goa_nr_2022.dat 3 2029 F0 0 
Model_1_goa_nr_2022.dat 3 2029 Fabc 0.0612999
Model_1_goa_nr_2022.dat 3 2029 Fofl 0.0736157
Model_1_goa_nr_2022.dat 3 2029  F_LCI 0.0293005
Model_1_goa_nr_2022.dat 3 2029  F_UCI 0.030538
Model_1_goa_nr_2022.dat 3 2029  F_Median 0.0296383
Model_1_goa_nr_2022.dat 3 2029  F_Mean 0.029734
Model_1_goa_nr_2022.dat 3 2030 F0 0 
Model_1_goa_nr_2022.dat 3 2030 Fabc 0.0612999
Model_1_goa_nr_2022.dat 3 2030 Fofl 0.0736157
Model_1_goa_nr_2022.dat 3 2030  F_LCI 0.0286449
Model_1_goa_nr_2022.dat 3 2030  F_UCI 0.0306499
Model_1_goa_nr_2022.dat 3 2030  F_Median 0.0292956
Model_1_goa_nr_2022.dat 3 2030  F_Mean 0.0294418
Model_1_goa_nr_2022.dat 3 2031 F0 0 
Model_1_goa_nr_2022.dat 3 2031 Fabc 0.0612999
Model_1_goa_nr_2022.dat 3 2031 Fofl 0.0736157
Model_1_goa_nr_2022.dat 3 2031  F_LCI 0.0281245
Model_1_goa_nr_2022.dat 3 2031  F_UCI 0.0306499
Model_1_goa_nr_2022.dat 3 2031  F_Median 0.0292622
Model_1_goa_nr_2022.dat 3 2031  F_Mean 0.0293885
Model_1_goa_nr_2022.dat 3 2032 F0 0 
Model_1_goa_nr_2022.dat 3 2032 Fabc 0.0612999
Model_1_goa_nr_2022.dat 3 2032 Fofl 0.0736157
Model_1_goa_nr_2022.dat 3 2032  F_LCI 0.0277275
Model_1_goa_nr_2022.dat 3 2032  F_UCI 0.0306499
Model_1_goa_nr_2022.dat 3 2032  F_Median 0.0295168
Model_1_goa_nr_2022.dat 3 2032  F_Mean 0.0294763
Model_1_goa_nr_2022.dat 3 2033 F0 0 
Model_1_goa_nr_2022.dat 3 2033 Fabc 0.0612999
Model_1_goa_nr_2022.dat 3 2033 Fofl 0.0736157
Model_1_goa_nr_2022.dat 3 2033  F_LCI 0.0274262
Model_1_goa_nr_2022.dat 3 2033  F_UCI 0.0306499
Model_1_goa_nr_2022.dat 3 2033  F_Median 0.0299981
Model_1_goa_nr_2022.dat 3 2033  F_Mean 0.0296141
Model_1_goa_nr_2022.dat 3 2034 F0 0 
Model_1_goa_nr_2022.dat 3 2034 Fabc 0.0612999
Model_1_goa_nr_2022.dat 3 2034 Fofl 0.0736157
Model_1_goa_nr_2022.dat 3 2034  F_LCI 0.0272462
Model_1_goa_nr_2022.dat 3 2034  F_UCI 0.0306499
Model_1_goa_nr_2022.dat 3 2034  F_Median 0.0306499
Model_1_goa_nr_2022.dat 3 2034  F_Mean 0.0297693
Model_1_goa_nr_2022.dat 3 2035 F0 0 
Model_1_goa_nr_2022.dat 3 2035 Fabc 0.0612999
Model_1_goa_nr_2022.dat 3 2035 Fofl 0.0736157
Model_1_goa_nr_2022.dat 3 2035  F_LCI 0.0272425
Model_1_goa_nr_2022.dat 3 2035  F_UCI 0.0306499
Model_1_goa_nr_2022.dat 3 2035  F_Median 0.0306499
Model_1_goa_nr_2022.dat 3 2035  F_Mean 0.029924
Model_1_goa_nr_2022.dat 4 2022 Cabc 4.75074
Model_1_goa_nr_2022.dat 4 2022 Cofl 5.07516
Model_1_goa_nr_2022.dat 4 2022 CLCI 1.89847
Model_1_goa_nr_2022.dat 4 2022 CUCI 1.89847
Model_1_goa_nr_2022.dat 4 2022 CMedian 1.89847
Model_1_goa_nr_2022.dat 4 2022 CMean 1.89847
Model_1_goa_nr_2022.dat 4 2023 Cabc 4.75074
Model_1_goa_nr_2022.dat 4 2023 Cofl 5.07516
Model_1_goa_nr_2022.dat 4 2023 CLCI 1.44052
Model_1_goa_nr_2022.dat 4 2023 CUCI 1.44052
Model_1_goa_nr_2022.dat 4 2023 CMedian 1.44052
Model_1_goa_nr_2022.dat 4 2023 CMean 1.44052
Model_1_goa_nr_2022.dat 4 2024 Cabc 4.75074
Model_1_goa_nr_2022.dat 4 2024 Cofl 5.07516
Model_1_goa_nr_2022.dat 4 2024 CLCI 2.192
Model_1_goa_nr_2022.dat 4 2024 CUCI 2.192
Model_1_goa_nr_2022.dat 4 2024 CMedian 2.192
Model_1_goa_nr_2022.dat 4 2024 CMean 2.192
Model_1_goa_nr_2022.dat 4 2025 Cabc 4.75074
Model_1_goa_nr_2022.dat 4 2025 Cofl 5.07516
Model_1_goa_nr_2022.dat 4 2025 CLCI 2.048
Model_1_goa_nr_2022.dat 4 2025 CUCI 2.048
Model_1_goa_nr_2022.dat 4 2025 CMedian 2.048
Model_1_goa_nr_2022.dat 4 2025 CMean 2.048
Model_1_goa_nr_2022.dat 4 2026 Cabc 4.75074
Model_1_goa_nr_2022.dat 4 2026 Cofl 5.07516
Model_1_goa_nr_2022.dat 4 2026 CLCI 1.85472
Model_1_goa_nr_2022.dat 4 2026 CUCI 1.8561
Model_1_goa_nr_2022.dat 4 2026 CMedian 1.85503
Model_1_goa_nr_2022.dat 4 2026 CMean 1.85517
Model_1_goa_nr_2022.dat 4 2027 Cabc 4.75074
Model_1_goa_nr_2022.dat 4 2027 Cofl 5.07516
Model_1_goa_nr_2022.dat 4 2027 CLCI 1.81747
Model_1_goa_nr_2022.dat 4 2027 CUCI 1.82556
Model_1_goa_nr_2022.dat 4 2027 CMedian 1.81937
Model_1_goa_nr_2022.dat 4 2027 CMean 1.82016
Model_1_goa_nr_2022.dat 4 2028 Cabc 4.75074
Model_1_goa_nr_2022.dat 4 2028 Cofl 5.07516
Model_1_goa_nr_2022.dat 4 2028 CLCI 1.78791
Model_1_goa_nr_2022.dat 4 2028 CUCI 1.82887
Model_1_goa_nr_2022.dat 4 2028 CMedian 1.79759
Model_1_goa_nr_2022.dat 4 2028 CMean 1.80162
Model_1_goa_nr_2022.dat 4 2029 Cabc 4.75074
Model_1_goa_nr_2022.dat 4 2029 Cofl 5.07516
Model_1_goa_nr_2022.dat 4 2029 CLCI 1.75613
Model_1_goa_nr_2022.dat 4 2029 CUCI 1.90551
Model_1_goa_nr_2022.dat 4 2029 CMedian 1.79358
Model_1_goa_nr_2022.dat 4 2029 CMean 1.80778
Model_1_goa_nr_2022.dat 4 2030 Cabc 4.75074
Model_1_goa_nr_2022.dat 4 2030 Cofl 5.07516
Model_1_goa_nr_2022.dat 4 2030 CLCI 1.72126
Model_1_goa_nr_2022.dat 4 2030 CUCI 2.05473
Model_1_goa_nr_2022.dat 4 2030 CMedian 1.80858
Model_1_goa_nr_2022.dat 4 2030 CMean 1.84222
Model_1_goa_nr_2022.dat 4 2031 Cabc 4.75074
Model_1_goa_nr_2022.dat 4 2031 Cofl 5.07516
Model_1_goa_nr_2022.dat 4 2031 CLCI 1.69507
Model_1_goa_nr_2022.dat 4 2031 CUCI 2.22503
Model_1_goa_nr_2022.dat 4 2031 CMedian 1.84602
Model_1_goa_nr_2022.dat 4 2031 CMean 1.89332
Model_1_goa_nr_2022.dat 4 2032 Cabc 4.75074
Model_1_goa_nr_2022.dat 4 2032 Cofl 5.07516
Model_1_goa_nr_2022.dat 4 2032 CLCI 1.68659
Model_1_goa_nr_2022.dat 4 2032 CUCI 2.35772
Model_1_goa_nr_2022.dat 4 2032 CMedian 1.89455
Model_1_goa_nr_2022.dat 4 2032 CMean 1.95098
Model_1_goa_nr_2022.dat 4 2033 Cabc 4.75074
Model_1_goa_nr_2022.dat 4 2033 Cofl 5.07516
Model_1_goa_nr_2022.dat 4 2033 CLCI 1.68267
Model_1_goa_nr_2022.dat 4 2033 CUCI 2.49011
Model_1_goa_nr_2022.dat 4 2033 CMedian 1.9517
Model_1_goa_nr_2022.dat 4 2033 CMean 2.00887
Model_1_goa_nr_2022.dat 4 2034 Cabc 4.75074
Model_1_goa_nr_2022.dat 4 2034 Cofl 5.07516
Model_1_goa_nr_2022.dat 4 2034 CLCI 1.67893
Model_1_goa_nr_2022.dat 4 2034 CUCI 2.61604
Model_1_goa_nr_2022.dat 4 2034 CMedian 2.00888
Model_1_goa_nr_2022.dat 4 2034 CMean 2.06504
Model_1_goa_nr_2022.dat 4 2035 Cabc 4.75074
Model_1_goa_nr_2022.dat 4 2035 Cofl 5.07516
Model_1_goa_nr_2022.dat 4 2035 CLCI 1.6932
Model_1_goa_nr_2022.dat 4 2035 CUCI 2.71748
Model_1_goa_nr_2022.dat 4 2035 CMedian 2.06764
Model_1_goa_nr_2022.dat 4 2035 CMean 2.12174
Model_1_goa_nr_2022.dat 4 2022 SSBF100 82.3497
Model_1_goa_nr_2022.dat 4 2022 SSBFabc 32.9399
Model_1_goa_nr_2022.dat 4 2022 SSBFofl 28.8224
Model_1_goa_nr_2022.dat 4 2022 SSBLCI 41.416
Model_1_goa_nr_2022.dat 4 2022 SSBUCI 41.416
Model_1_goa_nr_2022.dat 4 2022 SSBMedian 41.416
Model_1_goa_nr_2022.dat 4 2022 SSBMean 41.416
Model_1_goa_nr_2022.dat 4 2023 SSBF100 82.3497
Model_1_goa_nr_2022.dat 4 2023 SSBFabc 32.9399
Model_1_goa_nr_2022.dat 4 2023 SSBFofl 28.8224
Model_1_goa_nr_2022.dat 4 2023 SSBLCI 39.6874
Model_1_goa_nr_2022.dat 4 2023 SSBUCI 39.6898
Model_1_goa_nr_2022.dat 4 2023 SSBMedian 39.6879
Model_1_goa_nr_2022.dat 4 2023 SSBMean 39.6882
Model_1_goa_nr_2022.dat 4 2024 SSBF100 82.3497
Model_1_goa_nr_2022.dat 4 2024 SSBFabc 32.9399
Model_1_goa_nr_2022.dat 4 2024 SSBFofl 28.8224
Model_1_goa_nr_2022.dat 4 2024 SSBLCI 38.1143
Model_1_goa_nr_2022.dat 4 2024 SSBUCI 38.126
Model_1_goa_nr_2022.dat 4 2024 SSBMedian 38.1171
Model_1_goa_nr_2022.dat 4 2024 SSBMean 38.1183
Model_1_goa_nr_2022.dat 4 2025 SSBF100 82.3497
Model_1_goa_nr_2022.dat 4 2025 SSBFabc 32.9399
Model_1_goa_nr_2022.dat 4 2025 SSBFofl 28.8224
Model_1_goa_nr_2022.dat 4 2025 SSBLCI 36.4967
Model_1_goa_nr_2022.dat 4 2025 SSBUCI 36.5361
Model_1_goa_nr_2022.dat 4 2025 SSBMedian 36.5068
Model_1_goa_nr_2022.dat 4 2025 SSBMean 36.5105
Model_1_goa_nr_2022.dat 4 2026 SSBF100 82.3497
Model_1_goa_nr_2022.dat 4 2026 SSBFabc 32.9399
Model_1_goa_nr_2022.dat 4 2026 SSBFofl 28.8224
Model_1_goa_nr_2022.dat 4 2026 SSBLCI 35.1404
Model_1_goa_nr_2022.dat 4 2026 SSBUCI 35.253
Model_1_goa_nr_2022.dat 4 2026 SSBMedian 35.1696
Model_1_goa_nr_2022.dat 4 2026 SSBMean 35.1799
Model_1_goa_nr_2022.dat 4 2027 SSBF100 82.3497
Model_1_goa_nr_2022.dat 4 2027 SSBFabc 32.9399
Model_1_goa_nr_2022.dat 4 2027 SSBFofl 28.8224
Model_1_goa_nr_2022.dat 4 2027 SSBLCI 34.0444
Model_1_goa_nr_2022.dat 4 2027 SSBUCI 34.3203
Model_1_goa_nr_2022.dat 4 2027 SSBMedian 34.1171
Model_1_goa_nr_2022.dat 4 2027 SSBMean 34.1441
Model_1_goa_nr_2022.dat 4 2028 SSBF100 82.3497
Model_1_goa_nr_2022.dat 4 2028 SSBFabc 32.9399
Model_1_goa_nr_2022.dat 4 2028 SSBFofl 28.8224
Model_1_goa_nr_2022.dat 4 2028 SSBLCI 33.1548
Model_1_goa_nr_2022.dat 4 2028 SSBUCI 33.7854
Model_1_goa_nr_2022.dat 4 2028 SSBMedian 33.3197
Model_1_goa_nr_2022.dat 4 2028 SSBMean 33.3836
Model_1_goa_nr_2022.dat 4 2029 SSBF100 82.3497
Model_1_goa_nr_2022.dat 4 2029 SSBFabc 32.9399
Model_1_goa_nr_2022.dat 4 2029 SSBFofl 28.8224
Model_1_goa_nr_2022.dat 4 2029 SSBLCI 32.4436
Model_1_goa_nr_2022.dat 4 2029 SSBUCI 33.7527
Model_1_goa_nr_2022.dat 4 2029 SSBMedian 32.8019
Model_1_goa_nr_2022.dat 4 2029 SSBMean 32.9259
Model_1_goa_nr_2022.dat 4 2030 SSBF100 82.3497
Model_1_goa_nr_2022.dat 4 2030 SSBFabc 32.9399
Model_1_goa_nr_2022.dat 4 2030 SSBFofl 28.8224
Model_1_goa_nr_2022.dat 4 2030 SSBLCI 31.8707
Model_1_goa_nr_2022.dat 4 2030 SSBUCI 34.3431
Model_1_goa_nr_2022.dat 4 2030 SSBMedian 32.5641
Model_1_goa_nr_2022.dat 4 2030 SSBMean 32.7982
Model_1_goa_nr_2022.dat 4 2031 SSBF100 82.3497
Model_1_goa_nr_2022.dat 4 2031 SSBFabc 32.9399
Model_1_goa_nr_2022.dat 4 2031 SSBFofl 28.8224
Model_1_goa_nr_2022.dat 4 2031 SSBLCI 31.4084
Model_1_goa_nr_2022.dat 4 2031 SSBUCI 35.5729
Model_1_goa_nr_2022.dat 4 2031 SSBMedian 32.6439
Model_1_goa_nr_2022.dat 4 2031 SSBMean 33.0161
Model_1_goa_nr_2022.dat 4 2032 SSBF100 82.3497
Model_1_goa_nr_2022.dat 4 2032 SSBFabc 32.9399
Model_1_goa_nr_2022.dat 4 2032 SSBFofl 28.8224
Model_1_goa_nr_2022.dat 4 2032 SSBLCI 31.0574
Model_1_goa_nr_2022.dat 4 2032 SSBUCI 37.5316
Model_1_goa_nr_2022.dat 4 2032 SSBMedian 33.0083
Model_1_goa_nr_2022.dat 4 2032 SSBMean 33.5615
Model_1_goa_nr_2022.dat 4 2033 SSBF100 82.3497
Model_1_goa_nr_2022.dat 4 2033 SSBFabc 32.9399
Model_1_goa_nr_2022.dat 4 2033 SSBFofl 28.8224
Model_1_goa_nr_2022.dat 4 2033 SSBLCI 30.7854
Model_1_goa_nr_2022.dat 4 2033 SSBUCI 39.9325
Model_1_goa_nr_2022.dat 4 2033 SSBMedian 33.6156
Model_1_goa_nr_2022.dat 4 2033 SSBMean 34.371
Model_1_goa_nr_2022.dat 4 2034 SSBF100 82.3497
Model_1_goa_nr_2022.dat 4 2034 SSBFabc 32.9399
Model_1_goa_nr_2022.dat 4 2034 SSBFofl 28.8224
Model_1_goa_nr_2022.dat 4 2034 SSBLCI 30.6378
Model_1_goa_nr_2022.dat 4 2034 SSBUCI 42.356
Model_1_goa_nr_2022.dat 4 2034 SSBMedian 34.4757
Model_1_goa_nr_2022.dat 4 2034 SSBMean 35.3533
Model_1_goa_nr_2022.dat 4 2035 SSBF100 82.3497
Model_1_goa_nr_2022.dat 4 2035 SSBFabc 32.9399
Model_1_goa_nr_2022.dat 4 2035 SSBFofl 28.8224
Model_1_goa_nr_2022.dat 4 2035 SSBLCI 30.6493
Model_1_goa_nr_2022.dat 4 2035 SSBUCI 44.9693
Model_1_goa_nr_2022.dat 4 2035 SSBMedian 35.4541
Model_1_goa_nr_2022.dat 4 2035 SSBMean 36.4218
Model_1_goa_nr_2022.dat 4 2022 F0 0 
Model_1_goa_nr_2022.dat 4 2022 Fabc 0.0612999
Model_1_goa_nr_2022.dat 4 2022 Fofl 0.0736157
Model_1_goa_nr_2022.dat 4 2022  F_LCI 0.0220775
Model_1_goa_nr_2022.dat 4 2022  F_UCI 0.0220775
Model_1_goa_nr_2022.dat 4 2022  F_Median 0.0220775
Model_1_goa_nr_2022.dat 4 2022  F_Mean 0.0220775
Model_1_goa_nr_2022.dat 4 2023 F0 0 
Model_1_goa_nr_2022.dat 4 2023 Fabc 0.0612999
Model_1_goa_nr_2022.dat 4 2023 Fofl 0.0736157
Model_1_goa_nr_2022.dat 4 2023  F_LCI 0.017392
Model_1_goa_nr_2022.dat 4 2023  F_UCI 0.017392
Model_1_goa_nr_2022.dat 4 2023  F_Median 0.017392
Model_1_goa_nr_2022.dat 4 2023  F_Mean 0.017392
Model_1_goa_nr_2022.dat 4 2024 F0 0 
Model_1_goa_nr_2022.dat 4 2024 Fabc 0.0612999
Model_1_goa_nr_2022.dat 4 2024 Fofl 0.0736157
Model_1_goa_nr_2022.dat 4 2024  F_LCI 0.0274467
Model_1_goa_nr_2022.dat 4 2024  F_UCI 0.0274471
Model_1_goa_nr_2022.dat 4 2024  F_Median 0.027447
Model_1_goa_nr_2022.dat 4 2024  F_Mean 0.027447
Model_1_goa_nr_2022.dat 4 2025 F0 0 
Model_1_goa_nr_2022.dat 4 2025 Fabc 0.0612999
Model_1_goa_nr_2022.dat 4 2025 Fofl 0.0736157
Model_1_goa_nr_2022.dat 4 2025  F_LCI 0.0265647
Model_1_goa_nr_2022.dat 4 2025  F_UCI 0.0265677
Model_1_goa_nr_2022.dat 4 2025  F_Median 0.026567
Model_1_goa_nr_2022.dat 4 2025  F_Mean 0.0265667
Model_1_goa_nr_2022.dat 4 2026 F0 0 
Model_1_goa_nr_2022.dat 4 2026 Fabc 0.0612999
Model_1_goa_nr_2022.dat 4 2026 Fofl 0.0736157
Model_1_goa_nr_2022.dat 4 2026  F_LCI 0.0247309
Model_1_goa_nr_2022.dat 4 2026  F_UCI 0.0247309
Model_1_goa_nr_2022.dat 4 2026  F_Median 0.0247309
Model_1_goa_nr_2022.dat 4 2026  F_Mean 0.0247309
Model_1_goa_nr_2022.dat 4 2027 F0 0 
Model_1_goa_nr_2022.dat 4 2027 Fabc 0.0612999
Model_1_goa_nr_2022.dat 4 2027 Fofl 0.0736157
Model_1_goa_nr_2022.dat 4 2027  F_LCI 0.0247309
Model_1_goa_nr_2022.dat 4 2027  F_UCI 0.0247309
Model_1_goa_nr_2022.dat 4 2027  F_Median 0.0247309
Model_1_goa_nr_2022.dat 4 2027  F_Mean 0.0247309
Model_1_goa_nr_2022.dat 4 2028 F0 0 
Model_1_goa_nr_2022.dat 4 2028 Fabc 0.0612999
Model_1_goa_nr_2022.dat 4 2028 Fofl 0.0736157
Model_1_goa_nr_2022.dat 4 2028  F_LCI 0.0247309
Model_1_goa_nr_2022.dat 4 2028  F_UCI 0.0247309
Model_1_goa_nr_2022.dat 4 2028  F_Median 0.0247309
Model_1_goa_nr_2022.dat 4 2028  F_Mean 0.0247309
Model_1_goa_nr_2022.dat 4 2029 F0 0 
Model_1_goa_nr_2022.dat 4 2029 Fabc 0.0612999
Model_1_goa_nr_2022.dat 4 2029 Fofl 0.0736157
Model_1_goa_nr_2022.dat 4 2029  F_LCI 0.0247309
Model_1_goa_nr_2022.dat 4 2029  F_UCI 0.0247309
Model_1_goa_nr_2022.dat 4 2029  F_Median 0.0247309
Model_1_goa_nr_2022.dat 4 2029  F_Mean 0.0247309
Model_1_goa_nr_2022.dat 4 2030 F0 0 
Model_1_goa_nr_2022.dat 4 2030 Fabc 0.0612999
Model_1_goa_nr_2022.dat 4 2030 Fofl 0.0736157
Model_1_goa_nr_2022.dat 4 2030  F_LCI 0.0247309
Model_1_goa_nr_2022.dat 4 2030  F_UCI 0.0247309
Model_1_goa_nr_2022.dat 4 2030  F_Median 0.0247309
Model_1_goa_nr_2022.dat 4 2030  F_Mean 0.0247309
Model_1_goa_nr_2022.dat 4 2031 F0 0 
Model_1_goa_nr_2022.dat 4 2031 Fabc 0.0612999
Model_1_goa_nr_2022.dat 4 2031 Fofl 0.0736157
Model_1_goa_nr_2022.dat 4 2031  F_LCI 0.0247309
Model_1_goa_nr_2022.dat 4 2031  F_UCI 0.0247309
Model_1_goa_nr_2022.dat 4 2031  F_Median 0.0247309
Model_1_goa_nr_2022.dat 4 2031  F_Mean 0.0247309
Model_1_goa_nr_2022.dat 4 2032 F0 0 
Model_1_goa_nr_2022.dat 4 2032 Fabc 0.0612999
Model_1_goa_nr_2022.dat 4 2032 Fofl 0.0736157
Model_1_goa_nr_2022.dat 4 2032  F_LCI 0.0247309
Model_1_goa_nr_2022.dat 4 2032  F_UCI 0.0247309
Model_1_goa_nr_2022.dat 4 2032  F_Median 0.0247309
Model_1_goa_nr_2022.dat 4 2032  F_Mean 0.0247309
Model_1_goa_nr_2022.dat 4 2033 F0 0 
Model_1_goa_nr_2022.dat 4 2033 Fabc 0.0612999
Model_1_goa_nr_2022.dat 4 2033 Fofl 0.0736157
Model_1_goa_nr_2022.dat 4 2033  F_LCI 0.0247309
Model_1_goa_nr_2022.dat 4 2033  F_UCI 0.0247309
Model_1_goa_nr_2022.dat 4 2033  F_Median 0.0247309
Model_1_goa_nr_2022.dat 4 2033  F_Mean 0.0247309
Model_1_goa_nr_2022.dat 4 2034 F0 0 
Model_1_goa_nr_2022.dat 4 2034 Fabc 0.0612999
Model_1_goa_nr_2022.dat 4 2034 Fofl 0.0736157
Model_1_goa_nr_2022.dat 4 2034  F_LCI 0.0247309
Model_1_goa_nr_2022.dat 4 2034  F_UCI 0.0247309
Model_1_goa_nr_2022.dat 4 2034  F_Median 0.0247309
Model_1_goa_nr_2022.dat 4 2034  F_Mean 0.0247309
Model_1_goa_nr_2022.dat 4 2035 F0 0 
Model_1_goa_nr_2022.dat 4 2035 Fabc 0.0612999
Model_1_goa_nr_2022.dat 4 2035 Fofl 0.0736157
Model_1_goa_nr_2022.dat 4 2035  F_LCI 0.0247309
Model_1_goa_nr_2022.dat 4 2035  F_UCI 0.0247309
Model_1_goa_nr_2022.dat 4 2035  F_Median 0.0247309
Model_1_goa_nr_2022.dat 4 2035  F_Mean 0.0247309
Model_1_goa_nr_2022.dat 5 2022 Cabc 4.75074
Model_1_goa_nr_2022.dat 5 2022 Cofl 5.07516
Model_1_goa_nr_2022.dat 5 2022 CLCI 1.89847
Model_1_goa_nr_2022.dat 5 2022 CUCI 1.89847
Model_1_goa_nr_2022.dat 5 2022 CMedian 1.89847
Model_1_goa_nr_2022.dat 5 2022 CMean 1.89847
Model_1_goa_nr_2022.dat 5 2023 Cabc 4.75074
Model_1_goa_nr_2022.dat 5 2023 Cofl 5.07516
Model_1_goa_nr_2022.dat 5 2023 CLCI 1.44052
Model_1_goa_nr_2022.dat 5 2023 CUCI 1.44052
Model_1_goa_nr_2022.dat 5 2023 CMedian 1.44052
Model_1_goa_nr_2022.dat 5 2023 CMean 1.44052
Model_1_goa_nr_2022.dat 5 2024 Cabc 4.75074
Model_1_goa_nr_2022.dat 5 2024 Cofl 5.07516
Model_1_goa_nr_2022.dat 5 2024 CLCI 2.192
Model_1_goa_nr_2022.dat 5 2024 CUCI 2.192
Model_1_goa_nr_2022.dat 5 2024 CMedian 2.192
Model_1_goa_nr_2022.dat 5 2024 CMean 2.192
Model_1_goa_nr_2022.dat 5 2025 Cabc 4.75074
Model_1_goa_nr_2022.dat 5 2025 Cofl 5.07516
Model_1_goa_nr_2022.dat 5 2025 CLCI 2.048
Model_1_goa_nr_2022.dat 5 2025 CUCI 2.048
Model_1_goa_nr_2022.dat 5 2025 CMedian 2.048
Model_1_goa_nr_2022.dat 5 2025 CMean 2.048
Model_1_goa_nr_2022.dat 5 2026 Cabc 4.75074
Model_1_goa_nr_2022.dat 5 2026 Cofl 5.07516
Model_1_goa_nr_2022.dat 5 2026 CLCI 0
Model_1_goa_nr_2022.dat 5 2026 CUCI 0
Model_1_goa_nr_2022.dat 5 2026 CMedian 0
Model_1_goa_nr_2022.dat 5 2026 CMean 0
Model_1_goa_nr_2022.dat 5 2027 Cabc 4.75074
Model_1_goa_nr_2022.dat 5 2027 Cofl 5.07516
Model_1_goa_nr_2022.dat 5 2027 CLCI 0
Model_1_goa_nr_2022.dat 5 2027 CUCI 0
Model_1_goa_nr_2022.dat 5 2027 CMedian 0
Model_1_goa_nr_2022.dat 5 2027 CMean 0
Model_1_goa_nr_2022.dat 5 2028 Cabc 4.75074
Model_1_goa_nr_2022.dat 5 2028 Cofl 5.07516
Model_1_goa_nr_2022.dat 5 2028 CLCI 0
Model_1_goa_nr_2022.dat 5 2028 CUCI 0
Model_1_goa_nr_2022.dat 5 2028 CMedian 0
Model_1_goa_nr_2022.dat 5 2028 CMean 0
Model_1_goa_nr_2022.dat 5 2029 Cabc 4.75074
Model_1_goa_nr_2022.dat 5 2029 Cofl 5.07516
Model_1_goa_nr_2022.dat 5 2029 CLCI 0
Model_1_goa_nr_2022.dat 5 2029 CUCI 0
Model_1_goa_nr_2022.dat 5 2029 CMedian 0
Model_1_goa_nr_2022.dat 5 2029 CMean 0
Model_1_goa_nr_2022.dat 5 2030 Cabc 4.75074
Model_1_goa_nr_2022.dat 5 2030 Cofl 5.07516
Model_1_goa_nr_2022.dat 5 2030 CLCI 0
Model_1_goa_nr_2022.dat 5 2030 CUCI 0
Model_1_goa_nr_2022.dat 5 2030 CMedian 0
Model_1_goa_nr_2022.dat 5 2030 CMean 0
Model_1_goa_nr_2022.dat 5 2031 Cabc 4.75074
Model_1_goa_nr_2022.dat 5 2031 Cofl 5.07516
Model_1_goa_nr_2022.dat 5 2031 CLCI 0
Model_1_goa_nr_2022.dat 5 2031 CUCI 0
Model_1_goa_nr_2022.dat 5 2031 CMedian 0
Model_1_goa_nr_2022.dat 5 2031 CMean 0
Model_1_goa_nr_2022.dat 5 2032 Cabc 4.75074
Model_1_goa_nr_2022.dat 5 2032 Cofl 5.07516
Model_1_goa_nr_2022.dat 5 2032 CLCI 0
Model_1_goa_nr_2022.dat 5 2032 CUCI 0
Model_1_goa_nr_2022.dat 5 2032 CMedian 0
Model_1_goa_nr_2022.dat 5 2032 CMean 0
Model_1_goa_nr_2022.dat 5 2033 Cabc 4.75074
Model_1_goa_nr_2022.dat 5 2033 Cofl 5.07516
Model_1_goa_nr_2022.dat 5 2033 CLCI 0
Model_1_goa_nr_2022.dat 5 2033 CUCI 0
Model_1_goa_nr_2022.dat 5 2033 CMedian 0
Model_1_goa_nr_2022.dat 5 2033 CMean 0
Model_1_goa_nr_2022.dat 5 2034 Cabc 4.75074
Model_1_goa_nr_2022.dat 5 2034 Cofl 5.07516
Model_1_goa_nr_2022.dat 5 2034 CLCI 0
Model_1_goa_nr_2022.dat 5 2034 CUCI 0
Model_1_goa_nr_2022.dat 5 2034 CMedian 0
Model_1_goa_nr_2022.dat 5 2034 CMean 0
Model_1_goa_nr_2022.dat 5 2035 Cabc 4.75074
Model_1_goa_nr_2022.dat 5 2035 Cofl 5.07516
Model_1_goa_nr_2022.dat 5 2035 CLCI 0
Model_1_goa_nr_2022.dat 5 2035 CUCI 0
Model_1_goa_nr_2022.dat 5 2035 CMedian 0
Model_1_goa_nr_2022.dat 5 2035 CMean 0
Model_1_goa_nr_2022.dat 5 2022 SSBF100 82.3497
Model_1_goa_nr_2022.dat 5 2022 SSBFabc 32.9399
Model_1_goa_nr_2022.dat 5 2022 SSBFofl 28.8224
Model_1_goa_nr_2022.dat 5 2022 SSBLCI 41.416
Model_1_goa_nr_2022.dat 5 2022 SSBUCI 41.416
Model_1_goa_nr_2022.dat 5 2022 SSBMedian 41.416
Model_1_goa_nr_2022.dat 5 2022 SSBMean 41.416
Model_1_goa_nr_2022.dat 5 2023 SSBF100 82.3497
Model_1_goa_nr_2022.dat 5 2023 SSBFabc 32.9399
Model_1_goa_nr_2022.dat 5 2023 SSBFofl 28.8224
Model_1_goa_nr_2022.dat 5 2023 SSBLCI 39.6874
Model_1_goa_nr_2022.dat 5 2023 SSBUCI 39.6898
Model_1_goa_nr_2022.dat 5 2023 SSBMedian 39.6879
Model_1_goa_nr_2022.dat 5 2023 SSBMean 39.6882
Model_1_goa_nr_2022.dat 5 2024 SSBF100 82.3497
Model_1_goa_nr_2022.dat 5 2024 SSBFabc 32.9399
Model_1_goa_nr_2022.dat 5 2024 SSBFofl 28.8224
Model_1_goa_nr_2022.dat 5 2024 SSBLCI 38.1143
Model_1_goa_nr_2022.dat 5 2024 SSBUCI 38.126
Model_1_goa_nr_2022.dat 5 2024 SSBMedian 38.1171
Model_1_goa_nr_2022.dat 5 2024 SSBMean 38.1183
Model_1_goa_nr_2022.dat 5 2025 SSBF100 82.3497
Model_1_goa_nr_2022.dat 5 2025 SSBFabc 32.9399
Model_1_goa_nr_2022.dat 5 2025 SSBFofl 28.8224
Model_1_goa_nr_2022.dat 5 2025 SSBLCI 36.4967
Model_1_goa_nr_2022.dat 5 2025 SSBUCI 36.5361
Model_1_goa_nr_2022.dat 5 2025 SSBMedian 36.5068
Model_1_goa_nr_2022.dat 5 2025 SSBMean 36.5105
Model_1_goa_nr_2022.dat 5 2026 SSBF100 82.3497
Model_1_goa_nr_2022.dat 5 2026 SSBFabc 32.9399
Model_1_goa_nr_2022.dat 5 2026 SSBFofl 28.8224
Model_1_goa_nr_2022.dat 5 2026 SSBLCI 35.4277
Model_1_goa_nr_2022.dat 5 2026 SSBUCI 35.5403
Model_1_goa_nr_2022.dat 5 2026 SSBMedian 35.4569
Model_1_goa_nr_2022.dat 5 2026 SSBMean 35.4672
Model_1_goa_nr_2022.dat 5 2027 SSBF100 82.3497
Model_1_goa_nr_2022.dat 5 2027 SSBFabc 32.9399
Model_1_goa_nr_2022.dat 5 2027 SSBFofl 28.8224
Model_1_goa_nr_2022.dat 5 2027 SSBLCI 35.161
Model_1_goa_nr_2022.dat 5 2027 SSBUCI 35.437
Model_1_goa_nr_2022.dat 5 2027 SSBMedian 35.2337
Model_1_goa_nr_2022.dat 5 2027 SSBMean 35.2607
Model_1_goa_nr_2022.dat 5 2028 SSBF100 82.3497
Model_1_goa_nr_2022.dat 5 2028 SSBFabc 32.9399
Model_1_goa_nr_2022.dat 5 2028 SSBFofl 28.8224
Model_1_goa_nr_2022.dat 5 2028 SSBLCI 35.0621
Model_1_goa_nr_2022.dat 5 2028 SSBUCI 35.694
Model_1_goa_nr_2022.dat 5 2028 SSBMedian 35.2272
Model_1_goa_nr_2022.dat 5 2028 SSBMean 35.2912
Model_1_goa_nr_2022.dat 5 2029 SSBF100 82.3497
Model_1_goa_nr_2022.dat 5 2029 SSBFabc 32.9399
Model_1_goa_nr_2022.dat 5 2029 SSBFofl 28.8224
Model_1_goa_nr_2022.dat 5 2029 SSBLCI 35.1089
Model_1_goa_nr_2022.dat 5 2029 SSBUCI 36.4217
Model_1_goa_nr_2022.dat 5 2029 SSBMedian 35.4692
Model_1_goa_nr_2022.dat 5 2029 SSBMean 35.5941
Model_1_goa_nr_2022.dat 5 2030 SSBF100 82.3497
Model_1_goa_nr_2022.dat 5 2030 SSBFabc 32.9399
Model_1_goa_nr_2022.dat 5 2030 SSBFofl 28.8224
Model_1_goa_nr_2022.dat 5 2030 SSBLCI 35.2653
Model_1_goa_nr_2022.dat 5 2030 SSBUCI 37.7884
Model_1_goa_nr_2022.dat 5 2030 SSBMedian 35.9691
Model_1_goa_nr_2022.dat 5 2030 SSBMean 36.2055
Model_1_goa_nr_2022.dat 5 2031 SSBF100 82.3497
Model_1_goa_nr_2022.dat 5 2031 SSBFabc 32.9399
Model_1_goa_nr_2022.dat 5 2031 SSBFofl 28.8224
Model_1_goa_nr_2022.dat 5 2031 SSBLCI 35.4987
Model_1_goa_nr_2022.dat 5 2031 SSBUCI 39.7713
Model_1_goa_nr_2022.dat 5 2031 SSBMedian 36.7698
Model_1_goa_nr_2022.dat 5 2031 SSBMean 37.1527
Model_1_goa_nr_2022.dat 5 2032 SSBF100 82.3497
Model_1_goa_nr_2022.dat 5 2032 SSBFabc 32.9399
Model_1_goa_nr_2022.dat 5 2032 SSBFofl 28.8224
Model_1_goa_nr_2022.dat 5 2032 SSBLCI 35.8037
Model_1_goa_nr_2022.dat 5 2032 SSBUCI 42.5671
Model_1_goa_nr_2022.dat 5 2032 SSBMedian 37.8383
Model_1_goa_nr_2022.dat 5 2032 SSBMean 38.4306
Model_1_goa_nr_2022.dat 5 2033 SSBF100 82.3497
Model_1_goa_nr_2022.dat 5 2033 SSBFabc 32.9399
Model_1_goa_nr_2022.dat 5 2033 SSBFofl 28.8224
Model_1_goa_nr_2022.dat 5 2033 SSBLCI 36.1684
Model_1_goa_nr_2022.dat 5 2033 SSBUCI 46.0427
Model_1_goa_nr_2022.dat 5 2033 SSBMedian 39.2047
Model_1_goa_nr_2022.dat 5 2033 SSBMean 39.9851
Model_1_goa_nr_2022.dat 5 2034 SSBF100 82.3497
Model_1_goa_nr_2022.dat 5 2034 SSBFabc 32.9399
Model_1_goa_nr_2022.dat 5 2034 SSBFofl 28.8224
Model_1_goa_nr_2022.dat 5 2034 SSBLCI 36.6344
Model_1_goa_nr_2022.dat 5 2034 SSBUCI 49.3212
Model_1_goa_nr_2022.dat 5 2034 SSBMedian 40.7551
Model_1_goa_nr_2022.dat 5 2034 SSBMean 41.7273
Model_1_goa_nr_2022.dat 5 2035 SSBF100 82.3497
Model_1_goa_nr_2022.dat 5 2035 SSBFabc 32.9399
Model_1_goa_nr_2022.dat 5 2035 SSBFofl 28.8224
Model_1_goa_nr_2022.dat 5 2035 SSBLCI 37.1761
Model_1_goa_nr_2022.dat 5 2035 SSBUCI 53.0266
Model_1_goa_nr_2022.dat 5 2035 SSBMedian 42.4493
Model_1_goa_nr_2022.dat 5 2035 SSBMean 43.5673
Model_1_goa_nr_2022.dat 5 2022 F0 0 
Model_1_goa_nr_2022.dat 5 2022 Fabc 0.0612999
Model_1_goa_nr_2022.dat 5 2022 Fofl 0.0736157
Model_1_goa_nr_2022.dat 5 2022  F_LCI 0.0220775
Model_1_goa_nr_2022.dat 5 2022  F_UCI 0.0220775
Model_1_goa_nr_2022.dat 5 2022  F_Median 0.0220775
Model_1_goa_nr_2022.dat 5 2022  F_Mean 0.0220775
Model_1_goa_nr_2022.dat 5 2023 F0 0 
Model_1_goa_nr_2022.dat 5 2023 Fabc 0.0612999
Model_1_goa_nr_2022.dat 5 2023 Fofl 0.0736157
Model_1_goa_nr_2022.dat 5 2023  F_LCI 0.017392
Model_1_goa_nr_2022.dat 5 2023  F_UCI 0.017392
Model_1_goa_nr_2022.dat 5 2023  F_Median 0.017392
Model_1_goa_nr_2022.dat 5 2023  F_Mean 0.017392
Model_1_goa_nr_2022.dat 5 2024 F0 0 
Model_1_goa_nr_2022.dat 5 2024 Fabc 0.0612999
Model_1_goa_nr_2022.dat 5 2024 Fofl 0.0736157
Model_1_goa_nr_2022.dat 5 2024  F_LCI 0.0274467
Model_1_goa_nr_2022.dat 5 2024  F_UCI 0.0274471
Model_1_goa_nr_2022.dat 5 2024  F_Median 0.027447
Model_1_goa_nr_2022.dat 5 2024  F_Mean 0.027447
Model_1_goa_nr_2022.dat 5 2025 F0 0 
Model_1_goa_nr_2022.dat 5 2025 Fabc 0.0612999
Model_1_goa_nr_2022.dat 5 2025 Fofl 0.0736157
Model_1_goa_nr_2022.dat 5 2025  F_LCI 0.0265647
Model_1_goa_nr_2022.dat 5 2025  F_UCI 0.0265677
Model_1_goa_nr_2022.dat 5 2025  F_Median 0.026567
Model_1_goa_nr_2022.dat 5 2025  F_Mean 0.0265667
Model_1_goa_nr_2022.dat 5 2026 F0 0 
Model_1_goa_nr_2022.dat 5 2026 Fabc 0.0612999
Model_1_goa_nr_2022.dat 5 2026 Fofl 0.0736157
Model_1_goa_nr_2022.dat 5 2026  F_LCI 0
Model_1_goa_nr_2022.dat 5 2026  F_UCI 0
Model_1_goa_nr_2022.dat 5 2026  F_Median 0
Model_1_goa_nr_2022.dat 5 2026  F_Mean 0
Model_1_goa_nr_2022.dat 5 2027 F0 0 
Model_1_goa_nr_2022.dat 5 2027 Fabc 0.0612999
Model_1_goa_nr_2022.dat 5 2027 Fofl 0.0736157
Model_1_goa_nr_2022.dat 5 2027  F_LCI 0
Model_1_goa_nr_2022.dat 5 2027  F_UCI 0
Model_1_goa_nr_2022.dat 5 2027  F_Median 0
Model_1_goa_nr_2022.dat 5 2027  F_Mean 0
Model_1_goa_nr_2022.dat 5 2028 F0 0 
Model_1_goa_nr_2022.dat 5 2028 Fabc 0.0612999
Model_1_goa_nr_2022.dat 5 2028 Fofl 0.0736157
Model_1_goa_nr_2022.dat 5 2028  F_LCI 0
Model_1_goa_nr_2022.dat 5 2028  F_UCI 0
Model_1_goa_nr_2022.dat 5 2028  F_Median 0
Model_1_goa_nr_2022.dat 5 2028  F_Mean 0
Model_1_goa_nr_2022.dat 5 2029 F0 0 
Model_1_goa_nr_2022.dat 5 2029 Fabc 0.0612999
Model_1_goa_nr_2022.dat 5 2029 Fofl 0.0736157
Model_1_goa_nr_2022.dat 5 2029  F_LCI 0
Model_1_goa_nr_2022.dat 5 2029  F_UCI 0
Model_1_goa_nr_2022.dat 5 2029  F_Median 0
Model_1_goa_nr_2022.dat 5 2029  F_Mean 0
Model_1_goa_nr_2022.dat 5 2030 F0 0 
Model_1_goa_nr_2022.dat 5 2030 Fabc 0.0612999
Model_1_goa_nr_2022.dat 5 2030 Fofl 0.0736157
Model_1_goa_nr_2022.dat 5 2030  F_LCI 0
Model_1_goa_nr_2022.dat 5 2030  F_UCI 0
Model_1_goa_nr_2022.dat 5 2030  F_Median 0
Model_1_goa_nr_2022.dat 5 2030  F_Mean 0
Model_1_goa_nr_2022.dat 5 2031 F0 0 
Model_1_goa_nr_2022.dat 5 2031 Fabc 0.0612999
Model_1_goa_nr_2022.dat 5 2031 Fofl 0.0736157
Model_1_goa_nr_2022.dat 5 2031  F_LCI 0
Model_1_goa_nr_2022.dat 5 2031  F_UCI 0
Model_1_goa_nr_2022.dat 5 2031  F_Median 0
Model_1_goa_nr_2022.dat 5 2031  F_Mean 0
Model_1_goa_nr_2022.dat 5 2032 F0 0 
Model_1_goa_nr_2022.dat 5 2032 Fabc 0.0612999
Model_1_goa_nr_2022.dat 5 2032 Fofl 0.0736157
Model_1_goa_nr_2022.dat 5 2032  F_LCI 0
Model_1_goa_nr_2022.dat 5 2032  F_UCI 0
Model_1_goa_nr_2022.dat 5 2032  F_Median 0
Model_1_goa_nr_2022.dat 5 2032  F_Mean 0
Model_1_goa_nr_2022.dat 5 2033 F0 0 
Model_1_goa_nr_2022.dat 5 2033 Fabc 0.0612999
Model_1_goa_nr_2022.dat 5 2033 Fofl 0.0736157
Model_1_goa_nr_2022.dat 5 2033  F_LCI 0
Model_1_goa_nr_2022.dat 5 2033  F_UCI 0
Model_1_goa_nr_2022.dat 5 2033  F_Median 0
Model_1_goa_nr_2022.dat 5 2033  F_Mean 0
Model_1_goa_nr_2022.dat 5 2034 F0 0 
Model_1_goa_nr_2022.dat 5 2034 Fabc 0.0612999
Model_1_goa_nr_2022.dat 5 2034 Fofl 0.0736157
Model_1_goa_nr_2022.dat 5 2034  F_LCI 0
Model_1_goa_nr_2022.dat 5 2034  F_UCI 0
Model_1_goa_nr_2022.dat 5 2034  F_Median 0
Model_1_goa_nr_2022.dat 5 2034  F_Mean 0
Model_1_goa_nr_2022.dat 5 2035 F0 0 
Model_1_goa_nr_2022.dat 5 2035 Fabc 0.0612999
Model_1_goa_nr_2022.dat 5 2035 Fofl 0.0736157
Model_1_goa_nr_2022.dat 5 2035  F_LCI 0
Model_1_goa_nr_2022.dat 5 2035  F_UCI 0
Model_1_goa_nr_2022.dat 5 2035  F_Median 0
Model_1_goa_nr_2022.dat 5 2035  F_Mean 0
Model_1_goa_nr_2022.dat 6 2022 Cabc 4.75074
Model_1_goa_nr_2022.dat 6 2022 Cofl 5.07516
Model_1_goa_nr_2022.dat 6 2022 CLCI 1.89847
Model_1_goa_nr_2022.dat 6 2022 CUCI 1.89847
Model_1_goa_nr_2022.dat 6 2022 CMedian 1.89847
Model_1_goa_nr_2022.dat 6 2022 CMean 1.89847
Model_1_goa_nr_2022.dat 6 2023 Cabc 4.75074
Model_1_goa_nr_2022.dat 6 2023 Cofl 5.07516
Model_1_goa_nr_2022.dat 6 2023 CLCI 5.93368
Model_1_goa_nr_2022.dat 6 2023 CUCI 5.93369
Model_1_goa_nr_2022.dat 6 2023 CMedian 5.93368
Model_1_goa_nr_2022.dat 6 2023 CMean 5.93368
Model_1_goa_nr_2022.dat 6 2024 Cabc 4.75074
Model_1_goa_nr_2022.dat 6 2024 Cofl 5.07516
Model_1_goa_nr_2022.dat 6 2024 CLCI 5.44579
Model_1_goa_nr_2022.dat 6 2024 CUCI 5.44586
Model_1_goa_nr_2022.dat 6 2024 CMedian 5.44581
Model_1_goa_nr_2022.dat 6 2024 CMean 5.44581
Model_1_goa_nr_2022.dat 6 2025 Cabc 4.75074
Model_1_goa_nr_2022.dat 6 2025 Cofl 5.07516
Model_1_goa_nr_2022.dat 6 2025 CLCI 4.97282
Model_1_goa_nr_2022.dat 6 2025 CUCI 4.97937
Model_1_goa_nr_2022.dat 6 2025 CMedian 4.97448
Model_1_goa_nr_2022.dat 6 2025 CMean 4.9751
Model_1_goa_nr_2022.dat 6 2026 Cabc 4.75074
Model_1_goa_nr_2022.dat 6 2026 Cofl 5.07516
Model_1_goa_nr_2022.dat 6 2026 CLCI 4.28272
Model_1_goa_nr_2022.dat 6 2026 CUCI 4.30137
Model_1_goa_nr_2022.dat 6 2026 CMedian 4.28756
Model_1_goa_nr_2022.dat 6 2026 CMean 4.28932
Model_1_goa_nr_2022.dat 6 2027 Cabc 4.75074
Model_1_goa_nr_2022.dat 6 2027 Cofl 5.07516
Model_1_goa_nr_2022.dat 6 2027 CLCI 3.78865
Model_1_goa_nr_2022.dat 6 2027 CUCI 3.84364
Model_1_goa_nr_2022.dat 6 2027 CMedian 3.80292
Model_1_goa_nr_2022.dat 6 2027 CMean 3.80821
Model_1_goa_nr_2022.dat 6 2028 Cabc 4.75074
Model_1_goa_nr_2022.dat 6 2028 Cofl 5.07516
Model_1_goa_nr_2022.dat 6 2028 CLCI 3.42762
Model_1_goa_nr_2022.dat 6 2028 CUCI 3.59937
Model_1_goa_nr_2022.dat 6 2028 CMedian 3.47106
Model_1_goa_nr_2022.dat 6 2028 CMean 3.48815
Model_1_goa_nr_2022.dat 6 2029 Cabc 4.75074
Model_1_goa_nr_2022.dat 6 2029 Cofl 5.07516
Model_1_goa_nr_2022.dat 6 2029 CLCI 3.14277
Model_1_goa_nr_2022.dat 6 2029 CUCI 3.64542
Model_1_goa_nr_2022.dat 6 2029 CMedian 3.27014
Model_1_goa_nr_2022.dat 6 2029 CMean 3.31757
Model_1_goa_nr_2022.dat 6 2030 Cabc 4.75074
Model_1_goa_nr_2022.dat 6 2030 Cofl 5.07516
Model_1_goa_nr_2022.dat 6 2030 CLCI 2.91178
Model_1_goa_nr_2022.dat 6 2030 CUCI 3.9329
Model_1_goa_nr_2022.dat 6 2030 CMedian 3.17693
Model_1_goa_nr_2022.dat 6 2030 CMean 3.28484
Model_1_goa_nr_2022.dat 6 2031 Cabc 4.75074
Model_1_goa_nr_2022.dat 6 2031 Cofl 5.07516
Model_1_goa_nr_2022.dat 6 2031 CLCI 2.73616
Model_1_goa_nr_2022.dat 6 2031 CUCI 4.41636
Model_1_goa_nr_2022.dat 6 2031 CMedian 3.18571
Model_1_goa_nr_2022.dat 6 2031 CMean 3.35052
Model_1_goa_nr_2022.dat 6 2032 Cabc 4.75074
Model_1_goa_nr_2022.dat 6 2032 Cofl 5.07516
Model_1_goa_nr_2022.dat 6 2032 CLCI 2.64252
Model_1_goa_nr_2022.dat 6 2032 CUCI 4.90771
Model_1_goa_nr_2022.dat 6 2032 CMedian 3.26383
Model_1_goa_nr_2022.dat 6 2032 CMean 3.47675
Model_1_goa_nr_2022.dat 6 2033 Cabc 4.75074
Model_1_goa_nr_2022.dat 6 2033 Cofl 5.07516
Model_1_goa_nr_2022.dat 6 2033 CLCI 2.57199
Model_1_goa_nr_2022.dat 6 2033 CUCI 5.34879
Model_1_goa_nr_2022.dat 6 2033 CMedian 3.38871
Model_1_goa_nr_2022.dat 6 2033 CMean 3.63136
Model_1_goa_nr_2022.dat 6 2034 Cabc 4.75074
Model_1_goa_nr_2022.dat 6 2034 Cofl 5.07516
Model_1_goa_nr_2022.dat 6 2034 CLCI 2.53992
Model_1_goa_nr_2022.dat 6 2034 CUCI 5.72885
Model_1_goa_nr_2022.dat 6 2034 CMedian 3.56533
Model_1_goa_nr_2022.dat 6 2034 CMean 3.79245
Model_1_goa_nr_2022.dat 6 2035 Cabc 4.75074
Model_1_goa_nr_2022.dat 6 2035 Cofl 5.07516
Model_1_goa_nr_2022.dat 6 2035 CLCI 2.54243
Model_1_goa_nr_2022.dat 6 2035 CUCI 6.08474
Model_1_goa_nr_2022.dat 6 2035 CMedian 3.73304
Model_1_goa_nr_2022.dat 6 2035 CMean 3.95392
Model_1_goa_nr_2022.dat 6 2022 SSBF100 82.3497
Model_1_goa_nr_2022.dat 6 2022 SSBFabc 32.9399
Model_1_goa_nr_2022.dat 6 2022 SSBFofl 28.8224
Model_1_goa_nr_2022.dat 6 2022 SSBLCI 41.416
Model_1_goa_nr_2022.dat 6 2022 SSBUCI 41.416
Model_1_goa_nr_2022.dat 6 2022 SSBMedian 41.416
Model_1_goa_nr_2022.dat 6 2022 SSBMean 41.416
Model_1_goa_nr_2022.dat 6 2023 SSBF100 82.3497
Model_1_goa_nr_2022.dat 6 2023 SSBFabc 32.9399
Model_1_goa_nr_2022.dat 6 2023 SSBFofl 28.8224
Model_1_goa_nr_2022.dat 6 2023 SSBLCI 38.9567
Model_1_goa_nr_2022.dat 6 2023 SSBUCI 38.9591
Model_1_goa_nr_2022.dat 6 2023 SSBMedian 38.9572
Model_1_goa_nr_2022.dat 6 2023 SSBMean 38.9574
Model_1_goa_nr_2022.dat 6 2024 SSBF100 82.3497
Model_1_goa_nr_2022.dat 6 2024 SSBFabc 32.9399
Model_1_goa_nr_2022.dat 6 2024 SSBFofl 28.8224
Model_1_goa_nr_2022.dat 6 2024 SSBLCI 35.5196
Model_1_goa_nr_2022.dat 6 2024 SSBUCI 35.5313
Model_1_goa_nr_2022.dat 6 2024 SSBMedian 35.5224
Model_1_goa_nr_2022.dat 6 2024 SSBMean 35.5235
Model_1_goa_nr_2022.dat 6 2025 SSBF100 82.3497
Model_1_goa_nr_2022.dat 6 2025 SSBFabc 32.9399
Model_1_goa_nr_2022.dat 6 2025 SSBFofl 28.8224
Model_1_goa_nr_2022.dat 6 2025 SSBLCI 32.5359
Model_1_goa_nr_2022.dat 6 2025 SSBUCI 32.5742
Model_1_goa_nr_2022.dat 6 2025 SSBMedian 32.5457
Model_1_goa_nr_2022.dat 6 2025 SSBMean 32.5493
Model_1_goa_nr_2022.dat 6 2026 SSBF100 82.3497
Model_1_goa_nr_2022.dat 6 2026 SSBFabc 32.9399
Model_1_goa_nr_2022.dat 6 2026 SSBFofl 28.8224
Model_1_goa_nr_2022.dat 6 2026 SSBLCI 30.0493
Model_1_goa_nr_2022.dat 6 2026 SSBUCI 30.1565
Model_1_goa_nr_2022.dat 6 2026 SSBMedian 30.0771
Model_1_goa_nr_2022.dat 6 2026 SSBMean 30.087
Model_1_goa_nr_2022.dat 6 2027 SSBF100 82.3497
Model_1_goa_nr_2022.dat 6 2027 SSBFabc 32.9399
Model_1_goa_nr_2022.dat 6 2027 SSBFofl 28.8224
Model_1_goa_nr_2022.dat 6 2027 SSBLCI 28.0927
Model_1_goa_nr_2022.dat 6 2027 SSBUCI 28.3532
Model_1_goa_nr_2022.dat 6 2027 SSBMedian 28.1614
Model_1_goa_nr_2022.dat 6 2027 SSBMean 28.187
Model_1_goa_nr_2022.dat 6 2028 SSBF100 82.3497
Model_1_goa_nr_2022.dat 6 2028 SSBFabc 32.9399
Model_1_goa_nr_2022.dat 6 2028 SSBFofl 28.8224
Model_1_goa_nr_2022.dat 6 2028 SSBLCI 26.5691
Model_1_goa_nr_2022.dat 6 2028 SSBUCI 27.1606
Model_1_goa_nr_2022.dat 6 2028 SSBMedian 26.724
Model_1_goa_nr_2022.dat 6 2028 SSBMean 26.7842
Model_1_goa_nr_2022.dat 6 2029 SSBF100 82.3497
Model_1_goa_nr_2022.dat 6 2029 SSBFabc 32.9399
Model_1_goa_nr_2022.dat 6 2029 SSBFofl 28.8224
Model_1_goa_nr_2022.dat 6 2029 SSBLCI 25.3884
Model_1_goa_nr_2022.dat 6 2029 SSBUCI 26.6051
Model_1_goa_nr_2022.dat 6 2029 SSBMedian 25.7223
Model_1_goa_nr_2022.dat 6 2029 SSBMean 25.8374
Model_1_goa_nr_2022.dat 6 2030 SSBF100 82.3497
Model_1_goa_nr_2022.dat 6 2030 SSBFabc 32.9399
Model_1_goa_nr_2022.dat 6 2030 SSBFofl 28.8224
Model_1_goa_nr_2022.dat 6 2030 SSBLCI 24.4654
Model_1_goa_nr_2022.dat 6 2030 SSBUCI 26.7146
Model_1_goa_nr_2022.dat 6 2030 SSBMedian 25.1116
Model_1_goa_nr_2022.dat 6 2030 SSBMean 25.3172
Model_1_goa_nr_2022.dat 6 2031 SSBF100 82.3497
Model_1_goa_nr_2022.dat 6 2031 SSBFabc 32.9399
Model_1_goa_nr_2022.dat 6 2031 SSBFofl 28.8224
Model_1_goa_nr_2022.dat 6 2031 SSBLCI 23.7511
Model_1_goa_nr_2022.dat 6 2031 SSBUCI 27.4773
Model_1_goa_nr_2022.dat 6 2031 SSBMedian 24.8505
Model_1_goa_nr_2022.dat 6 2031 SSBMean 25.1876
Model_1_goa_nr_2022.dat 6 2032 SSBF100 82.3497
Model_1_goa_nr_2022.dat 6 2032 SSBFabc 32.9399
Model_1_goa_nr_2022.dat 6 2032 SSBFofl 28.8224
Model_1_goa_nr_2022.dat 6 2032 SSBLCI 23.2259
Model_1_goa_nr_2022.dat 6 2032 SSBUCI 28.8438
Model_1_goa_nr_2022.dat 6 2032 SSBMedian 24.9291
Model_1_goa_nr_2022.dat 6 2032 SSBMean 25.3847
Model_1_goa_nr_2022.dat 6 2033 SSBF100 82.3497
Model_1_goa_nr_2022.dat 6 2033 SSBFabc 32.9399
Model_1_goa_nr_2022.dat 6 2033 SSBFofl 28.8224
Model_1_goa_nr_2022.dat 6 2033 SSBLCI 22.8301
Model_1_goa_nr_2022.dat 6 2033 SSBUCI 30.1687
Model_1_goa_nr_2022.dat 6 2033 SSBMedian 25.2309
Model_1_goa_nr_2022.dat 6 2033 SSBMean 25.8118
Model_1_goa_nr_2022.dat 6 2034 SSBF100 82.3497
Model_1_goa_nr_2022.dat 6 2034 SSBFabc 32.9399
Model_1_goa_nr_2022.dat 6 2034 SSBFofl 28.8224
Model_1_goa_nr_2022.dat 6 2034 SSBLCI 22.5751
Model_1_goa_nr_2022.dat 6 2034 SSBUCI 31.8113
Model_1_goa_nr_2022.dat 6 2034 SSBMedian 25.7194
Model_1_goa_nr_2022.dat 6 2034 SSBMean 26.3611
Model_1_goa_nr_2022.dat 6 2035 SSBF100 82.3497
Model_1_goa_nr_2022.dat 6 2035 SSBFabc 32.9399
Model_1_goa_nr_2022.dat 6 2035 SSBFofl 28.8224
Model_1_goa_nr_2022.dat 6 2035 SSBLCI 22.554
Model_1_goa_nr_2022.dat 6 2035 SSBUCI 33.0648
Model_1_goa_nr_2022.dat 6 2035 SSBMedian 26.2633
Model_1_goa_nr_2022.dat 6 2035 SSBMean 26.9455
Model_1_goa_nr_2022.dat 6 2022 F0 0 
Model_1_goa_nr_2022.dat 6 2022 Fabc 0.0612999
Model_1_goa_nr_2022.dat 6 2022 Fofl 0.0736157
Model_1_goa_nr_2022.dat 6 2022  F_LCI 0.0220775
Model_1_goa_nr_2022.dat 6 2022  F_UCI 0.0220775
Model_1_goa_nr_2022.dat 6 2022  F_Median 0.0220775
Model_1_goa_nr_2022.dat 6 2022  F_Mean 0.0220775
Model_1_goa_nr_2022.dat 6 2023 F0 0 
Model_1_goa_nr_2022.dat 6 2023 Fabc 0.0612999
Model_1_goa_nr_2022.dat 6 2023 Fofl 0.0736157
Model_1_goa_nr_2022.dat 6 2023  F_LCI 0.0736156
Model_1_goa_nr_2022.dat 6 2023  F_UCI 0.0736156
Model_1_goa_nr_2022.dat 6 2023  F_Median 0.0736156
Model_1_goa_nr_2022.dat 6 2023  F_Mean 0.0736156
Model_1_goa_nr_2022.dat 6 2024 F0 0 
Model_1_goa_nr_2022.dat 6 2024 Fabc 0.0612999
Model_1_goa_nr_2022.dat 6 2024 Fofl 0.0736157
Model_1_goa_nr_2022.dat 6 2024  F_LCI 0.0736156
Model_1_goa_nr_2022.dat 6 2024  F_UCI 0.0736156
Model_1_goa_nr_2022.dat 6 2024  F_Median 0.0736156
Model_1_goa_nr_2022.dat 6 2024  F_Mean 0.0736156
Model_1_goa_nr_2022.dat 6 2025 F0 0 
Model_1_goa_nr_2022.dat 6 2025 Fabc 0.0612999
Model_1_goa_nr_2022.dat 6 2025 Fofl 0.0736157
Model_1_goa_nr_2022.dat 6 2025  F_LCI 0.0726654
Model_1_goa_nr_2022.dat 6 2025  F_UCI 0.0727556
Model_1_goa_nr_2022.dat 6 2025  F_Median 0.0726885
Model_1_goa_nr_2022.dat 6 2025  F_Mean 0.072697
Model_1_goa_nr_2022.dat 6 2026 F0 0 
Model_1_goa_nr_2022.dat 6 2026 Fabc 0.0612999
Model_1_goa_nr_2022.dat 6 2026 Fofl 0.0736157
Model_1_goa_nr_2022.dat 6 2026  F_LCI 0.0668157
Model_1_goa_nr_2022.dat 6 2026  F_UCI 0.067068
Model_1_goa_nr_2022.dat 6 2026  F_Median 0.0668811
Model_1_goa_nr_2022.dat 6 2026  F_Mean 0.0669044
Model_1_goa_nr_2022.dat 6 2027 F0 0 
Model_1_goa_nr_2022.dat 6 2027 Fabc 0.0612999
Model_1_goa_nr_2022.dat 6 2027 Fofl 0.0736157
Model_1_goa_nr_2022.dat 6 2027  F_LCI 0.0622129
Model_1_goa_nr_2022.dat 6 2027  F_UCI 0.0628256
Model_1_goa_nr_2022.dat 6 2027  F_Median 0.0623744
Model_1_goa_nr_2022.dat 6 2027  F_Mean 0.0624347
Model_1_goa_nr_2022.dat 6 2028 F0 0 
Model_1_goa_nr_2022.dat 6 2028 Fabc 0.0612999
Model_1_goa_nr_2022.dat 6 2028 Fofl 0.0736157
Model_1_goa_nr_2022.dat 6 2028  F_LCI 0.0586286
Model_1_goa_nr_2022.dat 6 2028  F_UCI 0.06002
Model_1_goa_nr_2022.dat 6 2028  F_Median 0.0589928
Model_1_goa_nr_2022.dat 6 2028  F_Mean 0.0591346
Model_1_goa_nr_2022.dat 6 2029 F0 0 
Model_1_goa_nr_2022.dat 6 2029 Fabc 0.0612999
Model_1_goa_nr_2022.dat 6 2029 Fofl 0.0736157
Model_1_goa_nr_2022.dat 6 2029  F_LCI 0.0558509
Model_1_goa_nr_2022.dat 6 2029  F_UCI 0.0587132
Model_1_goa_nr_2022.dat 6 2029  F_Median 0.0566364
Model_1_goa_nr_2022.dat 6 2029  F_Mean 0.0569073
Model_1_goa_nr_2022.dat 6 2030 F0 0 
Model_1_goa_nr_2022.dat 6 2030 Fabc 0.0612999
Model_1_goa_nr_2022.dat 6 2030 Fofl 0.0736157
Model_1_goa_nr_2022.dat 6 2030  F_LCI 0.0536796
Model_1_goa_nr_2022.dat 6 2030  F_UCI 0.0589708
Model_1_goa_nr_2022.dat 6 2030  F_Median 0.0551998
Model_1_goa_nr_2022.dat 6 2030  F_Mean 0.0556836
Model_1_goa_nr_2022.dat 6 2031 F0 0 
Model_1_goa_nr_2022.dat 6 2031 Fabc 0.0612999
Model_1_goa_nr_2022.dat 6 2031 Fofl 0.0736157
Model_1_goa_nr_2022.dat 6 2031  F_LCI 0.0519993
Model_1_goa_nr_2022.dat 6 2031  F_UCI 0.0607652
Model_1_goa_nr_2022.dat 6 2031  F_Median 0.0545855
Model_1_goa_nr_2022.dat 6 2031  F_Mean 0.055376
Model_1_goa_nr_2022.dat 6 2032 F0 0 
Model_1_goa_nr_2022.dat 6 2032 Fabc 0.0612999
Model_1_goa_nr_2022.dat 6 2032 Fofl 0.0736157
Model_1_goa_nr_2022.dat 6 2032  F_LCI 0.0507637
Model_1_goa_nr_2022.dat 6 2032  F_UCI 0.0639798
Model_1_goa_nr_2022.dat 6 2032  F_Median 0.0547704
Model_1_goa_nr_2022.dat 6 2032  F_Mean 0.0558086
Model_1_goa_nr_2022.dat 6 2033 F0 0 
Model_1_goa_nr_2022.dat 6 2033 Fabc 0.0612999
Model_1_goa_nr_2022.dat 6 2033 Fofl 0.0736157
Model_1_goa_nr_2022.dat 6 2033  F_LCI 0.0498325
Model_1_goa_nr_2022.dat 6 2033  F_UCI 0.0670966
Model_1_goa_nr_2022.dat 6 2033  F_Median 0.0554805
Model_1_goa_nr_2022.dat 6 2033  F_Mean 0.0567383
Model_1_goa_nr_2022.dat 6 2034 F0 0 
Model_1_goa_nr_2022.dat 6 2034 Fabc 0.0612999
Model_1_goa_nr_2022.dat 6 2034 Fofl 0.0736157
Model_1_goa_nr_2022.dat 6 2034  F_LCI 0.0492327
Model_1_goa_nr_2022.dat 6 2034  F_UCI 0.0709607
Model_1_goa_nr_2022.dat 6 2034  F_Median 0.0566295
Model_1_goa_nr_2022.dat 6 2034  F_Mean 0.0579101
Model_1_goa_nr_2022.dat 6 2035 F0 0 
Model_1_goa_nr_2022.dat 6 2035 Fabc 0.0612999
Model_1_goa_nr_2022.dat 6 2035 Fofl 0.0736157
Model_1_goa_nr_2022.dat 6 2035  F_LCI 0.0491832
Model_1_goa_nr_2022.dat 6 2035  F_UCI 0.0736157
Model_1_goa_nr_2022.dat 6 2035  F_Median 0.0579091
Model_1_goa_nr_2022.dat 6 2035  F_Mean 0.0591398
Model_1_goa_nr_2022.dat 7 2022 Cabc 4.75074
Model_1_goa_nr_2022.dat 7 2022 Cofl 5.07516
Model_1_goa_nr_2022.dat 7 2022 CLCI 1.89847
Model_1_goa_nr_2022.dat 7 2022 CUCI 1.89847
Model_1_goa_nr_2022.dat 7 2022 CMedian 1.89847
Model_1_goa_nr_2022.dat 7 2022 CMean 1.89847
Model_1_goa_nr_2022.dat 7 2023 Cabc 4.75074
Model_1_goa_nr_2022.dat 7 2023 Cofl 5.07516
Model_1_goa_nr_2022.dat 7 2023 CLCI 4.97041
Model_1_goa_nr_2022.dat 7 2023 CUCI 4.97041
Model_1_goa_nr_2022.dat 7 2023 CMedian 4.97041
Model_1_goa_nr_2022.dat 7 2023 CMean 4.97041
Model_1_goa_nr_2022.dat 7 2024 Cabc 4.75074
Model_1_goa_nr_2022.dat 7 2024 Cofl 5.07516
Model_1_goa_nr_2022.dat 7 2024 CLCI 4.6162
Model_1_goa_nr_2022.dat 7 2024 CUCI 4.61626
Model_1_goa_nr_2022.dat 7 2024 CMedian 4.61621
Model_1_goa_nr_2022.dat 7 2024 CMean 4.61622
Model_1_goa_nr_2022.dat 7 2025 Cabc 4.75074
Model_1_goa_nr_2022.dat 7 2025 Cofl 5.07516
Model_1_goa_nr_2022.dat 7 2025 CLCI 5.15427
Model_1_goa_nr_2022.dat 7 2025 CUCI 5.15488
Model_1_goa_nr_2022.dat 7 2025 CMedian 5.1544
Model_1_goa_nr_2022.dat 7 2025 CMean 5.15447
Model_1_goa_nr_2022.dat 7 2026 Cabc 4.75074
Model_1_goa_nr_2022.dat 7 2026 Cofl 5.07516
Model_1_goa_nr_2022.dat 7 2026 CLCI 4.47512
Model_1_goa_nr_2022.dat 7 2026 CUCI 4.49491
Model_1_goa_nr_2022.dat 7 2026 CMedian 4.48027
Model_1_goa_nr_2022.dat 7 2026 CMean 4.48212
Model_1_goa_nr_2022.dat 7 2027 Cabc 4.75074
Model_1_goa_nr_2022.dat 7 2027 Cofl 5.07516
Model_1_goa_nr_2022.dat 7 2027 CLCI 3.94006
Model_1_goa_nr_2022.dat 7 2027 CUCI 3.99664
Model_1_goa_nr_2022.dat 7 2027 CMedian 3.95473
Model_1_goa_nr_2022.dat 7 2027 CMean 3.96019
Model_1_goa_nr_2022.dat 7 2028 Cabc 4.75074
Model_1_goa_nr_2022.dat 7 2028 Cofl 5.07516
Model_1_goa_nr_2022.dat 7 2028 CLCI 3.5484
Model_1_goa_nr_2022.dat 7 2028 CUCI 3.72347
Model_1_goa_nr_2022.dat 7 2028 CMedian 3.59264
Model_1_goa_nr_2022.dat 7 2028 CMean 3.61009
Model_1_goa_nr_2022.dat 7 2029 Cabc 4.75074
Model_1_goa_nr_2022.dat 7 2029 Cofl 5.07516
Model_1_goa_nr_2022.dat 7 2029 CLCI 3.23978
Model_1_goa_nr_2022.dat 7 2029 CUCI 3.75011
Model_1_goa_nr_2022.dat 7 2029 CMedian 3.36914
Model_1_goa_nr_2022.dat 7 2029 CMean 3.41725
Model_1_goa_nr_2022.dat 7 2030 Cabc 4.75074
Model_1_goa_nr_2022.dat 7 2030 Cofl 5.07516
Model_1_goa_nr_2022.dat 7 2030 CLCI 2.99006
Model_1_goa_nr_2022.dat 7 2030 CUCI 4.0236
Model_1_goa_nr_2022.dat 7 2030 CMedian 3.25857
Model_1_goa_nr_2022.dat 7 2030 CMean 3.36772
Model_1_goa_nr_2022.dat 7 2031 Cabc 4.75074
Model_1_goa_nr_2022.dat 7 2031 Cofl 5.07516
Model_1_goa_nr_2022.dat 7 2031 CLCI 2.79978
Model_1_goa_nr_2022.dat 7 2031 CUCI 4.49468
Model_1_goa_nr_2022.dat 7 2031 CMedian 3.25383
Model_1_goa_nr_2022.dat 7 2031 CMean 3.41991
Model_1_goa_nr_2022.dat 7 2032 Cabc 4.75074
Model_1_goa_nr_2022.dat 7 2032 Cofl 5.07516
Model_1_goa_nr_2022.dat 7 2032 CLCI 2.69495
Model_1_goa_nr_2022.dat 7 2032 CUCI 4.97406
Model_1_goa_nr_2022.dat 7 2032 CMedian 3.32152
Model_1_goa_nr_2022.dat 7 2032 CMean 3.53472
Model_1_goa_nr_2022.dat 7 2033 Cabc 4.75074
Model_1_goa_nr_2022.dat 7 2033 Cofl 5.07516
Model_1_goa_nr_2022.dat 7 2033 CLCI 2.61541
Model_1_goa_nr_2022.dat 7 2033 CUCI 5.40458
Model_1_goa_nr_2022.dat 7 2033 CMedian 3.43605
Model_1_goa_nr_2022.dat 7 2033 CMean 3.6793
Model_1_goa_nr_2022.dat 7 2034 Cabc 4.75074
Model_1_goa_nr_2022.dat 7 2034 Cofl 5.07516
Model_1_goa_nr_2022.dat 7 2034 CLCI 2.57547
Model_1_goa_nr_2022.dat 7 2034 CUCI 5.76031
Model_1_goa_nr_2022.dat 7 2034 CMedian 3.60481
Model_1_goa_nr_2022.dat 7 2034 CMean 3.83177
Model_1_goa_nr_2022.dat 7 2035 Cabc 4.75074
Model_1_goa_nr_2022.dat 7 2035 Cofl 5.07516
Model_1_goa_nr_2022.dat 7 2035 CLCI 2.57193
Model_1_goa_nr_2022.dat 7 2035 CUCI 6.10577
Model_1_goa_nr_2022.dat 7 2035 CMedian 3.76537
Model_1_goa_nr_2022.dat 7 2035 CMean 3.98584
Model_1_goa_nr_2022.dat 7 2022 SSBF100 82.3497
Model_1_goa_nr_2022.dat 7 2022 SSBFabc 32.9399
Model_1_goa_nr_2022.dat 7 2022 SSBFofl 28.8224
Model_1_goa_nr_2022.dat 7 2022 SSBLCI 41.416
Model_1_goa_nr_2022.dat 7 2022 SSBUCI 41.416
Model_1_goa_nr_2022.dat 7 2022 SSBMedian 41.416
Model_1_goa_nr_2022.dat 7 2022 SSBMean 41.416
Model_1_goa_nr_2022.dat 7 2023 SSBF100 82.3497
Model_1_goa_nr_2022.dat 7 2023 SSBFabc 32.9399
Model_1_goa_nr_2022.dat 7 2023 SSBFofl 28.8224
Model_1_goa_nr_2022.dat 7 2023 SSBLCI 39.1156
Model_1_goa_nr_2022.dat 7 2023 SSBUCI 39.118
Model_1_goa_nr_2022.dat 7 2023 SSBMedian 39.1161
Model_1_goa_nr_2022.dat 7 2023 SSBMean 39.1163
Model_1_goa_nr_2022.dat 7 2024 SSBF100 82.3497
Model_1_goa_nr_2022.dat 7 2024 SSBFabc 32.9399
Model_1_goa_nr_2022.dat 7 2024 SSBFofl 28.8224
Model_1_goa_nr_2022.dat 7 2024 SSBLCI 36.0985
Model_1_goa_nr_2022.dat 7 2024 SSBUCI 36.1102
Model_1_goa_nr_2022.dat 7 2024 SSBMedian 36.1013
Model_1_goa_nr_2022.dat 7 2024 SSBMean 36.1024
Model_1_goa_nr_2022.dat 7 2025 SSBF100 82.3497
Model_1_goa_nr_2022.dat 7 2025 SSBFabc 32.9399
Model_1_goa_nr_2022.dat 7 2025 SSBFofl 28.8224
Model_1_goa_nr_2022.dat 7 2025 SSBLCI 33.315
Model_1_goa_nr_2022.dat 7 2025 SSBUCI 33.3544
Model_1_goa_nr_2022.dat 7 2025 SSBMedian 33.3251
Model_1_goa_nr_2022.dat 7 2025 SSBMean 33.3288
Model_1_goa_nr_2022.dat 7 2026 SSBF100 82.3497
Model_1_goa_nr_2022.dat 7 2026 SSBFabc 32.9399
Model_1_goa_nr_2022.dat 7 2026 SSBFofl 28.8224
Model_1_goa_nr_2022.dat 7 2026 SSBLCI 30.7184
Model_1_goa_nr_2022.dat 7 2026 SSBUCI 30.8283
Model_1_goa_nr_2022.dat 7 2026 SSBMedian 30.7469
Model_1_goa_nr_2022.dat 7 2026 SSBMean 30.757
Model_1_goa_nr_2022.dat 7 2027 SSBF100 82.3497
Model_1_goa_nr_2022.dat 7 2027 SSBFabc 32.9399
Model_1_goa_nr_2022.dat 7 2027 SSBFofl 28.8224
Model_1_goa_nr_2022.dat 7 2027 SSBLCI 28.6561
Model_1_goa_nr_2022.dat 7 2027 SSBUCI 28.9186
Model_1_goa_nr_2022.dat 7 2027 SSBMedian 28.7253
Model_1_goa_nr_2022.dat 7 2027 SSBMean 28.7511
Model_1_goa_nr_2022.dat 7 2028 SSBF100 82.3497
Model_1_goa_nr_2022.dat 7 2028 SSBFabc 32.9399
Model_1_goa_nr_2022.dat 7 2028 SSBFofl 28.8224
Model_1_goa_nr_2022.dat 7 2028 SSBLCI 27.0445
Model_1_goa_nr_2022.dat 7 2028 SSBUCI 27.6371
Model_1_goa_nr_2022.dat 7 2028 SSBMedian 27.1996
Model_1_goa_nr_2022.dat 7 2028 SSBMean 27.26
Model_1_goa_nr_2022.dat 7 2029 SSBF100 82.3497
Model_1_goa_nr_2022.dat 7 2029 SSBFabc 32.9399
Model_1_goa_nr_2022.dat 7 2029 SSBFofl 28.8224
Model_1_goa_nr_2022.dat 7 2029 SSBLCI 25.7893
Model_1_goa_nr_2022.dat 7 2029 SSBUCI 27.0062
Model_1_goa_nr_2022.dat 7 2029 SSBMedian 26.1232
Model_1_goa_nr_2022.dat 7 2029 SSBMean 26.2383
Model_1_goa_nr_2022.dat 7 2030 SSBF100 82.3497
Model_1_goa_nr_2022.dat 7 2030 SSBFabc 32.9399
Model_1_goa_nr_2022.dat 7 2030 SSBFofl 28.8224
Model_1_goa_nr_2022.dat 7 2030 SSBLCI 24.8029
Model_1_goa_nr_2022.dat 7 2030 SSBUCI 27.0499
Model_1_goa_nr_2022.dat 7 2030 SSBMedian 25.4485
Model_1_goa_nr_2022.dat 7 2030 SSBMean 25.654
Model_1_goa_nr_2022.dat 7 2031 SSBF100 82.3497
Model_1_goa_nr_2022.dat 7 2031 SSBFabc 32.9399
Model_1_goa_nr_2022.dat 7 2031 SSBFofl 28.8224
Model_1_goa_nr_2022.dat 7 2031 SSBLCI 24.0347
Model_1_goa_nr_2022.dat 7 2031 SSBUCI 27.7545
Model_1_goa_nr_2022.dat 7 2031 SSBMedian 25.1328
Model_1_goa_nr_2022.dat 7 2031 SSBMean 25.4689
Model_1_goa_nr_2022.dat 7 2032 SSBF100 82.3497
Model_1_goa_nr_2022.dat 7 2032 SSBFabc 32.9399
Model_1_goa_nr_2022.dat 7 2032 SSBFofl 28.8224
Model_1_goa_nr_2022.dat 7 2032 SSBLCI 23.4644
Model_1_goa_nr_2022.dat 7 2032 SSBUCI 29.0708
Model_1_goa_nr_2022.dat 7 2032 SSBMedian 25.163
Model_1_goa_nr_2022.dat 7 2032 SSBMean 25.6181
Model_1_goa_nr_2022.dat 7 2033 SSBF100 82.3497
Model_1_goa_nr_2022.dat 7 2033 SSBFabc 32.9399
Model_1_goa_nr_2022.dat 7 2033 SSBFofl 28.8224
Model_1_goa_nr_2022.dat 7 2033 SSBLCI 23.0294
Model_1_goa_nr_2022.dat 7 2033 SSBUCI 30.3502
Model_1_goa_nr_2022.dat 7 2033 SSBMedian 25.4253
Model_1_goa_nr_2022.dat 7 2033 SSBMean 26.0039
Model_1_goa_nr_2022.dat 7 2034 SSBF100 82.3497
Model_1_goa_nr_2022.dat 7 2034 SSBFabc 32.9399
Model_1_goa_nr_2022.dat 7 2034 SSBFofl 28.8224
Model_1_goa_nr_2022.dat 7 2034 SSBLCI 22.7416
Model_1_goa_nr_2022.dat 7 2034 SSBUCI 31.9532
Model_1_goa_nr_2022.dat 7 2034 SSBMedian 25.8793
Model_1_goa_nr_2022.dat 7 2034 SSBMean 26.518
Model_1_goa_nr_2022.dat 7 2035 SSBF100 82.3497
Model_1_goa_nr_2022.dat 7 2035 SSBFabc 32.9399
Model_1_goa_nr_2022.dat 7 2035 SSBFofl 28.8224
Model_1_goa_nr_2022.dat 7 2035 SSBLCI 22.6932
Model_1_goa_nr_2022.dat 7 2035 SSBUCI 33.1749
Model_1_goa_nr_2022.dat 7 2035 SSBMedian 26.3897
Model_1_goa_nr_2022.dat 7 2035 SSBMean 27.0727
Model_1_goa_nr_2022.dat 7 2022 F0 0 
Model_1_goa_nr_2022.dat 7 2022 Fabc 0.0612999
Model_1_goa_nr_2022.dat 7 2022 Fofl 0.0736157
Model_1_goa_nr_2022.dat 7 2022  F_LCI 0.0220775
Model_1_goa_nr_2022.dat 7 2022  F_UCI 0.0220775
Model_1_goa_nr_2022.dat 7 2022  F_Median 0.0220775
Model_1_goa_nr_2022.dat 7 2022  F_Mean 0.0220775
Model_1_goa_nr_2022.dat 7 2023 F0 0 
Model_1_goa_nr_2022.dat 7 2023 Fabc 0.0612999
Model_1_goa_nr_2022.dat 7 2023 Fofl 0.0736157
Model_1_goa_nr_2022.dat 7 2023  F_LCI 0.0612999
Model_1_goa_nr_2022.dat 7 2023  F_UCI 0.0612999
Model_1_goa_nr_2022.dat 7 2023  F_Median 0.0612999
Model_1_goa_nr_2022.dat 7 2023  F_Mean 0.0612999
Model_1_goa_nr_2022.dat 7 2024 F0 0 
Model_1_goa_nr_2022.dat 7 2024 Fabc 0.0612999
Model_1_goa_nr_2022.dat 7 2024 Fofl 0.0736157
Model_1_goa_nr_2022.dat 7 2024  F_LCI 0.0612999
Model_1_goa_nr_2022.dat 7 2024  F_UCI 0.0612999
Model_1_goa_nr_2022.dat 7 2024  F_Median 0.0612999
Model_1_goa_nr_2022.dat 7 2024  F_Mean 0.0612999
Model_1_goa_nr_2022.dat 7 2025 F0 0 
Model_1_goa_nr_2022.dat 7 2025 Fabc 0.0612999
Model_1_goa_nr_2022.dat 7 2025 Fofl 0.0736157
Model_1_goa_nr_2022.dat 7 2025  F_LCI 0.0736156
Model_1_goa_nr_2022.dat 7 2025  F_UCI 0.0736156
Model_1_goa_nr_2022.dat 7 2025  F_Median 0.0736156
Model_1_goa_nr_2022.dat 7 2025  F_Mean 0.0736156
Model_1_goa_nr_2022.dat 7 2026 F0 0 
Model_1_goa_nr_2022.dat 7 2026 Fabc 0.0612999
Model_1_goa_nr_2022.dat 7 2026 Fofl 0.0736157
Model_1_goa_nr_2022.dat 7 2026  F_LCI 0.0683898
Model_1_goa_nr_2022.dat 7 2026  F_UCI 0.0686483
Model_1_goa_nr_2022.dat 7 2026  F_Median 0.0684569
Model_1_goa_nr_2022.dat 7 2026  F_Mean 0.0684806
Model_1_goa_nr_2022.dat 7 2027 F0 0 
Model_1_goa_nr_2022.dat 7 2027 Fabc 0.0612999
Model_1_goa_nr_2022.dat 7 2027 Fofl 0.0736157
Model_1_goa_nr_2022.dat 7 2027  F_LCI 0.0635383
Model_1_goa_nr_2022.dat 7 2027  F_UCI 0.0641557
Model_1_goa_nr_2022.dat 7 2027  F_Median 0.063701
Model_1_goa_nr_2022.dat 7 2027  F_Mean 0.0637616
Model_1_goa_nr_2022.dat 7 2028 F0 0 
Model_1_goa_nr_2022.dat 7 2028 Fabc 0.0612999
Model_1_goa_nr_2022.dat 7 2028 Fofl 0.0736157
Model_1_goa_nr_2022.dat 7 2028  F_LCI 0.0597469
Model_1_goa_nr_2022.dat 7 2028  F_UCI 0.0611411
Model_1_goa_nr_2022.dat 7 2028  F_Median 0.0601118
Model_1_goa_nr_2022.dat 7 2028  F_Mean 0.0602538
Model_1_goa_nr_2022.dat 7 2029 F0 0 
Model_1_goa_nr_2022.dat 7 2029 Fabc 0.0612999
Model_1_goa_nr_2022.dat 7 2029 Fofl 0.0736157
Model_1_goa_nr_2022.dat 7 2029  F_LCI 0.056794
Model_1_goa_nr_2022.dat 7 2029  F_UCI 0.0596567
Model_1_goa_nr_2022.dat 7 2029  F_Median 0.0575796
Model_1_goa_nr_2022.dat 7 2029  F_Mean 0.0578504
Model_1_goa_nr_2022.dat 7 2030 F0 0 
Model_1_goa_nr_2022.dat 7 2030 Fabc 0.0612999
Model_1_goa_nr_2022.dat 7 2030 Fofl 0.0736157
Model_1_goa_nr_2022.dat 7 2030  F_LCI 0.0544735
Model_1_goa_nr_2022.dat 7 2030  F_UCI 0.0597596
Model_1_goa_nr_2022.dat 7 2030  F_Median 0.0559923
Model_1_goa_nr_2022.dat 7 2030  F_Mean 0.0564757
Model_1_goa_nr_2022.dat 7 2031 F0 0 
Model_1_goa_nr_2022.dat 7 2031 Fabc 0.0612999
Model_1_goa_nr_2022.dat 7 2031 Fofl 0.0736157
Model_1_goa_nr_2022.dat 7 2031  F_LCI 0.0526665
Model_1_goa_nr_2022.dat 7 2031  F_UCI 0.0614172
Model_1_goa_nr_2022.dat 7 2031  F_Median 0.0552498
Model_1_goa_nr_2022.dat 7 2031  F_Mean 0.0560366
Model_1_goa_nr_2022.dat 7 2032 F0 0 
Model_1_goa_nr_2022.dat 7 2032 Fabc 0.0612999
Model_1_goa_nr_2022.dat 7 2032 Fofl 0.0736157
Model_1_goa_nr_2022.dat 7 2032  F_LCI 0.0513247
Model_1_goa_nr_2022.dat 7 2032  F_UCI 0.0645139
Model_1_goa_nr_2022.dat 7 2032  F_Median 0.0553208
Model_1_goa_nr_2022.dat 7 2032  F_Mean 0.0563541
Model_1_goa_nr_2022.dat 7 2033 F0 0 
Model_1_goa_nr_2022.dat 7 2033 Fabc 0.0612999
Model_1_goa_nr_2022.dat 7 2033 Fofl 0.0736157
Model_1_goa_nr_2022.dat 7 2033  F_LCI 0.0503014
Model_1_goa_nr_2022.dat 7 2033  F_UCI 0.0675236
Model_1_goa_nr_2022.dat 7 2033  F_Median 0.0559377
Model_1_goa_nr_2022.dat 7 2033  F_Mean 0.0571822
Model_1_goa_nr_2022.dat 7 2034 F0 0 
Model_1_goa_nr_2022.dat 7 2034 Fabc 0.0612999
Model_1_goa_nr_2022.dat 7 2034 Fofl 0.0736157
Model_1_goa_nr_2022.dat 7 2034  F_LCI 0.0496243
Model_1_goa_nr_2022.dat 7 2034  F_UCI 0.0712946
Model_1_goa_nr_2022.dat 7 2034  F_Median 0.0570059
Model_1_goa_nr_2022.dat 7 2034  F_Mean 0.0582672
Model_1_goa_nr_2022.dat 7 2035 F0 0 
Model_1_goa_nr_2022.dat 7 2035 Fabc 0.0612999
Model_1_goa_nr_2022.dat 7 2035 Fofl 0.0736157
Model_1_goa_nr_2022.dat 7 2035  F_LCI 0.0495107
Model_1_goa_nr_2022.dat 7 2035  F_UCI 0.0736157
Model_1_goa_nr_2022.dat 7 2035  F_Median 0.0582065
Model_1_goa_nr_2022.dat 7 2035  F_Mean 0.0594239
