
SB0 SB40 SB35 MeanRec HarMeanRec Bnow
82.3497 32.9399 28.8224 0.0175797 0.00972298 42.5553 
CV Recruit
0.89892 
Alternative 1 Alternative  Stock: Model_1_goa_nr_2022.dat
Catch Model_1_goa_nr_2022.dat
Year C0 Cabc Cofl LowCI_Catch Median_Catch Mean_Catch UpperCI_Catch Stdev_Catch 
2022  0 4.75074 5.07516 1.89852 1.89852 1.89852 1.89852 3.33067e-15 
2023  0 4.75074 5.07516 1.53579 1.53579 1.53579 1.53579 3.72357e-13 
2024  0 4.75074 5.07516 2.19 2.19 2.19 2.19 1.60717e-11 
2025  0 4.75074 5.07516 2.045 2.045 2.045 2.045 1.13363e-10 
2026  0 4.75074 5.07516 4.51256 4.51333 4.51367 4.51597 0.00123092 
2027  0 4.75074 5.07516 4.20453 4.21884 4.22403 4.25969 0.0193071 
2028  0 4.75074 5.07516 3.76948 3.81158 3.82819 3.93608 0.0607233 
2029  0 4.75074 5.07516 3.42114 3.5434 3.58864 3.90272 0.173484 
2030  0 4.75074 5.07516 3.13596 3.38873 3.49011 4.1039 0.356881 
2031  0 4.75074 5.07516 2.91346 3.33977 3.49023 4.49522 0.543413 
2032  0 4.75074 5.07516 2.77669 3.36144 3.55098 4.89566 0.697555 
2033  0 4.75074 5.07516 2.66888 3.44208 3.64221 5.2035 0.810416 
2034  0 4.75074 5.07516 2.6049 3.56391 3.74412 5.4368 0.888678 
2035  0 4.75074 5.07516 2.57656 3.68945 3.85074 5.5185 0.942152 

Spawning_Biomass Model_1_goa_nr_2022.dat
Year SSB100 SSBabc SSBofl LowCI_SSB Median_SSB Mean_SSB UpperCI_SSB Stdev_SSB 
2022 82.3497 32.9399 28.8224 41.416 41.416 41.416 41.416 6.6791e-13 
2023 82.3497 32.9399 28.8224 39.6721 39.6726 39.6729 39.6746 0.000908816 
2024 82.3497 32.9399 28.8224 38.0707 38.0735 38.0747 38.0825 0.00423057 
2025 82.3497 32.9399 28.8224 36.4556 36.4657 36.4694 36.495 0.0142755 
2026 82.3497 32.9399 28.8224 34.6819 34.7111 34.7214 34.7945 0.0400746 
2027 82.3497 32.9399 28.8224 32.4349 32.5061 32.5325 32.705 0.0975433 
2028 82.3497 32.9399 28.8224 30.5713 30.7285 30.7897 31.172 0.214585 
2029 82.3497 32.9399 28.8224 29.0792 29.4161 29.5321 30.3075 0.435783 
2030 82.3497 32.9399 28.8224 27.8732 28.5218 28.7303 30.1385 0.803025 
2031 82.3497 32.9399 28.8224 26.9015 28.0118 28.3504 30.662 1.32521 
2032 82.3497 32.9399 28.8224 26.1436 27.869 28.3321 31.8371 1.95539 
2033 82.3497 32.9399 28.8224 25.5451 27.9863 28.5814 33.021 2.60194 
2034 82.3497 32.9399 28.8224 25.1119 28.3267 28.9917 34.6045 3.17675 
2035 82.3497 32.9399 28.8224 24.9307 28.7416 29.474 35.9473 3.63546 

Fishing_mortalityModel_1_goa_nr_2022.dat
Year F0 Fabc Fofl LowCI_F Median_F Mean_F UpperCI_F Stdev_F 
2022  0 0.0612999 0.0736157 0.0220781 0.0220781 0.0220781 0.0220781 1.59595e-16 
2023  0 0.0612999 0.0736157 0.0185527 0.0185528 0.0185528 0.0185528 7.60055e-09 
2024  0 0.0612999 0.0736157 0.0274525 0.0274528 0.0274528 0.0274529 1.29539e-07 
2025  0 0.0612999 0.0736157 0.0265547 0.026557 0.0265567 0.0265577 1.04336e-06 
2026  0 0.0612999 0.0736157 0.0612999 0.0612999 0.0612999 0.0612999 6.245e-16 
2027  0 0.0612999 0.0736157 0.0603107 0.0604501 0.0605001 0.0608397 0.000181569 
2028  0 0.0612999 0.0736157 0.0566601 0.056968 0.0570878 0.0578368 0.000420355 
2029  0 0.0612999 0.0736157 0.0537371 0.054397 0.0546242 0.0561433 0.000853664 
2030  0 0.0612999 0.0736157 0.0513746 0.0526453 0.0530488 0.0558121 0.00154484 
2031  0 0.0612999 0.0736157 0.0494712 0.0516462 0.0522751 0.0568378 0.00243586 
2032  0 0.0612999 0.0736157 0.0479865 0.0513664 0.0521467 0.0591395 0.00336656 
2033  0 0.0612999 0.0736157 0.0468141 0.0515963 0.0524621 0.0612999 0.00418789 
2034  0 0.0612999 0.0736157 0.0459655 0.052263 0.0530083 0.0612999 0.00479482 
2035  0 0.0612999 0.0736157 0.0456107 0.0530758 0.0536315 0.0612999 0.00517711 

Total_BiomassModel_1_goa_nr_2022.dat
Year B100 Babc Bofl LowCI_Biom Median_Biom Mean_Biom UpperCI_Biom Stdev_Biom 
2022 407.425 102.239 93.546 97.9501 97.9501 97.9501 97.9501 1.12266e-12 
2023 407.425 102.239 93.546 95.1235 95.4046 95.5547 96.472 0.496914 
2024 407.425 102.239 93.546 92.9497 93.8525 94.2252 96.6521 1.2956 
2025 407.425 102.239 93.546 90.4019 92.3103 92.9996 97.503 2.46388 
2026 407.425 102.239 93.546 88.4233 91.6606 92.6685 99.6131 3.89851 
2027 407.425 102.239 93.546 84.2122 89.2358 90.5436 100.542 5.508 
2028 407.425 102.239 93.546 80.9054 87.7377 89.3544 101.986 7.1694 
2029 407.425 102.239 93.546 78.2412 87.2438 89.1228 105.222 8.80471 
2030 407.425 102.239 93.546 76.6185 87.5562 89.5732 108.272 10.3093 
2031 407.425 102.239 93.546 75.7867 88.2892 90.479 112.088 11.6085 
2032 407.425 102.239 93.546 75.4542 89.1209 91.6119 115.17 12.6816 
2033 407.425 102.239 93.546 75.2255 90.6596 92.8587 117.44 13.5375 
2034 407.425 102.239 93.546 75.3163 92.213 94.0935 119.419 14.2253 
2035 407.425 102.239 93.546 75.2395 93.2851 95.2616 121.4 14.7768 
Alternative 2 Alternative  Stock: Model_1_goa_nr_2022.dat
Catch Model_1_goa_nr_2022.dat
Year C0 Cabc Cofl LowCI_Catch Median_Catch Mean_Catch UpperCI_Catch Stdev_Catch 
2022  0 4.75074 5.07516 1.89852 1.89852 1.89852 1.89852 3.33067e-15 
2023  0 4.75074 5.07516 1.53579 1.53579 1.53579 1.53579 3.72357e-13 
2024  0 4.75074 5.07516 2.19 2.19 2.19 2.19 1.60717e-11 
2025  0 4.75074 5.07516 2.045 2.045 2.045 2.045 1.13363e-10 
2026  0 4.75074 5.07516 4.51256 4.51333 4.51367 4.51597 0.00123092 
2027  0 4.75074 5.07516 4.20453 4.21884 4.22403 4.25969 0.0193071 
2028  0 4.75074 5.07516 3.76948 3.81158 3.82819 3.93608 0.0607233 
2029  0 4.75074 5.07516 3.42114 3.5434 3.58864 3.90272 0.173484 
2030  0 4.75074 5.07516 3.13596 3.38873 3.49011 4.1039 0.356881 
2031  0 4.75074 5.07516 2.91346 3.33977 3.49023 4.49522 0.543413 
2032  0 4.75074 5.07516 2.77669 3.36144 3.55098 4.89566 0.697555 
2033  0 4.75074 5.07516 2.66888 3.44208 3.64221 5.2035 0.810416 
2034  0 4.75074 5.07516 2.6049 3.56391 3.74412 5.4368 0.888678 
2035  0 4.75074 5.07516 2.57656 3.68945 3.85074 5.5185 0.942152 

Spawning_Biomass Model_1_goa_nr_2022.dat
Year SSB100 SSBabc SSBofl LowCI_SSB Median_SSB Mean_SSB UpperCI_SSB Stdev_SSB 
2022 82.3497 32.9399 28.8224 41.416 41.416 41.416 41.416 6.6791e-13 
2023 82.3497 32.9399 28.8224 39.6721 39.6726 39.6729 39.6746 0.000908816 
2024 82.3497 32.9399 28.8224 38.0707 38.0735 38.0747 38.0825 0.00423057 
2025 82.3497 32.9399 28.8224 36.4556 36.4657 36.4694 36.495 0.0142755 
2026 82.3497 32.9399 28.8224 34.6819 34.7111 34.7214 34.7945 0.0400746 
2027 82.3497 32.9399 28.8224 32.4349 32.5061 32.5325 32.705 0.0975433 
2028 82.3497 32.9399 28.8224 30.5713 30.7285 30.7897 31.172 0.214585 
2029 82.3497 32.9399 28.8224 29.0792 29.4161 29.5321 30.3075 0.435783 
2030 82.3497 32.9399 28.8224 27.8732 28.5218 28.7303 30.1385 0.803025 
2031 82.3497 32.9399 28.8224 26.9015 28.0118 28.3504 30.662 1.32521 
2032 82.3497 32.9399 28.8224 26.1436 27.869 28.3321 31.8371 1.95539 
2033 82.3497 32.9399 28.8224 25.5451 27.9863 28.5814 33.021 2.60194 
2034 82.3497 32.9399 28.8224 25.1119 28.3267 28.9917 34.6045 3.17675 
2035 82.3497 32.9399 28.8224 24.9307 28.7416 29.474 35.9473 3.63546 

Fishing_mortalityModel_1_goa_nr_2022.dat
Year F0 Fabc Fofl LowCI_F Median_F Mean_F UpperCI_F Stdev_F 
2022  0 0.0612999 0.0736157 0.0220781 0.0220781 0.0220781 0.0220781 1.59595e-16 
2023  0 0.0612999 0.0736157 0.0185527 0.0185528 0.0185528 0.0185528 7.60055e-09 
2024  0 0.0612999 0.0736157 0.0274525 0.0274528 0.0274528 0.0274529 1.29539e-07 
2025  0 0.0612999 0.0736157 0.0265547 0.026557 0.0265567 0.0265577 1.04336e-06 
2026  0 0.0612999 0.0736157 0.0612999 0.0612999 0.0612999 0.0612999 6.245e-16 
2027  0 0.0612999 0.0736157 0.0603107 0.0604501 0.0605001 0.0608397 0.000181569 
2028  0 0.0612999 0.0736157 0.0566601 0.056968 0.0570878 0.0578368 0.000420355 
2029  0 0.0612999 0.0736157 0.0537371 0.054397 0.0546242 0.0561433 0.000853664 
2030  0 0.0612999 0.0736157 0.0513746 0.0526453 0.0530488 0.0558121 0.00154484 
2031  0 0.0612999 0.0736157 0.0494712 0.0516462 0.0522751 0.0568378 0.00243586 
2032  0 0.0612999 0.0736157 0.0479865 0.0513664 0.0521467 0.0591395 0.00336656 
2033  0 0.0612999 0.0736157 0.0468141 0.0515963 0.0524621 0.0612999 0.00418789 
2034  0 0.0612999 0.0736157 0.0459655 0.052263 0.0530083 0.0612999 0.00479482 
2035  0 0.0612999 0.0736157 0.0456107 0.0530758 0.0536315 0.0612999 0.00517711 

Total_BiomassModel_1_goa_nr_2022.dat
Year B100 Babc Bofl LowCI_Biom Median_Biom Mean_Biom UpperCI_Biom Stdev_Biom 
2022 407.425 102.239 93.546 97.9501 97.9501 97.9501 97.9501 1.12266e-12 
2023 407.425 102.239 93.546 95.1235 95.4046 95.5547 96.472 0.496914 
2024 407.425 102.239 93.546 92.9497 93.8525 94.2252 96.6521 1.2956 
2025 407.425 102.239 93.546 90.4019 92.3103 92.9996 97.503 2.46388 
2026 407.425 102.239 93.546 88.4233 91.6606 92.6685 99.6131 3.89851 
2027 407.425 102.239 93.546 84.2122 89.2358 90.5436 100.542 5.508 
2028 407.425 102.239 93.546 80.9054 87.7377 89.3544 101.986 7.1694 
2029 407.425 102.239 93.546 78.2412 87.2438 89.1228 105.222 8.80471 
2030 407.425 102.239 93.546 76.6185 87.5562 89.5732 108.272 10.3093 
2031 407.425 102.239 93.546 75.7867 88.2892 90.479 112.088 11.6085 
2032 407.425 102.239 93.546 75.4542 89.1209 91.6119 115.17 12.6816 
2033 407.425 102.239 93.546 75.2255 90.6596 92.8587 117.44 13.5375 
2034 407.425 102.239 93.546 75.3163 92.213 94.0935 119.419 14.2253 
2035 407.425 102.239 93.546 75.2395 93.2851 95.2616 121.4 14.7768 
Alternative 3 Alternative  Stock: Model_1_goa_nr_2022.dat
Catch Model_1_goa_nr_2022.dat
Year C0 Cabc Cofl LowCI_Catch Median_Catch Mean_Catch UpperCI_Catch Stdev_Catch 
2022  0 4.75074 5.07516 1.89852 1.89852 1.89852 1.89852 3.33067e-15 
2023  0 4.75074 5.07516 1.53579 1.53579 1.53579 1.53579 3.72357e-13 
2024  0 4.75074 5.07516 2.19 2.19 2.19 2.19 1.60717e-11 
2025  0 4.75074 5.07516 2.045 2.045 2.045 2.045 1.13363e-10 
2026  0 4.75074 5.07516 2.2897 2.29009 2.29026 2.29141 0.000615563 
2027  0 4.75074 5.07516 2.23128 2.23363 2.23461 2.2413 0.00362141 
2028  0 4.75074 5.07516 2.14384 2.16709 2.17497 2.23275 0.0290028 
2029  0 4.75074 5.07516 2.04012 2.10847 2.13216 2.30797 0.0898007 
2030  0 4.75074 5.07516 1.94946 2.09459 2.14682 2.49221 0.184125 
2031  0 4.75074 5.07516 1.87652 2.12732 2.19965 2.69147 0.274178 
2032  0 4.75074 5.07516 1.8395 2.19637 2.2706 2.84236 0.342728 
2033  0 4.75074 5.07516 1.81142 2.30078 2.34488 2.99673 0.389302 
2034  0 4.75074 5.07516 1.8026 2.39632 2.41787 3.15338 0.42047 
2035  0 4.75074 5.07516 1.81978 2.47031 2.49117 3.25507 0.443646 

Spawning_Biomass Model_1_goa_nr_2022.dat
Year SSB100 SSBabc SSBofl LowCI_SSB Median_SSB Mean_SSB UpperCI_SSB Stdev_SSB 
2022 82.3497 32.9399 28.8224 41.416 41.416 41.416 41.416 6.6791e-13 
2023 82.3497 32.9399 28.8224 39.6721 39.6726 39.6729 39.6746 0.000908816 
2024 82.3497 32.9399 28.8224 38.0707 38.0735 38.0747 38.0825 0.00423057 
2025 82.3497 32.9399 28.8224 36.4556 36.4657 36.4694 36.495 0.0142755 
2026 82.3497 32.9399 28.8224 35.0336 35.0628 35.0731 35.1462 0.0400775 
2027 82.3497 32.9399 28.8224 33.7466 33.8193 33.8463 34.0225 0.0995095 
2028 82.3497 32.9399 28.8224 32.6869 32.85 32.9134 33.3112 0.222947 
2029 82.3497 32.9399 28.8224 31.838 32.1874 32.3088 33.1164 0.455459 
2030 82.3497 32.9399 28.8224 31.1591 31.8317 32.0576 33.5443 0.850127 
2031 82.3497 32.9399 28.8224 30.6194 31.8004 32.1631 34.6276 1.43401 
2032 82.3497 32.9399 28.8224 30.2082 32.0679 32.5973 36.425 2.17478 
2033 82.3497 32.9399 28.8224 29.8977 32.5732 33.2912 38.588 2.98158 
2034 82.3497 32.9399 28.8224 29.711 33.2993 34.1514 40.8492 3.75244 
2035 82.3497 32.9399 28.8224 29.707 34.1573 35.0919 43.2512 4.4229 

Fishing_mortalityModel_1_goa_nr_2022.dat
Year F0 Fabc Fofl LowCI_F Median_F Mean_F UpperCI_F Stdev_F 
2022  0 0.0612999 0.0736157 0.0220781 0.0220781 0.0220781 0.0220781 1.59595e-16 
2023  0 0.0612999 0.0736157 0.0185527 0.0185528 0.0185528 0.0185528 7.60055e-09 
2024  0 0.0612999 0.0736157 0.0274525 0.0274528 0.0274528 0.0274529 1.29539e-07 
2025  0 0.0612999 0.0736157 0.0265547 0.026557 0.0265567 0.0265577 1.04336e-06 
2026  0 0.0612999 0.0736157 0.0306499 0.0306499 0.0306499 0.0306499 3.1225e-16 
2027  0 0.0612999 0.0736157 0.0306499 0.0306499 0.0306499 0.0306499 3.1225e-16 
2028  0 0.0612999 0.0736157 0.030087 0.0302449 0.0302906 0.0306499 0.000165706 
2029  0 0.0612999 0.0736157 0.029272 0.0296099 0.0297067 0.0305086 0.00036611 
2030  0 0.0612999 0.0736157 0.0286194 0.0292701 0.0294184 0.0306499 0.000615553 
2031  0 0.0612999 0.0736157 0.0281017 0.0292395 0.0293696 0.0306499 0.00086623 
2032  0 0.0612999 0.0736157 0.0277072 0.0294967 0.0294622 0.0306499 0.00106031 
2033  0 0.0612999 0.0736157 0.0274082 0.0299804 0.0296035 0.0306499 0.00116383 
2034  0 0.0612999 0.0736157 0.0272303 0.0306499 0.0297615 0.0306499 0.00120109 
2035  0 0.0612999 0.0736157 0.0272283 0.0306499 0.0299183 0.0306499 0.00119696 

Total_BiomassModel_1_goa_nr_2022.dat
Year B100 Babc Bofl LowCI_Biom Median_Biom Mean_Biom UpperCI_Biom Stdev_Biom 
2022 407.425 102.239 93.546 97.9501 97.9501 97.9501 97.9501 1.12266e-12 
2023 407.425 102.239 93.546 95.1235 95.4046 95.5547 96.472 0.496914 
2024 407.425 102.239 93.546 92.9497 93.8525 94.2252 96.6521 1.2956 
2025 407.425 102.239 93.546 90.4019 92.3103 92.9996 97.503 2.46388 
2026 407.425 102.239 93.546 88.4233 91.6606 92.6685 99.6131 3.89851 
2027 407.425 102.239 93.546 86.4191 91.4432 92.7513 102.752 5.50867 
2028 407.425 102.239 93.546 84.9927 91.8302 93.4579 106.106 7.18427 
2029 407.425 102.239 93.546 83.8091 92.8314 94.7199 110.831 8.84628 
2030 407.425 102.239 93.546 83.3363 94.347 96.4162 115.219 10.4177 
2031 407.425 102.239 93.546 83.5159 96.0344 98.4148 119.981 11.8531 
2032 407.425 102.239 93.546 83.9685 97.8449 100.555 124.717 13.1355 
2033 407.425 102.239 93.546 84.3611 100.369 102.77 129.115 14.254 
2034 407.425 102.239 93.546 85.5005 102.858 104.962 133.383 15.2317 
2035 407.425 102.239 93.546 85.9951 104.816 107.086 136.921 16.0828 
Alternative 4 Alternative  Stock: Model_1_goa_nr_2022.dat
Catch Model_1_goa_nr_2022.dat
Year C0 Cabc Cofl LowCI_Catch Median_Catch Mean_Catch UpperCI_Catch Stdev_Catch 
2022  0 4.75074 5.07516 1.89852 1.89852 1.89852 1.89852 3.33067e-15 
2023  0 4.75074 5.07516 1.53579 1.53579 1.53579 1.53579 3.72357e-13 
2024  0 4.75074 5.07516 2.19 2.19 2.19 2.19 1.60717e-11 
2025  0 4.75074 5.07516 2.045 2.045 2.045 2.045 1.13363e-10 
2026  0 4.75074 5.07516 1.85279 1.8531 1.85324 1.85417 0.000496703 
2027  0 4.75074 5.07516 1.81568 1.81757 1.81836 1.82377 0.00292244 
2028  0 4.75074 5.07516 1.78625 1.79592 1.79995 1.8272 0.014753 
2029  0 4.75074 5.07516 1.75458 1.79203 1.80623 1.90396 0.0540034 
2030  0 4.75074 5.07516 1.71982 1.80715 1.84078 2.0533 0.119167 
2031  0 4.75074 5.07516 1.69374 1.84469 1.89199 2.2237 0.182659 
2032  0 4.75074 5.07516 1.68536 1.89332 1.94975 2.3565 0.233443 
2033  0 4.75074 5.07516 1.68154 1.95057 2.00774 2.48898 0.271437 
2034  0 4.75074 5.07516 1.67788 2.00783 2.064 2.61499 0.300304 
2035  0 4.75074 5.07516 1.69224 2.06668 2.12077 2.71652 0.324539 

Spawning_Biomass Model_1_goa_nr_2022.dat
Year SSB100 SSBabc SSBofl LowCI_SSB Median_SSB Mean_SSB UpperCI_SSB Stdev_SSB 
2022 82.3497 32.9399 28.8224 41.416 41.416 41.416 41.416 6.6791e-13 
2023 82.3497 32.9399 28.8224 39.6721 39.6726 39.6729 39.6746 0.000908816 
2024 82.3497 32.9399 28.8224 38.0707 38.0735 38.0747 38.0825 0.00423057 
2025 82.3497 32.9399 28.8224 36.4556 36.4657 36.4694 36.495 0.0142755 
2026 82.3497 32.9399 28.8224 35.1019 35.1311 35.1414 35.2145 0.040078 
2027 82.3497 32.9399 28.8224 34.0082 34.0809 34.1079 34.2841 0.0995185 
2028 82.3497 32.9399 28.8224 33.121 33.2858 33.3497 33.7516 0.224687 
2029 82.3497 32.9399 28.8224 32.4121 32.7704 32.8944 33.7212 0.464546 
2030 82.3497 32.9399 28.8224 31.8414 32.5348 32.769 34.3138 0.87445 
2031 82.3497 32.9399 28.8224 31.3813 32.6168 32.989 35.5457 1.48424 
2032 82.3497 32.9399 28.8224 31.0323 32.9832 33.5364 37.5065 2.26242 
2033 82.3497 32.9399 28.8224 30.7623 33.5924 34.3478 39.9093 3.11569 
2034 82.3497 32.9399 28.8224 30.6164 34.4543 35.3319 42.3346 3.93744 
2035 82.3497 32.9399 28.8224 30.6295 35.4343 36.4021 44.9496 4.65839 

Fishing_mortalityModel_1_goa_nr_2022.dat
Year F0 Fabc Fofl LowCI_F Median_F Mean_F UpperCI_F Stdev_F 
2022  0 0.0612999 0.0736157 0.0220781 0.0220781 0.0220781 0.0220781 1.59595e-16 
2023  0 0.0612999 0.0736157 0.0185527 0.0185528 0.0185528 0.0185528 7.60055e-09 
2024  0 0.0612999 0.0736157 0.0274525 0.0274528 0.0274528 0.0274529 1.29539e-07 
2025  0 0.0612999 0.0736157 0.0265547 0.026557 0.0265567 0.0265577 1.04336e-06 
2026  0 0.0612999 0.0736157 0.0247309 0.0247309 0.0247309 0.0247309 4.23273e-16 
2027  0 0.0612999 0.0736157 0.0247309 0.0247309 0.0247309 0.0247309 4.23273e-16 
2028  0 0.0612999 0.0736157 0.0247309 0.0247309 0.0247309 0.0247309 4.23273e-16 
2029  0 0.0612999 0.0736157 0.0247309 0.0247309 0.0247309 0.0247309 4.23273e-16 
2030  0 0.0612999 0.0736157 0.0247309 0.0247309 0.0247309 0.0247309 4.23273e-16 
2031  0 0.0612999 0.0736157 0.0247309 0.0247309 0.0247309 0.0247309 4.23273e-16 
2032  0 0.0612999 0.0736157 0.0247309 0.0247309 0.0247309 0.0247309 4.23273e-16 
2033  0 0.0612999 0.0736157 0.0247309 0.0247309 0.0247309 0.0247309 4.23273e-16 
2034  0 0.0612999 0.0736157 0.0247309 0.0247309 0.0247309 0.0247309 4.23273e-16 
2035  0 0.0612999 0.0736157 0.0247309 0.0247309 0.0247309 0.0247309 4.23273e-16 

Total_BiomassModel_1_goa_nr_2022.dat
Year B100 Babc Bofl LowCI_Biom Median_Biom Mean_Biom UpperCI_Biom Stdev_Biom 
2022 407.425 102.239 93.546 97.9501 97.9501 97.9501 97.9501 1.12266e-12 
2023 407.425 102.239 93.546 95.1235 95.4046 95.5547 96.472 0.496914 
2024 407.425 102.239 93.546 92.9497 93.8525 94.2252 96.6521 1.2956 
2025 407.425 102.239 93.546 90.4019 92.3103 92.9996 97.503 2.46388 
2026 407.425 102.239 93.546 88.4233 91.6606 92.6685 99.6131 3.89851 
2027 407.425 102.239 93.546 86.8529 91.8771 93.1853 103.186 5.5088 
2028 407.425 102.239 93.546 85.8235 92.6611 94.2896 106.938 7.18508 
2029 407.425 102.239 93.546 84.9712 94.0105 95.8939 112.015 8.85971 
2030 407.425 102.239 93.546 84.7343 95.7804 97.8715 116.736 10.4611 
2031 407.425 102.239 93.546 85.1243 97.7503 100.122 121.658 11.9486 
2032 407.425 102.239 93.546 85.662 99.8172 102.509 126.966 13.3017 
2033 407.425 102.239 93.546 86.2768 102.512 104.975 131.846 14.5004 
2034 407.425 102.239 93.546 87.2329 105.211 107.427 136 15.5586 
2035 407.425 102.239 93.546 88.1512 107.589 109.821 140.224 16.4849 
Alternative 5 Alternative  Stock: Model_1_goa_nr_2022.dat
Catch Model_1_goa_nr_2022.dat
Year C0 Cabc Cofl LowCI_Catch Median_Catch Mean_Catch UpperCI_Catch Stdev_Catch 
2022  0 4.75074 5.07516 1.89852 1.89852 1.89852 1.89852 3.33067e-15 
2023  0 4.75074 5.07516 1.53579 1.53579 1.53579 1.53579 3.72357e-13 
2024  0 4.75074 5.07516 2.19 2.19 2.19 2.19 1.60717e-11 
2025  0 4.75074 5.07516 2.045 2.045 2.045 2.045 1.13363e-10 
2026  0 4.75074 5.07516 0 0 0 0 0 
2027  0 4.75074 5.07516 0 0 0 0 0 
2028  0 4.75074 5.07516 0 0 0 0 0 
2029  0 4.75074 5.07516 0 0 0 0 0 
2030  0 4.75074 5.07516 0 0 0 0 0 
2031  0 4.75074 5.07516 0 0 0 0 0 
2032  0 4.75074 5.07516 0 0 0 0 0 
2033  0 4.75074 5.07516 0 0 0 0 0 
2034  0 4.75074 5.07516 0 0 0 0 0 
2035  0 4.75074 5.07516 0 0 0 0 0 

Spawning_Biomass Model_1_goa_nr_2022.dat
Year SSB100 SSBabc SSBofl LowCI_SSB Median_SSB Mean_SSB UpperCI_SSB Stdev_SSB 
2022 82.3497 32.9399 28.8224 41.416 41.416 41.416 41.416 6.6791e-13 
2023 82.3497 32.9399 28.8224 39.6721 39.6726 39.6729 39.6746 0.000908816 
2024 82.3497 32.9399 28.8224 38.0707 38.0735 38.0747 38.0825 0.00423057 
2025 82.3497 32.9399 28.8224 36.4556 36.4657 36.4694 36.495 0.0142755 
2026 82.3497 32.9399 28.8224 35.3888 35.418 35.4283 35.5014 0.0400804 
2027 82.3497 32.9399 28.8224 35.1236 35.1963 35.2233 35.3996 0.0995562 
2028 82.3497 32.9399 28.8224 35.0262 35.1914 35.2553 35.6581 0.225065 
2029 82.3497 32.9399 28.8224 35.0747 35.435 35.5599 36.3874 0.467383 
2030 82.3497 32.9399 28.8224 35.2327 35.9366 36.1729 37.7558 0.888864 
2031 82.3497 32.9399 28.8224 35.4677 36.7389 37.1218 39.7404 1.53304 
2032 82.3497 32.9399 28.8224 35.7743 37.8089 38.4012 42.5378 2.38102 
2033 82.3497 32.9399 28.8224 36.1406 39.1769 39.9573 46.0149 3.34228 
2034 82.3497 32.9399 28.8224 36.6081 40.7287 41.701 49.2949 4.30207 
2035 82.3497 32.9399 28.8224 37.1513 42.4245 43.5425 53.0017 5.17787 

Fishing_mortalityModel_1_goa_nr_2022.dat
Year F0 Fabc Fofl LowCI_F Median_F Mean_F UpperCI_F Stdev_F 
2022  0 0.0612999 0.0736157 0.0220781 0.0220781 0.0220781 0.0220781 1.59595e-16 
2023  0 0.0612999 0.0736157 0.0185527 0.0185528 0.0185528 0.0185528 7.60055e-09 
2024  0 0.0612999 0.0736157 0.0274525 0.0274528 0.0274528 0.0274529 1.29539e-07 
2025  0 0.0612999 0.0736157 0.0265547 0.026557 0.0265567 0.0265577 1.04336e-06 
2026  0 0.0612999 0.0736157 0 0 0 0 0 
2027  0 0.0612999 0.0736157 0 0 0 0 0 
2028  0 0.0612999 0.0736157 0 0 0 0 0 
2029  0 0.0612999 0.0736157 0 0 0 0 0 
2030  0 0.0612999 0.0736157 0 0 0 0 0 
2031  0 0.0612999 0.0736157 0 0 0 0 0 
2032  0 0.0612999 0.0736157 0 0 0 0 0 
2033  0 0.0612999 0.0736157 0 0 0 0 0 
2034  0 0.0612999 0.0736157 0 0 0 0 0 
2035  0 0.0612999 0.0736157 0 0 0 0 0 

Total_BiomassModel_1_goa_nr_2022.dat
Year B100 Babc Bofl LowCI_Biom Median_Biom Mean_Biom UpperCI_Biom Stdev_Biom 
2022 407.425 102.239 93.546 97.9501 97.9501 97.9501 97.9501 1.12266e-12 
2023 407.425 102.239 93.546 95.1235 95.4046 95.5547 96.472 0.496914 
2024 407.425 102.239 93.546 92.9497 93.8525 94.2252 96.6521 1.2956 
2025 407.425 102.239 93.546 90.4019 92.3103 92.9996 97.503 2.46388 
2026 407.425 102.239 93.546 88.4233 91.6606 92.6685 99.6131 3.89851 
2027 407.425 102.239 93.546 88.6928 93.7174 95.0258 105.029 5.50934 
2028 407.425 102.239 93.546 89.3993 96.2377 97.8691 110.519 7.18847 
2029 407.425 102.239 93.546 90.1956 99.2747 101.131 117.263 8.87605 
2030 407.425 102.239 93.546 91.4992 102.597 104.714 123.638 10.522 
2031 407.425 102.239 93.546 93.3407 106.084 108.55 129.977 12.1092 
2032 407.425 102.239 93.546 95.2081 109.868 112.522 137.408 13.6175 
2033 407.425 102.239 93.546 97.2924 113.944 116.579 144.146 15.0109 
2034 407.425 102.239 93.546 99.1626 118.267 120.624 150.487 16.2863 
2035 407.425 102.239 93.546 101.636 122.089 124.61 156.367 17.4421 
Alternative 6 Alternative  Stock: Model_1_goa_nr_2022.dat
Catch Model_1_goa_nr_2022.dat
Year C0 Cabc Cofl LowCI_Catch Median_Catch Mean_Catch UpperCI_Catch Stdev_Catch 
2022  0 4.75074 5.07516 1.89852 1.89852 1.89852 1.89852 3.33067e-15 
2023  0 4.75074 5.07516 5.93368 5.93368 5.93368 5.93368 2.47398e-06 
2024  0 4.75074 5.07516 5.44579 5.4458 5.44581 5.44586 2.72992e-05 
2025  0 4.75074 5.07516 4.97281 4.97447 4.97509 4.97937 0.00237456 
2026  0 4.75074 5.07516 4.28272 4.28756 4.28932 4.30137 0.00675779 
2027  0 4.75074 5.07516 3.78865 3.80291 3.80821 3.84363 0.0199321 
2028  0 4.75074 5.07516 3.42762 3.47106 3.48815 3.59937 0.0625777 
2029  0 4.75074 5.07516 3.14276 3.27014 3.31756 3.64542 0.181433 
2030  0 4.75074 5.07516 2.91177 3.17692 3.28483 3.9329 0.380302 
2031  0 4.75074 5.07516 2.73616 3.18571 3.35052 4.41636 0.598002 
2032  0 4.75074 5.07516 2.64252 3.26383 3.47674 4.9077 0.785194 
2033  0 4.75074 5.07516 2.57199 3.38871 3.63136 5.34879 0.927809 
2034  0 4.75074 5.07516 2.53992 3.56533 3.79245 5.72885 1.02785 
2035  0 4.75074 5.07516 2.54243 3.73304 3.95392 6.08474 1.10127 

Spawning_Biomass Model_1_goa_nr_2022.dat
Year SSB100 SSBabc SSBofl LowCI_SSB Median_SSB Mean_SSB UpperCI_SSB Stdev_SSB 
2022 82.3497 32.9399 28.8224 41.416 41.416 41.416 41.416 6.6791e-13 
2023 82.3497 32.9399 28.8224 38.9566 38.9571 38.9574 38.9591 0.000908715 
2024 82.3497 32.9399 28.8224 35.5196 35.5223 35.5235 35.5313 0.00422864 
2025 82.3497 32.9399 28.8224 32.5359 32.5457 32.5493 32.5742 0.0139074 
2026 82.3497 32.9399 28.8224 30.0493 30.0771 30.087 30.1565 0.0381892 
2027 82.3497 32.9399 28.8224 28.0927 28.1614 28.187 28.3532 0.0940596 
2028 82.3497 32.9399 28.8224 26.5691 26.7239 26.7842 27.1606 0.211022 
2029 82.3497 32.9399 28.8224 25.3884 25.7223 25.8374 26.6051 0.431737 
2030 82.3497 32.9399 28.8224 24.4654 25.1116 25.3172 26.7146 0.796354 
2031 82.3497 32.9399 28.8224 23.7511 24.8505 25.1876 27.4773 1.30935 
2032 82.3497 32.9399 28.8224 23.2259 24.9291 25.3847 28.8438 1.91728 
2033 82.3497 32.9399 28.8224 22.8301 25.2309 25.8118 30.1687 2.52516 
2034 82.3497 32.9399 28.8224 22.5751 25.7194 26.3611 31.8113 3.04641 
2035 82.3497 32.9399 28.8224 22.554 26.2633 26.9455 33.0648 3.44227 

Fishing_mortalityModel_1_goa_nr_2022.dat
Year F0 Fabc Fofl LowCI_F Median_F Mean_F UpperCI_F Stdev_F 
2022  0 0.0612999 0.0736157 0.0220781 0.0220781 0.0220781 0.0220781 1.59595e-16 
2023  0 0.0612999 0.0736157 0.0736156 0.0736156 0.0736156 0.0736156 6.08972e-14 
2024  0 0.0612999 0.0736157 0.0736156 0.0736156 0.0736156 0.0736156 7.22903e-13 
2025  0 0.0612999 0.0736157 0.0726653 0.0726884 0.0726969 0.0727556 3.27172e-05 
2026  0 0.0612999 0.0736157 0.0668157 0.0668811 0.0669043 0.067068 8.98401e-05 
2027  0 0.0612999 0.0736157 0.0622128 0.0623744 0.0624347 0.0628256 0.000221275 
2028  0 0.0612999 0.0736157 0.0586286 0.0589928 0.0591346 0.06002 0.000496429 
2029  0 0.0612999 0.0736157 0.0558509 0.0566364 0.0569072 0.0587132 0.00101566 
2030  0 0.0612999 0.0736157 0.0536796 0.0551998 0.0556836 0.0589708 0.00187341 
2031  0 0.0612999 0.0736157 0.0519993 0.0545855 0.055376 0.0607651 0.0030637 
2032  0 0.0612999 0.0736157 0.0507637 0.0547704 0.0558085 0.0639798 0.00434347 
2033  0 0.0612999 0.0736157 0.0498325 0.0554805 0.0567383 0.0670966 0.00550944 
2034  0 0.0612999 0.0736157 0.0492327 0.0566295 0.0579101 0.0709607 0.00640462 
2035  0 0.0612999 0.0736157 0.0491832 0.057909 0.0591398 0.0736157 0.00702894 

Total_BiomassModel_1_goa_nr_2022.dat
Year B100 Babc Bofl LowCI_Biom Median_Biom Mean_Biom UpperCI_Biom Stdev_Biom 
2022 407.425 102.239 93.546 97.9501 97.9501 97.9501 97.9501 1.12266e-12 
2023 407.425 102.239 93.546 95.1235 95.4046 95.5547 96.472 0.496914 
2024 407.425 102.239 93.546 88.6026 89.5054 89.8781 92.305 1.2956 
2025 407.425 102.239 93.546 83.016 84.9242 85.6136 90.1169 2.46383 
2026 407.425 102.239 93.546 78.4493 81.6854 82.6926 89.6355 3.89624 
2027 407.425 102.239 93.546 74.8935 79.9112 81.2168 91.1942 5.50087 
2028 407.425 102.239 93.546 72.4117 79.2421 80.8537 93.4784 7.16221 
2029 407.425 102.239 93.546 70.4734 79.4761 81.3492 97.446 8.79637 
2030 407.425 102.239 93.546 69.4962 80.405 82.4342 101.118 10.2948 
2031 407.425 102.239 93.546 69.2197 81.72 83.8851 105.46 11.5759 
2032 407.425 102.239 93.546 69.3586 82.992 85.4741 108.865 12.609 
2033 407.425 102.239 93.546 69.5719 84.9181 87.0892 111.636 13.4028 
2034 407.425 102.239 93.546 70.0132 86.7146 88.6081 113.663 14.0123 
2035 407.425 102.239 93.546 70.3082 88.0743 89.9828 115.076 14.4781 
Alternative 7 Alternative  Stock: Model_1_goa_nr_2022.dat
Catch Model_1_goa_nr_2022.dat
Year C0 Cabc Cofl LowCI_Catch Median_Catch Mean_Catch UpperCI_Catch Stdev_Catch 
2022  0 4.75074 5.07516 1.89852 1.89852 1.89852 1.89852 3.33067e-15 
2023  0 4.75074 5.07516 4.97041 4.97041 4.97041 4.97041 2.06009e-06 
2024  0 4.75074 5.07516 4.6162 4.61621 4.61622 4.61626 2.27321e-05 
2025  0 4.75074 5.07516 5.15426 5.1544 5.15446 5.15488 0.000219125 
2026  0 4.75074 5.07516 4.47512 4.48026 4.48212 4.49491 0.0071708 
2027  0 4.75074 5.07516 3.94006 3.95473 3.96018 3.99664 0.0205085 
2028  0 4.75074 5.07516 3.5484 3.59264 3.61009 3.72347 0.0637724 
2029  0 4.75074 5.07516 3.23978 3.36913 3.41724 3.75011 0.18414 
2030  0 4.75074 5.07516 2.99006 3.25857 3.36772 4.0236 0.384708 
2031  0 4.75074 5.07516 2.79978 3.25383 3.41991 4.49468 0.602285 
2032  0 4.75074 5.07516 2.69495 3.32151 3.53471 4.97406 0.788341 
2033  0 4.75074 5.07516 2.61541 3.43605 3.6793 5.40457 0.929164 
2034  0 4.75074 5.07516 2.57547 3.60481 3.83177 5.76031 1.02811 
2035  0 4.75074 5.07516 2.57193 3.76537 3.98584 6.10577 1.10059 

Spawning_Biomass Model_1_goa_nr_2022.dat
Year SSB100 SSBabc SSBofl LowCI_SSB Median_SSB Mean_SSB UpperCI_SSB Stdev_SSB 
2022 82.3497 32.9399 28.8224 41.416 41.416 41.416 41.416 6.6791e-13 
2023 82.3497 32.9399 28.8224 39.1155 39.116 39.1163 39.118 0.000908715 
2024 82.3497 32.9399 28.8224 36.0985 36.1012 36.1024 36.1102 0.00422865 
2025 82.3497 32.9399 28.8224 33.315 33.3251 33.3288 33.3543 0.0142579 
2026 82.3497 32.9399 28.8224 30.7184 30.7469 30.757 30.8283 0.0391036 
2027 82.3497 32.9399 28.8224 28.6561 28.7253 28.7511 28.9186 0.0947602 
2028 82.3497 32.9399 28.8224 27.0445 27.1996 27.26 27.6371 0.211461 
2029 82.3497 32.9399 28.8224 25.7893 26.1232 26.2383 27.0061 0.431756 
2030 82.3497 32.9399 28.8224 24.8029 25.4485 25.654 27.0499 0.795557 
2031 82.3497 32.9399 28.8224 24.0347 25.1328 25.4689 27.7545 1.30716 
2032 82.3497 32.9399 28.8224 23.4643 25.163 25.6181 29.0708 1.91338 
2033 82.3497 32.9399 28.8224 23.0294 25.4253 26.0039 30.3502 2.51974 
2034 82.3497 32.9399 28.8224 22.7415 25.8793 26.518 31.9532 3.04013 
2035 82.3497 32.9399 28.8224 22.6932 26.3897 27.0727 33.1749 3.43582 

Fishing_mortalityModel_1_goa_nr_2022.dat
Year F0 Fabc Fofl LowCI_F Median_F Mean_F UpperCI_F Stdev_F 
2022  0 0.0612999 0.0736157 0.0220781 0.0220781 0.0220781 0.0220781 1.59595e-16 
2023  0 0.0612999 0.0736157 0.0612999 0.0612999 0.0612999 0.0612999 2.3958e-14 
2024  0 0.0612999 0.0736157 0.0612999 0.0612999 0.0612999 0.0612999 2.81378e-13 
2025  0 0.0612999 0.0736157 0.0736156 0.0736156 0.0736156 0.0736156 6.0275e-12 
2026  0 0.0612999 0.0736157 0.0683898 0.0684569 0.0684805 0.0686483 9.19914e-05 
2027  0 0.0612999 0.0736157 0.0635382 0.0637009 0.0637616 0.0641557 0.000222923 
2028  0 0.0612999 0.0736157 0.0597469 0.0601118 0.0602538 0.0611411 0.00049746 
2029  0 0.0612999 0.0736157 0.056794 0.0575796 0.0578504 0.0596567 0.0010157 
2030  0 0.0612999 0.0736157 0.0544735 0.0559922 0.0564757 0.0597596 0.00187154 
2031  0 0.0612999 0.0736157 0.0526664 0.0552498 0.0560366 0.0614172 0.0030516 
2032  0 0.0612999 0.0736157 0.0513247 0.0553207 0.0563541 0.0645139 0.00431986 
2033  0 0.0612999 0.0736157 0.0503014 0.0559377 0.0571822 0.0675236 0.00547158 
2034  0 0.0612999 0.0736157 0.0496243 0.0570059 0.0582672 0.0712946 0.00635958 
2035  0 0.0612999 0.0736157 0.0495107 0.0582065 0.0594239 0.0736157 0.00698065 

Total_BiomassModel_1_goa_nr_2022.dat
Year B100 Babc Bofl LowCI_Biom Median_Biom Mean_Biom UpperCI_Biom Stdev_Biom 
2022 407.425 102.239 93.546 97.9501 97.9501 97.9501 97.9501 1.12266e-12 
2023 407.425 102.239 93.546 95.1235 95.4046 95.5547 96.472 0.496914 
2024 407.425 102.239 93.546 89.5546 90.4574 90.8301 93.257 1.2956 
2025 407.425 102.239 93.546 84.7489 86.6572 87.3465 91.8499 2.46384 
2026 407.425 102.239 93.546 79.9296 83.1668 84.1745 91.1191 3.89823 
2027 407.425 102.239 93.546 76.1167 81.1355 82.4416 92.4233 5.50231 
2028 407.425 102.239 93.546 73.4272 80.2578 81.87 94.4955 7.163 
2029 407.425 102.239 93.546 71.3184 80.3211 82.194 98.2907 8.79603 
2030 407.425 102.239 93.546 70.2009 81.1039 83.1356 101.817 10.2922 
2031 407.425 102.239 93.546 69.8054 82.3053 84.4651 106.032 11.5698 
2032 407.425 102.239 93.546 69.8419 83.4781 85.9511 109.328 12.5995 
2033 407.425 102.239 93.546 69.977 85.2951 87.479 112.017 13.3911 
2034 407.425 102.239 93.546 70.3627 87.0307 88.9248 113.953 14.0003 
2035 407.425 102.239 93.546 70.5922 88.322 90.2386 115.33 14.4667 
