Alternative 1 Catch
     Model_1_goa_nr_2022.dat 
Equil_Fabc 4.75074 
Year 
2022 2.00264 
2023 2.6534 
2024 2.46439 
2025 4.56022 
2026 4.29243 
2027 3.82721 
2028 3.50477 
2029 3.32076 
2030 3.26517 
2031 3.3004 
2032 3.39211 
2033 3.50942 
2034 3.63525 
2035 3.76214 

Alternative 1 ABCs
     Model_1_goa_nr_2022.dat 

Year 
2022  NA 
2023  NA 
2024  NA 
2025 4.56022 
2026 4.29243 
2027 3.82721 
2028 3.50477 
2029 3.32076 
2030 3.26517 
2031 3.3004 
2032 3.39211 
2033 3.50942 
2034 3.63525 
2035 3.76214 

Alternative 1 TACs
     Model_1_goa_nr_2022.dat 

Year 
2022  NA 
2023  NA 
2024  NA 
2025 4.56022 
2026 4.29243 
2027 3.82721 
2028 3.50477 
2029 3.32076 
2030 3.26517 
2031 3.3004 
2032 3.39211 
2033 3.50942 
2034 3.63525 
2035 3.76214 

Alternative 1 Sp_Biomass
     Model_1_goa_nr_2022.dat 
Equil_Fabc 32.9399 
Year 
2022 41.3992 
2023 39.4453 
2024 37.4696 
2025 35.3982 
2026 32.9662 
2027 30.9597 
2028 29.4397 
2029 28.374 
2030 27.7401 
2031 27.508 
2032 27.6197 
2033 27.9826 
2034 28.4911 
2035 29.057 

Alternative 1 Fishing Mortality
     Model_1_goa_nr_2022.dat 
Equil_Fabc 0.0612999 
Year 
2022 0.0233027 
2023 0.0323069 
2024 0.0314021 
2025 0.0612999 
2026 0.0612958 
2027 0.0574209 
2028 0.0544432 
2029 0.0523558 
2030 0.0511135 
2031 0.0506391 
2032 0.0507914 
2033 0.0513467 
2034 0.0521174 
2035 0.0529295 

Alternative 1 Biomass
     Model_1_goa_nr_2022.dat 

Year 
2022 97.9501 
2023 95.4518 
2024 93.0219 
2025 91.5757 
2026 88.8139 
2027 87.069 
2028 86.4257 
2029 86.6511 
2030 87.489 
2031 88.7267 
2032 90.1444 
2033 91.634 
2034 93.075 
2035 94.4159 

Alternative 1 Implied SPR rate 
     Model_1_goa_nr_2022.dat 
Equil_Fabc 0.4 
Year 
2022 0.660061 
2023 0.577275 
2024 0.5848 
2025 0.4 
2026 0.400018 
2027 0.418181 
2028 0.433072 
2029 0.444056 
2030 0.450885 
2031 0.453704 
2032 0.453177 
2033 0.450469 
2034 0.446594 
2035 0.442457 

  Model_1_goa_nr_2022.dat 
EquilAvgAgeF0  16.428 
EquilAvgAgeFabc  9.65465 
AvgAgeYr2035 10.5288 
Alternative 2 Catch
     Model_1_goa_nr_2022.dat 
Equil_Fabc 4.75074 
Year 
2022 2.00264 
2023 2.6534 
2024 2.46439 
2025 4.56022 
2026 4.29243 
2027 3.82721 
2028 3.50477 
2029 3.32076 
2030 3.26517 
2031 3.3004 
2032 3.39211 
2033 3.50942 
2034 3.63525 
2035 3.76214 

Alternative 2 ABCs
     Model_1_goa_nr_2022.dat 

Year 
2022  NA 
2023  NA 
2024  NA 
2025 4.56022 
2026 4.29243 
2027 3.82721 
2028 3.50477 
2029 3.32076 
2030 3.26517 
2031 3.3004 
2032 3.39211 
2033 3.50942 
2034 3.63525 
2035 3.76214 

Alternative 2 TACs
     Model_1_goa_nr_2022.dat 

Year 
2022  NA 
2023  NA 
2024  NA 
2025 4.56022 
2026 4.29243 
2027 3.82721 
2028 3.50477 
2029 3.32076 
2030 3.26517 
2031 3.3004 
2032 3.39211 
2033 3.50942 
2034 3.63525 
2035 3.76214 

Alternative 2 Sp_Biomass
     Model_1_goa_nr_2022.dat 
Equil_Fabc 32.9399 
Year 
2022 41.3992 
2023 39.4453 
2024 37.4696 
2025 35.3982 
2026 32.9662 
2027 30.9597 
2028 29.4397 
2029 28.374 
2030 27.7401 
2031 27.508 
2032 27.6197 
2033 27.9826 
2034 28.4911 
2035 29.057 

Alternative 2 Fishing Mortality
     Model_1_goa_nr_2022.dat 
Equil_Fabc 0.0612999 
Year 
2022 0.0233027 
2023 0.0323069 
2024 0.0314021 
2025 0.0612999 
2026 0.0612958 
2027 0.0574209 
2028 0.0544432 
2029 0.0523558 
2030 0.0511135 
2031 0.0506391 
2032 0.0507914 
2033 0.0513467 
2034 0.0521174 
2035 0.0529295 

Alternative 2 Biomass
     Model_1_goa_nr_2022.dat 

Year 
2022 97.9501 
2023 95.4518 
2024 93.0219 
2025 91.5757 
2026 88.8139 
2027 87.069 
2028 86.4257 
2029 86.6511 
2030 87.489 
2031 88.7267 
2032 90.1444 
2033 91.634 
2034 93.075 
2035 94.4159 

Alternative 2 Implied SPR rate 
     Model_1_goa_nr_2022.dat 
Equil_Fabc 0.4 
Year 
2022 0.660061 
2023 0.577275 
2024 0.5848 
2025 0.4 
2026 0.400018 
2027 0.418181 
2028 0.433072 
2029 0.444056 
2030 0.450885 
2031 0.453704 
2032 0.453177 
2033 0.450469 
2034 0.446594 
2035 0.442457 

  Model_1_goa_nr_2022.dat 
EquilAvgAgeF0  16.428 
EquilAvgAgeFabc  9.65465 
AvgAgeYr2035 10.5288 
Alternative 3 Catch
     Model_1_goa_nr_2022.dat 
Equil_Fabc 4.75074 
Year 
2022 2.00264 
2023 2.6534 
2024 2.46439 
2025 2.31398 
2026 2.24269 
2027 2.18051 
2028 2.09221 
2029 2.0586 
2030 2.0822 
2031 2.14434 
2032 2.2248 
2033 2.3072 
2034 2.38641 
2035 2.46474 

Alternative 3 ABCs
     Model_1_goa_nr_2022.dat 

Year 
2022  NA 
2023  NA 
2024  NA 
2025 2.31398 
2026 2.24269 
2027 2.18051 
2028 2.09221 
2029 2.0586 
2030 2.0822 
2031 2.14434 
2032 2.2248 
2033 2.3072 
2034 2.38641 
2035 2.46474 

Alternative 3 TACs
     Model_1_goa_nr_2022.dat 

Year 
2022  NA 
2023  NA 
2024  NA 
2025 2.31398 
2026 2.24269 
2027 2.18051 
2028 2.09221 
2029 2.0586 
2030 2.0822 
2031 2.14434 
2032 2.2248 
2033 2.3072 
2034 2.38641 
2035 2.46474 

Alternative 3 Sp_Biomass
     Model_1_goa_nr_2022.dat 
Equil_Fabc 32.9399 
Year 
2022 41.3992 
2023 39.4453 
2024 37.4696 
2025 35.7574 
2026 34.3112 
2027 33.1343 
2028 32.2587 
2029 31.7187 
2030 31.5278 
2031 31.6885 
2032 32.1727 
2033 32.911 
2034 33.8105 
2035 34.7856 

Alternative 3 Fishing Mortality
     Model_1_goa_nr_2022.dat 
Equil_Fabc 0.0612999 
Year 
2022 0.0233027 
2023 0.0323069 
2024 0.0314021 
2025 0.0306499 
2026 0.0306499 
2027 0.0305088 
2028 0.0296765 
2029 0.0291534 
2030 0.0289393 
2031 0.0289773 
2032 0.0291635 
2033 0.0293836 
2034 0.0295986 
2035 0.0297994 

Alternative 3 Biomass
     Model_1_goa_nr_2022.dat 

Year 
2022 97.9501 
2023 95.4518 
2024 93.0219 
2025 91.5757 
2026 91.0402 
2027 91.2426 
2028 92.0727 
2029 93.4833 
2030 95.3144 
2031 97.4343 
2032 99.6821 
2033 101.991 
2034 104.264 
2035 106.459 

Alternative 3 Implied SPR rate 
     Model_1_goa_nr_2022.dat 
Equil_Fabc 0.4 
Year 
2022 0.660061 
2023 0.577275 
2024 0.5848 
2025 0.591179 
2026 0.591179 
2027 0.592389 
2028 0.599611 
2029 0.604235 
2030 0.606171 
2031 0.605883 
2032 0.604279 
2033 0.602361 
2034 0.600478 
2035 0.598714 

  Model_1_goa_nr_2022.dat 
EquilAvgAgeF0  16.428 
EquilAvgAgeFabc  9.65465 
AvgAgeYr2035 11.5035 
Alternative 4 Catch
     Model_1_goa_nr_2022.dat 
Equil_Fabc 4.75074 
Year 
2022 2.00264 
2023 2.6534 
2024 2.46439 
2025 1.87245 
2026 1.82502 
2027 1.79209 
2028 1.77555 
2029 1.78361 
2030 1.81983 
2031 1.87261 
2032 1.93184 
2033 1.99119 
2034 2.04873 
2035 2.10669 

Alternative 4 ABCs
     Model_1_goa_nr_2022.dat 

Year 
2022  NA 
2023  NA 
2024  NA 
2025 1.87245 
2026 1.82502 
2027 1.79209 
2028 1.77555 
2029 1.78361 
2030 1.81983 
2031 1.87261 
2032 1.93184 
2033 1.99119 
2034 2.04873 
2035 2.10669 

Alternative 4 TACs
     Model_1_goa_nr_2022.dat 

Year 
2022  NA 
2023  NA 
2024  NA 
2025 1.87245 
2026 1.82502 
2027 1.79209 
2028 1.77555 
2029 1.78361 
2030 1.81983 
2031 1.87261 
2032 1.93184 
2033 1.99119 
2034 2.04873 
2035 2.10669 

Alternative 4 Sp_Biomass
     Model_1_goa_nr_2022.dat 
Equil_Fabc 32.9399 
Year 
2022 41.3992 
2023 39.4453 
2024 37.4696 
2025 35.8272 
2026 34.5773 
2027 33.5784 
2028 32.8547 
2029 32.4334 
2030 32.3409 
2031 32.5924 
2032 33.1695 
2033 34.0089 
2034 35.0191 
2035 36.1135 

Alternative 4 Fishing Mortality
     Model_1_goa_nr_2022.dat 
Equil_Fabc 0.0612999 
Year 
2022 0.0233027 
2023 0.0323069 
2024 0.0314021 
2025 0.0247309 
2026 0.0247309 
2027 0.0247309 
2028 0.0247309 
2029 0.0247309 
2030 0.0247309 
2031 0.0247309 
2032 0.0247309 
2033 0.0247309 
2034 0.0247309 
2035 0.0247309 

Alternative 4 Biomass
     Model_1_goa_nr_2022.dat 

Year 
2022 97.9501 
2023 95.4518 
2024 93.0219 
2025 91.5757 
2026 91.4779 
2027 92.0777 
2028 93.261 
2029 94.94 
2030 96.9881 
2031 99.305 
2032 101.753 
2033 104.278 
2034 106.784 
2035 109.227 

Alternative 4 Implied SPR rate 
     Model_1_goa_nr_2022.dat 
Equil_Fabc 0.4 
Year 
2022 0.660061 
2023 0.577275 
2024 0.5848 
2025 0.645662 
2026 0.645662 
2027 0.645662 
2028 0.645662 
2029 0.645662 
2030 0.645662 
2031 0.645662 
2032 0.645662 
2033 0.645662 
2034 0.645662 
2035 0.645662 

  Model_1_goa_nr_2022.dat 
EquilAvgAgeF0  16.428 
EquilAvgAgeFabc  9.65465 
AvgAgeYr2035 11.7143 
Alternative 5 Catch
     Model_1_goa_nr_2022.dat 
Equil_Fabc 4.75074 
Year 
2022 2.00264 
2023 2.6534 
2024 2.46439 
2025  NA 
2026  NA 
2027  NA 
2028  NA 
2029  NA 
2030  NA 
2031  NA 
2032  NA 
2033  NA 
2034  NA 
2035  NA 

Alternative 5 ABCs
     Model_1_goa_nr_2022.dat 

Year 
2022  NA 
2023  NA 
2024  NA 
2025  NA 
2026  NA 
2027  NA 
2028  NA 
2029  NA 
2030  NA 
2031  NA 
2032  NA 
2033  NA 
2034  NA 
2035  NA 

Alternative 5 TACs
     Model_1_goa_nr_2022.dat 

Year 
2022  NA 
2023  NA 
2024  NA 
2025  NA 
2026  NA 
2027  NA 
2028  NA 
2029  NA 
2030  NA 
2031  NA 
2032  NA 
2033  NA 
2034  NA 
2035  NA 

Alternative 5 Sp_Biomass
     Model_1_goa_nr_2022.dat 
Equil_Fabc 32.9399 
Year 
2022 41.3992 
2023 39.4453 
2024 37.4696 
2025 36.1203 
2026 35.712 
2027 35.5073 
2028 35.5386 
2029 35.8402 
2030 36.4476 
2031 37.3885 
2032 38.6583 
2033 40.2038 
2034 41.9363 
2035 43.7665 

Alternative 5 Fishing Mortality
     Model_1_goa_nr_2022.dat 
Equil_Fabc 0.0612999 
Year 
2022 0.0233027 
2023 0.0323069 
2024 0.0314021 
2025  NA 
2026  NA 
2027  NA 
2028  NA 
2029  NA 
2030  NA 
2031  NA 
2032  NA 
2033  NA 
2034  NA 
2035  NA 

Alternative 5 Biomass
     Model_1_goa_nr_2022.dat 

Year 
2022 97.9501 
2023 95.4518 
2024 93.0219 
2025 91.5757 
2026 93.3341 
2027 95.6723 
2028 98.4946 
2029 101.734 
2030 105.293 
2031 109.106 
2032 113.052 
2033 117.085 
2034 121.106 
2035 125.068 

Alternative 5 Implied SPR rate 
     Model_1_goa_nr_2022.dat 
Equil_Fabc 0.4 
Year 
2022 0.660061 
2023 0.577275 
2024 0.5848 
2025 1 
2026 1 
2027 1 
2028 1 
2029 1 
2030 1 
2031 1 
2032 1 
2033 1 
2034 1 
2035 1 

  Model_1_goa_nr_2022.dat 
EquilAvgAgeF0  16.428 
EquilAvgAgeFabc  9.65465 
AvgAgeYr2035 12.8495 
Alternative 6 Catch
     Model_1_goa_nr_2022.dat 
Equil_Fabc 4.75074 
Year 
2022 2.00264 
2023 5.92664 
2024 5.43952 
2025 4.96383 
2026 4.28067 
2027 3.80143 
2028 3.48275 
2029 3.31317 
2030 3.2812 
2031 3.34749 
2032 3.47422 
2033 3.62928 
2034 3.79075 
2035 3.95254 

Alternative 6 ABCs
     Model_1_goa_nr_2022.dat 

Year 
2022 6.17422 
2023 5.92664 
2024 5.43952 
2025 4.96383 
2026 4.28067 
2027 3.80143 
2028 3.48275 
2029 3.31317 
2030 3.2812 
2031 3.34749 
2032 3.47422 
2033 3.62928 
2034 3.79075 
2035 3.95254 

Alternative 6 TACs
     Model_1_goa_nr_2022.dat 

Year 
2022  NA 
2023 5.92664 
2024 5.43952 
2025 4.96383 
2026 4.28067 
2027 3.80143 
2028 3.48275 
2029 3.31317 
2030 3.2812 
2031 3.34749 
2032 3.47422 
2033 3.62928 
2034 3.79075 
2035 3.95254 

Alternative 6 Sp_Biomass
     Model_1_goa_nr_2022.dat 
Equil_Fabc 32.9399 
Year 
2022 41.3992 
2023 38.9104 
2024 35.4812 
2025 32.5123 
2026 30.0563 
2027 28.1614 
2028 26.7628 
2029 25.8195 
2030 25.3023 
2031 25.1752 
2032 25.3745 
2033 25.8034 
2034 26.3543 
2035 26.94 

Alternative 6 Fishing Mortality
     Model_1_goa_nr_2022.dat 
Equil_Fabc 0.0612999 
Year 
2022 0.0233027 
2023 0.0736156 
2024 0.0736156 
2025 0.07261 
2026 0.0668321 
2027 0.0623745 
2028 0.0590842 
2029 0.0568652 
2030 0.0556485 
2031 0.0553469 
2032 0.0557846 
2033 0.0567189 
2034 0.0578945 
2035 0.0591275 

Alternative 6 Biomass
     Model_1_goa_nr_2022.dat 

Year 
2022 97.9501 
2023 95.4518 
2024 89.7866 
2025 85.5324 
2026 82.6263 
2027 81.1623 
2028 80.8086 
2029 81.3119 
2030 82.4034 
2031 83.8597 
2032 85.4532 
2033 87.0723 
2034 88.5944 
2035 89.9717 

Alternative 6 Implied SPR rate 
     Model_1_goa_nr_2022.dat 
Equil_Fabc 0.4 
Year 
2022 0.660061 
2023 0.35 
2024 0.35 
2025 0.353695 
2026 0.3762 
2027 0.395191 
2028 0.410234 
2029 0.420941 
2030 0.427101 
2031 0.428891 
2032 0.427115 
2033 0.422972 
2034 0.41769 
2035 0.412146 

  Model_1_goa_nr_2022.dat 
EquilAvgAgeF0  16.428 
EquilAvgAgeFabc  9.65465 
AvgAgeYr2035 10.083 
Alternative 7 Catch
     Model_1_goa_nr_2022.dat 
Equil_Fabc 4.75074 
Year 
2022 2.00264 
2023 4.96451 
2024 4.61088 
2025 5.14873 
2026 4.47233 
2027 3.95255 
2028 3.60402 
2029 3.41232 
2030 3.36366 
2031 3.41653 
2032 3.53191 
2033 3.67699 
2034 3.82988 
2035 3.98432 

Alternative 7 ABCs
     Model_1_goa_nr_2022.dat 

Year 
2022 6.17422 
2023 5.92664 
2024 5.50458 
2025 5.14873 
2026 4.47233 
2027 3.95255 
2028 3.60402 
2029 3.41232 
2030 3.36366 
2031 3.41653 
2032 3.53191 
2033 3.67699 
2034 3.82988 
2035 3.98432 

Alternative 7 TACs
     Model_1_goa_nr_2022.dat 

Year 
2022  NA 
2023 5.92664 
2024 5.50458 
2025 5.14873 
2026 4.47233 
2027 3.95255 
2028 3.60402 
2029 3.41232 
2030 3.36366 
2031 3.41653 
2032 3.53191 
2033 3.67699 
2034 3.82988 
2035 3.98432 

Alternative 7 Sp_Biomass
     Model_1_goa_nr_2022.dat 
Equil_Fabc 32.9399 
Year 
2022 41.3992 
2023 39.0691 
2024 36.0594 
2025 33.2899 
2026 30.723 
2027 28.7228 
2028 27.2364 
2029 26.2186 
2030 25.6375 
2031 25.4553 
2032 25.6068 
2033 25.9946 
2034 26.5104 
2035 27.0666 

Alternative 7 Fishing Mortality
     Model_1_goa_nr_2022.dat 
Equil_Fabc 0.0612999 
Year 
2022 0.0233027 
2023 0.0612999 
2024 0.0612999 
2025 0.0736157 
2026 0.0684007 
2027 0.0636951 
2028 0.0601983 
2029 0.057804 
2030 0.056437 
2031 0.0560045 
2032 0.0563277 
2033 0.0571608 
2034 0.0582501 
2035 0.0594103 

Alternative 7 Biomass
     Model_1_goa_nr_2022.dat 

Year 
2022 97.9501 
2023 95.4518 
2024 90.7375 
2025 87.2633 
2026 84.1008 
2027 82.3811 
2028 81.8201 
2029 82.1527 
2030 83.1015 
2031 84.4371 
2032 85.9281 
2033 87.4603 
2034 88.9097 
2035 90.2264 

Alternative 7 Implied SPR rate 
     Model_1_goa_nr_2022.dat 
Equil_Fabc 0.4 
Year 
2022 0.660061 
2023 0.4 
2024 0.4 
2025 0.35 
2026 0.369866 
2027 0.389406 
2028 0.405041 
2029 0.416371 
2030 0.423164 
2031 0.425578 
2032 0.424387 
2033 0.420773 
2034 0.415943 
2035 0.410776 

  Model_1_goa_nr_2022.dat 
EquilAvgAgeF0  16.428 
EquilAvgAgeFabc  9.65465 
AvgAgeYr2035 10.1231 
