The data has been read correctly!Starting optimization of 'nr' in phase 1 of 4 at Mon May 13 12:39:36 2024
phase= 1 | nvar=  2 | iter=  0 | nll=2.17e+04 | mag=9.74e+03 | par[  1]=log_mean_rec
phase= 1 | nvar=  2 | iter= 16 | nll=2.27e+03 | mag=1.25e-05 | par[  1]=log_mean_rec
-------------Finished: 1 2146.45  135.059 161.932 139.537 0 0 0
phase= 2 | nvar=176 | iter=  0 | nll=2.27e+03 | mag=6.15e+03 | par[ 27]=log_F_devs[25]
phase= 2 | nvar=176 | iter= 20 | nll=1.00e+03 | mag=1.94e+03 | par[ 28]=log_F_devs[26]
phase= 2 | nvar=176 | iter= 40 | nll=8.42e+02 | mag=1.60e+03 | par[ 31]=log_F_devs[29]
phase= 2 | nvar=176 | iter= 60 | nll=7.85e+02 | mag=1.46e+03 | par[ 31]=log_F_devs[29]
phase= 2 | nvar=176 | iter= 80 | nll=7.32e+02 | mag=1.23e+03 | par[ 31]=log_F_devs[29]
phase= 2 | nvar=176 | iter=100 | nll=6.57e+02 | mag=1.05e+03 | par[ 31]=log_F_devs[29]
phase= 2 | nvar=176 | iter=120 | nll=5.15e+02 | mag=5.19e+02 | par[ 23]=log_F_devs[21]
phase= 2 | nvar=176 | iter=140 | nll=4.14e+02 | mag=4.66e+02 | par[ 21]=log_F_devs[19]
phase= 2 | nvar=176 | iter=160 | nll=3.39e+02 | mag=3.34e+02 | par[ 18]=log_F_devs[16]
phase= 2 | nvar=176 | iter=180 | nll=3.12e+02 | mag=1.28e+02 | par[ 18]=log_F_devs[16]
phase= 2 | nvar=176 | iter=200 | nll=3.00e+02 | mag=5.23e+01 | par[ 18]=log_F_devs[16]
phase= 2 | nvar=176 | iter=220 | nll=2.98e+02 | mag=6.26e+00 | par[ 18]=log_F_devs[16]
phase= 2 | nvar=176 | iter=240 | nll=2.98e+02 | mag=2.36e+00 | par[132]=log_rec_dev[66]
phase= 2 | nvar=176 | iter=260 | nll=2.98e+02 | mag=1.57e+00 | par[132]=log_rec_dev[66]
phase= 2 | nvar=176 | iter=280 | nll=2.98e+02 | mag=1.93e-01 | par[  1]=log_mean_rec
phase= 2 | nvar=176 | iter=300 | nll=2.98e+02 | mag=1.59e-02 | par[  8]=log_F_devs[6]
phase= 2 | nvar=176 | iter=320 | nll=2.98e+02 | mag=1.46e-03 | par[146]=log_rec_dev[80]
phase= 2 | nvar=176 | iter=339 | nll=2.98e+02 | mag=9.70e-05 | par[132]=log_rec_dev[66]
-------------Finished: 2 205.955  48.533 69.3065 78.8764 0 0 0
phase= 3 | nvar=181 | iter=  0 | nll=2.92e+02 | mag=6.03e+01 | par[ 11]=log_F_devs[5]
phase= 3 | nvar=181 | iter= 20 | nll=2.83e+02 | mag=1.42e+02 | par[ 38]=log_F_devs[32]
phase= 3 | nvar=181 | iter= 40 | nll=2.76e+02 | mag=1.41e+02 | par[ 38]=log_F_devs[32]
phase= 3 | nvar=181 | iter= 60 | nll=2.73e+02 | mag=1.24e+02 | par[ 43]=log_F_devs[37]
phase= 3 | nvar=181 | iter= 80 | nll=2.72e+02 | mag=1.35e+02 | par[ 43]=log_F_devs[37]
phase= 3 | nvar=181 | iter=100 | nll=2.69e+02 | mag=1.01e+02 | par[ 43]=log_F_devs[37]
phase= 3 | nvar=181 | iter=120 | nll=2.68e+02 | mag=9.19e+00 | par[ 26]=log_F_devs[20]
phase= 3 | nvar=181 | iter=140 | nll=2.68e+02 | mag=1.58e+00 | par[ 29]=log_F_devs[23]
phase= 3 | nvar=181 | iter=160 | nll=2.68e+02 | mag=1.97e+00 | par[136]=log_rec_dev[66]
phase= 3 | nvar=181 | iter=180 | nll=2.68e+02 | mag=7.20e-01 | par[136]=log_rec_dev[66]
phase= 3 | nvar=181 | iter=200 | nll=2.68e+02 | mag=2.84e-02 | par[148]=log_rec_dev[78]
phase= 3 | nvar=181 | iter=219 | nll=2.68e+02 | mag=5.86e-05 | par[142]=log_rec_dev[72]
-------------Finished: 3 183.382  40.1642 69.1932 67.8993 0 0 0
phase= 4 | nvar=185 | iter=  0 | nll=3.11e+02 | mag=7.63e+00 | par[183]=mF50
phase= 4 | nvar=185 | iter= 20 | nll=2.96e+02 | mag=1.74e+02 | par[ 38]=log_F_devs[32]
phase= 4 | nvar=185 | iter= 40 | nll=2.96e+02 | mag=1.47e+02 | par[ 38]=log_F_devs[32]
phase= 4 | nvar=185 | iter= 60 | nll=2.95e+02 | mag=1.33e+02 | par[ 38]=log_F_devs[32]
phase= 4 | nvar=185 | iter= 80 | nll=2.92e+02 | mag=1.02e+02 | par[ 38]=log_F_devs[32]
phase= 4 | nvar=185 | iter=100 | nll=2.89e+02 | mag=1.06e+02 | par[ 59]=log_F_devs[53]
phase= 4 | nvar=185 | iter=120 | nll=2.85e+02 | mag=1.15e+02 | par[ 25]=log_F_devs[19]
phase= 4 | nvar=185 | iter=140 | nll=2.81e+02 | mag=1.47e+02 | par[ 25]=log_F_devs[19]
phase= 4 | nvar=185 | iter=160 | nll=2.77e+02 | mag=7.71e+01 | par[158]=log_rec_dev[88]
phase= 4 | nvar=185 | iter=180 | nll=2.72e+02 | mag=6.23e+01 | par[158]=log_rec_dev[88]
phase= 4 | nvar=185 | iter=200 | nll=2.69e+02 | mag=9.65e+00 | par[144]=log_rec_dev[74]
phase= 4 | nvar=185 | iter=220 | nll=2.68e+02 | mag=1.10e+01 | par[141]=log_rec_dev[71]
phase= 4 | nvar=185 | iter=240 | nll=2.68e+02 | mag=3.49e+00 | par[136]=log_rec_dev[66]
phase= 4 | nvar=185 | iter=260 | nll=2.68e+02 | mag=6.97e-01 | par[136]=log_rec_dev[66]
phase= 4 | nvar=185 | iter=280 | nll=2.68e+02 | mag=1.97e-03 | par[136]=log_rec_dev[66]
phase= 4 | nvar=185 | iter=286 | nll=2.68e+02 | mag=7.76e-05 | par[ 68]=log_F_devs[62]
Optimization completed after 3 s with final statistics:
  nll=267.715423 | mag=7.76129e-05 | par[ 68]=log_F_devs[62]

-------------Finished: 4 183.309  40.2017 69.0949 67.9226 0 0 0
Calculating Hessian (185 variables): 20%, 40%, 60%, 80%, 100% done (2 s) 
Differentiating 20 derived quantities: 20%, 40%, 60%, 80%, 100% done (0.47 s) 
Inverting Hessian (185 variables): 20%, 40%, 60%, 80%, 100% done (0.068 s) 
Starting standard error calculations...  done (0.85 s) 
nvar =185
phase= 4 | nvar=185 | iter=  0 | nll=2.68e+02 | mag=7.76e-05 | par[ 68]=log_F_devs[62]
Optimization completed after 6.4 s with final statistics:
  nll=267.715423 | mag=7.76129e-05 | par[ 68]=log_F_devs[62]

phase= 4 | nvar=185 | iter=  0 | nll=2.68e+02 | mag=7.76e-05 | par[ 68]=log_F_devs[62]
Optimization completed after 6.5 s with final statistics:
  nll=267.715423 | mag=7.76129e-05 | par[ 68]=log_F_devs[62]

phase= 4 | nvar=185 | iter=  0 | nll=2.68e+02 | mag=7.76e-05 | par[ 68]=log_F_devs[62]
Optimization completed after 6.5 s with final statistics:
  nll=267.715423 | mag=7.76129e-05 | par[ 68]=log_F_devs[62]

-0.0133383
phase= 4 | nvar=185 | iter=  0 | nll=2.75e+02 | mag=7.24e+02 | par[182]=logm
phase= 4 | nvar=185 | iter= 20 | nll=2.72e+02 | mag=5.92e+02 | par[182]=logm
phase= 4 | nvar=185 | iter= 40 | nll=2.70e+02 | mag=4.45e+02 | par[182]=logm
phase= 4 | nvar=185 | iter= 60 | nll=2.69e+02 | mag=2.28e+02 | par[182]=logm
phase= 4 | nvar=185 | iter= 80 | nll=2.68e+02 | mag=1.70e+02 | par[182]=logm
phase= 4 | nvar=185 | iter=100 | nll=2.68e+02 | mag=1.20e+02 | par[182]=logm
phase= 4 | nvar=185 | iter=120 | nll=2.68e+02 | mag=2.84e+01 | par[182]=logm
phase= 4 | nvar=185 | iter=140 | nll=2.68e+02 | mag=2.58e+00 | par[182]=logm
phase= 4 | nvar=185 | iter=160 | nll=2.68e+02 | mag=3.76e-02 | par[ 30]=log_F_devs[24]
phase= 4 | nvar=185 | iter=180 | nll=2.68e+02 | mag=6.42e-04 | par[136]=log_rec_dev[66]
phase= 4 | nvar=185 | iter=185 | nll=2.68e+02 | mag=9.14e-05 | par[130]=log_rec_dev[60]
Optimization completed after 7.4 s with final statistics:
  nll=267.746005 | mag=9.14104e-05 | par[130]=log_rec_dev[60]

phase= 4 | nvar=185 | iter=  0 | nll=2.68e+02 | mag=3.56e+02 | par[182]=logm
phase= 4 | nvar=185 | iter= 20 | nll=2.68e+02 | mag=9.94e+01 | par[182]=logm
phase= 4 | nvar=185 | iter= 40 | nll=2.68e+02 | mag=5.10e+01 | par[182]=logm
phase= 4 | nvar=185 | iter= 60 | nll=2.68e+02 | mag=3.75e+01 | par[182]=logm
phase= 4 | nvar=185 | iter= 80 | nll=2.68e+02 | mag=2.81e+01 | par[182]=logm
phase= 4 | nvar=185 | iter=100 | nll=2.68e+02 | mag=9.86e+00 | par[182]=logm
phase= 4 | nvar=185 | iter=120 | nll=2.68e+02 | mag=3.75e-01 | par[182]=logm
phase= 4 | nvar=185 | iter=140 | nll=2.68e+02 | mag=3.42e-03 | par[182]=logm
phase= 4 | nvar=185 | iter=147 | nll=2.68e+02 | mag=5.28e-05 | par[119]=log_rec_dev[49]
Optimization completed after 8 s with final statistics:
  nll=267.746127 | mag=5.27644e-05 | par[119]=log_rec_dev[49]

phase= 4 | nvar=185 | iter=  0 | nll=2.68e+02 | mag=3.57e+02 | par[182]=logm
phase= 4 | nvar=185 | iter= 20 | nll=2.68e+02 | mag=6.54e-04 | par[ 24]=log_F_devs[18]
phase= 4 | nvar=185 | iter= 40 | nll=2.68e+02 | mag=7.06e-04 | par[ 63]=log_F_devs[57]
phase= 4 | nvar=185 | iter= 45 | nll=2.68e+02 | mag=6.84e-04 | par[ 63]=log_F_devs[57]
Optimization completed after 8.2 s with final statistics:
  nll=267.746128 | mag=6.83956e-04 | par[ 63]=log_F_devs[57]

1
phase= 4 | nvar=185 | iter=  0 | nll=2.98e+02 | mag=1.48e+03 | par[182]=logm
phase= 4 | nvar=185 | iter= 20 | nll=2.76e+02 | mag=8.19e+02 | par[182]=logm
phase= 4 | nvar=185 | iter= 40 | nll=2.73e+02 | mag=5.90e+02 | par[182]=logm
phase= 4 | nvar=185 | iter= 60 | nll=2.71e+02 | mag=3.39e+02 | par[182]=logm
phase= 4 | nvar=185 | iter= 80 | nll=2.69e+02 | mag=2.41e+02 | par[182]=logm
phase= 4 | nvar=185 | iter=100 | nll=2.69e+02 | mag=1.52e+02 | par[182]=logm
phase= 4 | nvar=185 | iter=120 | nll=2.68e+02 | mag=2.32e+01 | par[182]=logm
phase= 4 | nvar=185 | iter=140 | nll=2.68e+02 | mag=3.17e+00 | par[130]=log_rec_dev[60]
phase= 4 | nvar=185 | iter=160 | nll=2.68e+02 | mag=9.72e-02 | par[130]=log_rec_dev[60]
phase= 4 | nvar=185 | iter=180 | nll=2.68e+02 | mag=1.87e-03 | par[137]=log_rec_dev[67]
phase= 4 | nvar=185 | iter=200 | nll=2.68e+02 | mag=1.35e-04 | par[ 24]=log_F_devs[18]
phase= 4 | nvar=185 | iter=203 | nll=2.68e+02 | mag=2.02e-05 | par[ 24]=log_F_devs[18]
Optimization completed after 9.2 s with final statistics:
  nll=267.981583 | mag=2.01537e-05 | par[ 24]=log_F_devs[18]

phase= 4 | nvar=185 | iter=  0 | nll=2.68e+02 | mag=1.06e+03 | par[182]=logm
phase= 4 | nvar=185 | iter= 20 | nll=2.68e+02 | mag=6.80e+01 | par[182]=logm
phase= 4 | nvar=185 | iter= 40 | nll=2.68e+02 | mag=5.03e+01 | par[182]=logm
phase= 4 | nvar=185 | iter= 60 | nll=2.68e+02 | mag=1.51e+01 | par[182]=logm
phase= 4 | nvar=185 | iter= 80 | nll=2.68e+02 | mag=9.77e+00 | par[182]=logm
phase= 4 | nvar=185 | iter=100 | nll=2.68e+02 | mag=6.15e+00 | par[182]=logm
phase= 4 | nvar=185 | iter=120 | nll=2.68e+02 | mag=1.16e+00 | par[182]=logm
phase= 4 | nvar=185 | iter=140 | nll=2.68e+02 | mag=1.66e-04 | par[121]=log_rec_dev[51]
phase= 4 | nvar=185 | iter=151 | nll=2.68e+02 | mag=8.63e-05 | par[176]=log_rec_dev[106]
Optimization completed after 10 s with final statistics:
  nll=267.982576 | mag=8.63492e-05 | par[176]=log_rec_dev[106]

phase= 4 | nvar=185 | iter=  0 | nll=2.68e+02 | mag=1.06e+03 | par[182]=logm
phase= 4 | nvar=185 | iter= 20 | nll=2.68e+02 | mag=1.04e-03 | par[ 63]=log_F_devs[57]
phase= 4 | nvar=185 | iter= 40 | nll=2.68e+02 | mag=1.07e-03 | par[ 63]=log_F_devs[57]
1
phase= 4 | nvar=185 | iter=  0 | nll=3.35e+02 | mag=2.30e+03 | par[182]=logm
phase= 4 | nvar=185 | iter= 20 | nll=3.04e+02 | mag=1.84e+03 | par[182]=logm
phase= 4 | nvar=185 | iter= 40 | nll=2.88e+02 | mag=1.13e+03 | par[182]=logm
phase= 4 | nvar=185 | iter= 60 | nll=2.78e+02 | mag=6.83e+02 | par[182]=logm
phase= 4 | nvar=185 | iter= 80 | nll=2.76e+02 | mag=5.73e+02 | par[182]=logm
phase= 4 | nvar=185 | iter=100 | nll=2.73e+02 | mag=4.14e+02 | par[182]=logm
phase= 4 | nvar=185 | iter=120 | nll=2.70e+02 | mag=1.14e+02 | par[182]=logm
phase= 4 | nvar=185 | iter=140 | nll=2.69e+02 | mag=4.30e+00 | par[142]=log_rec_dev[72]
phase= 4 | nvar=185 | iter=160 | nll=2.69e+02 | mag=2.70e-01 | par[137]=log_rec_dev[67]
phase= 4 | nvar=185 | iter=180 | nll=2.69e+02 | mag=2.03e-01 | par[ 68]=log_F_devs[62]
phase= 4 | nvar=185 | iter=200 | nll=2.69e+02 | mag=1.58e-02 | par[130]=log_rec_dev[60]
phase= 4 | nvar=185 | iter=218 | nll=2.69e+02 | mag=5.63e-05 | par[ 24]=log_F_devs[18]
Optimization completed after 11 s with final statistics:
  nll=268.730972 | mag=5.62876e-05 | par[ 24]=log_F_devs[18]

phase= 4 | nvar=185 | iter=  0 | nll=2.69e+02 | mag=2.09e+03 | par[182]=logm
phase= 4 | nvar=185 | iter= 20 | nll=2.69e+02 | mag=1.06e+03 | par[182]=logm
phase= 4 | nvar=185 | iter= 40 | nll=2.69e+02 | mag=5.11e+02 | par[182]=logm
phase= 4 | nvar=185 | iter= 60 | nll=2.69e+02 | mag=4.43e+02 | par[182]=logm
phase= 4 | nvar=185 | iter= 80 | nll=2.69e+02 | mag=2.19e+02 | par[182]=logm
phase= 4 | nvar=185 | iter=100 | nll=2.69e+02 | mag=1.40e+02 | par[182]=logm
phase= 4 | nvar=185 | iter=120 | nll=2.69e+02 | mag=3.42e+00 | par[182]=logm
phase= 4 | nvar=185 | iter=140 | nll=2.69e+02 | mag=6.82e-02 | par[136]=log_rec_dev[66]
phase= 4 | nvar=185 | iter=157 | nll=2.69e+02 | mag=2.28e-05 | par[110]=log_rec_dev[40]
Optimization completed after 12 s with final statistics:
  nll=268.734434 | mag=2.28226e-05 | par[110]=log_rec_dev[40]

phase= 4 | nvar=185 | iter=  0 | nll=2.69e+02 | mag=2.09e+03 | par[182]=logm
phase= 4 | nvar=185 | iter= 20 | nll=2.69e+02 | mag=1.55e-03 | par[ 24]=log_F_devs[18]
phase= 4 | nvar=185 | iter= 40 | nll=2.69e+02 | mag=1.66e-03 | par[ 24]=log_F_devs[18]
phase= 4 | nvar=185 | iter= 60 | nll=2.69e+02 | mag=1.45e-03 | par[ 25]=log_F_devs[19]
phase= 4 | nvar=185 | iter= 80 | nll=2.69e+02 | mag=1.08e-03 | par[ 29]=log_F_devs[23]
phase= 4 | nvar=185 | iter=100 | nll=2.69e+02 | mag=3.82e-04 | par[ 46]=log_F_devs[40]
phase= 4 | nvar=185 | iter=120 | nll=2.69e+02 | mag=3.75e-05 | par[ 46]=log_F_devs[40]
Optimization completed after 12 s with final statistics:
  nll=268.734463 | mag=3.74943e-05 | par[ 46]=log_F_devs[40]

1
phase= 4 | nvar=185 | iter=  0 | nll=3.89e+02 | mag=3.24e+03 | par[182]=logm
phase= 4 | nvar=185 | iter= 20 | nll=3.47e+02 | mag=2.86e+03 | par[182]=logm
phase= 4 | nvar=185 | iter= 40 | nll=3.15e+02 | mag=1.75e+03 | par[182]=logm
phase= 4 | nvar=185 | iter= 60 | nll=2.83e+02 | mag=7.31e+02 | par[182]=logm
phase= 4 | nvar=185 | iter= 80 | nll=2.78e+02 | mag=5.16e+02 | par[182]=logm
phase= 4 | nvar=185 | iter=100 | nll=2.76e+02 | mag=3.77e+02 | par[182]=logm
phase= 4 | nvar=185 | iter=120 | nll=2.71e+02 | mag=2.48e+01 | par[182]=logm
phase= 4 | nvar=185 | iter=140 | nll=2.70e+02 | mag=1.31e+01 | par[182]=logm
phase= 4 | nvar=185 | iter=160 | nll=2.70e+02 | mag=1.47e+00 | par[144]=log_rec_dev[74]
phase= 4 | nvar=185 | iter=180 | nll=2.70e+02 | mag=2.03e-01 | par[130]=log_rec_dev[60]
phase= 4 | nvar=185 | iter=200 | nll=2.70e+02 | mag=2.76e-02 | par[144]=log_rec_dev[74]
phase= 4 | nvar=185 | iter=220 | nll=2.70e+02 | mag=3.25e-03 | par[130]=log_rec_dev[60]
phase= 4 | nvar=185 | iter=228 | nll=2.70e+02 | mag=6.55e-05 | par[182]=logm
Optimization completed after 13 s with final statistics:
  nll=270.379099 | mag=6.54567e-05 | par[182]=logm

phase= 4 | nvar=185 | iter=  0 | nll=2.71e+02 | mag=3.44e+03 | par[182]=logm
phase= 4 | nvar=185 | iter= 20 | nll=2.71e+02 | mag=1.54e+03 | par[182]=logm
phase= 4 | nvar=185 | iter= 40 | nll=2.71e+02 | mag=8.92e+02 | par[182]=logm
phase= 4 | nvar=185 | iter= 60 | nll=2.70e+02 | mag=7.64e+02 | par[182]=logm
phase= 4 | nvar=185 | iter= 80 | nll=2.70e+02 | mag=3.46e+02 | par[182]=logm
phase= 4 | nvar=185 | iter=100 | nll=2.70e+02 | mag=2.20e+02 | par[182]=logm
phase= 4 | nvar=185 | iter=120 | nll=2.70e+02 | mag=2.82e+01 | par[182]=logm
phase= 4 | nvar=185 | iter=140 | nll=2.70e+02 | mag=1.26e-01 | par[130]=log_rec_dev[60]
phase= 4 | nvar=185 | iter=157 | nll=2.70e+02 | mag=3.88e-05 | par[182]=logm
Optimization completed after 14 s with final statistics:
  nll=270.387271 | mag=3.87668e-05 | par[182]=logm

phase= 4 | nvar=185 | iter=  0 | nll=2.70e+02 | mag=3.45e+03 | par[182]=logm
phase= 4 | nvar=185 | iter= 20 | nll=2.70e+02 | mag=2.92e+02 | par[182]=logm
phase= 4 | nvar=185 | iter= 40 | nll=2.70e+02 | mag=2.54e+02 | par[182]=logm
phase= 4 | nvar=185 | iter= 60 | nll=2.70e+02 | mag=1.19e+02 | par[182]=logm
phase= 4 | nvar=185 | iter= 80 | nll=2.70e+02 | mag=5.53e+01 | par[182]=logm
phase= 4 | nvar=185 | iter=100 | nll=2.70e+02 | mag=3.92e+01 | par[182]=logm
phase= 4 | nvar=185 | iter=120 | nll=2.70e+02 | mag=7.16e+00 | par[182]=logm
phase= 4 | nvar=185 | iter=140 | nll=2.70e+02 | mag=1.44e-01 | par[182]=logm
phase= 4 | nvar=185 | iter=156 | nll=2.70e+02 | mag=1.26e-04 | par[182]=logm
Optimization completed after 15 s with final statistics:
  nll=270.387340 | mag=1.26180e-04 | par[182]=logm

1
phase= 4 | nvar=185 | iter=  0 | nll=3.90e+02 | mag=3.47e+03 | par[182]=logm
phase= 4 | nvar=185 | iter= 20 | nll=3.49e+02 | mag=3.06e+03 | par[182]=logm
phase= 4 | nvar=185 | iter= 40 | nll=3.17e+02 | mag=1.77e+03 | par[182]=logm
phase= 4 | nvar=185 | iter= 60 | nll=2.87e+02 | mag=7.64e+02 | par[182]=logm
phase= 4 | nvar=185 | iter= 80 | nll=2.85e+02 | mag=7.18e+02 | par[182]=logm
phase= 4 | nvar=185 | iter=100 | nll=2.81e+02 | mag=5.39e+02 | par[182]=logm
phase= 4 | nvar=185 | iter=120 | nll=2.75e+02 | mag=1.03e+02 | par[182]=logm
phase= 4 | nvar=185 | iter=140 | nll=2.73e+02 | mag=1.03e+01 | par[ 24]=log_F_devs[18]
phase= 4 | nvar=185 | iter=160 | nll=2.73e+02 | mag=9.12e+00 | par[182]=logm
phase= 4 | nvar=185 | iter=180 | nll=2.73e+02 | mag=7.39e-01 | par[137]=log_rec_dev[67]
phase= 4 | nvar=185 | iter=200 | nll=2.73e+02 | mag=5.47e-01 | par[136]=log_rec_dev[66]
phase= 4 | nvar=185 | iter=220 | nll=2.73e+02 | mag=1.55e-02 | par[144]=log_rec_dev[74]
phase= 4 | nvar=185 | iter=231 | nll=2.73e+02 | mag=3.70e-05 | par[ 66]=log_F_devs[60]
Optimization completed after 16 s with final statistics:
  nll=272.674867 | mag=3.69739e-05 | par[ 66]=log_F_devs[60]

phase= 4 | nvar=185 | iter=  0 | nll=2.74e+02 | mag=4.80e+03 | par[182]=logm
phase= 4 | nvar=185 | iter= 20 | nll=2.73e+02 | mag=1.12e+03 | par[182]=logm
phase= 4 | nvar=185 | iter= 40 | nll=2.73e+02 | mag=3.40e+02 | par[182]=logm
phase= 4 | nvar=185 | iter= 60 | nll=2.73e+02 | mag=2.97e+02 | par[182]=logm
phase= 4 | nvar=185 | iter= 80 | nll=2.73e+02 | mag=1.42e+02 | par[182]=logm
phase= 4 | nvar=185 | iter=100 | nll=2.73e+02 | mag=4.61e+01 | par[182]=logm
phase= 4 | nvar=185 | iter=120 | nll=2.73e+02 | mag=4.70e+00 | par[182]=logm
phase= 4 | nvar=185 | iter=140 | nll=2.73e+02 | mag=2.55e-02 | par[136]=log_rec_dev[66]
phase= 4 | nvar=185 | iter=160 | nll=2.73e+02 | mag=1.61e-04 | par[106]=log_rec_dev[36]
phase= 4 | nvar=185 | iter=166 | nll=2.73e+02 | mag=9.85e-05 | par[ 96]=log_rec_dev[26]
Optimization completed after 17 s with final statistics:
  nll=272.688796 | mag=9.84998e-05 | par[ 96]=log_rec_dev[26]

phase= 4 | nvar=185 | iter=  0 | nll=2.73e+02 | mag=4.82e+03 | par[182]=logm
phase= 4 | nvar=185 | iter= 20 | nll=2.73e+02 | mag=2.48e+02 | par[182]=logm
phase= 4 | nvar=185 | iter= 40 | nll=2.73e+02 | mag=2.27e+02 | par[182]=logm
phase= 4 | nvar=185 | iter= 60 | nll=2.73e+02 | mag=1.15e+02 | par[182]=logm
phase= 4 | nvar=185 | iter= 80 | nll=2.73e+02 | mag=4.16e+01 | par[182]=logm
phase= 4 | nvar=185 | iter=100 | nll=2.73e+02 | mag=2.82e+01 | par[182]=logm
phase= 4 | nvar=185 | iter=120 | nll=2.73e+02 | mag=4.30e+00 | par[182]=logm
phase= 4 | nvar=185 | iter=140 | nll=2.73e+02 | mag=7.88e-02 | par[182]=logm
phase= 4 | nvar=185 | iter=156 | nll=2.73e+02 | mag=9.93e-05 | par[182]=logm
Optimization completed after 18 s with final statistics:
  nll=272.688913 | mag=9.93489e-05 | par[182]=logm

1
phase= 4 | nvar=185 | iter=  0 | nll=3.40e+02 | mag=2.76e+03 | par[182]=logm
phase= 4 | nvar=185 | iter= 20 | nll=3.09e+02 | mag=2.20e+03 | par[182]=logm
phase= 4 | nvar=185 | iter= 40 | nll=2.89e+02 | mag=1.12e+03 | par[182]=logm
phase= 4 | nvar=185 | iter= 60 | nll=2.83e+02 | mag=7.47e+02 | par[182]=logm
phase= 4 | nvar=185 | iter= 80 | nll=2.81e+02 | mag=6.46e+02 | par[182]=logm
phase= 4 | nvar=185 | iter=100 | nll=2.78e+02 | mag=3.66e+02 | par[182]=logm
phase= 4 | nvar=185 | iter=120 | nll=2.75e+02 | mag=9.52e+01 | par[182]=logm
phase= 4 | nvar=185 | iter=140 | nll=2.75e+02 | mag=1.69e+01 | par[182]=logm
phase= 4 | nvar=185 | iter=160 | nll=2.75e+02 | mag=6.49e-01 | par[ 24]=log_F_devs[18]
phase= 4 | nvar=185 | iter=180 | nll=2.75e+02 | mag=1.75e-01 | par[136]=log_rec_dev[66]
phase= 4 | nvar=185 | iter=200 | nll=2.75e+02 | mag=1.94e-02 | par[136]=log_rec_dev[66]
phase= 4 | nvar=185 | iter=220 | nll=2.75e+02 | mag=1.18e-04 | par[136]=log_rec_dev[66]
phase= 4 | nvar=185 | iter=221 | nll=2.75e+02 | mag=9.55e-05 | par[136]=log_rec_dev[66]
Optimization completed after 19 s with final statistics:
  nll=274.777834 | mag=9.55136e-05 | par[136]=log_rec_dev[66]

phase= 4 | nvar=185 | iter=  0 | nll=2.77e+02 | mag=5.84e+03 | par[182]=logm
phase= 4 | nvar=185 | iter= 20 | nll=2.75e+02 | mag=1.40e+03 | par[182]=logm
phase= 4 | nvar=185 | iter= 40 | nll=2.75e+02 | mag=8.85e+02 | par[182]=logm
phase= 4 | nvar=185 | iter= 60 | nll=2.75e+02 | mag=7.80e+02 | par[182]=logm
phase= 4 | nvar=185 | iter= 80 | nll=2.75e+02 | mag=4.31e+02 | par[182]=logm
phase= 4 | nvar=185 | iter=100 | nll=2.75e+02 | mag=2.14e+02 | par[182]=logm
phase= 4 | nvar=185 | iter=120 | nll=2.75e+02 | mag=2.27e+01 | par[182]=logm
phase= 4 | nvar=185 | iter=140 | nll=2.75e+02 | mag=4.28e-02 | par[182]=logm
phase= 4 | nvar=185 | iter=160 | nll=2.75e+02 | mag=1.28e-03 | par[182]=logm
phase= 4 | nvar=185 | iter=176 | nll=2.75e+02 | mag=7.68e-05 | par[ 98]=log_rec_dev[28]
Optimization completed after 19 s with final statistics:
  nll=274.796591 | mag=7.67525e-05 | par[ 98]=log_rec_dev[28]

phase= 4 | nvar=185 | iter=  0 | nll=2.75e+02 | mag=5.86e+03 | par[182]=logm
phase= 4 | nvar=185 | iter= 20 | nll=2.75e+02 | mag=2.85e+02 | par[182]=logm
phase= 4 | nvar=185 | iter= 40 | nll=2.75e+02 | mag=2.37e+02 | par[182]=logm
phase= 4 | nvar=185 | iter= 60 | nll=2.75e+02 | mag=6.32e+01 | par[182]=logm
phase= 4 | nvar=185 | iter= 80 | nll=2.75e+02 | mag=4.25e+01 | par[182]=logm
phase= 4 | nvar=185 | iter=100 | nll=2.75e+02 | mag=2.12e+01 | par[182]=logm
phase= 4 | nvar=185 | iter=120 | nll=2.75e+02 | mag=4.23e+00 | par[182]=logm
phase= 4 | nvar=185 | iter=140 | nll=2.75e+02 | mag=2.49e-02 | par[182]=logm
phase= 4 | nvar=185 | iter=160 | nll=2.75e+02 | mag=1.06e-03 | par[182]=logm
phase= 4 | nvar=185 | iter=168 | nll=2.75e+02 | mag=2.85e-06 | par[112]=log_rec_dev[42]
Optimization completed after 20 s with final statistics:
  nll=274.796748 | mag=2.84725e-06 | par[112]=log_rec_dev[42]

1
phase= 4 | nvar=185 | iter=  0 | nll=4.62e+02 | mag=4.85e+03 | par[182]=logm
phase= 4 | nvar=185 | iter= 20 | nll=2.90e+02 | mag=1.32e+03 | par[182]=logm
phase= 4 | nvar=185 | iter= 40 | nll=2.87e+02 | mag=1.03e+03 | par[182]=logm
phase= 4 | nvar=185 | iter= 60 | nll=2.83e+02 | mag=5.02e+02 | par[182]=logm
phase= 4 | nvar=185 | iter= 80 | nll=2.81e+02 | mag=3.02e+02 | par[182]=logm
phase= 4 | nvar=185 | iter=100 | nll=2.80e+02 | mag=2.18e+02 | par[182]=logm
phase= 4 | nvar=185 | iter=120 | nll=2.79e+02 | mag=4.71e+01 | par[182]=logm
phase= 4 | nvar=185 | iter=140 | nll=2.79e+02 | mag=1.98e+00 | par[182]=logm
phase= 4 | nvar=185 | iter=160 | nll=2.79e+02 | mag=6.25e-02 | par[130]=log_rec_dev[60]
phase= 4 | nvar=185 | iter=180 | nll=2.79e+02 | mag=4.88e-03 | par[182]=logm
phase= 4 | nvar=185 | iter=190 | nll=2.79e+02 | mag=4.72e-05 | par[136]=log_rec_dev[66]
Optimization completed after 21 s with final statistics:
  nll=278.947507 | mag=4.71807e-05 | par[136]=log_rec_dev[66]

phase= 4 | nvar=185 | iter=  0 | nll=2.82e+02 | mag=7.63e+03 | par[182]=logm
phase= 4 | nvar=185 | iter= 20 | nll=2.79e+02 | mag=2.11e+03 | par[182]=logm
phase= 4 | nvar=185 | iter= 40 | nll=2.79e+02 | mag=1.53e+03 | par[182]=logm
phase= 4 | nvar=185 | iter= 60 | nll=2.79e+02 | mag=1.18e+03 | par[182]=logm
phase= 4 | nvar=185 | iter= 80 | nll=2.79e+02 | mag=4.51e+02 | par[182]=logm
phase= 4 | nvar=185 | iter=100 | nll=2.79e+02 | mag=3.00e+02 | par[182]=logm
phase= 4 | nvar=185 | iter=120 | nll=2.79e+02 | mag=5.32e+01 | par[182]=logm
phase= 4 | nvar=185 | iter=140 | nll=2.79e+02 | mag=7.88e-01 | par[182]=logm
phase= 4 | nvar=185 | iter=160 | nll=2.79e+02 | mag=2.40e-02 | par[182]=logm
phase= 4 | nvar=185 | iter=166 | nll=2.79e+02 | mag=8.90e-05 | par[136]=log_rec_dev[66]
Optimization completed after 22 s with final statistics:
  nll=278.975127 | mag=8.89790e-05 | par[136]=log_rec_dev[66]

phase= 4 | nvar=185 | iter=  0 | nll=2.79e+02 | mag=7.65e+03 | par[182]=logm
phase= 4 | nvar=185 | iter= 20 | nll=2.79e+02 | mag=7.01e+02 | par[182]=logm
phase= 4 | nvar=185 | iter= 40 | nll=2.79e+02 | mag=6.00e+02 | par[182]=logm
phase= 4 | nvar=185 | iter= 60 | nll=2.79e+02 | mag=2.52e+02 | par[182]=logm
phase= 4 | nvar=185 | iter= 80 | nll=2.79e+02 | mag=2.07e+02 | par[182]=logm
phase= 4 | nvar=185 | iter=100 | nll=2.79e+02 | mag=7.62e+01 | par[182]=logm
phase= 4 | nvar=185 | iter=120 | nll=2.79e+02 | mag=9.67e+00 | par[182]=logm
phase= 4 | nvar=185 | iter=140 | nll=2.79e+02 | mag=3.88e-03 | par[182]=logm
phase= 4 | nvar=185 | iter=148 | nll=2.79e+02 | mag=8.26e-05 | par[182]=logm
Optimization completed after 23 s with final statistics:
  nll=278.975358 | mag=8.26211e-05 | par[182]=logm

1
phase= 4 | nvar=185 | iter=  0 | nll=4.66e+02 | mag=5.21e+03 | par[182]=logm
phase= 4 | nvar=185 | iter= 20 | nll=2.95e+02 | mag=1.42e+03 | par[182]=logm
phase= 4 | nvar=185 | iter= 40 | nll=2.92e+02 | mag=1.13e+03 | par[182]=logm
phase= 4 | nvar=185 | iter= 60 | nll=2.88e+02 | mag=6.95e+02 | par[182]=logm
phase= 4 | nvar=185 | iter= 80 | nll=2.86e+02 | mag=4.67e+02 | par[182]=logm
phase= 4 | nvar=185 | iter=100 | nll=2.85e+02 | mag=3.23e+02 | par[182]=logm
phase= 4 | nvar=185 | iter=120 | nll=2.84e+02 | mag=7.92e+01 | par[182]=logm
phase= 4 | nvar=185 | iter=140 | nll=2.84e+02 | mag=2.19e+00 | par[130]=log_rec_dev[60]
phase= 4 | nvar=185 | iter=160 | nll=2.84e+02 | mag=4.65e-01 | par[130]=log_rec_dev[60]
phase= 4 | nvar=185 | iter=180 | nll=2.84e+02 | mag=3.07e-03 | par[ 28]=log_F_devs[22]
phase= 4 | nvar=185 | iter=196 | nll=2.84e+02 | mag=7.27e-05 | par[130]=log_rec_dev[60]
Optimization completed after 23 s with final statistics:
  nll=283.889648 | mag=7.26865e-05 | par[130]=log_rec_dev[60]

phase= 4 | nvar=185 | iter=  0 | nll=2.88e+02 | mag=9.51e+03 | par[182]=logm
phase= 4 | nvar=185 | iter= 20 | nll=2.85e+02 | mag=3.54e+03 | par[182]=logm
phase= 4 | nvar=185 | iter= 40 | nll=2.85e+02 | mag=2.88e+03 | par[182]=logm
phase= 4 | nvar=185 | iter= 60 | nll=2.84e+02 | mag=2.03e+03 | par[182]=logm
phase= 4 | nvar=185 | iter= 80 | nll=2.84e+02 | mag=9.67e+02 | par[182]=logm
phase= 4 | nvar=185 | iter=100 | nll=2.84e+02 | mag=6.58e+02 | par[182]=logm
phase= 4 | nvar=185 | iter=120 | nll=2.84e+02 | mag=1.03e+02 | par[182]=logm
phase= 4 | nvar=185 | iter=140 | nll=2.84e+02 | mag=2.06e-01 | par[130]=log_rec_dev[60]
phase= 4 | nvar=185 | iter=160 | nll=2.84e+02 | mag=1.68e-03 | par[136]=log_rec_dev[66]
phase= 4 | nvar=185 | iter=174 | nll=2.84e+02 | mag=9.50e-05 | par[130]=log_rec_dev[60]
Optimization completed after 24 s with final statistics:
  nll=283.926989 | mag=9.50417e-05 | par[130]=log_rec_dev[60]

phase= 4 | nvar=185 | iter=  0 | nll=2.84e+02 | mag=9.53e+03 | par[182]=logm
phase= 4 | nvar=185 | iter= 20 | nll=2.84e+02 | mag=6.43e+02 | par[182]=logm
phase= 4 | nvar=185 | iter= 40 | nll=2.84e+02 | mag=5.61e+02 | par[182]=logm
phase= 4 | nvar=185 | iter= 60 | nll=2.84e+02 | mag=1.80e+02 | par[182]=logm
phase= 4 | nvar=185 | iter= 80 | nll=2.84e+02 | mag=1.40e+02 | par[182]=logm
phase= 4 | nvar=185 | iter=100 | nll=2.84e+02 | mag=5.19e+01 | par[182]=logm
phase= 4 | nvar=185 | iter=120 | nll=2.84e+02 | mag=1.15e+01 | par[182]=logm
phase= 4 | nvar=185 | iter=140 | nll=2.84e+02 | mag=2.74e-02 | par[182]=logm
phase= 4 | nvar=185 | iter=148 | nll=2.84e+02 | mag=9.83e-05 | par[182]=logm
Optimization completed after 25 s with final statistics:
  nll=283.927301 | mag=9.83155e-05 | par[182]=logm

1
phase= 4 | nvar=185 | iter=  0 | nll=2.75e+02 | mag=7.24e+02 | par[182]=logm
phase= 4 | nvar=185 | iter= 20 | nll=2.72e+02 | mag=5.48e+02 | par[182]=logm
phase= 4 | nvar=185 | iter= 40 | nll=2.71e+02 | mag=4.34e+02 | par[182]=logm
phase= 4 | nvar=185 | iter= 60 | nll=2.68e+02 | mag=1.36e+02 | par[182]=logm
phase= 4 | nvar=185 | iter= 80 | nll=2.68e+02 | mag=1.04e+02 | par[182]=logm
phase= 4 | nvar=185 | iter=100 | nll=2.68e+02 | mag=6.70e+01 | par[182]=logm
phase= 4 | nvar=185 | iter=120 | nll=2.68e+02 | mag=1.39e+01 | par[182]=logm
phase= 4 | nvar=185 | iter=140 | nll=2.68e+02 | mag=1.49e+00 | par[130]=log_rec_dev[60]
phase= 4 | nvar=185 | iter=160 | nll=2.68e+02 | mag=1.31e+00 | par[136]=log_rec_dev[66]
phase= 4 | nvar=185 | iter=180 | nll=2.68e+02 | mag=2.88e-01 | par[130]=log_rec_dev[60]
phase= 4 | nvar=185 | iter=200 | nll=2.68e+02 | mag=2.72e-02 | par[144]=log_rec_dev[74]
phase= 4 | nvar=185 | iter=218 | nll=2.68e+02 | mag=6.93e-05 | par[144]=log_rec_dev[74]
Optimization completed after 26 s with final statistics:
  nll=267.747104 | mag=6.92810e-05 | par[144]=log_rec_dev[74]

phase= 4 | nvar=185 | iter=  0 | nll=2.68e+02 | mag=3.60e+02 | par[182]=logm
phase= 4 | nvar=185 | iter= 20 | nll=2.68e+02 | mag=1.15e+02 | par[182]=logm
phase= 4 | nvar=185 | iter= 40 | nll=2.68e+02 | mag=3.06e+01 | par[182]=logm
phase= 4 | nvar=185 | iter= 60 | nll=2.68e+02 | mag=2.51e+01 | par[182]=logm
phase= 4 | nvar=185 | iter= 80 | nll=2.68e+02 | mag=1.77e+01 | par[182]=logm
phase= 4 | nvar=185 | iter=100 | nll=2.68e+02 | mag=5.55e+00 | par[182]=logm
phase= 4 | nvar=185 | iter=120 | nll=2.68e+02 | mag=1.45e-01 | par[182]=logm
phase= 4 | nvar=185 | iter=140 | nll=2.68e+02 | mag=4.92e-03 | par[182]=logm
phase= 4 | nvar=185 | iter=148 | nll=2.68e+02 | mag=5.07e-05 | par[182]=logm
Optimization completed after 27 s with final statistics:
  nll=267.747240 | mag=5.07030e-05 | par[182]=logm

phase= 4 | nvar=185 | iter=  0 | nll=2.68e+02 | mag=3.61e+02 | par[182]=logm
phase= 4 | nvar=185 | iter= 20 | nll=2.68e+02 | mag=2.78e-04 | par[ 25]=log_F_devs[19]
-1
phase= 4 | nvar=185 | iter=  0 | nll=2.98e+02 | mag=1.42e+03 | par[182]=logm
phase= 4 | nvar=185 | iter= 20 | nll=2.76e+02 | mag=7.37e+02 | par[182]=logm
phase= 4 | nvar=185 | iter= 40 | nll=2.74e+02 | mag=5.98e+02 | par[182]=logm
phase= 4 | nvar=185 | iter= 60 | nll=2.70e+02 | mag=2.50e+02 | par[182]=logm
phase= 4 | nvar=185 | iter= 80 | nll=2.69e+02 | mag=1.49e+02 | par[182]=logm
phase= 4 | nvar=185 | iter=100 | nll=2.69e+02 | mag=9.99e+01 | par[182]=logm
phase= 4 | nvar=185 | iter=120 | nll=2.68e+02 | mag=9.96e+00 | par[ 47]=log_F_devs[41]
phase= 4 | nvar=185 | iter=140 | nll=2.68e+02 | mag=3.27e+00 | par[182]=logm
phase= 4 | nvar=185 | iter=160 | nll=2.68e+02 | mag=3.28e+00 | par[130]=log_rec_dev[60]
phase= 4 | nvar=185 | iter=180 | nll=2.68e+02 | mag=1.37e+00 | par[ 29]=log_F_devs[23]
phase= 4 | nvar=185 | iter=200 | nll=2.68e+02 | mag=1.41e+00 | par[130]=log_rec_dev[60]
phase= 4 | nvar=185 | iter=220 | nll=2.68e+02 | mag=4.67e-01 | par[130]=log_rec_dev[60]
phase= 4 | nvar=185 | iter=229 | nll=2.68e+02 | mag=8.44e-05 | par[ 25]=log_F_devs[19]
Optimization completed after 28 s with final statistics:
  nll=268.011343 | mag=8.44156e-05 | par[ 25]=log_F_devs[19]

phase= 4 | nvar=185 | iter=  0 | nll=2.68e+02 | mag=1.09e+03 | par[182]=logm
phase= 4 | nvar=185 | iter= 20 | nll=2.68e+02 | mag=3.19e+02 | par[182]=logm
phase= 4 | nvar=185 | iter= 40 | nll=2.68e+02 | mag=1.40e+02 | par[182]=logm
phase= 4 | nvar=185 | iter= 60 | nll=2.68e+02 | mag=1.19e+02 | par[182]=logm
phase= 4 | nvar=185 | iter= 80 | nll=2.68e+02 | mag=8.14e+01 | par[182]=logm
phase= 4 | nvar=185 | iter=100 | nll=2.68e+02 | mag=2.28e+01 | par[182]=logm
phase= 4 | nvar=185 | iter=120 | nll=2.68e+02 | mag=2.04e+00 | par[182]=logm
phase= 4 | nvar=185 | iter=140 | nll=2.68e+02 | mag=8.38e-02 | par[182]=logm
phase= 4 | nvar=185 | iter=160 | nll=2.68e+02 | mag=1.01e-04 | par[182]=logm
phase= 4 | nvar=185 | iter=161 | nll=2.68e+02 | mag=9.00e-05 | par[182]=logm
Optimization completed after 29 s with final statistics:
  nll=268.012711 | mag=8.99964e-05 | par[182]=logm

phase= 4 | nvar=185 | iter=  0 | nll=2.68e+02 | mag=1.10e+03 | par[182]=logm
phase= 4 | nvar=185 | iter= 20 | nll=2.68e+02 | mag=9.15e-04 | par[ 28]=log_F_devs[22]
phase= 4 | nvar=185 | iter= 40 | nll=2.68e+02 | mag=9.09e-04 | par[ 36]=log_F_devs[30]
phase= 4 | nvar=185 | iter= 60 | nll=2.68e+02 | mag=8.16e-04 | par[ 24]=log_F_devs[18]
phase= 4 | nvar=185 | iter= 80 | nll=2.68e+02 | mag=6.31e-04 | par[ 49]=log_F_devs[43]
phase= 4 | nvar=185 | iter=100 | nll=2.68e+02 | mag=2.25e-04 | par[ 44]=log_F_devs[38]
phase= 4 | nvar=185 | iter=102 | nll=2.68e+02 | mag=2.26e-04 | par[ 44]=log_F_devs[38]
Optimization completed after 29 s with final statistics:
  nll=268.012722 | mag=2.26225e-04 | par[ 44]=log_F_devs[38]

-1
phase= 4 | nvar=185 | iter=  0 | nll=3.36e+02 | mag=2.03e+03 | par[182]=logm
phase= 4 | nvar=185 | iter= 20 | nll=3.04e+02 | mag=1.42e+03 | par[182]=logm
phase= 4 | nvar=185 | iter= 40 | nll=2.97e+02 | mag=1.12e+03 | par[182]=logm
phase= 4 | nvar=185 | iter= 60 | nll=2.80e+02 | mag=4.65e+02 | par[182]=logm
phase= 4 | nvar=185 | iter= 80 | nll=2.77e+02 | mag=3.28e+02 | par[182]=logm
phase= 4 | nvar=185 | iter=100 | nll=2.75e+02 | mag=2.28e+02 | par[182]=logm
phase= 4 | nvar=185 | iter=120 | nll=2.70e+02 | mag=5.06e+01 | par[ 48]=log_F_devs[42]
phase= 4 | nvar=185 | iter=140 | nll=2.69e+02 | mag=6.77e+00 | par[128]=log_rec_dev[58]
phase= 4 | nvar=185 | iter=160 | nll=2.69e+02 | mag=3.52e+00 | par[144]=log_rec_dev[74]
phase= 4 | nvar=185 | iter=180 | nll=2.69e+02 | mag=3.05e+00 | par[144]=log_rec_dev[74]
phase= 4 | nvar=185 | iter=200 | nll=2.69e+02 | mag=1.20e+00 | par[136]=log_rec_dev[66]
phase= 4 | nvar=185 | iter=220 | nll=2.69e+02 | mag=7.42e-01 | par[ 28]=log_F_devs[22]
phase= 4 | nvar=185 | iter=240 | nll=2.69e+02 | mag=8.18e-02 | par[137]=log_rec_dev[67]
phase= 4 | nvar=185 | iter=259 | nll=2.69e+02 | mag=8.09e-05 | par[142]=log_rec_dev[72]
Optimization completed after 30 s with final statistics:
  nll=268.971433 | mag=8.08713e-05 | par[142]=log_rec_dev[72]

phase= 4 | nvar=185 | iter=  0 | nll=2.70e+02 | mag=2.24e+03 | par[182]=logm
phase= 4 | nvar=185 | iter= 20 | nll=2.69e+02 | mag=1.34e+03 | par[182]=logm
phase= 4 | nvar=185 | iter= 40 | nll=2.69e+02 | mag=4.40e+02 | par[182]=logm
phase= 4 | nvar=185 | iter= 60 | nll=2.69e+02 | mag=3.95e+02 | par[182]=logm
phase= 4 | nvar=185 | iter= 80 | nll=2.69e+02 | mag=2.48e+02 | par[182]=logm
phase= 4 | nvar=185 | iter=100 | nll=2.69e+02 | mag=1.34e+02 | par[182]=logm
phase= 4 | nvar=185 | iter=120 | nll=2.69e+02 | mag=2.35e+01 | par[182]=logm
phase= 4 | nvar=185 | iter=140 | nll=2.69e+02 | mag=1.46e-01 | par[182]=logm
phase= 4 | nvar=185 | iter=160 | nll=2.69e+02 | mag=3.72e-03 | par[182]=logm
phase= 4 | nvar=185 | iter=163 | nll=2.69e+02 | mag=5.16e-05 | par[180]=log_rec_dev[110]
Optimization completed after 31 s with final statistics:
  nll=268.978001 | mag=5.16182e-05 | par[180]=log_rec_dev[110]

phase= 4 | nvar=185 | iter=  0 | nll=2.69e+02 | mag=2.25e+03 | par[182]=logm
phase= 4 | nvar=185 | iter= 20 | nll=2.69e+02 | mag=3.78e+02 | par[182]=logm
phase= 4 | nvar=185 | iter= 40 | nll=2.69e+02 | mag=3.30e+02 | par[182]=logm
phase= 4 | nvar=185 | iter= 60 | nll=2.69e+02 | mag=1.76e+02 | par[182]=logm
phase= 4 | nvar=185 | iter= 80 | nll=2.69e+02 | mag=1.08e+02 | par[182]=logm
phase= 4 | nvar=185 | iter=100 | nll=2.69e+02 | mag=5.56e+01 | par[182]=logm
phase= 4 | nvar=185 | iter=120 | nll=2.69e+02 | mag=6.55e+00 | par[182]=logm
phase= 4 | nvar=185 | iter=140 | nll=2.69e+02 | mag=2.45e-03 | par[182]=logm
phase= 4 | nvar=185 | iter=160 | nll=2.69e+02 | mag=7.67e-05 | par[182]=logm
Optimization completed after 32 s with final statistics:
  nll=268.978056 | mag=7.66748e-05 | par[182]=logm

-1
phase= 4 | nvar=185 | iter=  0 | nll=3.89e+02 | mag=2.52e+03 | par[182]=logm
phase= 4 | nvar=185 | iter= 20 | nll=3.45e+02 | mag=1.78e+03 | par[182]=logm
phase= 4 | nvar=185 | iter= 40 | nll=3.27e+02 | mag=1.33e+03 | par[182]=logm
phase= 4 | nvar=185 | iter= 60 | nll=3.00e+02 | mag=8.25e+02 | par[182]=logm
phase= 4 | nvar=185 | iter= 80 | nll=2.90e+02 | mag=6.12e+02 | par[182]=logm
phase= 4 | nvar=185 | iter=100 | nll=2.84e+02 | mag=4.16e+02 | par[182]=logm
phase= 4 | nvar=185 | iter=120 | nll=2.76e+02 | mag=1.27e+02 | par[182]=logm
phase= 4 | nvar=185 | iter=140 | nll=2.72e+02 | mag=2.22e+01 | par[182]=logm
phase= 4 | nvar=185 | iter=160 | nll=2.72e+02 | mag=6.34e+00 | par[154]=log_rec_dev[84]
phase= 4 | nvar=185 | iter=180 | nll=2.72e+02 | mag=1.55e+00 | par[130]=log_rec_dev[60]
phase= 4 | nvar=185 | iter=200 | nll=2.72e+02 | mag=1.88e+00 | par[130]=log_rec_dev[60]
phase= 4 | nvar=185 | iter=220 | nll=2.72e+02 | mag=9.38e+00 | par[137]=log_rec_dev[67]
phase= 4 | nvar=185 | iter=240 | nll=2.72e+02 | mag=1.15e+00 | par[144]=log_rec_dev[74]
phase= 4 | nvar=185 | iter=260 | nll=2.72e+02 | mag=4.94e-01 | par[136]=log_rec_dev[66]
phase= 4 | nvar=185 | iter=280 | nll=2.72e+02 | mag=2.56e-04 | par[136]=log_rec_dev[66]
phase= 4 | nvar=185 | iter=282 | nll=2.72e+02 | mag=4.81e-05 | par[154]=log_rec_dev[84]
Optimization completed after 33 s with final statistics:
  nll=271.519215 | mag=4.80667e-05 | par[154]=log_rec_dev[84]

phase= 4 | nvar=185 | iter=  0 | nll=2.74e+02 | mag=3.87e+03 | par[182]=logm
phase= 4 | nvar=185 | iter= 20 | nll=2.72e+02 | mag=1.88e+03 | par[182]=logm
phase= 4 | nvar=185 | iter= 40 | nll=2.72e+02 | mag=7.45e+02 | par[182]=logm
phase= 4 | nvar=185 | iter= 60 | nll=2.72e+02 | mag=6.36e+02 | par[182]=logm
phase= 4 | nvar=185 | iter= 80 | nll=2.72e+02 | mag=3.70e+02 | par[182]=logm
phase= 4 | nvar=185 | iter=100 | nll=2.72e+02 | mag=2.05e+02 | par[182]=logm
phase= 4 | nvar=185 | iter=120 | nll=2.72e+02 | mag=8.01e+00 | par[182]=logm
phase= 4 | nvar=185 | iter=140 | nll=2.72e+02 | mag=7.30e-01 | par[182]=logm
phase= 4 | nvar=185 | iter=160 | nll=2.72e+02 | mag=2.03e-02 | par[136]=log_rec_dev[66]
phase= 4 | nvar=185 | iter=180 | nll=2.72e+02 | mag=7.80e-04 | par[182]=logm
phase= 4 | nvar=185 | iter=183 | nll=2.72e+02 | mag=8.47e-05 | par[182]=logm
Optimization completed after 34 s with final statistics:
  nll=271.543121 | mag=8.46657e-05 | par[182]=logm

phase= 4 | nvar=185 | iter=  0 | nll=2.72e+02 | mag=3.89e+03 | par[182]=logm
phase= 4 | nvar=185 | iter= 20 | nll=2.72e+02 | mag=5.35e+02 | par[182]=logm
phase= 4 | nvar=185 | iter= 40 | nll=2.72e+02 | mag=4.81e+02 | par[182]=logm
phase= 4 | nvar=185 | iter= 60 | nll=2.72e+02 | mag=2.98e+02 | par[182]=logm
phase= 4 | nvar=185 | iter= 80 | nll=2.72e+02 | mag=1.56e+02 | par[182]=logm
phase= 4 | nvar=185 | iter=100 | nll=2.72e+02 | mag=1.15e+02 | par[182]=logm
phase= 4 | nvar=185 | iter=120 | nll=2.72e+02 | mag=1.08e+01 | par[182]=logm
phase= 4 | nvar=185 | iter=140 | nll=2.72e+02 | mag=6.98e-02 | par[182]=logm
phase= 4 | nvar=185 | iter=160 | nll=2.72e+02 | mag=9.30e-05 | par[182]=logm
Optimization completed after 35 s with final statistics:
  nll=271.543322 | mag=9.30154e-05 | par[182]=logm

-1
phase= 4 | nvar=185 | iter=  0 | nll=3.92e+02 | mag=2.26e+03 | par[182]=logm
phase= 4 | nvar=185 | iter= 20 | nll=3.49e+02 | mag=1.62e+03 | par[182]=logm
phase= 4 | nvar=185 | iter= 40 | nll=3.40e+02 | mag=1.32e+03 | par[182]=logm
phase= 4 | nvar=185 | iter= 60 | nll=3.10e+02 | mag=7.59e+02 | par[182]=logm
phase= 4 | nvar=185 | iter= 80 | nll=2.96e+02 | mag=4.87e+02 | par[182]=logm
phase= 4 | nvar=185 | iter=100 | nll=2.89e+02 | mag=3.31e+02 | par[182]=logm
phase= 4 | nvar=185 | iter=120 | nll=2.79e+02 | mag=6.03e+01 | par[ 58]=log_F_devs[52]
phase= 4 | nvar=185 | iter=140 | nll=2.77e+02 | mag=1.87e+01 | par[182]=logm
phase= 4 | nvar=185 | iter=160 | nll=2.76e+02 | mag=6.20e+00 | par[144]=log_rec_dev[74]
phase= 4 | nvar=185 | iter=180 | nll=2.76e+02 | mag=3.27e+00 | par[144]=log_rec_dev[74]
phase= 4 | nvar=185 | iter=200 | nll=2.76e+02 | mag=1.72e+00 | par[135]=log_rec_dev[65]
phase= 4 | nvar=185 | iter=220 | nll=2.76e+02 | mag=1.68e+00 | par[130]=log_rec_dev[60]
phase= 4 | nvar=185 | iter=240 | nll=2.76e+02 | mag=5.19e+00 | par[130]=log_rec_dev[60]
phase= 4 | nvar=185 | iter=260 | nll=2.76e+02 | mag=3.43e-01 | par[137]=log_rec_dev[67]
phase= 4 | nvar=185 | iter=280 | nll=2.76e+02 | mag=1.14e-02 | par[130]=log_rec_dev[60]
phase= 4 | nvar=185 | iter=290 | nll=2.76e+02 | mag=8.08e-05 | par[ 31]=log_F_devs[25]
Optimization completed after 36 s with final statistics:
  nll=275.920055 | mag=8.08310e-05 | par[ 31]=log_F_devs[25]

phase= 4 | nvar=185 | iter=  0 | nll=2.83e+02 | mag=5.64e+03 | par[182]=logm
phase= 4 | nvar=185 | iter= 20 | nll=2.79e+02 | mag=2.86e+03 | par[182]=logm
phase= 4 | nvar=185 | iter= 40 | nll=2.77e+02 | mag=1.46e+03 | par[182]=logm
phase= 4 | nvar=185 | iter= 60 | nll=2.77e+02 | mag=1.20e+03 | par[182]=logm
phase= 4 | nvar=185 | iter= 80 | nll=2.77e+02 | mag=6.35e+02 | par[182]=logm
phase= 4 | nvar=185 | iter=100 | nll=2.76e+02 | mag=2.89e+02 | par[182]=logm
phase= 4 | nvar=185 | iter=120 | nll=2.76e+02 | mag=1.56e+01 | par[182]=logm
phase= 4 | nvar=185 | iter=140 | nll=2.76e+02 | mag=6.30e-02 | par[136]=log_rec_dev[66]
phase= 4 | nvar=185 | iter=160 | nll=2.76e+02 | mag=6.78e-02 | par[182]=logm
phase= 4 | nvar=185 | iter=180 | nll=2.76e+02 | mag=2.10e-04 | par[182]=logm
phase= 4 | nvar=185 | iter=184 | nll=2.76e+02 | mag=5.83e-05 | par[136]=log_rec_dev[66]
Optimization completed after 37 s with final statistics:
  nll=275.983554 | mag=5.82965e-05 | par[136]=log_rec_dev[66]

phase= 4 | nvar=185 | iter=  0 | nll=2.76e+02 | mag=5.69e+03 | par[182]=logm
phase= 4 | nvar=185 | iter= 20 | nll=2.76e+02 | mag=6.98e+02 | par[182]=logm
phase= 4 | nvar=185 | iter= 40 | nll=2.76e+02 | mag=6.42e+02 | par[182]=logm
phase= 4 | nvar=185 | iter= 60 | nll=2.76e+02 | mag=3.74e+02 | par[182]=logm
phase= 4 | nvar=185 | iter= 80 | nll=2.76e+02 | mag=1.62e+02 | par[182]=logm
phase= 4 | nvar=185 | iter=100 | nll=2.76e+02 | mag=1.23e+02 | par[182]=logm
phase= 4 | nvar=185 | iter=120 | nll=2.76e+02 | mag=5.55e+00 | par[182]=logm
phase= 4 | nvar=185 | iter=140 | nll=2.76e+02 | mag=1.35e-01 | par[182]=logm
phase= 4 | nvar=185 | iter=160 | nll=2.76e+02 | mag=8.87e-03 | par[182]=logm
phase= 4 | nvar=185 | iter=177 | nll=2.76e+02 | mag=8.71e-05 | par[182]=logm
Optimization completed after 38 s with final statistics:
  nll=275.984089 | mag=8.71162e-05 | par[182]=logm

-1
phase= 4 | nvar=185 | iter=  0 | nll=3.43e+02 | mag=1.50e+03 | par[182]=logm
phase= 4 | nvar=185 | iter= 20 | nll=3.12e+02 | mag=1.05e+03 | par[182]=logm
phase= 4 | nvar=185 | iter= 40 | nll=3.08e+02 | mag=9.21e+02 | par[182]=logm
phase= 4 | nvar=185 | iter= 60 | nll=2.92e+02 | mag=4.36e+02 | par[182]=logm
phase= 4 | nvar=185 | iter= 80 | nll=2.89e+02 | mag=3.23e+02 | par[182]=logm
phase= 4 | nvar=185 | iter=100 | nll=2.86e+02 | mag=2.40e+02 | par[182]=logm
phase= 4 | nvar=185 | iter=120 | nll=2.82e+02 | mag=5.26e+01 | par[182]=logm
phase= 4 | nvar=185 | iter=140 | nll=2.81e+02 | mag=3.54e+00 | par[ 28]=log_F_devs[22]
phase= 4 | nvar=185 | iter=160 | nll=2.81e+02 | mag=4.91e+00 | par[144]=log_rec_dev[74]
phase= 4 | nvar=185 | iter=180 | nll=2.81e+02 | mag=1.05e+00 | par[ 32]=log_F_devs[26]
phase= 4 | nvar=185 | iter=200 | nll=2.81e+02 | mag=2.33e+00 | par[130]=log_rec_dev[60]
phase= 4 | nvar=185 | iter=220 | nll=2.81e+02 | mag=7.15e-01 | par[136]=log_rec_dev[66]
phase= 4 | nvar=185 | iter=240 | nll=2.81e+02 | mag=7.11e-01 | par[136]=log_rec_dev[66]
phase= 4 | nvar=185 | iter=260 | nll=2.81e+02 | mag=4.06e-02 | par[136]=log_rec_dev[66]
phase= 4 | nvar=185 | iter=268 | nll=2.81e+02 | mag=7.73e-05 | par[136]=log_rec_dev[66]
Optimization completed after 39 s with final statistics:
  nll=280.803704 | mag=7.72656e-05 | par[136]=log_rec_dev[66]

phase= 4 | nvar=185 | iter=  0 | nll=2.95e+02 | mag=7.09e+03 | par[182]=logm
phase= 4 | nvar=185 | iter= 20 | nll=2.82e+02 | mag=1.48e+03 | par[182]=logm
phase= 4 | nvar=185 | iter= 40 | nll=2.81e+02 | mag=9.45e+02 | par[182]=logm
phase= 4 | nvar=185 | iter= 60 | nll=2.81e+02 | mag=5.57e+02 | par[182]=logm
phase= 4 | nvar=185 | iter= 80 | nll=2.81e+02 | mag=4.96e+02 | par[182]=logm
phase= 4 | nvar=185 | iter=100 | nll=2.81e+02 | mag=2.00e+02 | par[182]=logm
phase= 4 | nvar=185 | iter=120 | nll=2.81e+02 | mag=1.85e+01 | par[182]=logm
phase= 4 | nvar=185 | iter=140 | nll=2.81e+02 | mag=1.14e-01 | par[136]=log_rec_dev[66]
phase= 4 | nvar=185 | iter=160 | nll=2.81e+02 | mag=3.10e-02 | par[136]=log_rec_dev[66]
phase= 4 | nvar=185 | iter=176 | nll=2.81e+02 | mag=5.09e-05 | par[130]=log_rec_dev[60]
Optimization completed after 39 s with final statistics:
  nll=280.924197 | mag=5.08890e-05 | par[130]=log_rec_dev[60]

phase= 4 | nvar=185 | iter=  0 | nll=2.81e+02 | mag=7.16e+03 | par[182]=logm
phase= 4 | nvar=185 | iter= 20 | nll=2.81e+02 | mag=4.71e+02 | par[182]=logm
phase= 4 | nvar=185 | iter= 40 | nll=2.81e+02 | mag=1.54e+02 | par[182]=logm
phase= 4 | nvar=185 | iter= 60 | nll=2.81e+02 | mag=1.40e+02 | par[182]=logm
phase= 4 | nvar=185 | iter= 80 | nll=2.81e+02 | mag=6.79e+01 | par[182]=logm
phase= 4 | nvar=185 | iter=100 | nll=2.81e+02 | mag=3.76e+01 | par[182]=logm
phase= 4 | nvar=185 | iter=120 | nll=2.81e+02 | mag=2.29e+00 | par[182]=logm
phase= 4 | nvar=185 | iter=140 | nll=2.81e+02 | mag=7.28e-03 | par[182]=logm
phase= 4 | nvar=185 | iter=160 | nll=2.81e+02 | mag=1.22e-04 | par[182]=logm
phase= 4 | nvar=185 | iter=162 | nll=2.81e+02 | mag=9.21e-05 | par[182]=logm
Optimization completed after 40 s with final statistics:
  nll=280.925214 | mag=9.20660e-05 | par[182]=logm

-1
phase= 4 | nvar=185 | iter=  0 | nll=4.68e+02 | mag=2.29e+03 | par[182]=logm
phase= 4 | nvar=185 | iter= 20 | nll=3.06e+02 | mag=4.92e+02 | par[182]=logm
phase= 4 | nvar=185 | iter= 40 | nll=3.05e+02 | mag=4.87e+02 | par[182]=logm
phase= 4 | nvar=185 | iter= 60 | nll=3.01e+02 | mag=3.72e+02 | par[182]=logm
phase= 4 | nvar=185 | iter= 80 | nll=2.96e+02 | mag=1.92e+02 | par[182]=logm
phase= 4 | nvar=185 | iter=100 | nll=2.94e+02 | mag=1.10e+02 | par[182]=logm
phase= 4 | nvar=185 | iter=120 | nll=2.93e+02 | mag=9.50e+00 | par[182]=logm
phase= 4 | nvar=185 | iter=140 | nll=2.93e+02 | mag=5.07e+00 | par[182]=logm
phase= 4 | nvar=185 | iter=160 | nll=2.93e+02 | mag=5.90e+00 | par[130]=log_rec_dev[60]
phase= 4 | nvar=185 | iter=180 | nll=2.93e+02 | mag=1.38e+00 | par[130]=log_rec_dev[60]
phase= 4 | nvar=185 | iter=200 | nll=2.93e+02 | mag=9.76e-01 | par[130]=log_rec_dev[60]
phase= 4 | nvar=185 | iter=220 | nll=2.93e+02 | mag=1.25e+00 | par[136]=log_rec_dev[66]
phase= 4 | nvar=185 | iter=240 | nll=2.93e+02 | mag=4.78e+00 | par[136]=log_rec_dev[66]
phase= 4 | nvar=185 | iter=260 | nll=2.93e+02 | mag=5.46e-04 | par[136]=log_rec_dev[66]
phase= 4 | nvar=185 | iter=264 | nll=2.93e+02 | mag=9.18e-05 | par[ 25]=log_F_devs[19]
Optimization completed after 41 s with final statistics:
  nll=293.077263 | mag=9.17989e-05 | par[ 25]=log_F_devs[19]

phase= 4 | nvar=185 | iter=  0 | nll=3.31e+02 | mag=9.77e+03 | par[182]=logm
phase= 4 | nvar=185 | iter= 20 | nll=3.10e+02 | mag=6.05e+03 | par[182]=logm
phase= 4 | nvar=185 | iter= 40 | nll=2.99e+02 | mag=2.62e+03 | par[182]=logm
phase= 4 | nvar=185 | iter= 60 | nll=2.98e+02 | mag=2.08e+03 | par[182]=logm
phase= 4 | nvar=185 | iter= 80 | nll=2.96e+02 | mag=1.22e+03 | par[182]=logm
phase= 4 | nvar=185 | iter=100 | nll=2.94e+02 | mag=4.53e+02 | par[182]=logm
phase= 4 | nvar=185 | iter=120 | nll=2.93e+02 | mag=3.32e+01 | par[182]=logm
phase= 4 | nvar=185 | iter=140 | nll=2.93e+02 | mag=5.54e+00 | par[182]=logm
phase= 4 | nvar=185 | iter=160 | nll=2.93e+02 | mag=1.47e-01 | par[136]=log_rec_dev[66]
phase= 4 | nvar=185 | iter=180 | nll=2.93e+02 | mag=7.69e-03 | par[182]=logm
phase= 4 | nvar=185 | iter=198 | nll=2.93e+02 | mag=9.17e-05 | par[130]=log_rec_dev[60]
Optimization completed after 42 s with final statistics:
  nll=293.400877 | mag=9.16694e-05 | par[130]=log_rec_dev[60]

phase= 4 | nvar=185 | iter=  0 | nll=2.94e+02 | mag=9.89e+03 | par[182]=logm
phase= 4 | nvar=185 | iter= 20 | nll=2.93e+02 | mag=2.10e+03 | par[182]=logm
phase= 4 | nvar=185 | iter= 40 | nll=2.93e+02 | mag=1.90e+03 | par[182]=logm
phase= 4 | nvar=185 | iter= 60 | nll=2.93e+02 | mag=1.49e+03 | par[182]=logm
phase= 4 | nvar=185 | iter= 80 | nll=2.93e+02 | mag=8.59e+02 | par[182]=logm
phase= 4 | nvar=185 | iter=100 | nll=2.93e+02 | mag=4.00e+02 | par[182]=logm
phase= 4 | nvar=185 | iter=120 | nll=2.93e+02 | mag=2.21e+01 | par[182]=logm
phase= 4 | nvar=185 | iter=140 | nll=2.93e+02 | mag=5.41e-02 | par[182]=logm
phase= 4 | nvar=185 | iter=160 | nll=2.93e+02 | mag=3.59e-04 | par[136]=log_rec_dev[66]
phase= 4 | nvar=185 | iter=161 | nll=2.93e+02 | mag=3.02e-05 | par[107]=log_rec_dev[37]
Optimization completed after 43 s with final statistics:
  nll=293.403629 | mag=3.01560e-05 | par[107]=log_rec_dev[37]

-1
phase= 4 | nvar=185 | iter=  0 | nll=4.81e+02 | mag=1.89e+03 | par[182]=logm
phase= 4 | nvar=185 | iter= 20 | nll=3.23e+02 | mag=3.66e+02 | par[182]=logm
phase= 4 | nvar=185 | iter= 40 | nll=3.22e+02 | mag=3.51e+02 | par[182]=logm
phase= 4 | nvar=185 | iter= 60 | nll=3.20e+02 | mag=2.83e+02 | par[182]=logm
phase= 4 | nvar=185 | iter= 80 | nll=3.16e+02 | mag=1.44e+02 | par[182]=logm
phase= 4 | nvar=185 | iter=100 | nll=3.14e+02 | mag=7.83e+01 | par[182]=logm
phase= 4 | nvar=185 | iter=120 | nll=3.13e+02 | mag=7.92e+00 | par[ 33]=log_F_devs[27]
phase= 4 | nvar=185 | iter=140 | nll=3.13e+02 | mag=5.41e+00 | par[144]=log_rec_dev[74]
phase= 4 | nvar=185 | iter=160 | nll=3.13e+02 | mag=2.40e+00 | par[ 24]=log_F_devs[18]
phase= 4 | nvar=185 | iter=180 | nll=3.13e+02 | mag=2.65e+00 | par[137]=log_rec_dev[67]
phase= 4 | nvar=185 | iter=200 | nll=3.13e+02 | mag=5.80e+00 | par[136]=log_rec_dev[66]
phase= 4 | nvar=185 | iter=220 | nll=3.13e+02 | mag=2.22e+00 | par[130]=log_rec_dev[60]
phase= 4 | nvar=185 | iter=240 | nll=3.13e+02 | mag=1.79e-02 | par[130]=log_rec_dev[60]
phase= 4 | nvar=185 | iter=246 | nll=3.13e+02 | mag=4.16e-05 | par[136]=log_rec_dev[66]
Optimization completed after 44 s with final statistics:
  nll=312.932837 | mag=4.15818e-05 | par[136]=log_rec_dev[66]

phase= 4 | nvar=185 | iter=  0 | nll=4.12e+02 | mag=1.29e+04 | par[182]=logm
phase= 4 | nvar=185 | iter= 20 | nll=3.76e+02 | mag=9.74e+03 | par[182]=logm
phase= 4 | nvar=185 | iter= 40 | nll=3.30e+02 | mag=3.54e+03 | par[182]=logm
phase= 4 | nvar=185 | iter= 60 | nll=3.27e+02 | mag=2.96e+03 | par[182]=logm
phase= 4 | nvar=185 | iter= 80 | nll=3.23e+02 | mag=2.30e+03 | par[182]=logm
phase= 4 | nvar=185 | iter=100 | nll=3.17e+02 | mag=9.07e+02 | par[182]=logm
phase= 4 | nvar=185 | iter=120 | nll=3.14e+02 | mag=2.16e+01 | par[130]=log_rec_dev[60]
phase= 4 | nvar=185 | iter=140 | nll=3.14e+02 | mag=1.05e+01 | par[182]=logm
phase= 4 | nvar=185 | iter=160 | nll=3.14e+02 | mag=6.13e-01 | par[182]=logm
phase= 4 | nvar=185 | iter=180 | nll=3.14e+02 | mag=9.57e-02 | par[130]=log_rec_dev[60]
phase= 4 | nvar=185 | iter=200 | nll=3.14e+02 | mag=4.61e-03 | par[130]=log_rec_dev[60]
phase= 4 | nvar=185 | iter=218 | nll=3.14e+02 | mag=3.46e-04 | par[130]=log_rec_dev[60]
Optimization completed after 46 s with final statistics:
  nll=313.786377 | mag=3.46070e-04 | par[130]=log_rec_dev[60]

phase= 4 | nvar=185 | iter=  0 | nll=3.15e+02 | mag=1.31e+04 | par[182]=logm
phase= 4 | nvar=185 | iter= 20 | nll=3.14e+02 | mag=4.01e+03 | par[182]=logm
phase= 4 | nvar=185 | iter= 40 | nll=3.14e+02 | mag=3.71e+03 | par[182]=logm
phase= 4 | nvar=185 | iter= 60 | nll=3.14e+02 | mag=2.22e+03 | par[182]=logm
phase= 4 | nvar=185 | iter= 80 | nll=3.14e+02 | mag=9.76e+02 | par[182]=logm
phase= 4 | nvar=185 | iter=100 | nll=3.14e+02 | mag=7.49e+02 | par[182]=logm
phase= 4 | nvar=185 | iter=120 | nll=3.14e+02 | mag=2.61e+01 | par[182]=logm
phase= 4 | nvar=185 | iter=140 | nll=3.14e+02 | mag=2.30e-01 | par[182]=logm
phase= 4 | nvar=185 | iter=160 | nll=3.14e+02 | mag=1.04e-02 | par[182]=logm
phase= 4 | nvar=185 | iter=168 | nll=3.14e+02 | mag=9.82e-05 | par[182]=logm
Optimization completed after 47 s with final statistics:
  nll=313.793733 | mag=9.81575e-05 | par[182]=logm

1.00161
1.00161
1.00161
1
1
1

Finished running model 'nr' after 47 s.
