Alternative 1 Catch
     Model_1_goa_nr_2022.dat 
Equil_Fabc 4.75074 
Year 
2022 2.00264 
2023 4.96451 
2024 4.61088 
2025 4.31272 
2026 3.84918 
2027 3.46652 
2028 3.20969 
2029 3.07538 
2030 3.05797 
2031 3.12471 
2032 3.24374 
2033 3.38543 
2034 3.53273 
2035 3.67872 

Alternative 1 ABCs
     Model_1_goa_nr_2022.dat 

Year 
2022  NA 
2023 4.96451 
2024 4.61088 
2025 4.31272 
2026 3.84918 
2027 3.46652 
2028 3.20969 
2029 3.07538 
2030 3.05797 
2031 3.12471 
2032 3.24374 
2033 3.38543 
2034 3.53273 
2035 3.67872 

Alternative 1 TACs
     Model_1_goa_nr_2022.dat 

Year 
2022  NA 
2023 4.96451 
2024 4.61088 
2025 4.31272 
2026 3.84918 
2027 3.46652 
2028 3.20969 
2029 3.07538 
2030 3.05797 
2031 3.12471 
2032 3.24374 
2033 3.38543 
2034 3.53273 
2035 3.67872 

Alternative 1 Sp_Biomass
     Model_1_goa_nr_2022.dat 
Equil_Fabc 32.9399 
Year 
2022 41.3992 
2023 39.0691 
2024 36.0594 
2025 33.4252 
2026 31.2014 
2027 29.4478 
2028 28.1445 
2029 27.2663 
2030 26.7958 
2031 26.7069 
2032 26.944 
2033 27.4162 
2034 28.0188 
2035 28.6647 

Alternative 1 Fishing Mortality
     Model_1_goa_nr_2022.dat 
Equil_Fabc 0.0612999 
Year 
2022 0.0233027 
2023 0.0612999 
2024 0.0612999 
2025 0.0612999 
2026 0.0578943 
2027 0.0544593 
2028 0.0519061 
2029 0.0501858 
2030 0.0492642 
2031 0.0490777 
2032 0.0494903 
2033 0.050281 
2034 0.0512584 
2035 0.0522538 

Alternative 1 Biomass
     Model_1_goa_nr_2022.dat 

Year 
2022 97.9501 
2023 95.4518 
2024 90.7375 
2025 87.2633 
2026 84.9296 
2027 83.7966 
2028 83.6643 
2029 84.3188 
2030 85.5213 
2031 87.0721 
2032 88.7593 
2033 90.4796 
2034 92.1164 
2035 93.6219 

Alternative 1 Implied SPR rate 
     Model_1_goa_nr_2022.dat 
Equil_Fabc 0.4 
Year 
2022 0.660061 
2023 0.4 
2024 0.4 
2025 0.4 
2026 0.41589 
2027 0.432983 
2028 0.446447 
2029 0.455932 
2030 0.461232 
2031 0.462517 
2032 0.460513 
2033 0.45644 
2034 0.451364 
2035 0.446184 

  Model_1_goa_nr_2022.dat 
EquilAvgAgeF0  16.428 
EquilAvgAgeFabc  9.65465 
AvgAgeYr2035 10.4141 
Alternative 2 Catch
     Model_1_goa_nr_2022.dat 
Equil_Fabc 4.75074 
Year 
2022 2.00264 
2023 4.96451 
2024 4.61088 
2025 4.31272 
2026 3.84918 
2027 3.46652 
2028 3.20969 
2029 3.07538 
2030 3.05797 
2031 3.12471 
2032 3.24374 
2033 3.38543 
2034 3.53273 
2035 3.67872 

Alternative 2 ABCs
     Model_1_goa_nr_2022.dat 

Year 
2022  NA 
2023 4.96451 
2024 4.61088 
2025 4.31272 
2026 3.84918 
2027 3.46652 
2028 3.20969 
2029 3.07538 
2030 3.05797 
2031 3.12471 
2032 3.24374 
2033 3.38543 
2034 3.53273 
2035 3.67872 

Alternative 2 TACs
     Model_1_goa_nr_2022.dat 

Year 
2022  NA 
2023 4.96451 
2024 4.61088 
2025 4.31272 
2026 3.84918 
2027 3.46652 
2028 3.20969 
2029 3.07538 
2030 3.05797 
2031 3.12471 
2032 3.24374 
2033 3.38543 
2034 3.53273 
2035 3.67872 

Alternative 2 Sp_Biomass
     Model_1_goa_nr_2022.dat 
Equil_Fabc 32.9399 
Year 
2022 41.3992 
2023 39.0691 
2024 36.0594 
2025 33.4252 
2026 31.2014 
2027 29.4478 
2028 28.1445 
2029 27.2663 
2030 26.7958 
2031 26.7069 
2032 26.944 
2033 27.4162 
2034 28.0188 
2035 28.6647 

Alternative 2 Fishing Mortality
     Model_1_goa_nr_2022.dat 
Equil_Fabc 0.0612999 
Year 
2022 0.0233027 
2023 0.0612999 
2024 0.0612999 
2025 0.0612999 
2026 0.0578943 
2027 0.0544593 
2028 0.0519061 
2029 0.0501858 
2030 0.0492642 
2031 0.0490777 
2032 0.0494903 
2033 0.050281 
2034 0.0512584 
2035 0.0522538 

Alternative 2 Biomass
     Model_1_goa_nr_2022.dat 

Year 
2022 97.9501 
2023 95.4518 
2024 90.7375 
2025 87.2633 
2026 84.9296 
2027 83.7966 
2028 83.6643 
2029 84.3188 
2030 85.5213 
2031 87.0721 
2032 88.7593 
2033 90.4796 
2034 92.1164 
2035 93.6219 

Alternative 2 Implied SPR rate 
     Model_1_goa_nr_2022.dat 
Equil_Fabc 0.4 
Year 
2022 0.660061 
2023 0.4 
2024 0.4 
2025 0.4 
2026 0.41589 
2027 0.432983 
2028 0.446447 
2029 0.455932 
2030 0.461232 
2031 0.462517 
2032 0.460513 
2033 0.45644 
2034 0.451364 
2035 0.446184 

  Model_1_goa_nr_2022.dat 
EquilAvgAgeF0  16.428 
EquilAvgAgeFabc  9.65465 
AvgAgeYr2035 10.4141 
Alternative 3 Catch
     Model_1_goa_nr_2022.dat 
Equil_Fabc 4.75074 
Year 
2022 2.00264 
2023 2.51934 
2024 2.4101 
2025 2.31925 
2026 2.24759 
2027 2.18936 
2028 2.10055 
2029 2.06598 
2030 2.08869 
2031 2.14992 
2032 2.22944 
2033 2.31102 
2034 2.38959 
2035 2.46741 

Alternative 3 ABCs
     Model_1_goa_nr_2022.dat 

Year 
2022  NA 
2023 2.51934 
2024 2.4101 
2025 2.31925 
2026 2.24759 
2027 2.18936 
2028 2.10055 
2029 2.06598 
2030 2.08869 
2031 2.14992 
2032 2.22944 
2033 2.31102 
2034 2.38959 
2035 2.46741 

Alternative 3 TACs
     Model_1_goa_nr_2022.dat 

Year 
2022  NA 
2023 2.51934 
2024 2.4101 
2025 2.31925 
2026 2.24759 
2027 2.18936 
2028 2.10055 
2029 2.06598 
2030 2.08869 
2031 2.14992 
2032 2.22944 
2033 2.31102 
2034 2.38959 
2035 2.46741 

Alternative 3 Sp_Biomass
     Model_1_goa_nr_2022.dat 
Equil_Fabc 32.9399 
Year 
2022 41.3992 
2023 39.4669 
2024 37.5401 
2025 35.8413 
2026 34.39 
2027 33.2073 
2028 32.3247 
2029 31.7782 
2030 31.581 
2031 31.7362 
2032 32.2153 
2033 32.949 
2034 33.8445 
2035 34.8162 

Alternative 3 Fishing Mortality
     Model_1_goa_nr_2022.dat 
Equil_Fabc 0.0612999 
Year 
2022 0.0233027 
2023 0.0306499 
2024 0.0306499 
2025 0.0306499 
2026 0.0306499 
2027 0.0305701 
2028 0.0297395 
2029 0.0292097 
2030 0.028988 
2031 0.0290174 
2032 0.0291945 
2033 0.0294064 
2034 0.0296154 
2035 0.0298117 

Alternative 3 Biomass
     Model_1_goa_nr_2022.dat 

Year 
2022 97.9501 
2023 95.4518 
2024 93.1544 
2025 91.7564 
2026 91.2079 
2027 91.3978 
2028 92.2119 
2029 93.6074 
2030 95.4249 
2031 97.5325 
2032 99.7694 
2033 102.069 
2034 104.333 
2035 106.522 

Alternative 3 Implied SPR rate 
     Model_1_goa_nr_2022.dat 
Equil_Fabc 0.4 
Year 
2022 0.660061 
2023 0.591179 
2024 0.591179 
2025 0.591179 
2026 0.591179 
2027 0.591863 
2028 0.599059 
2029 0.603735 
2030 0.605736 
2031 0.605524 
2032 0.604001 
2033 0.602157 
2034 0.600326 
2035 0.598603 

  Model_1_goa_nr_2022.dat 
EquilAvgAgeF0  16.428 
EquilAvgAgeFabc  9.65465 
AvgAgeYr2035 11.5107 
Alternative 4 Catch
     Model_1_goa_nr_2022.dat 
Equil_Fabc 4.75074 
Year 
2022 2.00264 
2023 2.03866 
2024 1.96143 
2025 1.89791 
2026 1.84888 
2027 1.81436 
2028 1.79627 
2029 1.80285 
2030 1.83767 
2031 1.88913 
2032 1.94712 
2033 2.00531 
2034 2.06177 
2035 2.11872 

Alternative 4 ABCs
     Model_1_goa_nr_2022.dat 

Year 
2022  NA 
2023 2.03866 
2024 1.96143 
2025 1.89791 
2026 1.84888 
2027 1.81436 
2028 1.79627 
2029 1.80285 
2030 1.83767 
2031 1.88913 
2032 1.94712 
2033 2.00531 
2034 2.06177 
2035 2.11872 

Alternative 4 TACs
     Model_1_goa_nr_2022.dat 

Year 
2022  NA 
2023 2.03866 
2024 1.96143 
2025 1.89791 
2026 1.84888 
2027 1.81436 
2028 1.79627 
2029 1.80285 
2030 1.83767 
2031 1.88913 
2032 1.94712 
2033 2.00531 
2034 2.06177 
2035 2.11872 

Alternative 4 Sp_Biomass
     Model_1_goa_nr_2022.dat 
Equil_Fabc 32.9399 
Year 
2022 41.3992 
2023 39.5442 
2024 37.833 
2025 36.328 
2026 35.0508 
2027 34.0244 
2028 33.273 
2029 32.8241 
2030 32.7045 
2031 32.9299 
2032 33.4822 
2033 34.2981 
2034 35.2861 
2035 36.36 

Alternative 4 Fishing Mortality
     Model_1_goa_nr_2022.dat 
Equil_Fabc 0.0612999 
Year 
2022 0.0233027 
2023 0.0247309 
2024 0.0247309 
2025 0.0247309 
2026 0.0247309 
2027 0.0247309 
2028 0.0247309 
2029 0.0247309 
2030 0.0247309 
2031 0.0247309 
2032 0.0247309 
2033 0.0247309 
2034 0.0247309 
2035 0.0247309 

Alternative 4 Biomass
     Model_1_goa_nr_2022.dat 

Year 
2022 97.9501 
2023 95.4518 
2024 93.6296 
2025 92.6556 
2026 92.4863 
2027 93.0173 
2028 94.1348 
2029 95.7513 
2030 97.7402 
2031 100.001 
2032 102.397 
2033 104.873 
2034 107.333 
2035 109.734 

Alternative 4 Implied SPR rate 
     Model_1_goa_nr_2022.dat 
Equil_Fabc 0.4 
Year 
2022 0.660061 
2023 0.645662 
2024 0.645662 
2025 0.645662 
2026 0.645662 
2027 0.645662 
2028 0.645662 
2029 0.645662 
2030 0.645662 
2031 0.645662 
2032 0.645662 
2033 0.645662 
2034 0.645662 
2035 0.645662 

  Model_1_goa_nr_2022.dat 
EquilAvgAgeF0  16.428 
EquilAvgAgeFabc  9.65465 
AvgAgeYr2035 11.7669 
Alternative 5 Catch
     Model_1_goa_nr_2022.dat 
Equil_Fabc 4.75074 
Year 
2022 2.00264 
2023  NA 
2024  NA 
2025  NA 
2026  NA 
2027  NA 
2028  NA 
2029  NA 
2030  NA 
2031  NA 
2032  NA 
2033  NA 
2034  NA 
2035  NA 

Alternative 5 ABCs
     Model_1_goa_nr_2022.dat 

Year 
2022  NA 
2023  NA 
2024  NA 
2025  NA 
2026  NA 
2027  NA 
2028  NA 
2029  NA 
2030  NA 
2031  NA 
2032  NA 
2033  NA 
2034  NA 
2035  NA 

Alternative 5 TACs
     Model_1_goa_nr_2022.dat 

Year 
2022  NA 
2023  NA 
2024  NA 
2025  NA 
2026  NA 
2027  NA 
2028  NA 
2029  NA 
2030  NA 
2031  NA 
2032  NA 
2033  NA 
2034  NA 
2035  NA 

Alternative 5 Sp_Biomass
     Model_1_goa_nr_2022.dat 
Equil_Fabc 32.9399 
Year 
2022 41.3992 
2023 39.8688 
2024 39.0821 
2025 38.435 
2026 37.9556 
2027 37.6735 
2028 37.621 
2029 37.8338 
2030 38.3496 
2031 39.198 
2032 40.3764 
2033 41.8325 
2034 43.4786 
2035 45.2256 

Alternative 5 Fishing Mortality
     Model_1_goa_nr_2022.dat 
Equil_Fabc 0.0612999 
Year 
2022 0.0233027 
2023  NA 
2024  NA 
2025  NA 
2026  NA 
2027  NA 
2028  NA 
2029  NA 
2030  NA 
2031  NA 
2032  NA 
2033  NA 
2034  NA 
2035  NA 

Alternative 5 Biomass
     Model_1_goa_nr_2022.dat 

Year 
2022 97.9501 
2023 95.4518 
2024 95.6452 
2025 96.5272 
2026 98.0731 
2027 100.198 
2028 102.809 
2029 105.84 
2030 109.195 
2031 112.809 
2032 116.563 
2033 120.411 
2034 124.254 
2035 128.045 

Alternative 5 Implied SPR rate 
     Model_1_goa_nr_2022.dat 
Equil_Fabc 0.4 
Year 
2022 0.660061 
2023 1 
2024 1 
2025 1 
2026 1 
2027 1 
2028 1 
2029 1 
2030 1 
2031 1 
2032 1 
2033 1 
2034 1 
2035 1 

  Model_1_goa_nr_2022.dat 
EquilAvgAgeF0  16.428 
EquilAvgAgeFabc  9.65465 
AvgAgeYr2035 13.1237 
Alternative 6 Catch
     Model_1_goa_nr_2022.dat 
Equil_Fabc 4.75074 
Year 
2022 2.00264 
2023 5.92664 
2024 5.43952 
2025 4.96383 
2026 4.28067 
2027 3.80143 
2028 3.48275 
2029 3.31317 
2030 3.2812 
2031 3.34749 
2032 3.47422 
2033 3.62928 
2034 3.79075 
2035 3.95254 

Alternative 6 ABCs
     Model_1_goa_nr_2022.dat 

Year 
2022 6.17422 
2023 5.92664 
2024 5.43952 
2025 4.96383 
2026 4.28067 
2027 3.80143 
2028 3.48275 
2029 3.31317 
2030 3.2812 
2031 3.34749 
2032 3.47422 
2033 3.62928 
2034 3.79075 
2035 3.95254 

Alternative 6 TACs
     Model_1_goa_nr_2022.dat 

Year 
2022  NA 
2023 5.92664 
2024 5.43952 
2025 4.96383 
2026 4.28067 
2027 3.80143 
2028 3.48275 
2029 3.31317 
2030 3.2812 
2031 3.34749 
2032 3.47422 
2033 3.62928 
2034 3.79075 
2035 3.95254 

Alternative 6 Sp_Biomass
     Model_1_goa_nr_2022.dat 
Equil_Fabc 32.9399 
Year 
2022 41.3992 
2023 38.9104 
2024 35.4812 
2025 32.5123 
2026 30.0563 
2027 28.1614 
2028 26.7628 
2029 25.8195 
2030 25.3023 
2031 25.1752 
2032 25.3745 
2033 25.8034 
2034 26.3543 
2035 26.94 

Alternative 6 Fishing Mortality
     Model_1_goa_nr_2022.dat 
Equil_Fabc 0.0612999 
Year 
2022 0.0233027 
2023 0.0736157 
2024 0.0736157 
2025 0.07261 
2026 0.0668321 
2027 0.0623745 
2028 0.0590842 
2029 0.0568652 
2030 0.0556485 
2031 0.0553469 
2032 0.0557846 
2033 0.0567189 
2034 0.0578945 
2035 0.0591275 

Alternative 6 Biomass
     Model_1_goa_nr_2022.dat 

Year 
2022 97.9501 
2023 95.4518 
2024 89.7866 
2025 85.5324 
2026 82.6263 
2027 81.1623 
2028 80.8086 
2029 81.3119 
2030 82.4034 
2031 83.8597 
2032 85.4532 
2033 87.0723 
2034 88.5944 
2035 89.9717 

Alternative 6 Implied SPR rate 
     Model_1_goa_nr_2022.dat 
Equil_Fabc 0.4 
Year 
2022 0.660061 
2023 0.35 
2024 0.35 
2025 0.353695 
2026 0.3762 
2027 0.395191 
2028 0.410234 
2029 0.420941 
2030 0.427101 
2031 0.428891 
2032 0.427115 
2033 0.422972 
2034 0.41769 
2035 0.412146 

  Model_1_goa_nr_2022.dat 
EquilAvgAgeF0  16.428 
EquilAvgAgeFabc  9.65465 
AvgAgeYr2035 10.083 
Alternative 7 Catch
     Model_1_goa_nr_2022.dat 
Equil_Fabc 4.75074 
Year 
2022 2.00264 
2023 4.96451 
2024 4.61088 
2025 5.14873 
2026 4.47233 
2027 3.95255 
2028 3.60402 
2029 3.41232 
2030 3.36366 
2031 3.41653 
2032 3.53191 
2033 3.67699 
2034 3.82988 
2035 3.98432 

Alternative 7 ABCs
     Model_1_goa_nr_2022.dat 

Year 
2022 6.17422 
2023 5.92664 
2024 5.50458 
2025 5.14873 
2026 4.47233 
2027 3.95255 
2028 3.60402 
2029 3.41232 
2030 3.36366 
2031 3.41653 
2032 3.53191 
2033 3.67699 
2034 3.82988 
2035 3.98432 

Alternative 7 TACs
     Model_1_goa_nr_2022.dat 

Year 
2022  NA 
2023 5.92664 
2024 5.50458 
2025 5.14873 
2026 4.47233 
2027 3.95255 
2028 3.60402 
2029 3.41232 
2030 3.36366 
2031 3.41653 
2032 3.53191 
2033 3.67699 
2034 3.82988 
2035 3.98432 

Alternative 7 Sp_Biomass
     Model_1_goa_nr_2022.dat 
Equil_Fabc 32.9399 
Year 
2022 41.3992 
2023 39.0691 
2024 36.0594 
2025 33.2899 
2026 30.723 
2027 28.7228 
2028 27.2364 
2029 26.2186 
2030 25.6375 
2031 25.4553 
2032 25.6068 
2033 25.9946 
2034 26.5104 
2035 27.0666 

Alternative 7 Fishing Mortality
     Model_1_goa_nr_2022.dat 
Equil_Fabc 0.0612999 
Year 
2022 0.0233027 
2023 0.0612999 
2024 0.0612999 
2025 0.0736157 
2026 0.0684007 
2027 0.0636951 
2028 0.0601983 
2029 0.057804 
2030 0.056437 
2031 0.0560045 
2032 0.0563277 
2033 0.0571608 
2034 0.0582501 
2035 0.0594103 

Alternative 7 Biomass
     Model_1_goa_nr_2022.dat 

Year 
2022 97.9501 
2023 95.4518 
2024 90.7375 
2025 87.2633 
2026 84.1008 
2027 82.3811 
2028 81.8201 
2029 82.1527 
2030 83.1015 
2031 84.4371 
2032 85.9281 
2033 87.4603 
2034 88.9097 
2035 90.2264 

Alternative 7 Implied SPR rate 
     Model_1_goa_nr_2022.dat 
Equil_Fabc 0.4 
Year 
2022 0.660061 
2023 0.4 
2024 0.4 
2025 0.35 
2026 0.369866 
2027 0.389406 
2028 0.405041 
2029 0.416371 
2030 0.423164 
2031 0.425578 
2032 0.424387 
2033 0.420773 
2034 0.415943 
2035 0.410776 

  Model_1_goa_nr_2022.dat 
EquilAvgAgeF0  16.428 
EquilAvgAgeFabc  9.65465 
AvgAgeYr2035 10.1231 
