Model_1_goa_nr_2022.dat 1 2022 Cabc 4.75074
Model_1_goa_nr_2022.dat 1 2022 Cofl 5.07516
Model_1_goa_nr_2022.dat 1 2022 CLCI 2.00264
Model_1_goa_nr_2022.dat 1 2022 CUCI 2.00264
Model_1_goa_nr_2022.dat 1 2022 CMedian 2.00264
Model_1_goa_nr_2022.dat 1 2022 CMean 2.00264
Model_1_goa_nr_2022.dat 1 2023 Cabc 4.75074
Model_1_goa_nr_2022.dat 1 2023 Cofl 5.07516
Model_1_goa_nr_2022.dat 1 2023 CLCI 4.96451
Model_1_goa_nr_2022.dat 1 2023 CUCI 4.96451
Model_1_goa_nr_2022.dat 1 2023 CMedian 4.96451
Model_1_goa_nr_2022.dat 1 2023 CMean 4.96451
Model_1_goa_nr_2022.dat 1 2024 Cabc 4.75074
Model_1_goa_nr_2022.dat 1 2024 Cofl 5.07516
Model_1_goa_nr_2022.dat 1 2024 CLCI 4.61086
Model_1_goa_nr_2022.dat 1 2024 CUCI 4.61093
Model_1_goa_nr_2022.dat 1 2024 CMedian 4.61088
Model_1_goa_nr_2022.dat 1 2024 CMean 4.61088
Model_1_goa_nr_2022.dat 1 2025 Cabc 4.75074
Model_1_goa_nr_2022.dat 1 2025 Cofl 5.07516
Model_1_goa_nr_2022.dat 1 2025 CLCI 4.31255
Model_1_goa_nr_2022.dat 1 2025 CUCI 4.31306
Model_1_goa_nr_2022.dat 1 2025 CMedian 4.31266
Model_1_goa_nr_2022.dat 1 2025 CMean 4.31272
Model_1_goa_nr_2022.dat 1 2026 Cabc 4.75074
Model_1_goa_nr_2022.dat 1 2026 Cofl 5.07516
Model_1_goa_nr_2022.dat 1 2026 CLCI 3.84322
Model_1_goa_nr_2022.dat 1 2026 CUCI 3.86007
Model_1_goa_nr_2022.dat 1 2026 CMedian 3.8476
Model_1_goa_nr_2022.dat 1 2026 CMean 3.84918
Model_1_goa_nr_2022.dat 1 2027 Cabc 4.75074
Model_1_goa_nr_2022.dat 1 2027 Cofl 5.07516
Model_1_goa_nr_2022.dat 1 2027 CLCI 3.44916
Model_1_goa_nr_2022.dat 1 2027 CUCI 3.49795
Model_1_goa_nr_2022.dat 1 2027 CMedian 3.46182
Model_1_goa_nr_2022.dat 1 2027 CMean 3.46652
Model_1_goa_nr_2022.dat 1 2028 Cabc 4.75074
Model_1_goa_nr_2022.dat 1 2028 Cofl 5.07516
Model_1_goa_nr_2022.dat 1 2028 CLCI 3.15615
Model_1_goa_nr_2022.dat 1 2028 CUCI 3.30804
Model_1_goa_nr_2022.dat 1 2028 CMedian 3.19458
Model_1_goa_nr_2022.dat 1 2028 CMean 3.20969
Model_1_goa_nr_2022.dat 1 2029 Cabc 4.75074
Model_1_goa_nr_2022.dat 1 2029 Cofl 5.07516
Model_1_goa_nr_2022.dat 1 2029 CLCI 2.92038
Model_1_goa_nr_2022.dat 1 2029 CUCI 3.36606
Model_1_goa_nr_2022.dat 1 2029 CMedian 3.03342
Model_1_goa_nr_2022.dat 1 2029 CMean 3.07538
Model_1_goa_nr_2022.dat 1 2030 Cabc 4.75074
Model_1_goa_nr_2022.dat 1 2030 Cofl 5.07516
Model_1_goa_nr_2022.dat 1 2030 CLCI 2.72563
Model_1_goa_nr_2022.dat 1 2030 CUCI 3.63352
Model_1_goa_nr_2022.dat 1 2030 CMedian 2.96216
Model_1_goa_nr_2022.dat 1 2030 CMean 3.05797
Model_1_goa_nr_2022.dat 1 2031 Cabc 4.75074
Model_1_goa_nr_2022.dat 1 2031 Cofl 5.07516
Model_1_goa_nr_2022.dat 1 2031 CLCI 2.57521
Model_1_goa_nr_2022.dat 1 2031 CUCI 4.08299
Model_1_goa_nr_2022.dat 1 2031 CMedian 2.97904
Model_1_goa_nr_2022.dat 1 2031 CMean 3.12471
Model_1_goa_nr_2022.dat 1 2032 Cabc 4.75074
Model_1_goa_nr_2022.dat 1 2032 Cofl 5.07516
Model_1_goa_nr_2022.dat 1 2032 CLCI 2.49497
Model_1_goa_nr_2022.dat 1 2032 CUCI 4.54001
Model_1_goa_nr_2022.dat 1 2032 CMedian 3.05489
Model_1_goa_nr_2022.dat 1 2032 CMean 3.24374
Model_1_goa_nr_2022.dat 1 2033 Cabc 4.75074
Model_1_goa_nr_2022.dat 1 2033 Cofl 5.07516
Model_1_goa_nr_2022.dat 1 2033 CLCI 2.43403
Model_1_goa_nr_2022.dat 1 2033 CUCI 4.95076
Model_1_goa_nr_2022.dat 1 2033 CMedian 3.18542
Model_1_goa_nr_2022.dat 1 2033 CMean 3.38543
Model_1_goa_nr_2022.dat 1 2034 Cabc 4.75074
Model_1_goa_nr_2022.dat 1 2034 Cofl 5.07516
Model_1_goa_nr_2022.dat 1 2034 CLCI 2.4078
Model_1_goa_nr_2022.dat 1 2034 CUCI 5.2373
Model_1_goa_nr_2022.dat 1 2034 CMedian 3.3457
Model_1_goa_nr_2022.dat 1 2034 CMean 3.53273
Model_1_goa_nr_2022.dat 1 2035 Cabc 4.75074
Model_1_goa_nr_2022.dat 1 2035 Cofl 5.07516
Model_1_goa_nr_2022.dat 1 2035 CLCI 2.40959
Model_1_goa_nr_2022.dat 1 2035 CUCI 5.4252
Model_1_goa_nr_2022.dat 1 2035 CMedian 3.49977
Model_1_goa_nr_2022.dat 1 2035 CMean 3.67872
Model_1_goa_nr_2022.dat 1 2022 SSBF100 82.3497
Model_1_goa_nr_2022.dat 1 2022 SSBFabc 32.9399
Model_1_goa_nr_2022.dat 1 2022 SSBFofl 28.8224
Model_1_goa_nr_2022.dat 1 2022 SSBLCI 41.3992
Model_1_goa_nr_2022.dat 1 2022 SSBUCI 41.3992
Model_1_goa_nr_2022.dat 1 2022 SSBMedian 41.3992
Model_1_goa_nr_2022.dat 1 2022 SSBMean 41.3992
Model_1_goa_nr_2022.dat 1 2023 SSBF100 82.3497
Model_1_goa_nr_2022.dat 1 2023 SSBFabc 32.9399
Model_1_goa_nr_2022.dat 1 2023 SSBFofl 28.8224
Model_1_goa_nr_2022.dat 1 2023 SSBLCI 39.0684
Model_1_goa_nr_2022.dat 1 2023 SSBUCI 39.0708
Model_1_goa_nr_2022.dat 1 2023 SSBMedian 39.0689
Model_1_goa_nr_2022.dat 1 2023 SSBMean 39.0691
Model_1_goa_nr_2022.dat 1 2024 SSBF100 82.3497
Model_1_goa_nr_2022.dat 1 2024 SSBFabc 32.9399
Model_1_goa_nr_2022.dat 1 2024 SSBFofl 28.8224
Model_1_goa_nr_2022.dat 1 2024 SSBLCI 36.0555
Model_1_goa_nr_2022.dat 1 2024 SSBUCI 36.0672
Model_1_goa_nr_2022.dat 1 2024 SSBMedian 36.0583
Model_1_goa_nr_2022.dat 1 2024 SSBMean 36.0594
Model_1_goa_nr_2022.dat 1 2025 SSBF100 82.3497
Model_1_goa_nr_2022.dat 1 2025 SSBFabc 32.9399
Model_1_goa_nr_2022.dat 1 2025 SSBFofl 28.8224
Model_1_goa_nr_2022.dat 1 2025 SSBLCI 33.4114
Model_1_goa_nr_2022.dat 1 2025 SSBUCI 33.4507
Model_1_goa_nr_2022.dat 1 2025 SSBMedian 33.4215
Model_1_goa_nr_2022.dat 1 2025 SSBMean 33.4252
Model_1_goa_nr_2022.dat 1 2026 SSBF100 82.3497
Model_1_goa_nr_2022.dat 1 2026 SSBFabc 32.9399
Model_1_goa_nr_2022.dat 1 2026 SSBFofl 28.8224
Model_1_goa_nr_2022.dat 1 2026 SSBLCI 31.1627
Model_1_goa_nr_2022.dat 1 2026 SSBUCI 31.273
Model_1_goa_nr_2022.dat 1 2026 SSBMedian 31.1913
Model_1_goa_nr_2022.dat 1 2026 SSBMean 31.2014
Model_1_goa_nr_2022.dat 1 2027 SSBF100 82.3497
Model_1_goa_nr_2022.dat 1 2027 SSBFabc 32.9399
Model_1_goa_nr_2022.dat 1 2027 SSBFofl 28.8224
Model_1_goa_nr_2022.dat 1 2027 SSBLCI 29.3522
Model_1_goa_nr_2022.dat 1 2027 SSBUCI 29.6166
Model_1_goa_nr_2022.dat 1 2027 SSBMedian 29.4219
Model_1_goa_nr_2022.dat 1 2027 SSBMean 29.4478
Model_1_goa_nr_2022.dat 1 2028 SSBF100 82.3497
Model_1_goa_nr_2022.dat 1 2028 SSBFabc 32.9399
Model_1_goa_nr_2022.dat 1 2028 SSBFofl 28.8224
Model_1_goa_nr_2022.dat 1 2028 SSBLCI 27.9272
Model_1_goa_nr_2022.dat 1 2028 SSBUCI 28.5249
Model_1_goa_nr_2022.dat 1 2028 SSBMedian 28.0837
Model_1_goa_nr_2022.dat 1 2028 SSBMean 28.1445
Model_1_goa_nr_2022.dat 1 2029 SSBF100 82.3497
Model_1_goa_nr_2022.dat 1 2029 SSBFabc 32.9399
Model_1_goa_nr_2022.dat 1 2029 SSBFofl 28.8224
Model_1_goa_nr_2022.dat 1 2029 SSBLCI 26.8126
Model_1_goa_nr_2022.dat 1 2029 SSBUCI 28.0433
Model_1_goa_nr_2022.dat 1 2029 SSBMedian 27.1501
Model_1_goa_nr_2022.dat 1 2029 SSBMean 27.2663
Model_1_goa_nr_2022.dat 1 2030 SSBF100 82.3497
Model_1_goa_nr_2022.dat 1 2030 SSBFabc 32.9399
Model_1_goa_nr_2022.dat 1 2030 SSBFofl 28.8224
Model_1_goa_nr_2022.dat 1 2030 SSBLCI 25.9344
Model_1_goa_nr_2022.dat 1 2030 SSBUCI 28.2124
Model_1_goa_nr_2022.dat 1 2030 SSBMedian 26.5865
Model_1_goa_nr_2022.dat 1 2030 SSBMean 26.7958
Model_1_goa_nr_2022.dat 1 2031 SSBF100 82.3497
Model_1_goa_nr_2022.dat 1 2031 SSBFabc 32.9399
Model_1_goa_nr_2022.dat 1 2031 SSBFofl 28.8224
Model_1_goa_nr_2022.dat 1 2031 SSBLCI 25.2468
Model_1_goa_nr_2022.dat 1 2031 SSBUCI 29.0402
Model_1_goa_nr_2022.dat 1 2031 SSBMedian 26.3695
Model_1_goa_nr_2022.dat 1 2031 SSBMean 26.7069
Model_1_goa_nr_2022.dat 1 2032 SSBF100 82.3497
Model_1_goa_nr_2022.dat 1 2032 SSBFabc 32.9399
Model_1_goa_nr_2022.dat 1 2032 SSBFofl 28.8224
Model_1_goa_nr_2022.dat 1 2032 SSBLCI 24.7313
Model_1_goa_nr_2022.dat 1 2032 SSBUCI 30.4854
Model_1_goa_nr_2022.dat 1 2032 SSBMedian 26.4781
Model_1_goa_nr_2022.dat 1 2032 SSBMean 26.944
Model_1_goa_nr_2022.dat 1 2033 SSBF100 82.3497
Model_1_goa_nr_2022.dat 1 2033 SSBFabc 32.9399
Model_1_goa_nr_2022.dat 1 2033 SSBFofl 28.8224
Model_1_goa_nr_2022.dat 1 2033 SSBLCI 24.3461
Model_1_goa_nr_2022.dat 1 2033 SSBUCI 31.9383
Model_1_goa_nr_2022.dat 1 2033 SSBMedian 26.8275
Model_1_goa_nr_2022.dat 1 2033 SSBMean 27.4162
Model_1_goa_nr_2022.dat 1 2034 SSBF100 82.3497
Model_1_goa_nr_2022.dat 1 2034 SSBFabc 32.9399
Model_1_goa_nr_2022.dat 1 2034 SSBFofl 28.8224
Model_1_goa_nr_2022.dat 1 2034 SSBLCI 24.0916
Model_1_goa_nr_2022.dat 1 2034 SSBUCI 33.683
Model_1_goa_nr_2022.dat 1 2034 SSBMedian 27.3521
Model_1_goa_nr_2022.dat 1 2034 SSBMean 28.0188
Model_1_goa_nr_2022.dat 1 2035 SSBF100 82.3497
Model_1_goa_nr_2022.dat 1 2035 SSBFabc 32.9399
Model_1_goa_nr_2022.dat 1 2035 SSBFofl 28.8224
Model_1_goa_nr_2022.dat 1 2035 SSBLCI 24.0736
Model_1_goa_nr_2022.dat 1 2035 SSBUCI 35.1642
Model_1_goa_nr_2022.dat 1 2035 SSBMedian 27.9396
Model_1_goa_nr_2022.dat 1 2035 SSBMean 28.6647
Model_1_goa_nr_2022.dat 1 2022 F0 0 
Model_1_goa_nr_2022.dat 1 2022 Fabc 0.0612999
Model_1_goa_nr_2022.dat 1 2022 Fofl 0.0736157
Model_1_goa_nr_2022.dat 1 2022  F_LCI 0.0233027
Model_1_goa_nr_2022.dat 1 2022  F_UCI 0.0233027
Model_1_goa_nr_2022.dat 1 2022  F_Median 0.0233027
Model_1_goa_nr_2022.dat 1 2022  F_Mean 0.0233027
Model_1_goa_nr_2022.dat 1 2023 F0 0 
Model_1_goa_nr_2022.dat 1 2023 Fabc 0.0612999
Model_1_goa_nr_2022.dat 1 2023 Fofl 0.0736157
Model_1_goa_nr_2022.dat 1 2023  F_LCI 0.0612999
Model_1_goa_nr_2022.dat 1 2023  F_UCI 0.0612999
Model_1_goa_nr_2022.dat 1 2023  F_Median 0.0612999
Model_1_goa_nr_2022.dat 1 2023  F_Mean 0.0612999
Model_1_goa_nr_2022.dat 1 2024 F0 0 
Model_1_goa_nr_2022.dat 1 2024 Fabc 0.0612999
Model_1_goa_nr_2022.dat 1 2024 Fofl 0.0736157
Model_1_goa_nr_2022.dat 1 2024  F_LCI 0.0612999
Model_1_goa_nr_2022.dat 1 2024  F_UCI 0.0612999
Model_1_goa_nr_2022.dat 1 2024  F_Median 0.0612999
Model_1_goa_nr_2022.dat 1 2024  F_Mean 0.0612999
Model_1_goa_nr_2022.dat 1 2025 F0 0 
Model_1_goa_nr_2022.dat 1 2025 Fabc 0.0612999
Model_1_goa_nr_2022.dat 1 2025 Fofl 0.0736157
Model_1_goa_nr_2022.dat 1 2025  F_LCI 0.0612999
Model_1_goa_nr_2022.dat 1 2025  F_UCI 0.0612999
Model_1_goa_nr_2022.dat 1 2025  F_Median 0.0612999
Model_1_goa_nr_2022.dat 1 2025  F_Mean 0.0612999
Model_1_goa_nr_2022.dat 1 2026 F0 0 
Model_1_goa_nr_2022.dat 1 2026 Fabc 0.0612999
Model_1_goa_nr_2022.dat 1 2026 Fofl 0.0736157
Model_1_goa_nr_2022.dat 1 2026  F_LCI 0.0578185
Model_1_goa_nr_2022.dat 1 2026  F_UCI 0.0580345
Model_1_goa_nr_2022.dat 1 2026  F_Median 0.0578746
Model_1_goa_nr_2022.dat 1 2026  F_Mean 0.0578943
Model_1_goa_nr_2022.dat 1 2027 F0 0 
Model_1_goa_nr_2022.dat 1 2027 Fabc 0.0612999
Model_1_goa_nr_2022.dat 1 2027 Fofl 0.0736157
Model_1_goa_nr_2022.dat 1 2027  F_LCI 0.054272
Model_1_goa_nr_2022.dat 1 2027  F_UCI 0.0547898
Model_1_goa_nr_2022.dat 1 2027  F_Median 0.0544084
Model_1_goa_nr_2022.dat 1 2027  F_Mean 0.0544593
Model_1_goa_nr_2022.dat 1 2028 F0 0 
Model_1_goa_nr_2022.dat 1 2028 Fabc 0.0612999
Model_1_goa_nr_2022.dat 1 2028 Fofl 0.0736157
Model_1_goa_nr_2022.dat 1 2028  F_LCI 0.0514804
Model_1_goa_nr_2022.dat 1 2028  F_UCI 0.0526513
Model_1_goa_nr_2022.dat 1 2028  F_Median 0.0517869
Model_1_goa_nr_2022.dat 1 2028  F_Mean 0.0519061
Model_1_goa_nr_2022.dat 1 2029 F0 0 
Model_1_goa_nr_2022.dat 1 2029 Fabc 0.0612999
Model_1_goa_nr_2022.dat 1 2029 Fofl 0.0736157
Model_1_goa_nr_2022.dat 1 2029  F_LCI 0.0492971
Model_1_goa_nr_2022.dat 1 2029  F_UCI 0.0517079
Model_1_goa_nr_2022.dat 1 2029  F_Median 0.0499582
Model_1_goa_nr_2022.dat 1 2029  F_Mean 0.0501858
Model_1_goa_nr_2022.dat 1 2030 F0 0 
Model_1_goa_nr_2022.dat 1 2030 Fabc 0.0612999
Model_1_goa_nr_2022.dat 1 2030 Fofl 0.0736157
Model_1_goa_nr_2022.dat 1 2030  F_LCI 0.0475766
Model_1_goa_nr_2022.dat 1 2030  F_UCI 0.0520392
Model_1_goa_nr_2022.dat 1 2030  F_Median 0.0488542
Model_1_goa_nr_2022.dat 1 2030  F_Mean 0.0492642
Model_1_goa_nr_2022.dat 1 2031 F0 0 
Model_1_goa_nr_2022.dat 1 2031 Fabc 0.0612999
Model_1_goa_nr_2022.dat 1 2031 Fofl 0.0736157
Model_1_goa_nr_2022.dat 1 2031  F_LCI 0.0462299
Model_1_goa_nr_2022.dat 1 2031  F_UCI 0.0536607
Model_1_goa_nr_2022.dat 1 2031  F_Median 0.048429
Model_1_goa_nr_2022.dat 1 2031  F_Mean 0.0490777
Model_1_goa_nr_2022.dat 1 2032 F0 0 
Model_1_goa_nr_2022.dat 1 2032 Fabc 0.0612999
Model_1_goa_nr_2022.dat 1 2032 Fofl 0.0736157
Model_1_goa_nr_2022.dat 1 2032  F_LCI 0.04522
Model_1_goa_nr_2022.dat 1 2032  F_UCI 0.0564917
Model_1_goa_nr_2022.dat 1 2032  F_Median 0.0486418
Model_1_goa_nr_2022.dat 1 2032  F_Mean 0.0494903
Model_1_goa_nr_2022.dat 1 2033 F0 0 
Model_1_goa_nr_2022.dat 1 2033 Fabc 0.0612999
Model_1_goa_nr_2022.dat 1 2033 Fofl 0.0736157
Model_1_goa_nr_2022.dat 1 2033  F_LCI 0.0444654
Model_1_goa_nr_2022.dat 1 2033  F_UCI 0.0593379
Model_1_goa_nr_2022.dat 1 2033  F_Median 0.0493263
Model_1_goa_nr_2022.dat 1 2033  F_Mean 0.050281
Model_1_goa_nr_2022.dat 1 2034 F0 0 
Model_1_goa_nr_2022.dat 1 2034 Fabc 0.0612999
Model_1_goa_nr_2022.dat 1 2034 Fofl 0.0736157
Model_1_goa_nr_2022.dat 1 2034  F_LCI 0.0439668
Model_1_goa_nr_2022.dat 1 2034  F_UCI 0.0612999
Model_1_goa_nr_2022.dat 1 2034  F_Median 0.0503539
Model_1_goa_nr_2022.dat 1 2034  F_Mean 0.0512584
Model_1_goa_nr_2022.dat 1 2035 F0 0 
Model_1_goa_nr_2022.dat 1 2035 Fabc 0.0612999
Model_1_goa_nr_2022.dat 1 2035 Fofl 0.0736157
Model_1_goa_nr_2022.dat 1 2035  F_LCI 0.0439315
Model_1_goa_nr_2022.dat 1 2035  F_UCI 0.0612999
Model_1_goa_nr_2022.dat 1 2035  F_Median 0.0515048
Model_1_goa_nr_2022.dat 1 2035  F_Mean 0.0522538
Model_1_goa_nr_2022.dat 2 2022 Cabc 4.75074
Model_1_goa_nr_2022.dat 2 2022 Cofl 5.07516
Model_1_goa_nr_2022.dat 2 2022 CLCI 2.00264
Model_1_goa_nr_2022.dat 2 2022 CUCI 2.00264
Model_1_goa_nr_2022.dat 2 2022 CMedian 2.00264
Model_1_goa_nr_2022.dat 2 2022 CMean 2.00264
Model_1_goa_nr_2022.dat 2 2023 Cabc 4.75074
Model_1_goa_nr_2022.dat 2 2023 Cofl 5.07516
Model_1_goa_nr_2022.dat 2 2023 CLCI 4.96451
Model_1_goa_nr_2022.dat 2 2023 CUCI 4.96451
Model_1_goa_nr_2022.dat 2 2023 CMedian 4.96451
Model_1_goa_nr_2022.dat 2 2023 CMean 4.96451
Model_1_goa_nr_2022.dat 2 2024 Cabc 4.75074
Model_1_goa_nr_2022.dat 2 2024 Cofl 5.07516
Model_1_goa_nr_2022.dat 2 2024 CLCI 4.61086
Model_1_goa_nr_2022.dat 2 2024 CUCI 4.61093
Model_1_goa_nr_2022.dat 2 2024 CMedian 4.61088
Model_1_goa_nr_2022.dat 2 2024 CMean 4.61088
Model_1_goa_nr_2022.dat 2 2025 Cabc 4.75074
Model_1_goa_nr_2022.dat 2 2025 Cofl 5.07516
Model_1_goa_nr_2022.dat 2 2025 CLCI 4.31255
Model_1_goa_nr_2022.dat 2 2025 CUCI 4.31306
Model_1_goa_nr_2022.dat 2 2025 CMedian 4.31266
Model_1_goa_nr_2022.dat 2 2025 CMean 4.31272
Model_1_goa_nr_2022.dat 2 2026 Cabc 4.75074
Model_1_goa_nr_2022.dat 2 2026 Cofl 5.07516
Model_1_goa_nr_2022.dat 2 2026 CLCI 3.84322
Model_1_goa_nr_2022.dat 2 2026 CUCI 3.86007
Model_1_goa_nr_2022.dat 2 2026 CMedian 3.8476
Model_1_goa_nr_2022.dat 2 2026 CMean 3.84918
Model_1_goa_nr_2022.dat 2 2027 Cabc 4.75074
Model_1_goa_nr_2022.dat 2 2027 Cofl 5.07516
Model_1_goa_nr_2022.dat 2 2027 CLCI 3.44916
Model_1_goa_nr_2022.dat 2 2027 CUCI 3.49795
Model_1_goa_nr_2022.dat 2 2027 CMedian 3.46182
Model_1_goa_nr_2022.dat 2 2027 CMean 3.46652
Model_1_goa_nr_2022.dat 2 2028 Cabc 4.75074
Model_1_goa_nr_2022.dat 2 2028 Cofl 5.07516
Model_1_goa_nr_2022.dat 2 2028 CLCI 3.15615
Model_1_goa_nr_2022.dat 2 2028 CUCI 3.30804
Model_1_goa_nr_2022.dat 2 2028 CMedian 3.19458
Model_1_goa_nr_2022.dat 2 2028 CMean 3.20969
Model_1_goa_nr_2022.dat 2 2029 Cabc 4.75074
Model_1_goa_nr_2022.dat 2 2029 Cofl 5.07516
Model_1_goa_nr_2022.dat 2 2029 CLCI 2.92038
Model_1_goa_nr_2022.dat 2 2029 CUCI 3.36606
Model_1_goa_nr_2022.dat 2 2029 CMedian 3.03342
Model_1_goa_nr_2022.dat 2 2029 CMean 3.07538
Model_1_goa_nr_2022.dat 2 2030 Cabc 4.75074
Model_1_goa_nr_2022.dat 2 2030 Cofl 5.07516
Model_1_goa_nr_2022.dat 2 2030 CLCI 2.72563
Model_1_goa_nr_2022.dat 2 2030 CUCI 3.63352
Model_1_goa_nr_2022.dat 2 2030 CMedian 2.96216
Model_1_goa_nr_2022.dat 2 2030 CMean 3.05797
Model_1_goa_nr_2022.dat 2 2031 Cabc 4.75074
Model_1_goa_nr_2022.dat 2 2031 Cofl 5.07516
Model_1_goa_nr_2022.dat 2 2031 CLCI 2.57521
Model_1_goa_nr_2022.dat 2 2031 CUCI 4.08299
Model_1_goa_nr_2022.dat 2 2031 CMedian 2.97904
Model_1_goa_nr_2022.dat 2 2031 CMean 3.12471
Model_1_goa_nr_2022.dat 2 2032 Cabc 4.75074
Model_1_goa_nr_2022.dat 2 2032 Cofl 5.07516
Model_1_goa_nr_2022.dat 2 2032 CLCI 2.49497
Model_1_goa_nr_2022.dat 2 2032 CUCI 4.54001
Model_1_goa_nr_2022.dat 2 2032 CMedian 3.05489
Model_1_goa_nr_2022.dat 2 2032 CMean 3.24374
Model_1_goa_nr_2022.dat 2 2033 Cabc 4.75074
Model_1_goa_nr_2022.dat 2 2033 Cofl 5.07516
Model_1_goa_nr_2022.dat 2 2033 CLCI 2.43403
Model_1_goa_nr_2022.dat 2 2033 CUCI 4.95076
Model_1_goa_nr_2022.dat 2 2033 CMedian 3.18542
Model_1_goa_nr_2022.dat 2 2033 CMean 3.38543
Model_1_goa_nr_2022.dat 2 2034 Cabc 4.75074
Model_1_goa_nr_2022.dat 2 2034 Cofl 5.07516
Model_1_goa_nr_2022.dat 2 2034 CLCI 2.4078
Model_1_goa_nr_2022.dat 2 2034 CUCI 5.2373
Model_1_goa_nr_2022.dat 2 2034 CMedian 3.3457
Model_1_goa_nr_2022.dat 2 2034 CMean 3.53273
Model_1_goa_nr_2022.dat 2 2035 Cabc 4.75074
Model_1_goa_nr_2022.dat 2 2035 Cofl 5.07516
Model_1_goa_nr_2022.dat 2 2035 CLCI 2.40959
Model_1_goa_nr_2022.dat 2 2035 CUCI 5.4252
Model_1_goa_nr_2022.dat 2 2035 CMedian 3.49977
Model_1_goa_nr_2022.dat 2 2035 CMean 3.67872
Model_1_goa_nr_2022.dat 2 2022 SSBF100 82.3497
Model_1_goa_nr_2022.dat 2 2022 SSBFabc 32.9399
Model_1_goa_nr_2022.dat 2 2022 SSBFofl 28.8224
Model_1_goa_nr_2022.dat 2 2022 SSBLCI 41.3992
Model_1_goa_nr_2022.dat 2 2022 SSBUCI 41.3992
Model_1_goa_nr_2022.dat 2 2022 SSBMedian 41.3992
Model_1_goa_nr_2022.dat 2 2022 SSBMean 41.3992
Model_1_goa_nr_2022.dat 2 2023 SSBF100 82.3497
Model_1_goa_nr_2022.dat 2 2023 SSBFabc 32.9399
Model_1_goa_nr_2022.dat 2 2023 SSBFofl 28.8224
Model_1_goa_nr_2022.dat 2 2023 SSBLCI 39.0684
Model_1_goa_nr_2022.dat 2 2023 SSBUCI 39.0708
Model_1_goa_nr_2022.dat 2 2023 SSBMedian 39.0689
Model_1_goa_nr_2022.dat 2 2023 SSBMean 39.0691
Model_1_goa_nr_2022.dat 2 2024 SSBF100 82.3497
Model_1_goa_nr_2022.dat 2 2024 SSBFabc 32.9399
Model_1_goa_nr_2022.dat 2 2024 SSBFofl 28.8224
Model_1_goa_nr_2022.dat 2 2024 SSBLCI 36.0555
Model_1_goa_nr_2022.dat 2 2024 SSBUCI 36.0672
Model_1_goa_nr_2022.dat 2 2024 SSBMedian 36.0583
Model_1_goa_nr_2022.dat 2 2024 SSBMean 36.0594
Model_1_goa_nr_2022.dat 2 2025 SSBF100 82.3497
Model_1_goa_nr_2022.dat 2 2025 SSBFabc 32.9399
Model_1_goa_nr_2022.dat 2 2025 SSBFofl 28.8224
Model_1_goa_nr_2022.dat 2 2025 SSBLCI 33.4114
Model_1_goa_nr_2022.dat 2 2025 SSBUCI 33.4507
Model_1_goa_nr_2022.dat 2 2025 SSBMedian 33.4215
Model_1_goa_nr_2022.dat 2 2025 SSBMean 33.4252
Model_1_goa_nr_2022.dat 2 2026 SSBF100 82.3497
Model_1_goa_nr_2022.dat 2 2026 SSBFabc 32.9399
Model_1_goa_nr_2022.dat 2 2026 SSBFofl 28.8224
Model_1_goa_nr_2022.dat 2 2026 SSBLCI 31.1627
Model_1_goa_nr_2022.dat 2 2026 SSBUCI 31.273
Model_1_goa_nr_2022.dat 2 2026 SSBMedian 31.1913
Model_1_goa_nr_2022.dat 2 2026 SSBMean 31.2014
Model_1_goa_nr_2022.dat 2 2027 SSBF100 82.3497
Model_1_goa_nr_2022.dat 2 2027 SSBFabc 32.9399
Model_1_goa_nr_2022.dat 2 2027 SSBFofl 28.8224
Model_1_goa_nr_2022.dat 2 2027 SSBLCI 29.3522
Model_1_goa_nr_2022.dat 2 2027 SSBUCI 29.6166
Model_1_goa_nr_2022.dat 2 2027 SSBMedian 29.4219
Model_1_goa_nr_2022.dat 2 2027 SSBMean 29.4478
Model_1_goa_nr_2022.dat 2 2028 SSBF100 82.3497
Model_1_goa_nr_2022.dat 2 2028 SSBFabc 32.9399
Model_1_goa_nr_2022.dat 2 2028 SSBFofl 28.8224
Model_1_goa_nr_2022.dat 2 2028 SSBLCI 27.9272
Model_1_goa_nr_2022.dat 2 2028 SSBUCI 28.5249
Model_1_goa_nr_2022.dat 2 2028 SSBMedian 28.0837
Model_1_goa_nr_2022.dat 2 2028 SSBMean 28.1445
Model_1_goa_nr_2022.dat 2 2029 SSBF100 82.3497
Model_1_goa_nr_2022.dat 2 2029 SSBFabc 32.9399
Model_1_goa_nr_2022.dat 2 2029 SSBFofl 28.8224
Model_1_goa_nr_2022.dat 2 2029 SSBLCI 26.8126
Model_1_goa_nr_2022.dat 2 2029 SSBUCI 28.0433
Model_1_goa_nr_2022.dat 2 2029 SSBMedian 27.1501
Model_1_goa_nr_2022.dat 2 2029 SSBMean 27.2663
Model_1_goa_nr_2022.dat 2 2030 SSBF100 82.3497
Model_1_goa_nr_2022.dat 2 2030 SSBFabc 32.9399
Model_1_goa_nr_2022.dat 2 2030 SSBFofl 28.8224
Model_1_goa_nr_2022.dat 2 2030 SSBLCI 25.9344
Model_1_goa_nr_2022.dat 2 2030 SSBUCI 28.2124
Model_1_goa_nr_2022.dat 2 2030 SSBMedian 26.5865
Model_1_goa_nr_2022.dat 2 2030 SSBMean 26.7958
Model_1_goa_nr_2022.dat 2 2031 SSBF100 82.3497
Model_1_goa_nr_2022.dat 2 2031 SSBFabc 32.9399
Model_1_goa_nr_2022.dat 2 2031 SSBFofl 28.8224
Model_1_goa_nr_2022.dat 2 2031 SSBLCI 25.2468
Model_1_goa_nr_2022.dat 2 2031 SSBUCI 29.0402
Model_1_goa_nr_2022.dat 2 2031 SSBMedian 26.3695
Model_1_goa_nr_2022.dat 2 2031 SSBMean 26.7069
Model_1_goa_nr_2022.dat 2 2032 SSBF100 82.3497
Model_1_goa_nr_2022.dat 2 2032 SSBFabc 32.9399
Model_1_goa_nr_2022.dat 2 2032 SSBFofl 28.8224
Model_1_goa_nr_2022.dat 2 2032 SSBLCI 24.7313
Model_1_goa_nr_2022.dat 2 2032 SSBUCI 30.4854
Model_1_goa_nr_2022.dat 2 2032 SSBMedian 26.4781
Model_1_goa_nr_2022.dat 2 2032 SSBMean 26.944
Model_1_goa_nr_2022.dat 2 2033 SSBF100 82.3497
Model_1_goa_nr_2022.dat 2 2033 SSBFabc 32.9399
Model_1_goa_nr_2022.dat 2 2033 SSBFofl 28.8224
Model_1_goa_nr_2022.dat 2 2033 SSBLCI 24.3461
Model_1_goa_nr_2022.dat 2 2033 SSBUCI 31.9383
Model_1_goa_nr_2022.dat 2 2033 SSBMedian 26.8275
Model_1_goa_nr_2022.dat 2 2033 SSBMean 27.4162
Model_1_goa_nr_2022.dat 2 2034 SSBF100 82.3497
Model_1_goa_nr_2022.dat 2 2034 SSBFabc 32.9399
Model_1_goa_nr_2022.dat 2 2034 SSBFofl 28.8224
Model_1_goa_nr_2022.dat 2 2034 SSBLCI 24.0916
Model_1_goa_nr_2022.dat 2 2034 SSBUCI 33.683
Model_1_goa_nr_2022.dat 2 2034 SSBMedian 27.3521
Model_1_goa_nr_2022.dat 2 2034 SSBMean 28.0188
Model_1_goa_nr_2022.dat 2 2035 SSBF100 82.3497
Model_1_goa_nr_2022.dat 2 2035 SSBFabc 32.9399
Model_1_goa_nr_2022.dat 2 2035 SSBFofl 28.8224
Model_1_goa_nr_2022.dat 2 2035 SSBLCI 24.0736
Model_1_goa_nr_2022.dat 2 2035 SSBUCI 35.1642
Model_1_goa_nr_2022.dat 2 2035 SSBMedian 27.9396
Model_1_goa_nr_2022.dat 2 2035 SSBMean 28.6647
Model_1_goa_nr_2022.dat 2 2022 F0 0 
Model_1_goa_nr_2022.dat 2 2022 Fabc 0.0612999
Model_1_goa_nr_2022.dat 2 2022 Fofl 0.0736157
Model_1_goa_nr_2022.dat 2 2022  F_LCI 0.0233027
Model_1_goa_nr_2022.dat 2 2022  F_UCI 0.0233027
Model_1_goa_nr_2022.dat 2 2022  F_Median 0.0233027
Model_1_goa_nr_2022.dat 2 2022  F_Mean 0.0233027
Model_1_goa_nr_2022.dat 2 2023 F0 0 
Model_1_goa_nr_2022.dat 2 2023 Fabc 0.0612999
Model_1_goa_nr_2022.dat 2 2023 Fofl 0.0736157
Model_1_goa_nr_2022.dat 2 2023  F_LCI 0.0612999
Model_1_goa_nr_2022.dat 2 2023  F_UCI 0.0612999
Model_1_goa_nr_2022.dat 2 2023  F_Median 0.0612999
Model_1_goa_nr_2022.dat 2 2023  F_Mean 0.0612999
Model_1_goa_nr_2022.dat 2 2024 F0 0 
Model_1_goa_nr_2022.dat 2 2024 Fabc 0.0612999
Model_1_goa_nr_2022.dat 2 2024 Fofl 0.0736157
Model_1_goa_nr_2022.dat 2 2024  F_LCI 0.0612999
Model_1_goa_nr_2022.dat 2 2024  F_UCI 0.0612999
Model_1_goa_nr_2022.dat 2 2024  F_Median 0.0612999
Model_1_goa_nr_2022.dat 2 2024  F_Mean 0.0612999
Model_1_goa_nr_2022.dat 2 2025 F0 0 
Model_1_goa_nr_2022.dat 2 2025 Fabc 0.0612999
Model_1_goa_nr_2022.dat 2 2025 Fofl 0.0736157
Model_1_goa_nr_2022.dat 2 2025  F_LCI 0.0612999
Model_1_goa_nr_2022.dat 2 2025  F_UCI 0.0612999
Model_1_goa_nr_2022.dat 2 2025  F_Median 0.0612999
Model_1_goa_nr_2022.dat 2 2025  F_Mean 0.0612999
Model_1_goa_nr_2022.dat 2 2026 F0 0 
Model_1_goa_nr_2022.dat 2 2026 Fabc 0.0612999
Model_1_goa_nr_2022.dat 2 2026 Fofl 0.0736157
Model_1_goa_nr_2022.dat 2 2026  F_LCI 0.0578185
Model_1_goa_nr_2022.dat 2 2026  F_UCI 0.0580345
Model_1_goa_nr_2022.dat 2 2026  F_Median 0.0578746
Model_1_goa_nr_2022.dat 2 2026  F_Mean 0.0578943
Model_1_goa_nr_2022.dat 2 2027 F0 0 
Model_1_goa_nr_2022.dat 2 2027 Fabc 0.0612999
Model_1_goa_nr_2022.dat 2 2027 Fofl 0.0736157
Model_1_goa_nr_2022.dat 2 2027  F_LCI 0.054272
Model_1_goa_nr_2022.dat 2 2027  F_UCI 0.0547898
Model_1_goa_nr_2022.dat 2 2027  F_Median 0.0544084
Model_1_goa_nr_2022.dat 2 2027  F_Mean 0.0544593
Model_1_goa_nr_2022.dat 2 2028 F0 0 
Model_1_goa_nr_2022.dat 2 2028 Fabc 0.0612999
Model_1_goa_nr_2022.dat 2 2028 Fofl 0.0736157
Model_1_goa_nr_2022.dat 2 2028  F_LCI 0.0514804
Model_1_goa_nr_2022.dat 2 2028  F_UCI 0.0526513
Model_1_goa_nr_2022.dat 2 2028  F_Median 0.0517869
Model_1_goa_nr_2022.dat 2 2028  F_Mean 0.0519061
Model_1_goa_nr_2022.dat 2 2029 F0 0 
Model_1_goa_nr_2022.dat 2 2029 Fabc 0.0612999
Model_1_goa_nr_2022.dat 2 2029 Fofl 0.0736157
Model_1_goa_nr_2022.dat 2 2029  F_LCI 0.0492971
Model_1_goa_nr_2022.dat 2 2029  F_UCI 0.0517079
Model_1_goa_nr_2022.dat 2 2029  F_Median 0.0499582
Model_1_goa_nr_2022.dat 2 2029  F_Mean 0.0501858
Model_1_goa_nr_2022.dat 2 2030 F0 0 
Model_1_goa_nr_2022.dat 2 2030 Fabc 0.0612999
Model_1_goa_nr_2022.dat 2 2030 Fofl 0.0736157
Model_1_goa_nr_2022.dat 2 2030  F_LCI 0.0475766
Model_1_goa_nr_2022.dat 2 2030  F_UCI 0.0520392
Model_1_goa_nr_2022.dat 2 2030  F_Median 0.0488542
Model_1_goa_nr_2022.dat 2 2030  F_Mean 0.0492642
Model_1_goa_nr_2022.dat 2 2031 F0 0 
Model_1_goa_nr_2022.dat 2 2031 Fabc 0.0612999
Model_1_goa_nr_2022.dat 2 2031 Fofl 0.0736157
Model_1_goa_nr_2022.dat 2 2031  F_LCI 0.0462299
Model_1_goa_nr_2022.dat 2 2031  F_UCI 0.0536607
Model_1_goa_nr_2022.dat 2 2031  F_Median 0.048429
Model_1_goa_nr_2022.dat 2 2031  F_Mean 0.0490777
Model_1_goa_nr_2022.dat 2 2032 F0 0 
Model_1_goa_nr_2022.dat 2 2032 Fabc 0.0612999
Model_1_goa_nr_2022.dat 2 2032 Fofl 0.0736157
Model_1_goa_nr_2022.dat 2 2032  F_LCI 0.04522
Model_1_goa_nr_2022.dat 2 2032  F_UCI 0.0564917
Model_1_goa_nr_2022.dat 2 2032  F_Median 0.0486418
Model_1_goa_nr_2022.dat 2 2032  F_Mean 0.0494903
Model_1_goa_nr_2022.dat 2 2033 F0 0 
Model_1_goa_nr_2022.dat 2 2033 Fabc 0.0612999
Model_1_goa_nr_2022.dat 2 2033 Fofl 0.0736157
Model_1_goa_nr_2022.dat 2 2033  F_LCI 0.0444654
Model_1_goa_nr_2022.dat 2 2033  F_UCI 0.0593379
Model_1_goa_nr_2022.dat 2 2033  F_Median 0.0493263
Model_1_goa_nr_2022.dat 2 2033  F_Mean 0.050281
Model_1_goa_nr_2022.dat 2 2034 F0 0 
Model_1_goa_nr_2022.dat 2 2034 Fabc 0.0612999
Model_1_goa_nr_2022.dat 2 2034 Fofl 0.0736157
Model_1_goa_nr_2022.dat 2 2034  F_LCI 0.0439668
Model_1_goa_nr_2022.dat 2 2034  F_UCI 0.0612999
Model_1_goa_nr_2022.dat 2 2034  F_Median 0.0503539
Model_1_goa_nr_2022.dat 2 2034  F_Mean 0.0512584
Model_1_goa_nr_2022.dat 2 2035 F0 0 
Model_1_goa_nr_2022.dat 2 2035 Fabc 0.0612999
Model_1_goa_nr_2022.dat 2 2035 Fofl 0.0736157
Model_1_goa_nr_2022.dat 2 2035  F_LCI 0.0439315
Model_1_goa_nr_2022.dat 2 2035  F_UCI 0.0612999
Model_1_goa_nr_2022.dat 2 2035  F_Median 0.0515048
Model_1_goa_nr_2022.dat 2 2035  F_Mean 0.0522538
Model_1_goa_nr_2022.dat 3 2022 Cabc 4.75074
Model_1_goa_nr_2022.dat 3 2022 Cofl 5.07516
Model_1_goa_nr_2022.dat 3 2022 CLCI 2.00264
Model_1_goa_nr_2022.dat 3 2022 CUCI 2.00264
Model_1_goa_nr_2022.dat 3 2022 CMedian 2.00264
Model_1_goa_nr_2022.dat 3 2022 CMean 2.00264
Model_1_goa_nr_2022.dat 3 2023 Cabc 4.75074
Model_1_goa_nr_2022.dat 3 2023 Cofl 5.07516
Model_1_goa_nr_2022.dat 3 2023 CLCI 2.51933
Model_1_goa_nr_2022.dat 3 2023 CUCI 2.51934
Model_1_goa_nr_2022.dat 3 2023 CMedian 2.51934
Model_1_goa_nr_2022.dat 3 2023 CMean 2.51934
Model_1_goa_nr_2022.dat 3 2024 Cabc 4.75074
Model_1_goa_nr_2022.dat 3 2024 Cofl 5.07516
Model_1_goa_nr_2022.dat 3 2024 CLCI 2.41009
Model_1_goa_nr_2022.dat 3 2024 CUCI 2.41012
Model_1_goa_nr_2022.dat 3 2024 CMedian 2.41009
Model_1_goa_nr_2022.dat 3 2024 CMean 2.4101
Model_1_goa_nr_2022.dat 3 2025 Cabc 4.75074
Model_1_goa_nr_2022.dat 3 2025 Cofl 5.07516
Model_1_goa_nr_2022.dat 3 2025 CLCI 2.31917
Model_1_goa_nr_2022.dat 3 2025 CUCI 2.31942
Model_1_goa_nr_2022.dat 3 2025 CMedian 2.31922
Model_1_goa_nr_2022.dat 3 2025 CMean 2.31925
Model_1_goa_nr_2022.dat 3 2026 Cabc 4.75074
Model_1_goa_nr_2022.dat 3 2026 Cofl 5.07516
Model_1_goa_nr_2022.dat 3 2026 CLCI 2.24703
Model_1_goa_nr_2022.dat 3 2026 CUCI 2.24874
Model_1_goa_nr_2022.dat 3 2026 CMedian 2.24742
Model_1_goa_nr_2022.dat 3 2026 CMean 2.24759
Model_1_goa_nr_2022.dat 3 2027 Cabc 4.75074
Model_1_goa_nr_2022.dat 3 2027 Cofl 5.07516
Model_1_goa_nr_2022.dat 3 2027 CLCI 2.18046
Model_1_goa_nr_2022.dat 3 2027 CUCI 2.20168
Model_1_goa_nr_2022.dat 3 2027 CMedian 2.18784
Model_1_goa_nr_2022.dat 3 2027 CMean 2.18936
Model_1_goa_nr_2022.dat 3 2028 Cabc 4.75074
Model_1_goa_nr_2022.dat 3 2028 Cofl 5.07516
Model_1_goa_nr_2022.dat 3 2028 CLCI 2.06929
Model_1_goa_nr_2022.dat 3 2028 CUCI 2.15847
Model_1_goa_nr_2022.dat 3 2028 CMedian 2.09182
Model_1_goa_nr_2022.dat 3 2028 CMean 2.10055
Model_1_goa_nr_2022.dat 3 2029 Cabc 4.75074
Model_1_goa_nr_2022.dat 3 2029 Cofl 5.07516
Model_1_goa_nr_2022.dat 3 2029 CLCI 1.97479
Model_1_goa_nr_2022.dat 3 2029 CUCI 2.23887
Model_1_goa_nr_2022.dat 3 2029 CMedian 2.04177
Model_1_goa_nr_2022.dat 3 2029 CMean 2.06598
Model_1_goa_nr_2022.dat 3 2030 Cabc 4.75074
Model_1_goa_nr_2022.dat 3 2030 Cofl 5.07516
Model_1_goa_nr_2022.dat 3 2030 CLCI 1.89223
Model_1_goa_nr_2022.dat 3 2030 CUCI 2.43899
Model_1_goa_nr_2022.dat 3 2030 CMedian 2.03507
Model_1_goa_nr_2022.dat 3 2030 CMean 2.08869
Model_1_goa_nr_2022.dat 3 2031 Cabc 4.75074
Model_1_goa_nr_2022.dat 3 2031 Cofl 5.07516
Model_1_goa_nr_2022.dat 3 2031 CLCI 1.8263
Model_1_goa_nr_2022.dat 3 2031 CUCI 2.66518
Model_1_goa_nr_2022.dat 3 2031 CMedian 2.07376
Model_1_goa_nr_2022.dat 3 2031 CMean 2.14992
Model_1_goa_nr_2022.dat 3 2032 Cabc 4.75074
Model_1_goa_nr_2022.dat 3 2032 Cofl 5.07516
Model_1_goa_nr_2022.dat 3 2032 CLCI 1.79516
Model_1_goa_nr_2022.dat 3 2032 CUCI 2.81765
Model_1_goa_nr_2022.dat 3 2032 CMedian 2.14793
Model_1_goa_nr_2022.dat 3 2032 CMean 2.22944
Model_1_goa_nr_2022.dat 3 2033 Cabc 4.75074
Model_1_goa_nr_2022.dat 3 2033 Cofl 5.07516
Model_1_goa_nr_2022.dat 3 2033 CLCI 1.77212
Model_1_goa_nr_2022.dat 3 2033 CUCI 2.97514
Model_1_goa_nr_2022.dat 3 2033 CMedian 2.25693
Model_1_goa_nr_2022.dat 3 2033 CMean 2.31102
Model_1_goa_nr_2022.dat 3 2034 Cabc 4.75074
Model_1_goa_nr_2022.dat 3 2034 Cofl 5.07516
Model_1_goa_nr_2022.dat 3 2034 CLCI 1.76776
Model_1_goa_nr_2022.dat 3 2034 CUCI 3.13473
Model_1_goa_nr_2022.dat 3 2034 CMedian 2.36544
Model_1_goa_nr_2022.dat 3 2034 CMean 2.38959
Model_1_goa_nr_2022.dat 3 2035 Cabc 4.75074
Model_1_goa_nr_2022.dat 3 2035 Cofl 5.07516
Model_1_goa_nr_2022.dat 3 2035 CLCI 1.78872
Model_1_goa_nr_2022.dat 3 2035 CUCI 3.23693
Model_1_goa_nr_2022.dat 3 2035 CMedian 2.44897
Model_1_goa_nr_2022.dat 3 2035 CMean 2.46741
Model_1_goa_nr_2022.dat 3 2022 SSBF100 82.3497
Model_1_goa_nr_2022.dat 3 2022 SSBFabc 32.9399
Model_1_goa_nr_2022.dat 3 2022 SSBFofl 28.8224
Model_1_goa_nr_2022.dat 3 2022 SSBLCI 41.3992
Model_1_goa_nr_2022.dat 3 2022 SSBUCI 41.3992
Model_1_goa_nr_2022.dat 3 2022 SSBMedian 41.3992
Model_1_goa_nr_2022.dat 3 2022 SSBMean 41.3992
Model_1_goa_nr_2022.dat 3 2023 SSBF100 82.3497
Model_1_goa_nr_2022.dat 3 2023 SSBFabc 32.9399
Model_1_goa_nr_2022.dat 3 2023 SSBFofl 28.8224
Model_1_goa_nr_2022.dat 3 2023 SSBLCI 39.4662
Model_1_goa_nr_2022.dat 3 2023 SSBUCI 39.4686
Model_1_goa_nr_2022.dat 3 2023 SSBMedian 39.4667
Model_1_goa_nr_2022.dat 3 2023 SSBMean 39.4669
Model_1_goa_nr_2022.dat 3 2024 SSBF100 82.3497
Model_1_goa_nr_2022.dat 3 2024 SSBFabc 32.9399
Model_1_goa_nr_2022.dat 3 2024 SSBFofl 28.8224
Model_1_goa_nr_2022.dat 3 2024 SSBLCI 37.5361
Model_1_goa_nr_2022.dat 3 2024 SSBUCI 37.5478
Model_1_goa_nr_2022.dat 3 2024 SSBMedian 37.5389
Model_1_goa_nr_2022.dat 3 2024 SSBMean 37.5401
Model_1_goa_nr_2022.dat 3 2025 SSBF100 82.3497
Model_1_goa_nr_2022.dat 3 2025 SSBFabc 32.9399
Model_1_goa_nr_2022.dat 3 2025 SSBFofl 28.8224
Model_1_goa_nr_2022.dat 3 2025 SSBLCI 35.8275
Model_1_goa_nr_2022.dat 3 2025 SSBUCI 35.8669
Model_1_goa_nr_2022.dat 3 2025 SSBMedian 35.8376
Model_1_goa_nr_2022.dat 3 2025 SSBMean 35.8413
Model_1_goa_nr_2022.dat 3 2026 SSBF100 82.3497
Model_1_goa_nr_2022.dat 3 2026 SSBFabc 32.9399
Model_1_goa_nr_2022.dat 3 2026 SSBFofl 28.8224
Model_1_goa_nr_2022.dat 3 2026 SSBLCI 34.3505
Model_1_goa_nr_2022.dat 3 2026 SSBUCI 34.463
Model_1_goa_nr_2022.dat 3 2026 SSBMedian 34.3797
Model_1_goa_nr_2022.dat 3 2026 SSBMean 34.39
Model_1_goa_nr_2022.dat 3 2027 SSBF100 82.3497
Model_1_goa_nr_2022.dat 3 2027 SSBFabc 32.9399
Model_1_goa_nr_2022.dat 3 2027 SSBFofl 28.8224
Model_1_goa_nr_2022.dat 3 2027 SSBLCI 33.1085
Model_1_goa_nr_2022.dat 3 2027 SSBUCI 33.3825
Model_1_goa_nr_2022.dat 3 2027 SSBMedian 33.1805
Model_1_goa_nr_2022.dat 3 2027 SSBMean 33.2073
Model_1_goa_nr_2022.dat 3 2028 SSBF100 82.3497
Model_1_goa_nr_2022.dat 3 2028 SSBFabc 32.9399
Model_1_goa_nr_2022.dat 3 2028 SSBFofl 28.8224
Model_1_goa_nr_2022.dat 3 2028 SSBLCI 32.1008
Model_1_goa_nr_2022.dat 3 2028 SSBUCI 32.7198
Model_1_goa_nr_2022.dat 3 2028 SSBMedian 32.2618
Model_1_goa_nr_2022.dat 3 2028 SSBMean 32.3247
Model_1_goa_nr_2022.dat 3 2029 SSBF100 82.3497
Model_1_goa_nr_2022.dat 3 2029 SSBFabc 32.9399
Model_1_goa_nr_2022.dat 3 2029 SSBFofl 28.8224
Model_1_goa_nr_2022.dat 3 2029 SSBLCI 31.3099
Model_1_goa_nr_2022.dat 3 2029 SSBUCI 32.5842
Model_1_goa_nr_2022.dat 3 2029 SSBMedian 31.6575
Model_1_goa_nr_2022.dat 3 2029 SSBMean 31.7782
Model_1_goa_nr_2022.dat 3 2030 SSBF100 82.3497
Model_1_goa_nr_2022.dat 3 2030 SSBFabc 32.9399
Model_1_goa_nr_2022.dat 3 2030 SSBFofl 28.8224
Model_1_goa_nr_2022.dat 3 2030 SSBLCI 30.6848
Model_1_goa_nr_2022.dat 3 2030 SSBUCI 33.0628
Model_1_goa_nr_2022.dat 3 2030 SSBMedian 31.3564
Model_1_goa_nr_2022.dat 3 2030 SSBMean 31.581
Model_1_goa_nr_2022.dat 3 2031 SSBF100 82.3497
Model_1_goa_nr_2022.dat 3 2031 SSBFabc 32.9399
Model_1_goa_nr_2022.dat 3 2031 SSBFofl 28.8224
Model_1_goa_nr_2022.dat 3 2031 SSBLCI 30.195
Model_1_goa_nr_2022.dat 3 2031 SSBUCI 34.1961
Model_1_goa_nr_2022.dat 3 2031 SSBMedian 31.3753
Model_1_goa_nr_2022.dat 3 2031 SSBMean 31.7362
Model_1_goa_nr_2022.dat 3 2032 SSBF100 82.3497
Model_1_goa_nr_2022.dat 3 2032 SSBFabc 32.9399
Model_1_goa_nr_2022.dat 3 2032 SSBFofl 28.8224
Model_1_goa_nr_2022.dat 3 2032 SSBLCI 29.8294
Model_1_goa_nr_2022.dat 3 2032 SSBUCI 36.0186
Model_1_goa_nr_2022.dat 3 2032 SSBMedian 31.6899
Model_1_goa_nr_2022.dat 3 2032 SSBMean 32.2153
Model_1_goa_nr_2022.dat 3 2033 SSBF100 82.3497
Model_1_goa_nr_2022.dat 3 2033 SSBFabc 32.9399
Model_1_goa_nr_2022.dat 3 2033 SSBFofl 28.8224
Model_1_goa_nr_2022.dat 3 2033 SSBLCI 29.5602
Model_1_goa_nr_2022.dat 3 2033 SSBUCI 38.2153
Model_1_goa_nr_2022.dat 3 2033 SSBMedian 32.2388
Model_1_goa_nr_2022.dat 3 2033 SSBMean 32.949
Model_1_goa_nr_2022.dat 3 2034 SSBF100 82.3497
Model_1_goa_nr_2022.dat 3 2034 SSBFabc 32.9399
Model_1_goa_nr_2022.dat 3 2034 SSBFofl 28.8224
Model_1_goa_nr_2022.dat 3 2034 SSBLCI 29.4103
Model_1_goa_nr_2022.dat 3 2034 SSBUCI 40.5199
Model_1_goa_nr_2022.dat 3 2034 SSBMedian 33.0042
Model_1_goa_nr_2022.dat 3 2034 SSBMean 33.8445
Model_1_goa_nr_2022.dat 3 2035 SSBF100 82.3497
Model_1_goa_nr_2022.dat 3 2035 SSBFabc 32.9399
Model_1_goa_nr_2022.dat 3 2035 SSBFofl 28.8224
Model_1_goa_nr_2022.dat 3 2035 SSBLCI 29.4401
Model_1_goa_nr_2022.dat 3 2035 SSBUCI 42.9484
Model_1_goa_nr_2022.dat 3 2035 SSBMedian 33.8908
Model_1_goa_nr_2022.dat 3 2035 SSBMean 34.8162
Model_1_goa_nr_2022.dat 3 2022 F0 0 
Model_1_goa_nr_2022.dat 3 2022 Fabc 0.0612999
Model_1_goa_nr_2022.dat 3 2022 Fofl 0.0736157
Model_1_goa_nr_2022.dat 3 2022  F_LCI 0.0233027
Model_1_goa_nr_2022.dat 3 2022  F_UCI 0.0233027
Model_1_goa_nr_2022.dat 3 2022  F_Median 0.0233027
Model_1_goa_nr_2022.dat 3 2022  F_Mean 0.0233027
Model_1_goa_nr_2022.dat 3 2023 F0 0 
Model_1_goa_nr_2022.dat 3 2023 Fabc 0.0612999
Model_1_goa_nr_2022.dat 3 2023 Fofl 0.0736157
Model_1_goa_nr_2022.dat 3 2023  F_LCI 0.0306499
Model_1_goa_nr_2022.dat 3 2023  F_UCI 0.0306499
Model_1_goa_nr_2022.dat 3 2023  F_Median 0.0306499
Model_1_goa_nr_2022.dat 3 2023  F_Mean 0.0306499
Model_1_goa_nr_2022.dat 3 2024 F0 0 
Model_1_goa_nr_2022.dat 3 2024 Fabc 0.0612999
Model_1_goa_nr_2022.dat 3 2024 Fofl 0.0736157
Model_1_goa_nr_2022.dat 3 2024  F_LCI 0.0306499
Model_1_goa_nr_2022.dat 3 2024  F_UCI 0.0306499
Model_1_goa_nr_2022.dat 3 2024  F_Median 0.0306499
Model_1_goa_nr_2022.dat 3 2024  F_Mean 0.0306499
Model_1_goa_nr_2022.dat 3 2025 F0 0 
Model_1_goa_nr_2022.dat 3 2025 Fabc 0.0612999
Model_1_goa_nr_2022.dat 3 2025 Fofl 0.0736157
Model_1_goa_nr_2022.dat 3 2025  F_LCI 0.0306499
Model_1_goa_nr_2022.dat 3 2025  F_UCI 0.0306499
Model_1_goa_nr_2022.dat 3 2025  F_Median 0.0306499
Model_1_goa_nr_2022.dat 3 2025  F_Mean 0.0306499
Model_1_goa_nr_2022.dat 3 2026 F0 0 
Model_1_goa_nr_2022.dat 3 2026 Fabc 0.0612999
Model_1_goa_nr_2022.dat 3 2026 Fofl 0.0736157
Model_1_goa_nr_2022.dat 3 2026  F_LCI 0.0306499
Model_1_goa_nr_2022.dat 3 2026  F_UCI 0.0306499
Model_1_goa_nr_2022.dat 3 2026  F_Median 0.0306499
Model_1_goa_nr_2022.dat 3 2026  F_Mean 0.0306499
Model_1_goa_nr_2022.dat 3 2027 F0 0 
Model_1_goa_nr_2022.dat 3 2027 Fabc 0.0612999
Model_1_goa_nr_2022.dat 3 2027 Fofl 0.0736157
Model_1_goa_nr_2022.dat 3 2027  F_LCI 0.0304917
Model_1_goa_nr_2022.dat 3 2027  F_UCI 0.0306499
Model_1_goa_nr_2022.dat 3 2027  F_Median 0.0305614
Model_1_goa_nr_2022.dat 3 2027  F_Mean 0.0305701
Model_1_goa_nr_2022.dat 3 2028 F0 0 
Model_1_goa_nr_2022.dat 3 2028 Fabc 0.0612999
Model_1_goa_nr_2022.dat 3 2028 Fofl 0.0736157
Model_1_goa_nr_2022.dat 3 2028  F_LCI 0.0295245
Model_1_goa_nr_2022.dat 3 2028  F_UCI 0.0301238
Model_1_goa_nr_2022.dat 3 2028  F_Median 0.0296803
Model_1_goa_nr_2022.dat 3 2028  F_Mean 0.0297395
Model_1_goa_nr_2022.dat 3 2029 F0 0 
Model_1_goa_nr_2022.dat 3 2029 Fabc 0.0612999
Model_1_goa_nr_2022.dat 3 2029 Fofl 0.0736157
Model_1_goa_nr_2022.dat 3 2029  F_LCI 0.0287649
Model_1_goa_nr_2022.dat 3 2029  F_UCI 0.029997
Model_1_goa_nr_2022.dat 3 2029  F_Median 0.0291011
Model_1_goa_nr_2022.dat 3 2029  F_Mean 0.0292097
Model_1_goa_nr_2022.dat 3 2030 F0 0 
Model_1_goa_nr_2022.dat 3 2030 Fabc 0.0612999
Model_1_goa_nr_2022.dat 3 2030 Fofl 0.0736157
Model_1_goa_nr_2022.dat 3 2030  F_LCI 0.0281639
Model_1_goa_nr_2022.dat 3 2030  F_UCI 0.0304543
Model_1_goa_nr_2022.dat 3 2030  F_Median 0.0288136
Model_1_goa_nr_2022.dat 3 2030  F_Mean 0.028988
Model_1_goa_nr_2022.dat 3 2031 F0 0 
Model_1_goa_nr_2022.dat 3 2031 Fabc 0.0612999
Model_1_goa_nr_2022.dat 3 2031 Fofl 0.0736157
Model_1_goa_nr_2022.dat 3 2031  F_LCI 0.0276938
Model_1_goa_nr_2022.dat 3 2031  F_UCI 0.0306499
Model_1_goa_nr_2022.dat 3 2031  F_Median 0.0288315
Model_1_goa_nr_2022.dat 3 2031  F_Mean 0.0290174
Model_1_goa_nr_2022.dat 3 2032 F0 0 
Model_1_goa_nr_2022.dat 3 2032 Fabc 0.0612999
Model_1_goa_nr_2022.dat 3 2032 Fofl 0.0736157
Model_1_goa_nr_2022.dat 3 2032  F_LCI 0.027343
Model_1_goa_nr_2022.dat 3 2032  F_UCI 0.0306499
Model_1_goa_nr_2022.dat 3 2032  F_Median 0.0291336
Model_1_goa_nr_2022.dat 3 2032  F_Mean 0.0291945
Model_1_goa_nr_2022.dat 3 2033 F0 0 
Model_1_goa_nr_2022.dat 3 2033 Fabc 0.0612999
Model_1_goa_nr_2022.dat 3 2033 Fofl 0.0736157
Model_1_goa_nr_2022.dat 3 2033  F_LCI 0.0270837
Model_1_goa_nr_2022.dat 3 2033  F_UCI 0.0306499
Model_1_goa_nr_2022.dat 3 2033  F_Median 0.0296594
Model_1_goa_nr_2022.dat 3 2033  F_Mean 0.0294064
Model_1_goa_nr_2022.dat 3 2034 F0 0 
Model_1_goa_nr_2022.dat 3 2034 Fabc 0.0612999
Model_1_goa_nr_2022.dat 3 2034 Fofl 0.0736157
Model_1_goa_nr_2022.dat 3 2034  F_LCI 0.0269422
Model_1_goa_nr_2022.dat 3 2034  F_UCI 0.0306499
Model_1_goa_nr_2022.dat 3 2034  F_Median 0.0303928
Model_1_goa_nr_2022.dat 3 2034  F_Mean 0.0296154
Model_1_goa_nr_2022.dat 3 2035 F0 0 
Model_1_goa_nr_2022.dat 3 2035 Fabc 0.0612999
Model_1_goa_nr_2022.dat 3 2035 Fofl 0.0736157
Model_1_goa_nr_2022.dat 3 2035  F_LCI 0.0269716
Model_1_goa_nr_2022.dat 3 2035  F_UCI 0.0306499
Model_1_goa_nr_2022.dat 3 2035  F_Median 0.0306499
Model_1_goa_nr_2022.dat 3 2035  F_Mean 0.0298117
Model_1_goa_nr_2022.dat 4 2022 Cabc 4.75074
Model_1_goa_nr_2022.dat 4 2022 Cofl 5.07516
Model_1_goa_nr_2022.dat 4 2022 CLCI 2.00264
Model_1_goa_nr_2022.dat 4 2022 CUCI 2.00264
Model_1_goa_nr_2022.dat 4 2022 CMedian 2.00264
Model_1_goa_nr_2022.dat 4 2022 CMean 2.00264
Model_1_goa_nr_2022.dat 4 2023 Cabc 4.75074
Model_1_goa_nr_2022.dat 4 2023 Cofl 5.07516
Model_1_goa_nr_2022.dat 4 2023 CLCI 2.03865
Model_1_goa_nr_2022.dat 4 2023 CUCI 2.03866
Model_1_goa_nr_2022.dat 4 2023 CMedian 2.03865
Model_1_goa_nr_2022.dat 4 2023 CMean 2.03866
Model_1_goa_nr_2022.dat 4 2024 Cabc 4.75074
Model_1_goa_nr_2022.dat 4 2024 Cofl 5.07516
Model_1_goa_nr_2022.dat 4 2024 CLCI 1.96143
Model_1_goa_nr_2022.dat 4 2024 CUCI 1.96145
Model_1_goa_nr_2022.dat 4 2024 CMedian 1.96143
Model_1_goa_nr_2022.dat 4 2024 CMean 1.96143
Model_1_goa_nr_2022.dat 4 2025 Cabc 4.75074
Model_1_goa_nr_2022.dat 4 2025 Cofl 5.07516
Model_1_goa_nr_2022.dat 4 2025 CLCI 1.89785
Model_1_goa_nr_2022.dat 4 2025 CUCI 1.89805
Model_1_goa_nr_2022.dat 4 2025 CMedian 1.89789
Model_1_goa_nr_2022.dat 4 2025 CMean 1.89791
Model_1_goa_nr_2022.dat 4 2026 Cabc 4.75074
Model_1_goa_nr_2022.dat 4 2026 Cofl 5.07516
Model_1_goa_nr_2022.dat 4 2026 CLCI 1.84843
Model_1_goa_nr_2022.dat 4 2026 CUCI 1.8498
Model_1_goa_nr_2022.dat 4 2026 CMedian 1.84874
Model_1_goa_nr_2022.dat 4 2026 CMean 1.84888
Model_1_goa_nr_2022.dat 4 2027 Cabc 4.75074
Model_1_goa_nr_2022.dat 4 2027 Cofl 5.07516
Model_1_goa_nr_2022.dat 4 2027 CLCI 1.81168
Model_1_goa_nr_2022.dat 4 2027 CUCI 1.81976
Model_1_goa_nr_2022.dat 4 2027 CMedian 1.81358
Model_1_goa_nr_2022.dat 4 2027 CMean 1.81436
Model_1_goa_nr_2022.dat 4 2028 Cabc 4.75074
Model_1_goa_nr_2022.dat 4 2028 Cofl 5.07516
Model_1_goa_nr_2022.dat 4 2028 CLCI 1.78257
Model_1_goa_nr_2022.dat 4 2028 CUCI 1.82352
Model_1_goa_nr_2022.dat 4 2028 CMedian 1.79225
Model_1_goa_nr_2022.dat 4 2028 CMean 1.79627
Model_1_goa_nr_2022.dat 4 2029 Cabc 4.75074
Model_1_goa_nr_2022.dat 4 2029 Cofl 5.07516
Model_1_goa_nr_2022.dat 4 2029 CLCI 1.7512
Model_1_goa_nr_2022.dat 4 2029 CUCI 1.90058
Model_1_goa_nr_2022.dat 4 2029 CMedian 1.78865
Model_1_goa_nr_2022.dat 4 2029 CMean 1.80285
Model_1_goa_nr_2022.dat 4 2030 Cabc 4.75074
Model_1_goa_nr_2022.dat 4 2030 Cofl 5.07516
Model_1_goa_nr_2022.dat 4 2030 CLCI 1.71671
Model_1_goa_nr_2022.dat 4 2030 CUCI 2.05018
Model_1_goa_nr_2022.dat 4 2030 CMedian 1.80404
Model_1_goa_nr_2022.dat 4 2030 CMean 1.83767
Model_1_goa_nr_2022.dat 4 2031 Cabc 4.75074
Model_1_goa_nr_2022.dat 4 2031 Cofl 5.07516
Model_1_goa_nr_2022.dat 4 2031 CLCI 1.69088
Model_1_goa_nr_2022.dat 4 2031 CUCI 2.22083
Model_1_goa_nr_2022.dat 4 2031 CMedian 1.84183
Model_1_goa_nr_2022.dat 4 2031 CMean 1.88913
Model_1_goa_nr_2022.dat 4 2032 Cabc 4.75074
Model_1_goa_nr_2022.dat 4 2032 Cofl 5.07516
Model_1_goa_nr_2022.dat 4 2032 CLCI 1.68273
Model_1_goa_nr_2022.dat 4 2032 CUCI 2.35386
Model_1_goa_nr_2022.dat 4 2032 CMedian 1.89069
Model_1_goa_nr_2022.dat 4 2032 CMean 1.94712
Model_1_goa_nr_2022.dat 4 2033 Cabc 4.75074
Model_1_goa_nr_2022.dat 4 2033 Cofl 5.07516
Model_1_goa_nr_2022.dat 4 2033 CLCI 1.67912
Model_1_goa_nr_2022.dat 4 2033 CUCI 2.48655
Model_1_goa_nr_2022.dat 4 2033 CMedian 1.94814
Model_1_goa_nr_2022.dat 4 2033 CMean 2.00531
Model_1_goa_nr_2022.dat 4 2034 Cabc 4.75074
Model_1_goa_nr_2022.dat 4 2034 Cofl 5.07516
Model_1_goa_nr_2022.dat 4 2034 CLCI 1.67566
Model_1_goa_nr_2022.dat 4 2034 CUCI 2.61276
Model_1_goa_nr_2022.dat 4 2034 CMedian 2.0056
Model_1_goa_nr_2022.dat 4 2034 CMean 2.06177
Model_1_goa_nr_2022.dat 4 2035 Cabc 4.75074
Model_1_goa_nr_2022.dat 4 2035 Cofl 5.07516
Model_1_goa_nr_2022.dat 4 2035 CLCI 1.69019
Model_1_goa_nr_2022.dat 4 2035 CUCI 2.71446
Model_1_goa_nr_2022.dat 4 2035 CMedian 2.06463
Model_1_goa_nr_2022.dat 4 2035 CMean 2.11872
Model_1_goa_nr_2022.dat 4 2022 SSBF100 82.3497
Model_1_goa_nr_2022.dat 4 2022 SSBFabc 32.9399
Model_1_goa_nr_2022.dat 4 2022 SSBFofl 28.8224
Model_1_goa_nr_2022.dat 4 2022 SSBLCI 41.3992
Model_1_goa_nr_2022.dat 4 2022 SSBUCI 41.3992
Model_1_goa_nr_2022.dat 4 2022 SSBMedian 41.3992
Model_1_goa_nr_2022.dat 4 2022 SSBMean 41.3992
Model_1_goa_nr_2022.dat 4 2023 SSBF100 82.3497
Model_1_goa_nr_2022.dat 4 2023 SSBFabc 32.9399
Model_1_goa_nr_2022.dat 4 2023 SSBFofl 28.8224
Model_1_goa_nr_2022.dat 4 2023 SSBLCI 39.5434
Model_1_goa_nr_2022.dat 4 2023 SSBUCI 39.5459
Model_1_goa_nr_2022.dat 4 2023 SSBMedian 39.544
Model_1_goa_nr_2022.dat 4 2023 SSBMean 39.5442
Model_1_goa_nr_2022.dat 4 2024 SSBF100 82.3497
Model_1_goa_nr_2022.dat 4 2024 SSBFabc 32.9399
Model_1_goa_nr_2022.dat 4 2024 SSBFofl 28.8224
Model_1_goa_nr_2022.dat 4 2024 SSBLCI 37.8291
Model_1_goa_nr_2022.dat 4 2024 SSBUCI 37.8408
Model_1_goa_nr_2022.dat 4 2024 SSBMedian 37.8318
Model_1_goa_nr_2022.dat 4 2024 SSBMean 37.833
Model_1_goa_nr_2022.dat 4 2025 SSBF100 82.3497
Model_1_goa_nr_2022.dat 4 2025 SSBFabc 32.9399
Model_1_goa_nr_2022.dat 4 2025 SSBFofl 28.8224
Model_1_goa_nr_2022.dat 4 2025 SSBLCI 36.3142
Model_1_goa_nr_2022.dat 4 2025 SSBUCI 36.3535
Model_1_goa_nr_2022.dat 4 2025 SSBMedian 36.3242
Model_1_goa_nr_2022.dat 4 2025 SSBMean 36.328
Model_1_goa_nr_2022.dat 4 2026 SSBF100 82.3497
Model_1_goa_nr_2022.dat 4 2026 SSBFabc 32.9399
Model_1_goa_nr_2022.dat 4 2026 SSBFofl 28.8224
Model_1_goa_nr_2022.dat 4 2026 SSBLCI 35.0113
Model_1_goa_nr_2022.dat 4 2026 SSBUCI 35.1239
Model_1_goa_nr_2022.dat 4 2026 SSBMedian 35.0405
Model_1_goa_nr_2022.dat 4 2026 SSBMean 35.0508
Model_1_goa_nr_2022.dat 4 2027 SSBF100 82.3497
Model_1_goa_nr_2022.dat 4 2027 SSBFabc 32.9399
Model_1_goa_nr_2022.dat 4 2027 SSBFofl 28.8224
Model_1_goa_nr_2022.dat 4 2027 SSBLCI 33.9247
Model_1_goa_nr_2022.dat 4 2027 SSBUCI 34.2005
Model_1_goa_nr_2022.dat 4 2027 SSBMedian 33.9974
Model_1_goa_nr_2022.dat 4 2027 SSBMean 34.0244
Model_1_goa_nr_2022.dat 4 2028 SSBF100 82.3497
Model_1_goa_nr_2022.dat 4 2028 SSBFabc 32.9399
Model_1_goa_nr_2022.dat 4 2028 SSBFofl 28.8224
Model_1_goa_nr_2022.dat 4 2028 SSBLCI 33.0443
Model_1_goa_nr_2022.dat 4 2028 SSBUCI 33.6748
Model_1_goa_nr_2022.dat 4 2028 SSBMedian 33.2091
Model_1_goa_nr_2022.dat 4 2028 SSBMean 33.273
Model_1_goa_nr_2022.dat 4 2029 SSBF100 82.3497
Model_1_goa_nr_2022.dat 4 2029 SSBFabc 32.9399
Model_1_goa_nr_2022.dat 4 2029 SSBFofl 28.8224
Model_1_goa_nr_2022.dat 4 2029 SSBLCI 32.3418
Model_1_goa_nr_2022.dat 4 2029 SSBUCI 33.6509
Model_1_goa_nr_2022.dat 4 2029 SSBMedian 32.7001
Model_1_goa_nr_2022.dat 4 2029 SSBMean 32.8241
Model_1_goa_nr_2022.dat 4 2030 SSBF100 82.3497
Model_1_goa_nr_2022.dat 4 2030 SSBFabc 32.9399
Model_1_goa_nr_2022.dat 4 2030 SSBFofl 28.8224
Model_1_goa_nr_2022.dat 4 2030 SSBLCI 31.777
Model_1_goa_nr_2022.dat 4 2030 SSBUCI 34.2493
Model_1_goa_nr_2022.dat 4 2030 SSBMedian 32.4704
Model_1_goa_nr_2022.dat 4 2030 SSBMean 32.7045
Model_1_goa_nr_2022.dat 4 2031 SSBF100 82.3497
Model_1_goa_nr_2022.dat 4 2031 SSBFabc 32.9399
Model_1_goa_nr_2022.dat 4 2031 SSBFofl 28.8224
Model_1_goa_nr_2022.dat 4 2031 SSBLCI 31.3222
Model_1_goa_nr_2022.dat 4 2031 SSBUCI 35.4866
Model_1_goa_nr_2022.dat 4 2031 SSBMedian 32.5577
Model_1_goa_nr_2022.dat 4 2031 SSBMean 32.9299
Model_1_goa_nr_2022.dat 4 2032 SSBF100 82.3497
Model_1_goa_nr_2022.dat 4 2032 SSBFabc 32.9399
Model_1_goa_nr_2022.dat 4 2032 SSBFofl 28.8224
Model_1_goa_nr_2022.dat 4 2032 SSBLCI 30.9781
Model_1_goa_nr_2022.dat 4 2032 SSBUCI 37.4522
Model_1_goa_nr_2022.dat 4 2032 SSBMedian 32.929
Model_1_goa_nr_2022.dat 4 2032 SSBMean 33.4822
Model_1_goa_nr_2022.dat 4 2033 SSBF100 82.3497
Model_1_goa_nr_2022.dat 4 2033 SSBFabc 32.9399
Model_1_goa_nr_2022.dat 4 2033 SSBFofl 28.8224
Model_1_goa_nr_2022.dat 4 2033 SSBLCI 30.7125
Model_1_goa_nr_2022.dat 4 2033 SSBUCI 39.8594
Model_1_goa_nr_2022.dat 4 2033 SSBMedian 33.5426
Model_1_goa_nr_2022.dat 4 2033 SSBMean 34.2981
Model_1_goa_nr_2022.dat 4 2034 SSBF100 82.3497
Model_1_goa_nr_2022.dat 4 2034 SSBFabc 32.9399
Model_1_goa_nr_2022.dat 4 2034 SSBFofl 28.8224
Model_1_goa_nr_2022.dat 4 2034 SSBLCI 30.5706
Model_1_goa_nr_2022.dat 4 2034 SSBUCI 42.2888
Model_1_goa_nr_2022.dat 4 2034 SSBMedian 34.4085
Model_1_goa_nr_2022.dat 4 2034 SSBMean 35.2861
Model_1_goa_nr_2022.dat 4 2035 SSBF100 82.3497
Model_1_goa_nr_2022.dat 4 2035 SSBFabc 32.9399
Model_1_goa_nr_2022.dat 4 2035 SSBFofl 28.8224
Model_1_goa_nr_2022.dat 4 2035 SSBLCI 30.5875
Model_1_goa_nr_2022.dat 4 2035 SSBUCI 44.9075
Model_1_goa_nr_2022.dat 4 2035 SSBMedian 35.3923
Model_1_goa_nr_2022.dat 4 2035 SSBMean 36.36
Model_1_goa_nr_2022.dat 4 2022 F0 0 
Model_1_goa_nr_2022.dat 4 2022 Fabc 0.0612999
Model_1_goa_nr_2022.dat 4 2022 Fofl 0.0736157
Model_1_goa_nr_2022.dat 4 2022  F_LCI 0.0233027
Model_1_goa_nr_2022.dat 4 2022  F_UCI 0.0233027
Model_1_goa_nr_2022.dat 4 2022  F_Median 0.0233027
Model_1_goa_nr_2022.dat 4 2022  F_Mean 0.0233027
Model_1_goa_nr_2022.dat 4 2023 F0 0 
Model_1_goa_nr_2022.dat 4 2023 Fabc 0.0612999
Model_1_goa_nr_2022.dat 4 2023 Fofl 0.0736157
Model_1_goa_nr_2022.dat 4 2023  F_LCI 0.0247309
Model_1_goa_nr_2022.dat 4 2023  F_UCI 0.0247309
Model_1_goa_nr_2022.dat 4 2023  F_Median 0.0247309
Model_1_goa_nr_2022.dat 4 2023  F_Mean 0.0247309
Model_1_goa_nr_2022.dat 4 2024 F0 0 
Model_1_goa_nr_2022.dat 4 2024 Fabc 0.0612999
Model_1_goa_nr_2022.dat 4 2024 Fofl 0.0736157
Model_1_goa_nr_2022.dat 4 2024  F_LCI 0.0247309
Model_1_goa_nr_2022.dat 4 2024  F_UCI 0.0247309
Model_1_goa_nr_2022.dat 4 2024  F_Median 0.0247309
Model_1_goa_nr_2022.dat 4 2024  F_Mean 0.0247309
Model_1_goa_nr_2022.dat 4 2025 F0 0 
Model_1_goa_nr_2022.dat 4 2025 Fabc 0.0612999
Model_1_goa_nr_2022.dat 4 2025 Fofl 0.0736157
Model_1_goa_nr_2022.dat 4 2025  F_LCI 0.0247309
Model_1_goa_nr_2022.dat 4 2025  F_UCI 0.0247309
Model_1_goa_nr_2022.dat 4 2025  F_Median 0.0247309
Model_1_goa_nr_2022.dat 4 2025  F_Mean 0.0247309
Model_1_goa_nr_2022.dat 4 2026 F0 0 
Model_1_goa_nr_2022.dat 4 2026 Fabc 0.0612999
Model_1_goa_nr_2022.dat 4 2026 Fofl 0.0736157
Model_1_goa_nr_2022.dat 4 2026  F_LCI 0.0247309
Model_1_goa_nr_2022.dat 4 2026  F_UCI 0.0247309
Model_1_goa_nr_2022.dat 4 2026  F_Median 0.0247309
Model_1_goa_nr_2022.dat 4 2026  F_Mean 0.0247309
Model_1_goa_nr_2022.dat 4 2027 F0 0 
Model_1_goa_nr_2022.dat 4 2027 Fabc 0.0612999
Model_1_goa_nr_2022.dat 4 2027 Fofl 0.0736157
Model_1_goa_nr_2022.dat 4 2027  F_LCI 0.0247309
Model_1_goa_nr_2022.dat 4 2027  F_UCI 0.0247309
Model_1_goa_nr_2022.dat 4 2027  F_Median 0.0247309
Model_1_goa_nr_2022.dat 4 2027  F_Mean 0.0247309
Model_1_goa_nr_2022.dat 4 2028 F0 0 
Model_1_goa_nr_2022.dat 4 2028 Fabc 0.0612999
Model_1_goa_nr_2022.dat 4 2028 Fofl 0.0736157
Model_1_goa_nr_2022.dat 4 2028  F_LCI 0.0247309
Model_1_goa_nr_2022.dat 4 2028  F_UCI 0.0247309
Model_1_goa_nr_2022.dat 4 2028  F_Median 0.0247309
Model_1_goa_nr_2022.dat 4 2028  F_Mean 0.0247309
Model_1_goa_nr_2022.dat 4 2029 F0 0 
Model_1_goa_nr_2022.dat 4 2029 Fabc 0.0612999
Model_1_goa_nr_2022.dat 4 2029 Fofl 0.0736157
Model_1_goa_nr_2022.dat 4 2029  F_LCI 0.0247309
Model_1_goa_nr_2022.dat 4 2029  F_UCI 0.0247309
Model_1_goa_nr_2022.dat 4 2029  F_Median 0.0247309
Model_1_goa_nr_2022.dat 4 2029  F_Mean 0.0247309
Model_1_goa_nr_2022.dat 4 2030 F0 0 
Model_1_goa_nr_2022.dat 4 2030 Fabc 0.0612999
Model_1_goa_nr_2022.dat 4 2030 Fofl 0.0736157
Model_1_goa_nr_2022.dat 4 2030  F_LCI 0.0247309
Model_1_goa_nr_2022.dat 4 2030  F_UCI 0.0247309
Model_1_goa_nr_2022.dat 4 2030  F_Median 0.0247309
Model_1_goa_nr_2022.dat 4 2030  F_Mean 0.0247309
Model_1_goa_nr_2022.dat 4 2031 F0 0 
Model_1_goa_nr_2022.dat 4 2031 Fabc 0.0612999
Model_1_goa_nr_2022.dat 4 2031 Fofl 0.0736157
Model_1_goa_nr_2022.dat 4 2031  F_LCI 0.0247309
Model_1_goa_nr_2022.dat 4 2031  F_UCI 0.0247309
Model_1_goa_nr_2022.dat 4 2031  F_Median 0.0247309
Model_1_goa_nr_2022.dat 4 2031  F_Mean 0.0247309
Model_1_goa_nr_2022.dat 4 2032 F0 0 
Model_1_goa_nr_2022.dat 4 2032 Fabc 0.0612999
Model_1_goa_nr_2022.dat 4 2032 Fofl 0.0736157
Model_1_goa_nr_2022.dat 4 2032  F_LCI 0.0247309
Model_1_goa_nr_2022.dat 4 2032  F_UCI 0.0247309
Model_1_goa_nr_2022.dat 4 2032  F_Median 0.0247309
Model_1_goa_nr_2022.dat 4 2032  F_Mean 0.0247309
Model_1_goa_nr_2022.dat 4 2033 F0 0 
Model_1_goa_nr_2022.dat 4 2033 Fabc 0.0612999
Model_1_goa_nr_2022.dat 4 2033 Fofl 0.0736157
Model_1_goa_nr_2022.dat 4 2033  F_LCI 0.0247309
Model_1_goa_nr_2022.dat 4 2033  F_UCI 0.0247309
Model_1_goa_nr_2022.dat 4 2033  F_Median 0.0247309
Model_1_goa_nr_2022.dat 4 2033  F_Mean 0.0247309
Model_1_goa_nr_2022.dat 4 2034 F0 0 
Model_1_goa_nr_2022.dat 4 2034 Fabc 0.0612999
Model_1_goa_nr_2022.dat 4 2034 Fofl 0.0736157
Model_1_goa_nr_2022.dat 4 2034  F_LCI 0.0247309
Model_1_goa_nr_2022.dat 4 2034  F_UCI 0.0247309
Model_1_goa_nr_2022.dat 4 2034  F_Median 0.0247309
Model_1_goa_nr_2022.dat 4 2034  F_Mean 0.0247309
Model_1_goa_nr_2022.dat 4 2035 F0 0 
Model_1_goa_nr_2022.dat 4 2035 Fabc 0.0612999
Model_1_goa_nr_2022.dat 4 2035 Fofl 0.0736157
Model_1_goa_nr_2022.dat 4 2035  F_LCI 0.0247309
Model_1_goa_nr_2022.dat 4 2035  F_UCI 0.0247309
Model_1_goa_nr_2022.dat 4 2035  F_Median 0.0247309
Model_1_goa_nr_2022.dat 4 2035  F_Mean 0.0247309
Model_1_goa_nr_2022.dat 5 2022 Cabc 4.75074
Model_1_goa_nr_2022.dat 5 2022 Cofl 5.07516
Model_1_goa_nr_2022.dat 5 2022 CLCI 2.00264
Model_1_goa_nr_2022.dat 5 2022 CUCI 2.00264
Model_1_goa_nr_2022.dat 5 2022 CMedian 2.00264
Model_1_goa_nr_2022.dat 5 2022 CMean 2.00264
Model_1_goa_nr_2022.dat 5 2023 Cabc 4.75074
Model_1_goa_nr_2022.dat 5 2023 Cofl 5.07516
Model_1_goa_nr_2022.dat 5 2023 CLCI 0
Model_1_goa_nr_2022.dat 5 2023 CUCI 0
Model_1_goa_nr_2022.dat 5 2023 CMedian 0
Model_1_goa_nr_2022.dat 5 2023 CMean 0
Model_1_goa_nr_2022.dat 5 2024 Cabc 4.75074
Model_1_goa_nr_2022.dat 5 2024 Cofl 5.07516
Model_1_goa_nr_2022.dat 5 2024 CLCI 0
Model_1_goa_nr_2022.dat 5 2024 CUCI 0
Model_1_goa_nr_2022.dat 5 2024 CMedian 0
Model_1_goa_nr_2022.dat 5 2024 CMean 0
Model_1_goa_nr_2022.dat 5 2025 Cabc 4.75074
Model_1_goa_nr_2022.dat 5 2025 Cofl 5.07516
Model_1_goa_nr_2022.dat 5 2025 CLCI 0
Model_1_goa_nr_2022.dat 5 2025 CUCI 0
Model_1_goa_nr_2022.dat 5 2025 CMedian 0
Model_1_goa_nr_2022.dat 5 2025 CMean 0
Model_1_goa_nr_2022.dat 5 2026 Cabc 4.75074
Model_1_goa_nr_2022.dat 5 2026 Cofl 5.07516
Model_1_goa_nr_2022.dat 5 2026 CLCI 0
Model_1_goa_nr_2022.dat 5 2026 CUCI 0
Model_1_goa_nr_2022.dat 5 2026 CMedian 0
Model_1_goa_nr_2022.dat 5 2026 CMean 0
Model_1_goa_nr_2022.dat 5 2027 Cabc 4.75074
Model_1_goa_nr_2022.dat 5 2027 Cofl 5.07516
Model_1_goa_nr_2022.dat 5 2027 CLCI 0
Model_1_goa_nr_2022.dat 5 2027 CUCI 0
Model_1_goa_nr_2022.dat 5 2027 CMedian 0
Model_1_goa_nr_2022.dat 5 2027 CMean 0
Model_1_goa_nr_2022.dat 5 2028 Cabc 4.75074
Model_1_goa_nr_2022.dat 5 2028 Cofl 5.07516
Model_1_goa_nr_2022.dat 5 2028 CLCI 0
Model_1_goa_nr_2022.dat 5 2028 CUCI 0
Model_1_goa_nr_2022.dat 5 2028 CMedian 0
Model_1_goa_nr_2022.dat 5 2028 CMean 0
Model_1_goa_nr_2022.dat 5 2029 Cabc 4.75074
Model_1_goa_nr_2022.dat 5 2029 Cofl 5.07516
Model_1_goa_nr_2022.dat 5 2029 CLCI 0
Model_1_goa_nr_2022.dat 5 2029 CUCI 0
Model_1_goa_nr_2022.dat 5 2029 CMedian 0
Model_1_goa_nr_2022.dat 5 2029 CMean 0
Model_1_goa_nr_2022.dat 5 2030 Cabc 4.75074
Model_1_goa_nr_2022.dat 5 2030 Cofl 5.07516
Model_1_goa_nr_2022.dat 5 2030 CLCI 0
Model_1_goa_nr_2022.dat 5 2030 CUCI 0
Model_1_goa_nr_2022.dat 5 2030 CMedian 0
Model_1_goa_nr_2022.dat 5 2030 CMean 0
Model_1_goa_nr_2022.dat 5 2031 Cabc 4.75074
Model_1_goa_nr_2022.dat 5 2031 Cofl 5.07516
Model_1_goa_nr_2022.dat 5 2031 CLCI 0
Model_1_goa_nr_2022.dat 5 2031 CUCI 0
Model_1_goa_nr_2022.dat 5 2031 CMedian 0
Model_1_goa_nr_2022.dat 5 2031 CMean 0
Model_1_goa_nr_2022.dat 5 2032 Cabc 4.75074
Model_1_goa_nr_2022.dat 5 2032 Cofl 5.07516
Model_1_goa_nr_2022.dat 5 2032 CLCI 0
Model_1_goa_nr_2022.dat 5 2032 CUCI 0
Model_1_goa_nr_2022.dat 5 2032 CMedian 0
Model_1_goa_nr_2022.dat 5 2032 CMean 0
Model_1_goa_nr_2022.dat 5 2033 Cabc 4.75074
Model_1_goa_nr_2022.dat 5 2033 Cofl 5.07516
Model_1_goa_nr_2022.dat 5 2033 CLCI 0
Model_1_goa_nr_2022.dat 5 2033 CUCI 0
Model_1_goa_nr_2022.dat 5 2033 CMedian 0
Model_1_goa_nr_2022.dat 5 2033 CMean 0
Model_1_goa_nr_2022.dat 5 2034 Cabc 4.75074
Model_1_goa_nr_2022.dat 5 2034 Cofl 5.07516
Model_1_goa_nr_2022.dat 5 2034 CLCI 0
Model_1_goa_nr_2022.dat 5 2034 CUCI 0
Model_1_goa_nr_2022.dat 5 2034 CMedian 0
Model_1_goa_nr_2022.dat 5 2034 CMean 0
Model_1_goa_nr_2022.dat 5 2035 Cabc 4.75074
Model_1_goa_nr_2022.dat 5 2035 Cofl 5.07516
Model_1_goa_nr_2022.dat 5 2035 CLCI 0
Model_1_goa_nr_2022.dat 5 2035 CUCI 0
Model_1_goa_nr_2022.dat 5 2035 CMedian 0
Model_1_goa_nr_2022.dat 5 2035 CMean 0
Model_1_goa_nr_2022.dat 5 2022 SSBF100 82.3497
Model_1_goa_nr_2022.dat 5 2022 SSBFabc 32.9399
Model_1_goa_nr_2022.dat 5 2022 SSBFofl 28.8224
Model_1_goa_nr_2022.dat 5 2022 SSBLCI 41.3992
Model_1_goa_nr_2022.dat 5 2022 SSBUCI 41.3992
Model_1_goa_nr_2022.dat 5 2022 SSBMedian 41.3992
Model_1_goa_nr_2022.dat 5 2022 SSBMean 41.3992
Model_1_goa_nr_2022.dat 5 2023 SSBF100 82.3497
Model_1_goa_nr_2022.dat 5 2023 SSBFabc 32.9399
Model_1_goa_nr_2022.dat 5 2023 SSBFofl 28.8224
Model_1_goa_nr_2022.dat 5 2023 SSBLCI 39.868
Model_1_goa_nr_2022.dat 5 2023 SSBUCI 39.8705
Model_1_goa_nr_2022.dat 5 2023 SSBMedian 39.8685
Model_1_goa_nr_2022.dat 5 2023 SSBMean 39.8688
Model_1_goa_nr_2022.dat 5 2024 SSBF100 82.3497
Model_1_goa_nr_2022.dat 5 2024 SSBFabc 32.9399
Model_1_goa_nr_2022.dat 5 2024 SSBFofl 28.8224
Model_1_goa_nr_2022.dat 5 2024 SSBLCI 39.0782
Model_1_goa_nr_2022.dat 5 2024 SSBUCI 39.0899
Model_1_goa_nr_2022.dat 5 2024 SSBMedian 39.081
Model_1_goa_nr_2022.dat 5 2024 SSBMean 39.0821
Model_1_goa_nr_2022.dat 5 2025 SSBF100 82.3497
Model_1_goa_nr_2022.dat 5 2025 SSBFabc 32.9399
Model_1_goa_nr_2022.dat 5 2025 SSBFofl 28.8224
Model_1_goa_nr_2022.dat 5 2025 SSBLCI 38.4212
Model_1_goa_nr_2022.dat 5 2025 SSBUCI 38.4606
Model_1_goa_nr_2022.dat 5 2025 SSBMedian 38.4313
Model_1_goa_nr_2022.dat 5 2025 SSBMean 38.435
Model_1_goa_nr_2022.dat 5 2026 SSBF100 82.3497
Model_1_goa_nr_2022.dat 5 2026 SSBFabc 32.9399
Model_1_goa_nr_2022.dat 5 2026 SSBFofl 28.8224
Model_1_goa_nr_2022.dat 5 2026 SSBLCI 37.9161
Model_1_goa_nr_2022.dat 5 2026 SSBUCI 38.0286
Model_1_goa_nr_2022.dat 5 2026 SSBMedian 37.9453
Model_1_goa_nr_2022.dat 5 2026 SSBMean 37.9556
Model_1_goa_nr_2022.dat 5 2027 SSBF100 82.3497
Model_1_goa_nr_2022.dat 5 2027 SSBFabc 32.9399
Model_1_goa_nr_2022.dat 5 2027 SSBFofl 28.8224
Model_1_goa_nr_2022.dat 5 2027 SSBLCI 37.5739
Model_1_goa_nr_2022.dat 5 2027 SSBUCI 37.8497
Model_1_goa_nr_2022.dat 5 2027 SSBMedian 37.6466
Model_1_goa_nr_2022.dat 5 2027 SSBMean 37.6735
Model_1_goa_nr_2022.dat 5 2028 SSBF100 82.3497
Model_1_goa_nr_2022.dat 5 2028 SSBFabc 32.9399
Model_1_goa_nr_2022.dat 5 2028 SSBFofl 28.8224
Model_1_goa_nr_2022.dat 5 2028 SSBLCI 37.3919
Model_1_goa_nr_2022.dat 5 2028 SSBUCI 38.0238
Model_1_goa_nr_2022.dat 5 2028 SSBMedian 37.5571
Model_1_goa_nr_2022.dat 5 2028 SSBMean 37.621
Model_1_goa_nr_2022.dat 5 2029 SSBF100 82.3497
Model_1_goa_nr_2022.dat 5 2029 SSBFabc 32.9399
Model_1_goa_nr_2022.dat 5 2029 SSBFofl 28.8224
Model_1_goa_nr_2022.dat 5 2029 SSBLCI 37.3487
Model_1_goa_nr_2022.dat 5 2029 SSBUCI 38.6613
Model_1_goa_nr_2022.dat 5 2029 SSBMedian 37.7089
Model_1_goa_nr_2022.dat 5 2029 SSBMean 37.8338
Model_1_goa_nr_2022.dat 5 2030 SSBF100 82.3497
Model_1_goa_nr_2022.dat 5 2030 SSBFabc 32.9399
Model_1_goa_nr_2022.dat 5 2030 SSBFofl 28.8224
Model_1_goa_nr_2022.dat 5 2030 SSBLCI 37.4093
Model_1_goa_nr_2022.dat 5 2030 SSBUCI 39.9324
Model_1_goa_nr_2022.dat 5 2030 SSBMedian 38.1132
Model_1_goa_nr_2022.dat 5 2030 SSBMean 38.3496
Model_1_goa_nr_2022.dat 5 2031 SSBF100 82.3497
Model_1_goa_nr_2022.dat 5 2031 SSBFabc 32.9399
Model_1_goa_nr_2022.dat 5 2031 SSBFofl 28.8224
Model_1_goa_nr_2022.dat 5 2031 SSBLCI 37.544
Model_1_goa_nr_2022.dat 5 2031 SSBUCI 41.8167
Model_1_goa_nr_2022.dat 5 2031 SSBMedian 38.8151
Model_1_goa_nr_2022.dat 5 2031 SSBMean 39.198
Model_1_goa_nr_2022.dat 5 2032 SSBF100 82.3497
Model_1_goa_nr_2022.dat 5 2032 SSBFabc 32.9399
Model_1_goa_nr_2022.dat 5 2032 SSBFofl 28.8224
Model_1_goa_nr_2022.dat 5 2032 SSBLCI 37.7495
Model_1_goa_nr_2022.dat 5 2032 SSBUCI 44.513
Model_1_goa_nr_2022.dat 5 2032 SSBMedian 39.7841
Model_1_goa_nr_2022.dat 5 2032 SSBMean 40.3764
Model_1_goa_nr_2022.dat 5 2033 SSBF100 82.3497
Model_1_goa_nr_2022.dat 5 2033 SSBFabc 32.9399
Model_1_goa_nr_2022.dat 5 2033 SSBFofl 28.8224
Model_1_goa_nr_2022.dat 5 2033 SSBLCI 38.0157
Model_1_goa_nr_2022.dat 5 2033 SSBUCI 47.8903
Model_1_goa_nr_2022.dat 5 2033 SSBMedian 41.0521
Model_1_goa_nr_2022.dat 5 2033 SSBMean 41.8325
Model_1_goa_nr_2022.dat 5 2034 SSBF100 82.3497
Model_1_goa_nr_2022.dat 5 2034 SSBFabc 32.9399
Model_1_goa_nr_2022.dat 5 2034 SSBFofl 28.8224
Model_1_goa_nr_2022.dat 5 2034 SSBLCI 38.3856
Model_1_goa_nr_2022.dat 5 2034 SSBUCI 51.0726
Model_1_goa_nr_2022.dat 5 2034 SSBMedian 42.5063
Model_1_goa_nr_2022.dat 5 2034 SSBMean 43.4786
Model_1_goa_nr_2022.dat 5 2035 SSBF100 82.3497
Model_1_goa_nr_2022.dat 5 2035 SSBFabc 32.9399
Model_1_goa_nr_2022.dat 5 2035 SSBFofl 28.8224
Model_1_goa_nr_2022.dat 5 2035 SSBLCI 38.8342
Model_1_goa_nr_2022.dat 5 2035 SSBUCI 54.6849
Model_1_goa_nr_2022.dat 5 2035 SSBMedian 44.1075
Model_1_goa_nr_2022.dat 5 2035 SSBMean 45.2256
Model_1_goa_nr_2022.dat 5 2022 F0 0 
Model_1_goa_nr_2022.dat 5 2022 Fabc 0.0612999
Model_1_goa_nr_2022.dat 5 2022 Fofl 0.0736157
Model_1_goa_nr_2022.dat 5 2022  F_LCI 0.0233027
Model_1_goa_nr_2022.dat 5 2022  F_UCI 0.0233027
Model_1_goa_nr_2022.dat 5 2022  F_Median 0.0233027
Model_1_goa_nr_2022.dat 5 2022  F_Mean 0.0233027
Model_1_goa_nr_2022.dat 5 2023 F0 0 
Model_1_goa_nr_2022.dat 5 2023 Fabc 0.0612999
Model_1_goa_nr_2022.dat 5 2023 Fofl 0.0736157
Model_1_goa_nr_2022.dat 5 2023  F_LCI 0
Model_1_goa_nr_2022.dat 5 2023  F_UCI 0
Model_1_goa_nr_2022.dat 5 2023  F_Median 0
Model_1_goa_nr_2022.dat 5 2023  F_Mean 0
Model_1_goa_nr_2022.dat 5 2024 F0 0 
Model_1_goa_nr_2022.dat 5 2024 Fabc 0.0612999
Model_1_goa_nr_2022.dat 5 2024 Fofl 0.0736157
Model_1_goa_nr_2022.dat 5 2024  F_LCI 0
Model_1_goa_nr_2022.dat 5 2024  F_UCI 0
Model_1_goa_nr_2022.dat 5 2024  F_Median 0
Model_1_goa_nr_2022.dat 5 2024  F_Mean 0
Model_1_goa_nr_2022.dat 5 2025 F0 0 
Model_1_goa_nr_2022.dat 5 2025 Fabc 0.0612999
Model_1_goa_nr_2022.dat 5 2025 Fofl 0.0736157
Model_1_goa_nr_2022.dat 5 2025  F_LCI 0
Model_1_goa_nr_2022.dat 5 2025  F_UCI 0
Model_1_goa_nr_2022.dat 5 2025  F_Median 0
Model_1_goa_nr_2022.dat 5 2025  F_Mean 0
Model_1_goa_nr_2022.dat 5 2026 F0 0 
Model_1_goa_nr_2022.dat 5 2026 Fabc 0.0612999
Model_1_goa_nr_2022.dat 5 2026 Fofl 0.0736157
Model_1_goa_nr_2022.dat 5 2026  F_LCI 0
Model_1_goa_nr_2022.dat 5 2026  F_UCI 0
Model_1_goa_nr_2022.dat 5 2026  F_Median 0
Model_1_goa_nr_2022.dat 5 2026  F_Mean 0
Model_1_goa_nr_2022.dat 5 2027 F0 0 
Model_1_goa_nr_2022.dat 5 2027 Fabc 0.0612999
Model_1_goa_nr_2022.dat 5 2027 Fofl 0.0736157
Model_1_goa_nr_2022.dat 5 2027  F_LCI 0
Model_1_goa_nr_2022.dat 5 2027  F_UCI 0
Model_1_goa_nr_2022.dat 5 2027  F_Median 0
Model_1_goa_nr_2022.dat 5 2027  F_Mean 0
Model_1_goa_nr_2022.dat 5 2028 F0 0 
Model_1_goa_nr_2022.dat 5 2028 Fabc 0.0612999
Model_1_goa_nr_2022.dat 5 2028 Fofl 0.0736157
Model_1_goa_nr_2022.dat 5 2028  F_LCI 0
Model_1_goa_nr_2022.dat 5 2028  F_UCI 0
Model_1_goa_nr_2022.dat 5 2028  F_Median 0
Model_1_goa_nr_2022.dat 5 2028  F_Mean 0
Model_1_goa_nr_2022.dat 5 2029 F0 0 
Model_1_goa_nr_2022.dat 5 2029 Fabc 0.0612999
Model_1_goa_nr_2022.dat 5 2029 Fofl 0.0736157
Model_1_goa_nr_2022.dat 5 2029  F_LCI 0
Model_1_goa_nr_2022.dat 5 2029  F_UCI 0
Model_1_goa_nr_2022.dat 5 2029  F_Median 0
Model_1_goa_nr_2022.dat 5 2029  F_Mean 0
Model_1_goa_nr_2022.dat 5 2030 F0 0 
Model_1_goa_nr_2022.dat 5 2030 Fabc 0.0612999
Model_1_goa_nr_2022.dat 5 2030 Fofl 0.0736157
Model_1_goa_nr_2022.dat 5 2030  F_LCI 0
Model_1_goa_nr_2022.dat 5 2030  F_UCI 0
Model_1_goa_nr_2022.dat 5 2030  F_Median 0
Model_1_goa_nr_2022.dat 5 2030  F_Mean 0
Model_1_goa_nr_2022.dat 5 2031 F0 0 
Model_1_goa_nr_2022.dat 5 2031 Fabc 0.0612999
Model_1_goa_nr_2022.dat 5 2031 Fofl 0.0736157
Model_1_goa_nr_2022.dat 5 2031  F_LCI 0
Model_1_goa_nr_2022.dat 5 2031  F_UCI 0
Model_1_goa_nr_2022.dat 5 2031  F_Median 0
Model_1_goa_nr_2022.dat 5 2031  F_Mean 0
Model_1_goa_nr_2022.dat 5 2032 F0 0 
Model_1_goa_nr_2022.dat 5 2032 Fabc 0.0612999
Model_1_goa_nr_2022.dat 5 2032 Fofl 0.0736157
Model_1_goa_nr_2022.dat 5 2032  F_LCI 0
Model_1_goa_nr_2022.dat 5 2032  F_UCI 0
Model_1_goa_nr_2022.dat 5 2032  F_Median 0
Model_1_goa_nr_2022.dat 5 2032  F_Mean 0
Model_1_goa_nr_2022.dat 5 2033 F0 0 
Model_1_goa_nr_2022.dat 5 2033 Fabc 0.0612999
Model_1_goa_nr_2022.dat 5 2033 Fofl 0.0736157
Model_1_goa_nr_2022.dat 5 2033  F_LCI 0
Model_1_goa_nr_2022.dat 5 2033  F_UCI 0
Model_1_goa_nr_2022.dat 5 2033  F_Median 0
Model_1_goa_nr_2022.dat 5 2033  F_Mean 0
Model_1_goa_nr_2022.dat 5 2034 F0 0 
Model_1_goa_nr_2022.dat 5 2034 Fabc 0.0612999
Model_1_goa_nr_2022.dat 5 2034 Fofl 0.0736157
Model_1_goa_nr_2022.dat 5 2034  F_LCI 0
Model_1_goa_nr_2022.dat 5 2034  F_UCI 0
Model_1_goa_nr_2022.dat 5 2034  F_Median 0
Model_1_goa_nr_2022.dat 5 2034  F_Mean 0
Model_1_goa_nr_2022.dat 5 2035 F0 0 
Model_1_goa_nr_2022.dat 5 2035 Fabc 0.0612999
Model_1_goa_nr_2022.dat 5 2035 Fofl 0.0736157
Model_1_goa_nr_2022.dat 5 2035  F_LCI 0
Model_1_goa_nr_2022.dat 5 2035  F_UCI 0
Model_1_goa_nr_2022.dat 5 2035  F_Median 0
Model_1_goa_nr_2022.dat 5 2035  F_Mean 0
Model_1_goa_nr_2022.dat 6 2022 Cabc 4.75074
Model_1_goa_nr_2022.dat 6 2022 Cofl 5.07516
Model_1_goa_nr_2022.dat 6 2022 CLCI 2.00264
Model_1_goa_nr_2022.dat 6 2022 CUCI 2.00264
Model_1_goa_nr_2022.dat 6 2022 CMedian 2.00264
Model_1_goa_nr_2022.dat 6 2022 CMean 2.00264
Model_1_goa_nr_2022.dat 6 2023 Cabc 4.75074
Model_1_goa_nr_2022.dat 6 2023 Cofl 5.07516
Model_1_goa_nr_2022.dat 6 2023 CLCI 5.92664
Model_1_goa_nr_2022.dat 6 2023 CUCI 5.92664
Model_1_goa_nr_2022.dat 6 2023 CMedian 5.92664
Model_1_goa_nr_2022.dat 6 2023 CMean 5.92664
Model_1_goa_nr_2022.dat 6 2024 Cabc 4.75074
Model_1_goa_nr_2022.dat 6 2024 Cofl 5.07516
Model_1_goa_nr_2022.dat 6 2024 CLCI 5.4395
Model_1_goa_nr_2022.dat 6 2024 CUCI 5.43957
Model_1_goa_nr_2022.dat 6 2024 CMedian 5.43951
Model_1_goa_nr_2022.dat 6 2024 CMean 5.43952
Model_1_goa_nr_2022.dat 6 2025 Cabc 4.75074
Model_1_goa_nr_2022.dat 6 2025 Cofl 5.07516
Model_1_goa_nr_2022.dat 6 2025 CLCI 4.96155
Model_1_goa_nr_2022.dat 6 2025 CUCI 4.9681
Model_1_goa_nr_2022.dat 6 2025 CMedian 4.96321
Model_1_goa_nr_2022.dat 6 2025 CMean 4.96383
Model_1_goa_nr_2022.dat 6 2026 Cabc 4.75074
Model_1_goa_nr_2022.dat 6 2026 Cofl 5.07516
Model_1_goa_nr_2022.dat 6 2026 CLCI 4.27407
Model_1_goa_nr_2022.dat 6 2026 CUCI 4.29271
Model_1_goa_nr_2022.dat 6 2026 CMedian 4.27891
Model_1_goa_nr_2022.dat 6 2026 CMean 4.28067
Model_1_goa_nr_2022.dat 6 2027 Cabc 4.75074
Model_1_goa_nr_2022.dat 6 2027 Cofl 5.07516
Model_1_goa_nr_2022.dat 6 2027 CLCI 3.78189
Model_1_goa_nr_2022.dat 6 2027 CUCI 3.83683
Model_1_goa_nr_2022.dat 6 2027 CMedian 3.79615
Model_1_goa_nr_2022.dat 6 2027 CMean 3.80143
Model_1_goa_nr_2022.dat 6 2028 Cabc 4.75074
Model_1_goa_nr_2022.dat 6 2028 Cofl 5.07516
Model_1_goa_nr_2022.dat 6 2028 CLCI 3.42226
Model_1_goa_nr_2022.dat 6 2028 CUCI 3.59389
Model_1_goa_nr_2022.dat 6 2028 CMedian 3.46567
Model_1_goa_nr_2022.dat 6 2028 CMean 3.48275
Model_1_goa_nr_2022.dat 6 2029 Cabc 4.75074
Model_1_goa_nr_2022.dat 6 2029 Cofl 5.07516
Model_1_goa_nr_2022.dat 6 2029 CLCI 3.13848
Model_1_goa_nr_2022.dat 6 2029 CUCI 3.64081
Model_1_goa_nr_2022.dat 6 2029 CMedian 3.26578
Model_1_goa_nr_2022.dat 6 2029 CMean 3.31317
Model_1_goa_nr_2022.dat 6 2030 Cabc 4.75074
Model_1_goa_nr_2022.dat 6 2030 Cofl 5.07516
Model_1_goa_nr_2022.dat 6 2030 CLCI 2.90834
Model_1_goa_nr_2022.dat 6 2030 CUCI 3.92892
Model_1_goa_nr_2022.dat 6 2030 CMedian 3.17334
Model_1_goa_nr_2022.dat 6 2030 CMean 3.2812
Model_1_goa_nr_2022.dat 6 2031 Cabc 4.75074
Model_1_goa_nr_2022.dat 6 2031 Cofl 5.07516
Model_1_goa_nr_2022.dat 6 2031 CLCI 2.73337
Model_1_goa_nr_2022.dat 6 2031 CUCI 4.41295
Model_1_goa_nr_2022.dat 6 2031 CMedian 3.18273
Model_1_goa_nr_2022.dat 6 2031 CMean 3.34749
Model_1_goa_nr_2022.dat 6 2032 Cabc 4.75074
Model_1_goa_nr_2022.dat 6 2032 Cofl 5.07516
Model_1_goa_nr_2022.dat 6 2032 CLCI 2.64023
Model_1_goa_nr_2022.dat 6 2032 CUCI 4.90482
Model_1_goa_nr_2022.dat 6 2032 CMedian 3.26131
Model_1_goa_nr_2022.dat 6 2032 CMean 3.47422
Model_1_goa_nr_2022.dat 6 2033 Cabc 4.75074
Model_1_goa_nr_2022.dat 6 2033 Cofl 5.07516
Model_1_goa_nr_2022.dat 6 2033 CLCI 2.57011
Model_1_goa_nr_2022.dat 6 2033 CUCI 5.34637
Model_1_goa_nr_2022.dat 6 2033 CMedian 3.38666
Model_1_goa_nr_2022.dat 6 2033 CMean 3.62928
Model_1_goa_nr_2022.dat 6 2034 Cabc 4.75074
Model_1_goa_nr_2022.dat 6 2034 Cofl 5.07516
Model_1_goa_nr_2022.dat 6 2034 CLCI 2.53837
Model_1_goa_nr_2022.dat 6 2034 CUCI 5.72812
Model_1_goa_nr_2022.dat 6 2034 CMedian 3.56359
Model_1_goa_nr_2022.dat 6 2034 CMean 3.79075
Model_1_goa_nr_2022.dat 6 2035 Cabc 4.75074
Model_1_goa_nr_2022.dat 6 2035 Cofl 5.07516
Model_1_goa_nr_2022.dat 6 2035 CLCI 2.54115
Model_1_goa_nr_2022.dat 6 2035 CUCI 6.08408
Model_1_goa_nr_2022.dat 6 2035 CMedian 3.73164
Model_1_goa_nr_2022.dat 6 2035 CMean 3.95254
Model_1_goa_nr_2022.dat 6 2022 SSBF100 82.3497
Model_1_goa_nr_2022.dat 6 2022 SSBFabc 32.9399
Model_1_goa_nr_2022.dat 6 2022 SSBFofl 28.8224
Model_1_goa_nr_2022.dat 6 2022 SSBLCI 41.3992
Model_1_goa_nr_2022.dat 6 2022 SSBUCI 41.3992
Model_1_goa_nr_2022.dat 6 2022 SSBMedian 41.3992
Model_1_goa_nr_2022.dat 6 2022 SSBMean 41.3992
Model_1_goa_nr_2022.dat 6 2023 SSBF100 82.3497
Model_1_goa_nr_2022.dat 6 2023 SSBFabc 32.9399
Model_1_goa_nr_2022.dat 6 2023 SSBFofl 28.8224
Model_1_goa_nr_2022.dat 6 2023 SSBLCI 38.9097
Model_1_goa_nr_2022.dat 6 2023 SSBUCI 38.9121
Model_1_goa_nr_2022.dat 6 2023 SSBMedian 38.9102
Model_1_goa_nr_2022.dat 6 2023 SSBMean 38.9104
Model_1_goa_nr_2022.dat 6 2024 SSBF100 82.3497
Model_1_goa_nr_2022.dat 6 2024 SSBFabc 32.9399
Model_1_goa_nr_2022.dat 6 2024 SSBFofl 28.8224
Model_1_goa_nr_2022.dat 6 2024 SSBLCI 35.4773
Model_1_goa_nr_2022.dat 6 2024 SSBUCI 35.489
Model_1_goa_nr_2022.dat 6 2024 SSBMedian 35.4801
Model_1_goa_nr_2022.dat 6 2024 SSBMean 35.4812
Model_1_goa_nr_2022.dat 6 2025 SSBF100 82.3497
Model_1_goa_nr_2022.dat 6 2025 SSBFabc 32.9399
Model_1_goa_nr_2022.dat 6 2025 SSBFofl 28.8224
Model_1_goa_nr_2022.dat 6 2025 SSBLCI 32.4989
Model_1_goa_nr_2022.dat 6 2025 SSBUCI 32.5372
Model_1_goa_nr_2022.dat 6 2025 SSBMedian 32.5087
Model_1_goa_nr_2022.dat 6 2025 SSBMean 32.5123
Model_1_goa_nr_2022.dat 6 2026 SSBF100 82.3497
Model_1_goa_nr_2022.dat 6 2026 SSBFabc 32.9399
Model_1_goa_nr_2022.dat 6 2026 SSBFofl 28.8224
Model_1_goa_nr_2022.dat 6 2026 SSBLCI 30.0186
Model_1_goa_nr_2022.dat 6 2026 SSBUCI 30.1258
Model_1_goa_nr_2022.dat 6 2026 SSBMedian 30.0464
Model_1_goa_nr_2022.dat 6 2026 SSBMean 30.0563
Model_1_goa_nr_2022.dat 6 2027 SSBF100 82.3497
Model_1_goa_nr_2022.dat 6 2027 SSBFabc 32.9399
Model_1_goa_nr_2022.dat 6 2027 SSBFofl 28.8224
Model_1_goa_nr_2022.dat 6 2027 SSBLCI 28.0671
Model_1_goa_nr_2022.dat 6 2027 SSBUCI 28.3276
Model_1_goa_nr_2022.dat 6 2027 SSBMedian 28.1358
Model_1_goa_nr_2022.dat 6 2027 SSBMean 28.1614
Model_1_goa_nr_2022.dat 6 2028 SSBF100 82.3497
Model_1_goa_nr_2022.dat 6 2028 SSBFabc 32.9399
Model_1_goa_nr_2022.dat 6 2028 SSBFofl 28.8224
Model_1_goa_nr_2022.dat 6 2028 SSBLCI 26.5477
Model_1_goa_nr_2022.dat 6 2028 SSBUCI 27.1392
Model_1_goa_nr_2022.dat 6 2028 SSBMedian 26.7025
Model_1_goa_nr_2022.dat 6 2028 SSBMean 26.7628
Model_1_goa_nr_2022.dat 6 2029 SSBF100 82.3497
Model_1_goa_nr_2022.dat 6 2029 SSBFabc 32.9399
Model_1_goa_nr_2022.dat 6 2029 SSBFofl 28.8224
Model_1_goa_nr_2022.dat 6 2029 SSBLCI 25.3705
Model_1_goa_nr_2022.dat 6 2029 SSBUCI 26.5873
Model_1_goa_nr_2022.dat 6 2029 SSBMedian 25.7044
Model_1_goa_nr_2022.dat 6 2029 SSBMean 25.8195
Model_1_goa_nr_2022.dat 6 2030 SSBF100 82.3497
Model_1_goa_nr_2022.dat 6 2030 SSBFabc 32.9399
Model_1_goa_nr_2022.dat 6 2030 SSBFofl 28.8224
Model_1_goa_nr_2022.dat 6 2030 SSBLCI 24.4504
Model_1_goa_nr_2022.dat 6 2030 SSBUCI 26.6998
Model_1_goa_nr_2022.dat 6 2030 SSBMedian 25.0967
Model_1_goa_nr_2022.dat 6 2030 SSBMean 25.3023
Model_1_goa_nr_2022.dat 6 2031 SSBF100 82.3497
Model_1_goa_nr_2022.dat 6 2031 SSBFabc 32.9399
Model_1_goa_nr_2022.dat 6 2031 SSBFofl 28.8224
Model_1_goa_nr_2022.dat 6 2031 SSBLCI 23.7386
Model_1_goa_nr_2022.dat 6 2031 SSBUCI 27.4652
Model_1_goa_nr_2022.dat 6 2031 SSBMedian 24.838
Model_1_goa_nr_2022.dat 6 2031 SSBMean 25.1752
Model_1_goa_nr_2022.dat 6 2032 SSBF100 82.3497
Model_1_goa_nr_2022.dat 6 2032 SSBFabc 32.9399
Model_1_goa_nr_2022.dat 6 2032 SSBFofl 28.8224
Model_1_goa_nr_2022.dat 6 2032 SSBLCI 23.2154
Model_1_goa_nr_2022.dat 6 2032 SSBUCI 28.8339
Model_1_goa_nr_2022.dat 6 2032 SSBMedian 24.9188
Model_1_goa_nr_2022.dat 6 2032 SSBMean 25.3745
Model_1_goa_nr_2022.dat 6 2033 SSBF100 82.3497
Model_1_goa_nr_2022.dat 6 2033 SSBFabc 32.9399
Model_1_goa_nr_2022.dat 6 2033 SSBFofl 28.8224
Model_1_goa_nr_2022.dat 6 2033 SSBLCI 22.8213
Model_1_goa_nr_2022.dat 6 2033 SSBUCI 30.1608
Model_1_goa_nr_2022.dat 6 2033 SSBMedian 25.2224
Model_1_goa_nr_2022.dat 6 2033 SSBMean 25.8034
Model_1_goa_nr_2022.dat 6 2034 SSBF100 82.3497
Model_1_goa_nr_2022.dat 6 2034 SSBFabc 32.9399
Model_1_goa_nr_2022.dat 6 2034 SSBFofl 28.8224
Model_1_goa_nr_2022.dat 6 2034 SSBLCI 22.5679
Model_1_goa_nr_2022.dat 6 2034 SSBUCI 31.8051
Model_1_goa_nr_2022.dat 6 2034 SSBMedian 25.7124
Model_1_goa_nr_2022.dat 6 2034 SSBMean 26.3543
Model_1_goa_nr_2022.dat 6 2035 SSBF100 82.3497
Model_1_goa_nr_2022.dat 6 2035 SSBFabc 32.9399
Model_1_goa_nr_2022.dat 6 2035 SSBFofl 28.8224
Model_1_goa_nr_2022.dat 6 2035 SSBLCI 22.548
Model_1_goa_nr_2022.dat 6 2035 SSBUCI 33.0601
Model_1_goa_nr_2022.dat 6 2035 SSBMedian 26.2578
Model_1_goa_nr_2022.dat 6 2035 SSBMean 26.94
Model_1_goa_nr_2022.dat 6 2022 F0 0 
Model_1_goa_nr_2022.dat 6 2022 Fabc 0.0612999
Model_1_goa_nr_2022.dat 6 2022 Fofl 0.0736157
Model_1_goa_nr_2022.dat 6 2022  F_LCI 0.0233027
Model_1_goa_nr_2022.dat 6 2022  F_UCI 0.0233027
Model_1_goa_nr_2022.dat 6 2022  F_Median 0.0233027
Model_1_goa_nr_2022.dat 6 2022  F_Mean 0.0233027
Model_1_goa_nr_2022.dat 6 2023 F0 0 
Model_1_goa_nr_2022.dat 6 2023 Fabc 0.0612999
Model_1_goa_nr_2022.dat 6 2023 Fofl 0.0736157
Model_1_goa_nr_2022.dat 6 2023  F_LCI 0.0736157
Model_1_goa_nr_2022.dat 6 2023  F_UCI 0.0736157
Model_1_goa_nr_2022.dat 6 2023  F_Median 0.0736157
Model_1_goa_nr_2022.dat 6 2023  F_Mean 0.0736157
Model_1_goa_nr_2022.dat 6 2024 F0 0 
Model_1_goa_nr_2022.dat 6 2024 Fabc 0.0612999
Model_1_goa_nr_2022.dat 6 2024 Fofl 0.0736157
Model_1_goa_nr_2022.dat 6 2024  F_LCI 0.0736157
Model_1_goa_nr_2022.dat 6 2024  F_UCI 0.0736157
Model_1_goa_nr_2022.dat 6 2024  F_Median 0.0736157
Model_1_goa_nr_2022.dat 6 2024  F_Mean 0.0736157
Model_1_goa_nr_2022.dat 6 2025 F0 0 
Model_1_goa_nr_2022.dat 6 2025 Fabc 0.0612999
Model_1_goa_nr_2022.dat 6 2025 Fofl 0.0736157
Model_1_goa_nr_2022.dat 6 2025  F_LCI 0.0725784
Model_1_goa_nr_2022.dat 6 2025  F_UCI 0.0726686
Model_1_goa_nr_2022.dat 6 2025  F_Median 0.0726015
Model_1_goa_nr_2022.dat 6 2025  F_Mean 0.07261
Model_1_goa_nr_2022.dat 6 2026 F0 0 
Model_1_goa_nr_2022.dat 6 2026 Fabc 0.0612999
Model_1_goa_nr_2022.dat 6 2026 Fofl 0.0736157
Model_1_goa_nr_2022.dat 6 2026  F_LCI 0.0667434
Model_1_goa_nr_2022.dat 6 2026  F_UCI 0.0669957
Model_1_goa_nr_2022.dat 6 2026  F_Median 0.0668089
Model_1_goa_nr_2022.dat 6 2026  F_Mean 0.0668321
Model_1_goa_nr_2022.dat 6 2027 F0 0 
Model_1_goa_nr_2022.dat 6 2027 Fabc 0.0612999
Model_1_goa_nr_2022.dat 6 2027 Fofl 0.0736157
Model_1_goa_nr_2022.dat 6 2027  F_LCI 0.0621526
Model_1_goa_nr_2022.dat 6 2027  F_UCI 0.0627653
Model_1_goa_nr_2022.dat 6 2027  F_Median 0.0623141
Model_1_goa_nr_2022.dat 6 2027  F_Mean 0.0623745
Model_1_goa_nr_2022.dat 6 2028 F0 0 
Model_1_goa_nr_2022.dat 6 2028 Fabc 0.0612999
Model_1_goa_nr_2022.dat 6 2028 Fofl 0.0736157
Model_1_goa_nr_2022.dat 6 2028  F_LCI 0.0585783
Model_1_goa_nr_2022.dat 6 2028  F_UCI 0.0599697
Model_1_goa_nr_2022.dat 6 2028  F_Median 0.0589425
Model_1_goa_nr_2022.dat 6 2028  F_Mean 0.0590842
Model_1_goa_nr_2022.dat 6 2029 F0 0 
Model_1_goa_nr_2022.dat 6 2029 Fabc 0.0612999
Model_1_goa_nr_2022.dat 6 2029 Fofl 0.0736157
Model_1_goa_nr_2022.dat 6 2029  F_LCI 0.0558087
Model_1_goa_nr_2022.dat 6 2029  F_UCI 0.0586713
Model_1_goa_nr_2022.dat 6 2029  F_Median 0.0565943
Model_1_goa_nr_2022.dat 6 2029  F_Mean 0.0568652
Model_1_goa_nr_2022.dat 6 2030 F0 0 
Model_1_goa_nr_2022.dat 6 2030 Fabc 0.0612999
Model_1_goa_nr_2022.dat 6 2030 Fofl 0.0736157
Model_1_goa_nr_2022.dat 6 2030  F_LCI 0.0536444
Model_1_goa_nr_2022.dat 6 2030  F_UCI 0.058936
Model_1_goa_nr_2022.dat 6 2030  F_Median 0.0551647
Model_1_goa_nr_2022.dat 6 2030  F_Mean 0.0556485
Model_1_goa_nr_2022.dat 6 2031 F0 0 
Model_1_goa_nr_2022.dat 6 2031 Fabc 0.0612999
Model_1_goa_nr_2022.dat 6 2031 Fofl 0.0736157
Model_1_goa_nr_2022.dat 6 2031  F_LCI 0.0519699
Model_1_goa_nr_2022.dat 6 2031  F_UCI 0.0607365
Model_1_goa_nr_2022.dat 6 2031  F_Median 0.0545563
Model_1_goa_nr_2022.dat 6 2031  F_Mean 0.0553469
Model_1_goa_nr_2022.dat 6 2032 F0 0 
Model_1_goa_nr_2022.dat 6 2032 Fabc 0.0612999
Model_1_goa_nr_2022.dat 6 2032 Fofl 0.0736157
Model_1_goa_nr_2022.dat 6 2032  F_LCI 0.0507391
Model_1_goa_nr_2022.dat 6 2032  F_UCI 0.0639564
Model_1_goa_nr_2022.dat 6 2032  F_Median 0.0547463
Model_1_goa_nr_2022.dat 6 2032  F_Mean 0.0557846
Model_1_goa_nr_2022.dat 6 2033 F0 0 
Model_1_goa_nr_2022.dat 6 2033 Fabc 0.0612999
Model_1_goa_nr_2022.dat 6 2033 Fofl 0.0736157
Model_1_goa_nr_2022.dat 6 2033  F_LCI 0.049812
Model_1_goa_nr_2022.dat 6 2033  F_UCI 0.067078
Model_1_goa_nr_2022.dat 6 2033  F_Median 0.0554605
Model_1_goa_nr_2022.dat 6 2033  F_Mean 0.0567189
Model_1_goa_nr_2022.dat 6 2034 F0 0 
Model_1_goa_nr_2022.dat 6 2034 Fabc 0.0612999
Model_1_goa_nr_2022.dat 6 2034 Fofl 0.0736157
Model_1_goa_nr_2022.dat 6 2034  F_LCI 0.0492157
Model_1_goa_nr_2022.dat 6 2034  F_UCI 0.0709463
Model_1_goa_nr_2022.dat 6 2034  F_Median 0.0566131
Model_1_goa_nr_2022.dat 6 2034  F_Mean 0.0578945
Model_1_goa_nr_2022.dat 6 2035 F0 0 
Model_1_goa_nr_2022.dat 6 2035 Fabc 0.0612999
Model_1_goa_nr_2022.dat 6 2035 Fofl 0.0736157
Model_1_goa_nr_2022.dat 6 2035  F_LCI 0.049169
Model_1_goa_nr_2022.dat 6 2035  F_UCI 0.0736157
Model_1_goa_nr_2022.dat 6 2035  F_Median 0.0578962
Model_1_goa_nr_2022.dat 6 2035  F_Mean 0.0591275
Model_1_goa_nr_2022.dat 7 2022 Cabc 4.75074
Model_1_goa_nr_2022.dat 7 2022 Cofl 5.07516
Model_1_goa_nr_2022.dat 7 2022 CLCI 2.00264
Model_1_goa_nr_2022.dat 7 2022 CUCI 2.00264
Model_1_goa_nr_2022.dat 7 2022 CMedian 2.00264
Model_1_goa_nr_2022.dat 7 2022 CMean 2.00264
Model_1_goa_nr_2022.dat 7 2023 Cabc 4.75074
Model_1_goa_nr_2022.dat 7 2023 Cofl 5.07516
Model_1_goa_nr_2022.dat 7 2023 CLCI 4.96451
Model_1_goa_nr_2022.dat 7 2023 CUCI 4.96451
Model_1_goa_nr_2022.dat 7 2023 CMedian 4.96451
Model_1_goa_nr_2022.dat 7 2023 CMean 4.96451
Model_1_goa_nr_2022.dat 7 2024 Cabc 4.75074
Model_1_goa_nr_2022.dat 7 2024 Cofl 5.07516
Model_1_goa_nr_2022.dat 7 2024 CLCI 4.61086
Model_1_goa_nr_2022.dat 7 2024 CUCI 4.61093
Model_1_goa_nr_2022.dat 7 2024 CMedian 4.61088
Model_1_goa_nr_2022.dat 7 2024 CMean 4.61088
Model_1_goa_nr_2022.dat 7 2025 Cabc 4.75074
Model_1_goa_nr_2022.dat 7 2025 Cofl 5.07516
Model_1_goa_nr_2022.dat 7 2025 CLCI 5.14854
Model_1_goa_nr_2022.dat 7 2025 CUCI 5.14915
Model_1_goa_nr_2022.dat 7 2025 CMedian 5.14867
Model_1_goa_nr_2022.dat 7 2025 CMean 5.14873
Model_1_goa_nr_2022.dat 7 2026 Cabc 4.75074
Model_1_goa_nr_2022.dat 7 2026 Cofl 5.07516
Model_1_goa_nr_2022.dat 7 2026 CLCI 4.46534
Model_1_goa_nr_2022.dat 7 2026 CUCI 4.48511
Model_1_goa_nr_2022.dat 7 2026 CMedian 4.47048
Model_1_goa_nr_2022.dat 7 2026 CMean 4.47233
Model_1_goa_nr_2022.dat 7 2027 Cabc 4.75074
Model_1_goa_nr_2022.dat 7 2027 Cofl 5.07516
Model_1_goa_nr_2022.dat 7 2027 CLCI 3.93244
Model_1_goa_nr_2022.dat 7 2027 CUCI 3.98897
Model_1_goa_nr_2022.dat 7 2027 CMedian 3.9471
Model_1_goa_nr_2022.dat 7 2027 CMean 3.95255
Model_1_goa_nr_2022.dat 7 2028 Cabc 4.75074
Model_1_goa_nr_2022.dat 7 2028 Cofl 5.07516
Model_1_goa_nr_2022.dat 7 2028 CLCI 3.54238
Model_1_goa_nr_2022.dat 7 2028 CUCI 3.71731
Model_1_goa_nr_2022.dat 7 2028 CMedian 3.58658
Model_1_goa_nr_2022.dat 7 2028 CMean 3.60402
Model_1_goa_nr_2022.dat 7 2029 Cabc 4.75074
Model_1_goa_nr_2022.dat 7 2029 Cofl 5.07516
Model_1_goa_nr_2022.dat 7 2029 CLCI 3.23498
Model_1_goa_nr_2022.dat 7 2029 CUCI 3.74496
Model_1_goa_nr_2022.dat 7 2029 CMedian 3.36425
Model_1_goa_nr_2022.dat 7 2029 CMean 3.41232
Model_1_goa_nr_2022.dat 7 2030 Cabc 4.75074
Model_1_goa_nr_2022.dat 7 2030 Cofl 5.07516
Model_1_goa_nr_2022.dat 7 2030 CLCI 2.98622
Model_1_goa_nr_2022.dat 7 2030 CUCI 4.01916
Model_1_goa_nr_2022.dat 7 2030 CMedian 3.25456
Model_1_goa_nr_2022.dat 7 2030 CMean 3.36366
Model_1_goa_nr_2022.dat 7 2031 Cabc 4.75074
Model_1_goa_nr_2022.dat 7 2031 Cofl 5.07516
Model_1_goa_nr_2022.dat 7 2031 CLCI 2.79667
Model_1_goa_nr_2022.dat 7 2031 CUCI 4.49088
Model_1_goa_nr_2022.dat 7 2031 CMedian 3.25051
Model_1_goa_nr_2022.dat 7 2031 CMean 3.41653
Model_1_goa_nr_2022.dat 7 2032 Cabc 4.75074
Model_1_goa_nr_2022.dat 7 2032 Cofl 5.07516
Model_1_goa_nr_2022.dat 7 2032 CLCI 2.6924
Model_1_goa_nr_2022.dat 7 2032 CUCI 4.97086
Model_1_goa_nr_2022.dat 7 2032 CMedian 3.31872
Model_1_goa_nr_2022.dat 7 2032 CMean 3.53191
Model_1_goa_nr_2022.dat 7 2033 Cabc 4.75074
Model_1_goa_nr_2022.dat 7 2033 Cofl 5.07516
Model_1_goa_nr_2022.dat 7 2033 CLCI 2.61331
Model_1_goa_nr_2022.dat 7 2033 CUCI 5.40189
Model_1_goa_nr_2022.dat 7 2033 CMedian 3.43376
Model_1_goa_nr_2022.dat 7 2033 CMean 3.67699
Model_1_goa_nr_2022.dat 7 2034 Cabc 4.75074
Model_1_goa_nr_2022.dat 7 2034 Cofl 5.07516
Model_1_goa_nr_2022.dat 7 2034 CLCI 2.57376
Model_1_goa_nr_2022.dat 7 2034 CUCI 5.75815
Model_1_goa_nr_2022.dat 7 2034 CMedian 3.60296
Model_1_goa_nr_2022.dat 7 2034 CMean 3.82988
Model_1_goa_nr_2022.dat 7 2035 Cabc 4.75074
Model_1_goa_nr_2022.dat 7 2035 Cofl 5.07516
Model_1_goa_nr_2022.dat 7 2035 CLCI 2.57052
Model_1_goa_nr_2022.dat 7 2035 CUCI 6.10491
Model_1_goa_nr_2022.dat 7 2035 CMedian 3.76382
Model_1_goa_nr_2022.dat 7 2035 CMean 3.98432
Model_1_goa_nr_2022.dat 7 2022 SSBF100 82.3497
Model_1_goa_nr_2022.dat 7 2022 SSBFabc 32.9399
Model_1_goa_nr_2022.dat 7 2022 SSBFofl 28.8224
Model_1_goa_nr_2022.dat 7 2022 SSBLCI 41.3992
Model_1_goa_nr_2022.dat 7 2022 SSBUCI 41.3992
Model_1_goa_nr_2022.dat 7 2022 SSBMedian 41.3992
Model_1_goa_nr_2022.dat 7 2022 SSBMean 41.3992
Model_1_goa_nr_2022.dat 7 2023 SSBF100 82.3497
Model_1_goa_nr_2022.dat 7 2023 SSBFabc 32.9399
Model_1_goa_nr_2022.dat 7 2023 SSBFofl 28.8224
Model_1_goa_nr_2022.dat 7 2023 SSBLCI 39.0684
Model_1_goa_nr_2022.dat 7 2023 SSBUCI 39.0708
Model_1_goa_nr_2022.dat 7 2023 SSBMedian 39.0689
Model_1_goa_nr_2022.dat 7 2023 SSBMean 39.0691
Model_1_goa_nr_2022.dat 7 2024 SSBF100 82.3497
Model_1_goa_nr_2022.dat 7 2024 SSBFabc 32.9399
Model_1_goa_nr_2022.dat 7 2024 SSBFofl 28.8224
Model_1_goa_nr_2022.dat 7 2024 SSBLCI 36.0555
Model_1_goa_nr_2022.dat 7 2024 SSBUCI 36.0672
Model_1_goa_nr_2022.dat 7 2024 SSBMedian 36.0583
Model_1_goa_nr_2022.dat 7 2024 SSBMean 36.0594
Model_1_goa_nr_2022.dat 7 2025 SSBF100 82.3497
Model_1_goa_nr_2022.dat 7 2025 SSBFabc 32.9399
Model_1_goa_nr_2022.dat 7 2025 SSBFofl 28.8224
Model_1_goa_nr_2022.dat 7 2025 SSBLCI 33.2762
Model_1_goa_nr_2022.dat 7 2025 SSBUCI 33.3155
Model_1_goa_nr_2022.dat 7 2025 SSBMedian 33.2862
Model_1_goa_nr_2022.dat 7 2025 SSBMean 33.2899
Model_1_goa_nr_2022.dat 7 2026 SSBF100 82.3497
Model_1_goa_nr_2022.dat 7 2026 SSBFabc 32.9399
Model_1_goa_nr_2022.dat 7 2026 SSBFofl 28.8224
Model_1_goa_nr_2022.dat 7 2026 SSBLCI 30.6845
Model_1_goa_nr_2022.dat 7 2026 SSBUCI 30.7943
Model_1_goa_nr_2022.dat 7 2026 SSBMedian 30.713
Model_1_goa_nr_2022.dat 7 2026 SSBMean 30.723
Model_1_goa_nr_2022.dat 7 2027 SSBF100 82.3497
Model_1_goa_nr_2022.dat 7 2027 SSBFabc 32.9399
Model_1_goa_nr_2022.dat 7 2027 SSBFofl 28.8224
Model_1_goa_nr_2022.dat 7 2027 SSBLCI 28.6278
Model_1_goa_nr_2022.dat 7 2027 SSBUCI 28.8903
Model_1_goa_nr_2022.dat 7 2027 SSBMedian 28.697
Model_1_goa_nr_2022.dat 7 2027 SSBMean 28.7228
Model_1_goa_nr_2022.dat 7 2028 SSBF100 82.3497
Model_1_goa_nr_2022.dat 7 2028 SSBFabc 32.9399
Model_1_goa_nr_2022.dat 7 2028 SSBFofl 28.8224
Model_1_goa_nr_2022.dat 7 2028 SSBLCI 27.0209
Model_1_goa_nr_2022.dat 7 2028 SSBUCI 27.6135
Model_1_goa_nr_2022.dat 7 2028 SSBMedian 27.176
Model_1_goa_nr_2022.dat 7 2028 SSBMean 27.2364
Model_1_goa_nr_2022.dat 7 2029 SSBF100 82.3497
Model_1_goa_nr_2022.dat 7 2029 SSBFabc 32.9399
Model_1_goa_nr_2022.dat 7 2029 SSBFofl 28.8224
Model_1_goa_nr_2022.dat 7 2029 SSBLCI 25.7695
Model_1_goa_nr_2022.dat 7 2029 SSBUCI 26.9865
Model_1_goa_nr_2022.dat 7 2029 SSBMedian 26.1035
Model_1_goa_nr_2022.dat 7 2029 SSBMean 26.2186
Model_1_goa_nr_2022.dat 7 2030 SSBF100 82.3497
Model_1_goa_nr_2022.dat 7 2030 SSBFabc 32.9399
Model_1_goa_nr_2022.dat 7 2030 SSBFofl 28.8224
Model_1_goa_nr_2022.dat 7 2030 SSBLCI 24.7864
Model_1_goa_nr_2022.dat 7 2030 SSBUCI 27.0335
Model_1_goa_nr_2022.dat 7 2030 SSBMedian 25.432
Model_1_goa_nr_2022.dat 7 2030 SSBMean 25.6375
Model_1_goa_nr_2022.dat 7 2031 SSBF100 82.3497
Model_1_goa_nr_2022.dat 7 2031 SSBFabc 32.9399
Model_1_goa_nr_2022.dat 7 2031 SSBFofl 28.8224
Model_1_goa_nr_2022.dat 7 2031 SSBLCI 24.0209
Model_1_goa_nr_2022.dat 7 2031 SSBUCI 27.7411
Model_1_goa_nr_2022.dat 7 2031 SSBMedian 25.1191
Model_1_goa_nr_2022.dat 7 2031 SSBMean 25.4553
Model_1_goa_nr_2022.dat 7 2032 SSBF100 82.3497
Model_1_goa_nr_2022.dat 7 2032 SSBFabc 32.9399
Model_1_goa_nr_2022.dat 7 2032 SSBFofl 28.8224
Model_1_goa_nr_2022.dat 7 2032 SSBLCI 23.4528
Model_1_goa_nr_2022.dat 7 2032 SSBUCI 29.0599
Model_1_goa_nr_2022.dat 7 2032 SSBMedian 25.1517
Model_1_goa_nr_2022.dat 7 2032 SSBMean 25.6068
Model_1_goa_nr_2022.dat 7 2033 SSBF100 82.3497
Model_1_goa_nr_2022.dat 7 2033 SSBFabc 32.9399
Model_1_goa_nr_2022.dat 7 2033 SSBFofl 28.8224
Model_1_goa_nr_2022.dat 7 2033 SSBLCI 23.0198
Model_1_goa_nr_2022.dat 7 2033 SSBUCI 30.3415
Model_1_goa_nr_2022.dat 7 2033 SSBMedian 25.4159
Model_1_goa_nr_2022.dat 7 2033 SSBMean 25.9946
Model_1_goa_nr_2022.dat 7 2034 SSBF100 82.3497
Model_1_goa_nr_2022.dat 7 2034 SSBFabc 32.9399
Model_1_goa_nr_2022.dat 7 2034 SSBFofl 28.8224
Model_1_goa_nr_2022.dat 7 2034 SSBLCI 22.7335
Model_1_goa_nr_2022.dat 7 2034 SSBUCI 31.9464
Model_1_goa_nr_2022.dat 7 2034 SSBMedian 25.8717
Model_1_goa_nr_2022.dat 7 2034 SSBMean 26.5104
Model_1_goa_nr_2022.dat 7 2035 SSBF100 82.3497
Model_1_goa_nr_2022.dat 7 2035 SSBFabc 32.9399
Model_1_goa_nr_2022.dat 7 2035 SSBFofl 28.8224
Model_1_goa_nr_2022.dat 7 2035 SSBLCI 22.6866
Model_1_goa_nr_2022.dat 7 2035 SSBUCI 33.1698
Model_1_goa_nr_2022.dat 7 2035 SSBMedian 26.3837
Model_1_goa_nr_2022.dat 7 2035 SSBMean 27.0666
Model_1_goa_nr_2022.dat 7 2022 F0 0 
Model_1_goa_nr_2022.dat 7 2022 Fabc 0.0612999
Model_1_goa_nr_2022.dat 7 2022 Fofl 0.0736157
Model_1_goa_nr_2022.dat 7 2022  F_LCI 0.0233027
Model_1_goa_nr_2022.dat 7 2022  F_UCI 0.0233027
Model_1_goa_nr_2022.dat 7 2022  F_Median 0.0233027
Model_1_goa_nr_2022.dat 7 2022  F_Mean 0.0233027
Model_1_goa_nr_2022.dat 7 2023 F0 0 
Model_1_goa_nr_2022.dat 7 2023 Fabc 0.0612999
Model_1_goa_nr_2022.dat 7 2023 Fofl 0.0736157
Model_1_goa_nr_2022.dat 7 2023  F_LCI 0.0612999
Model_1_goa_nr_2022.dat 7 2023  F_UCI 0.0612999
Model_1_goa_nr_2022.dat 7 2023  F_Median 0.0612999
Model_1_goa_nr_2022.dat 7 2023  F_Mean 0.0612999
Model_1_goa_nr_2022.dat 7 2024 F0 0 
Model_1_goa_nr_2022.dat 7 2024 Fabc 0.0612999
Model_1_goa_nr_2022.dat 7 2024 Fofl 0.0736157
Model_1_goa_nr_2022.dat 7 2024  F_LCI 0.0612999
Model_1_goa_nr_2022.dat 7 2024  F_UCI 0.0612999
Model_1_goa_nr_2022.dat 7 2024  F_Median 0.0612999
Model_1_goa_nr_2022.dat 7 2024  F_Mean 0.0612999
Model_1_goa_nr_2022.dat 7 2025 F0 0 
Model_1_goa_nr_2022.dat 7 2025 Fabc 0.0612999
Model_1_goa_nr_2022.dat 7 2025 Fofl 0.0736157
Model_1_goa_nr_2022.dat 7 2025  F_LCI 0.0736157
Model_1_goa_nr_2022.dat 7 2025  F_UCI 0.0736157
Model_1_goa_nr_2022.dat 7 2025  F_Median 0.0736157
Model_1_goa_nr_2022.dat 7 2025  F_Mean 0.0736157
Model_1_goa_nr_2022.dat 7 2026 F0 0 
Model_1_goa_nr_2022.dat 7 2026 Fabc 0.0612999
Model_1_goa_nr_2022.dat 7 2026 Fofl 0.0736157
Model_1_goa_nr_2022.dat 7 2026  F_LCI 0.0683099
Model_1_goa_nr_2022.dat 7 2026  F_UCI 0.0685684
Model_1_goa_nr_2022.dat 7 2026  F_Median 0.068377
Model_1_goa_nr_2022.dat 7 2026  F_Mean 0.0684007
Model_1_goa_nr_2022.dat 7 2027 F0 0 
Model_1_goa_nr_2022.dat 7 2027 Fabc 0.0612999
Model_1_goa_nr_2022.dat 7 2027 Fofl 0.0736157
Model_1_goa_nr_2022.dat 7 2027  F_LCI 0.0634717
Model_1_goa_nr_2022.dat 7 2027  F_UCI 0.0640892
Model_1_goa_nr_2022.dat 7 2027  F_Median 0.0636344
Model_1_goa_nr_2022.dat 7 2027  F_Mean 0.0636951
Model_1_goa_nr_2022.dat 7 2028 F0 0 
Model_1_goa_nr_2022.dat 7 2028 Fabc 0.0612999
Model_1_goa_nr_2022.dat 7 2028 Fofl 0.0736157
Model_1_goa_nr_2022.dat 7 2028  F_LCI 0.0596913
Model_1_goa_nr_2022.dat 7 2028  F_UCI 0.0610856
Model_1_goa_nr_2022.dat 7 2028  F_Median 0.0600563
Model_1_goa_nr_2022.dat 7 2028  F_Mean 0.0601983
Model_1_goa_nr_2022.dat 7 2029 F0 0 
Model_1_goa_nr_2022.dat 7 2029 Fabc 0.0612999
Model_1_goa_nr_2022.dat 7 2029 Fofl 0.0736157
Model_1_goa_nr_2022.dat 7 2029  F_LCI 0.0567475
Model_1_goa_nr_2022.dat 7 2029  F_UCI 0.0596104
Model_1_goa_nr_2022.dat 7 2029  F_Median 0.0575331
Model_1_goa_nr_2022.dat 7 2029  F_Mean 0.057804
Model_1_goa_nr_2022.dat 7 2030 F0 0 
Model_1_goa_nr_2022.dat 7 2030 Fabc 0.0612999
Model_1_goa_nr_2022.dat 7 2030 Fofl 0.0736157
Model_1_goa_nr_2022.dat 7 2030  F_LCI 0.0544347
Model_1_goa_nr_2022.dat 7 2030  F_UCI 0.0597211
Model_1_goa_nr_2022.dat 7 2030  F_Median 0.0559535
Model_1_goa_nr_2022.dat 7 2030  F_Mean 0.056437
Model_1_goa_nr_2022.dat 7 2031 F0 0 
Model_1_goa_nr_2022.dat 7 2031 Fabc 0.0612999
Model_1_goa_nr_2022.dat 7 2031 Fofl 0.0736157
Model_1_goa_nr_2022.dat 7 2031  F_LCI 0.052634
Model_1_goa_nr_2022.dat 7 2031  F_UCI 0.0613856
Model_1_goa_nr_2022.dat 7 2031  F_Median 0.0552175
Model_1_goa_nr_2022.dat 7 2031  F_Mean 0.0560045
Model_1_goa_nr_2022.dat 7 2032 F0 0 
Model_1_goa_nr_2022.dat 7 2032 Fabc 0.0612999
Model_1_goa_nr_2022.dat 7 2032 Fofl 0.0736157
Model_1_goa_nr_2022.dat 7 2032  F_LCI 0.0512975
Model_1_goa_nr_2022.dat 7 2032  F_UCI 0.0644881
Model_1_goa_nr_2022.dat 7 2032  F_Median 0.0552942
Model_1_goa_nr_2022.dat 7 2032  F_Mean 0.0563277
Model_1_goa_nr_2022.dat 7 2033 F0 0 
Model_1_goa_nr_2022.dat 7 2033 Fabc 0.0612999
Model_1_goa_nr_2022.dat 7 2033 Fofl 0.0736157
Model_1_goa_nr_2022.dat 7 2033  F_LCI 0.0502788
Model_1_goa_nr_2022.dat 7 2033  F_UCI 0.0675031
Model_1_goa_nr_2022.dat 7 2033  F_Median 0.0559157
Model_1_goa_nr_2022.dat 7 2033  F_Mean 0.0571608
Model_1_goa_nr_2022.dat 7 2034 F0 0 
Model_1_goa_nr_2022.dat 7 2034 Fabc 0.0612999
Model_1_goa_nr_2022.dat 7 2034 Fofl 0.0736157
Model_1_goa_nr_2022.dat 7 2034  F_LCI 0.0496055
Model_1_goa_nr_2022.dat 7 2034  F_UCI 0.0712786
Model_1_goa_nr_2022.dat 7 2034  F_Median 0.0569878
Model_1_goa_nr_2022.dat 7 2034  F_Mean 0.0582501
Model_1_goa_nr_2022.dat 7 2035 F0 0 
Model_1_goa_nr_2022.dat 7 2035 Fabc 0.0612999
Model_1_goa_nr_2022.dat 7 2035 Fofl 0.0736157
Model_1_goa_nr_2022.dat 7 2035  F_LCI 0.049495
Model_1_goa_nr_2022.dat 7 2035  F_UCI 0.0736157
Model_1_goa_nr_2022.dat 7 2035  F_Median 0.0581923
Model_1_goa_nr_2022.dat 7 2035  F_Mean 0.0594103
