Alternative 1 Catch
     Model_1_goa_nr_2020.dat 
Equil_Fabc 4.93127 
Year 
2020 2.38492 
2021 2.47104 
2022 5.14652 
2023 4.80466 
2024 4.51574 
2025 4.10109 
2026 3.72831 
2027 3.51514 
2028 3.44497 
2029 3.47212 
2030 3.55952 
2031 3.67489 
2032 3.80031 
2033 3.92911 

Alternative 1 ABCs
     Model_1_goa_nr_2020.dat 

Year 
2020  NA 
2021  NA 
2022 5.14652 
2023 4.80466 
2024 4.51574 
2025 4.10109 
2026 3.72831 
2027 3.51514 
2028 3.44497 
2029 3.47212 
2030 3.55952 
2031 3.67489 
2032 3.80031 
2033 3.92911 

Alternative 1 TACs
     Model_1_goa_nr_2020.dat 

Year 
2020  NA 
2021  NA 
2022 5.14652 
2023 4.80466 
2024 4.51574 
2025 4.10109 
2026 3.72831 
2027 3.51514 
2028 3.44497 
2029 3.47212 
2030 3.55952 
2031 3.67489 
2032 3.80031 
2033 3.92911 

Alternative 1 Sp_Biomass
     Model_1_goa_nr_2020.dat 
Equil_Fabc 33.9327 
Year 
2020 45.176 
2021 42.9879 
2022 40.4742 
2023 37.4075 
2024 34.7562 
2025 32.55 
2026 30.8392 
2027 29.6181 
2028 28.8625 
2029 28.5445 
2030 28.6052 
2031 28.9455 
2032 29.4499 
2033 30.0216 

Alternative 1 Fishing Mortality
     Model_1_goa_nr_2020.dat 
Equil_Fabc 0.0610274 
Year 
2020 0.0254399 
2021 0.0276305 
2022 0.0610274 
2023 0.0610274 
2024 0.0610274 
2025 0.0584098 
2026 0.0551709 
2027 0.0528593 
2028 0.0514268 
2029 0.0508003 
2030 0.0508387 
2031 0.0513199 
2032 0.0520346 
2033 0.0528045 

Alternative 1 Biomass
     Model_1_goa_nr_2020.dat 

Year 
2020 106.12 
2021 102.903 
2022 100.371 
2023 96.0445 
2024 92.9932 
2025 91.0542 
2026 90.225 
2027 90.3582 
2028 91.1655 
2029 92.4078 
2030 93.8522 
2031 95.3758 
2032 96.8521 
2033 98.2229 

Alternative 1 Implied SPR rate 
     Model_1_goa_nr_2020.dat 
Equil_Fabc 0.4 
Year 
2020 0.637635 
2021 0.616881 
2022 0.4 
2023 0.4 
2024 0.4 
2025 0.412189 
2026 0.428128 
2027 0.44015 
2028 0.447953 
2029 0.451598 
2030 0.451706 
2031 0.449414 
2032 0.445839 
2033 0.441917 

  Model_1_goa_nr_2020.dat 
EquilAvgAgeF0  16.5608 
EquilAvgAgeFabc  9.68849 
AvgAgeYr2033 10.6364 
Alternative 2 Catch
     Model_1_goa_nr_2020.dat 
Equil_Fabc 4.93127 
Year 
2020 2.38492 
2021 2.47104 
2022 5.14652 
2023 4.80466 
2024 4.51574 
2025 4.10109 
2026 3.72831 
2027 3.51514 
2028 3.44497 
2029 3.47212 
2030 3.55952 
2031 3.67489 
2032 3.80031 
2033 3.92911 

Alternative 2 ABCs
     Model_1_goa_nr_2020.dat 

Year 
2020  NA 
2021  NA 
2022 5.14652 
2023 4.80466 
2024 4.51574 
2025 4.10109 
2026 3.72831 
2027 3.51514 
2028 3.44497 
2029 3.47212 
2030 3.55952 
2031 3.67489 
2032 3.80031 
2033 3.92911 

Alternative 2 TACs
     Model_1_goa_nr_2020.dat 

Year 
2020  NA 
2021  NA 
2022 5.14652 
2023 4.80466 
2024 4.51574 
2025 4.10109 
2026 3.72831 
2027 3.51514 
2028 3.44497 
2029 3.47212 
2030 3.55952 
2031 3.67489 
2032 3.80031 
2033 3.92911 

Alternative 2 Sp_Biomass
     Model_1_goa_nr_2020.dat 
Equil_Fabc 33.9327 
Year 
2020 45.176 
2021 42.9879 
2022 40.4742 
2023 37.4075 
2024 34.7562 
2025 32.55 
2026 30.8392 
2027 29.6181 
2028 28.8625 
2029 28.5445 
2030 28.6052 
2031 28.9455 
2032 29.4499 
2033 30.0216 

Alternative 2 Fishing Mortality
     Model_1_goa_nr_2020.dat 
Equil_Fabc 0.0610274 
Year 
2020 0.0254399 
2021 0.0276305 
2022 0.0610274 
2023 0.0610274 
2024 0.0610274 
2025 0.0584098 
2026 0.0551709 
2027 0.0528593 
2028 0.0514268 
2029 0.0508003 
2030 0.0508387 
2031 0.0513199 
2032 0.0520346 
2033 0.0528045 

Alternative 2 Biomass
     Model_1_goa_nr_2020.dat 

Year 
2020 106.12 
2021 102.903 
2022 100.371 
2023 96.0445 
2024 92.9932 
2025 91.0542 
2026 90.225 
2027 90.3582 
2028 91.1655 
2029 92.4078 
2030 93.8522 
2031 95.3758 
2032 96.8521 
2033 98.2229 

Alternative 2 Implied SPR rate 
     Model_1_goa_nr_2020.dat 
Equil_Fabc 0.4 
Year 
2020 0.637635 
2021 0.616881 
2022 0.4 
2023 0.4 
2024 0.4 
2025 0.412189 
2026 0.428128 
2027 0.44015 
2028 0.447953 
2029 0.451598 
2030 0.451706 
2031 0.449414 
2032 0.445839 
2033 0.441917 

  Model_1_goa_nr_2020.dat 
EquilAvgAgeF0  16.5608 
EquilAvgAgeFabc  9.68849 
AvgAgeYr2033 10.6364 
Alternative 3 Catch
     Model_1_goa_nr_2020.dat 
Equil_Fabc 4.93127 
Year 
2020 2.38492 
2021 2.47104 
2022 2.61147 
2023 2.51045 
2024 2.42673 
2025 2.36133 
2026 2.31862 
2027 2.28903 
2028 2.29419 
2029 2.33815 
2030 2.4011 
2031 2.46992 
2032 2.53952 
2033 2.61118 

Alternative 3 ABCs
     Model_1_goa_nr_2020.dat 

Year 
2020  NA 
2021  NA 
2022 2.61147 
2023 2.51045 
2024 2.42673 
2025 2.36133 
2026 2.31862 
2027 2.28903 
2028 2.29419 
2029 2.33815 
2030 2.4011 
2031 2.46992 
2032 2.53952 
2033 2.61118 

Alternative 3 TACs
     Model_1_goa_nr_2020.dat 

Year 
2020  NA 
2021  NA 
2022 2.61147 
2023 2.51045 
2024 2.42673 
2025 2.36133 
2026 2.31862 
2027 2.28903 
2028 2.29419 
2029 2.33815 
2030 2.4011 
2031 2.46992 
2032 2.53952 
2033 2.61118 

Alternative 3 Sp_Biomass
     Model_1_goa_nr_2020.dat 
Equil_Fabc 33.9327 
Year 
2020 45.176 
2021 42.9879 
2022 40.8844 
2023 38.9352 
2024 37.2533 
2025 35.8619 
2026 34.7779 
2027 34.0274 
2028 33.6469 
2029 33.6546 
2030 34.0261 
2031 34.6879 
2032 35.5376 
2033 36.4795 

Alternative 3 Fishing Mortality
     Model_1_goa_nr_2020.dat 
Equil_Fabc 0.0610274 
Year 
2020 0.0254399 
2021 0.0276305 
2022 0.0305137 
2023 0.0305137 
2024 0.0305137 
2025 0.0305137 
2026 0.0305137 
2027 0.0301889 
2028 0.0297852 
2029 0.0296072 
2030 0.0295805 
2031 0.0296422 
2032 0.0297467 
2033 0.0298618 

Alternative 3 Biomass
     Model_1_goa_nr_2020.dat 

Year 
2020 106.12 
2021 102.903 
2022 100.371 
2023 98.5502 
2024 97.6653 
2025 97.6015 
2026 98.2253 
2027 99.4255 
2028 101.077 
2029 103.061 
2030 105.211 
2031 107.447 
2032 109.664 
2033 111.812 

Alternative 3 Implied SPR rate 
     Model_1_goa_nr_2020.dat 
Equil_Fabc 0.4 
Year 
2020 0.637635 
2021 0.616881 
2022 0.591218 
2023 0.591218 
2024 0.591218 
2025 0.591218 
2026 0.591218 
2027 0.594028 
2028 0.597562 
2029 0.599155 
2030 0.599424 
2031 0.598908 
2032 0.598005 
2033 0.597002 

  Model_1_goa_nr_2020.dat 
EquilAvgAgeF0  16.5608 
EquilAvgAgeFabc  9.68849 
AvgAgeYr2033 11.7372 
Alternative 4 Catch
     Model_1_goa_nr_2020.dat 
Equil_Fabc 4.93127 
Year 
2020 2.38492 
2021 2.47104 
2022 2.15733 
2023 2.08461 
2024 2.0251 
2025 1.97978 
2026 1.95235 
2027 1.95467 
2028 1.98917 
2029 2.04113 
2030 2.09945 
2031 2.15731 
2032 2.21342 
2033 2.27081 

Alternative 4 ABCs
     Model_1_goa_nr_2020.dat 

Year 
2020  NA 
2021  NA 
2022 2.15733 
2023 2.08461 
2024 2.0251 
2025 1.97978 
2026 1.95235 
2027 1.95467 
2028 1.98917 
2029 2.04113 
2030 2.09945 
2031 2.15731 
2032 2.21342 
2033 2.27081 

Alternative 4 TACs
     Model_1_goa_nr_2020.dat 

Year 
2020  NA 
2021  NA 
2022 2.15733 
2023 2.08461 
2024 2.0251 
2025 1.97978 
2026 1.95235 
2027 1.95467 
2028 1.98917 
2029 2.04113 
2030 2.09945 
2031 2.15731 
2032 2.21342 
2033 2.27081 

Alternative 4 Sp_Biomass
     Model_1_goa_nr_2020.dat 
Equil_Fabc 33.9327 
Year 
2020 45.176 
2021 42.9879 
2022 40.957 
2023 39.2106 
2024 37.7114 
2025 36.4854 
2026 35.5516 
2027 34.9351 
2028 34.6674 
2029 34.772 
2030 35.2351 
2031 35.9901 
2032 36.9377 
2033 37.9829 

Alternative 4 Fishing Mortality
     Model_1_goa_nr_2020.dat 
Equil_Fabc 0.0610274 
Year 
2020 0.0254399 
2021 0.0276305 
2022 0.0251418 
2023 0.0251418 
2024 0.0251418 
2025 0.0251418 
2026 0.0251418 
2027 0.0251418 
2028 0.0251418 
2029 0.0251418 
2030 0.0251418 
2031 0.0251418 
2032 0.0251418 
2033 0.0251418 

Alternative 4 Biomass
     Model_1_goa_nr_2020.dat 

Year 
2020 106.12 
2021 102.903 
2022 100.371 
2023 98.9992 
2024 98.517 
2025 98.8155 
2026 99.7667 
2027 101.266 
2028 103.174 
2029 105.377 
2030 107.73 
2031 110.167 
2032 112.592 
2033 114.953 

Alternative 4 Implied SPR rate 
     Model_1_goa_nr_2020.dat 
Equil_Fabc 0.4 
Year 
2020 0.637635 
2021 0.616881 
2022 0.640548 
2023 0.640548 
2024 0.640548 
2025 0.640548 
2026 0.640548 
2027 0.640548 
2028 0.640548 
2029 0.640548 
2030 0.640548 
2031 0.640548 
2032 0.640548 
2033 0.640548 

  Model_1_goa_nr_2020.dat 
EquilAvgAgeF0  16.5608 
EquilAvgAgeFabc  9.68849 
AvgAgeYr2033 11.9747 
Alternative 5 Catch
     Model_1_goa_nr_2020.dat 
Equil_Fabc 4.93127 
Year 
2020 2.38492 
2021 2.47104 
2022  NA 
2023  NA 
2024  NA 
2025  NA 
2026  NA 
2027  NA 
2028  NA 
2029  NA 
2030  NA 
2031  NA 
2032  NA 
2033  NA 

Alternative 5 ABCs
     Model_1_goa_nr_2020.dat 

Year 
2020  NA 
2021  NA 
2022  NA 
2023  NA 
2024  NA 
2025  NA 
2026  NA 
2027  NA 
2028  NA 
2029  NA 
2030  NA 
2031  NA 
2032  NA 
2033  NA 

Alternative 5 TACs
     Model_1_goa_nr_2020.dat 

Year 
2020  NA 
2021  NA 
2022  NA 
2023  NA 
2024  NA 
2025  NA 
2026  NA 
2027  NA 
2028  NA 
2029  NA 
2030  NA 
2031  NA 
2032  NA 
2033  NA 

Alternative 5 Sp_Biomass
     Model_1_goa_nr_2020.dat 
Equil_Fabc 33.9327 
Year 
2020 45.176 
2021 42.9879 
2022 41.2986 
2023 40.5259 
2024 39.9328 
2025 39.5543 
2026 39.4172 
2027 39.5543 
2028 40.0076 
2029 40.8158 
2030 41.982 
2031 43.4523 
2032 45.1314 
2033 46.9211 

Alternative 5 Fishing Mortality
     Model_1_goa_nr_2020.dat 
Equil_Fabc 0.0610274 
Year 
2020 0.0254399 
2021 0.0276305 
2022  NA 
2023  NA 
2024  NA 
2025  NA 
2026  NA 
2027  NA 
2028  NA 
2029  NA 
2030  NA 
2031  NA 
2032  NA 
2033  NA 

Alternative 5 Biomass
     Model_1_goa_nr_2020.dat 

Year 
2020 106.12 
2021 102.903 
2022 100.371 
2023 101.132 
2024 102.624 
2025 104.756 
2026 107.42 
2027 110.535 
2028 113.998 
2029 117.734 
2030 121.619 
2031 125.595 
2032 129.561 
2033 133.464 

Alternative 5 Implied SPR rate 
     Model_1_goa_nr_2020.dat 
Equil_Fabc 0.4 
Year 
2020 0.637635 
2021 0.616881 
2022 1 
2023 1 
2024 1 
2025 1 
2026 1 
2027 1 
2028 1 
2029 1 
2030 1 
2031 1 
2032 1 
2033 1 

  Model_1_goa_nr_2020.dat 
EquilAvgAgeF0  16.5608 
EquilAvgAgeFabc  9.68849 
AvgAgeYr2033 13.2812 
Alternative 6 Catch
     Model_1_goa_nr_2020.dat 
Equil_Fabc 4.93127 
Year 
2020 2.38492 
2021 6.40994 
2022 5.87799 
2023 5.43123 
2024 4.82594 
2025 4.23069 
2026 3.82863 
2027 3.60689 
2028 3.54422 
2029 3.59017 
2030 3.70295 
2031 3.84747 
2032 4.00203 
2033 4.16084 

Alternative 6 ABCs
     Model_1_goa_nr_2020.dat 

Year 
2020 6.71171 
2021 6.40995 
2022 5.87799 
2023 5.43123 
2024 4.82594 
2025 4.23069 
2026 3.82863 
2027 3.60689 
2028 3.54422 
2029 3.59017 
2030 3.70295 
2031 3.84747 
2032 4.00203 
2033 4.16084 

Alternative 6 TACs
     Model_1_goa_nr_2020.dat 

Year 
2020  NA 
2021 6.40995 
2022 5.87799 
2023 5.43123 
2024 4.82594 
2025 4.23069 
2026 3.82863 
2027 3.60689 
2028 3.54422 
2029 3.59017 
2030 3.70295 
2031 3.84747 
2032 4.00203 
2033 4.16084 

Alternative 6 Sp_Biomass
     Model_1_goa_nr_2020.dat 
Equil_Fabc 33.9327 
Year 
2020 45.176 
2021 42.3436 
2022 38.5392 
2023 35.2166 
2024 32.4084 
2025 30.1793 
2026 28.51 
2027 27.3449 
2028 26.6502 
2029 26.3894 
2030 26.4961 
2031 26.8662 
2032 27.3816 
2033 27.9457 

Alternative 6 Fishing Mortality
     Model_1_goa_nr_2020.dat 
Equil_Fabc 0.0610274 
Year 
2020 0.0254399 
2021 0.0732759 
2022 0.073276 
2023 0.073276 
2024 0.0698112 
2025 0.0647441 
2026 0.0609496 
2027 0.0583013 
2028 0.056722 
2029 0.0561226 
2030 0.0563277 
2031 0.0570829 
2032 0.0581236 
2033 0.0592529 

Alternative 6 Biomass
     Model_1_goa_nr_2020.dat 

Year 
2020 106.12 
2021 102.903 
2022 96.4818 
2023 91.5992 
2024 88.123 
2025 86.0933 
2026 85.3592 
2027 85.6146 
2028 86.5474 
2029 87.9007 
2030 89.4293 
2031 91.0038 
2032 92.4947 
2033 93.8453 

Alternative 6 Implied SPR rate 
     Model_1_goa_nr_2020.dat 
Equil_Fabc 0.4 
Year 
2020 0.637635 
2021 0.35 
2022 0.35 
2023 0.35 
2024 0.363077 
2025 0.383671 
2026 0.400365 
2027 0.412753 
2028 0.420534 
2029 0.423774 
2030 0.423181 
2031 0.419958 
2032 0.415362 
2033 0.410332 

  Model_1_goa_nr_2020.dat 
EquilAvgAgeF0  16.5608 
EquilAvgAgeFabc  9.68849 
AvgAgeYr2033 10.2189 
Alternative 7 Catch
     Model_1_goa_nr_2020.dat 
Equil_Fabc 4.93127 
Year 
2020 2.38492 
2021 5.37014 
2022 4.983 
2023 5.55868 
2024 5.0507 
2025 4.40561 
2026 3.96743 
2027 3.7194 
2028 3.63714 
2029 3.66744 
2030 3.76725 
2031 3.90031 
2032 4.04525 
2033 4.19589 

Alternative 7 ABCs
     Model_1_goa_nr_2020.dat 

Year 
2020 6.71171 
2021 6.40995 
2022 5.94797 
2023 5.55868 
2024 5.0507 
2025 4.40561 
2026 3.96743 
2027 3.7194 
2028 3.63714 
2029 3.66744 
2030 3.76725 
2031 3.90031 
2032 4.04525 
2033 4.19589 

Alternative 7 TACs
     Model_1_goa_nr_2020.dat 

Year 
2020  NA 
2021 6.40995 
2022 5.94797 
2023 5.55868 
2024 5.0507 
2025 4.40561 
2026 3.96743 
2027 3.7194 
2028 3.63714 
2029 3.66744 
2030 3.76725 
2031 3.90031 
2032 4.04525 
2033 4.19589 

Alternative 7 Sp_Biomass
     Model_1_goa_nr_2020.dat 
Equil_Fabc 33.9327 
Year 
2020 45.176 
2021 42.5155 
2022 39.1648 
2023 36.0683 
2024 33.1572 
2025 30.8056 
2026 29.0358 
2027 27.7864 
2028 27.0199 
2029 26.6977 
2030 26.7515 
2031 27.0761 
2032 27.5529 
2033 28.0846 

Alternative 7 Fishing Mortality
     Model_1_goa_nr_2020.dat 
Equil_Fabc 0.0610274 
Year 
2020 0.0254399 
2021 0.0610274 
2022 0.0610274 
2023 0.073276 
2024 0.0715134 
2025 0.066168 
2026 0.0621448 
2027 0.0593048 
2028 0.0575625 
2029 0.0568213 
2030 0.0569044 
2031 0.0575502 
2032 0.0584995 
2033 0.0595518 

Alternative 7 Biomass
     Model_1_goa_nr_2020.dat 

Year 
2020 106.12 
2021 102.903 
2022 97.5082 
2023 93.4663 
2024 89.7836 
2025 87.4565 
2026 86.4844 
2027 86.5458 
2028 87.3179 
2029 88.536 
2030 89.9505 
2031 91.4289 
2032 92.8397 
2033 94.1238 

Alternative 7 Implied SPR rate 
     Model_1_goa_nr_2020.dat 
Equil_Fabc 0.4 
Year 
2020 0.637635 
2021 0.4 
2022 0.4 
2023 0.35 
2024 0.356556 
2025 0.377698 
2026 0.394984 
2027 0.408 
2028 0.416424 
2029 0.420304 
2030 0.420314 
2031 0.417647 
2032 0.413522 
2033 0.408886 

  Model_1_goa_nr_2020.dat 
EquilAvgAgeF0  16.5608 
EquilAvgAgeFabc  9.68849 
AvgAgeYr2033 10.262 
