Model_1_goa_nr_2020.dat 1 2020 Cabc 4.93127
Model_1_goa_nr_2020.dat 1 2020 Cofl 5.27286
Model_1_goa_nr_2020.dat 1 2020 CLCI 2.38492
Model_1_goa_nr_2020.dat 1 2020 CUCI 2.38492
Model_1_goa_nr_2020.dat 1 2020 CMedian 2.38492
Model_1_goa_nr_2020.dat 1 2020 CMean 2.38492
Model_1_goa_nr_2020.dat 1 2021 Cabc 4.93127
Model_1_goa_nr_2020.dat 1 2021 Cofl 5.27286
Model_1_goa_nr_2020.dat 1 2021 CLCI 2.47104
Model_1_goa_nr_2020.dat 1 2021 CUCI 2.47104
Model_1_goa_nr_2020.dat 1 2021 CMedian 2.47104
Model_1_goa_nr_2020.dat 1 2021 CMean 2.47104
Model_1_goa_nr_2020.dat 1 2022 Cabc 4.93127
Model_1_goa_nr_2020.dat 1 2022 Cofl 5.27286
Model_1_goa_nr_2020.dat 1 2022 CLCI 5.1465
Model_1_goa_nr_2020.dat 1 2022 CUCI 5.14656
Model_1_goa_nr_2020.dat 1 2022 CMedian 5.14651
Model_1_goa_nr_2020.dat 1 2022 CMean 5.14652
Model_1_goa_nr_2020.dat 1 2023 Cabc 4.93127
Model_1_goa_nr_2020.dat 1 2023 Cofl 5.27286
Model_1_goa_nr_2020.dat 1 2023 CLCI 4.8045
Model_1_goa_nr_2020.dat 1 2023 CUCI 4.80498
Model_1_goa_nr_2020.dat 1 2023 CMedian 4.80461
Model_1_goa_nr_2020.dat 1 2023 CMean 4.80466
Model_1_goa_nr_2020.dat 1 2024 Cabc 4.93127
Model_1_goa_nr_2020.dat 1 2024 Cofl 5.27286
Model_1_goa_nr_2020.dat 1 2024 CLCI 4.51459
Model_1_goa_nr_2020.dat 1 2024 CUCI 4.51808
Model_1_goa_nr_2020.dat 1 2024 CMedian 4.51538
Model_1_goa_nr_2020.dat 1 2024 CMean 4.51574
Model_1_goa_nr_2020.dat 1 2025 Cabc 4.93127
Model_1_goa_nr_2020.dat 1 2025 Cofl 5.27286
Model_1_goa_nr_2020.dat 1 2025 CLCI 4.08056
Model_1_goa_nr_2020.dat 1 2025 CUCI 4.13916
Model_1_goa_nr_2020.dat 1 2025 CMedian 4.09533
Model_1_goa_nr_2020.dat 1 2025 CMean 4.10109
Model_1_goa_nr_2020.dat 1 2026 Cabc 4.93127
Model_1_goa_nr_2020.dat 1 2026 Cofl 5.27286
Model_1_goa_nr_2020.dat 1 2026 CLCI 3.66427
Model_1_goa_nr_2020.dat 1 2026 CUCI 3.84702
Model_1_goa_nr_2020.dat 1 2026 CMedian 3.71024
Model_1_goa_nr_2020.dat 1 2026 CMean 3.72831
Model_1_goa_nr_2020.dat 1 2027 Cabc 4.93127
Model_1_goa_nr_2020.dat 1 2027 Cofl 5.27286
Model_1_goa_nr_2020.dat 1 2027 CLCI 3.32955
Model_1_goa_nr_2020.dat 1 2027 CUCI 3.85878
Model_1_goa_nr_2020.dat 1 2027 CMedian 3.46435
Model_1_goa_nr_2020.dat 1 2027 CMean 3.51514
Model_1_goa_nr_2020.dat 1 2028 Cabc 4.93127
Model_1_goa_nr_2020.dat 1 2028 Cofl 5.27286
Model_1_goa_nr_2020.dat 1 2028 CLCI 3.05801
Model_1_goa_nr_2020.dat 1 2028 CUCI 4.11367
Model_1_goa_nr_2020.dat 1 2028 CMedian 3.32931
Model_1_goa_nr_2020.dat 1 2028 CMean 3.44497
Model_1_goa_nr_2020.dat 1 2029 Cabc 4.93127
Model_1_goa_nr_2020.dat 1 2029 Cofl 5.27286
Model_1_goa_nr_2020.dat 1 2029 CLCI 2.85173
Model_1_goa_nr_2020.dat 1 2029 CUCI 4.54272
Model_1_goa_nr_2020.dat 1 2029 CMedian 3.30833
Model_1_goa_nr_2020.dat 1 2029 CMean 3.47212
Model_1_goa_nr_2020.dat 1 2030 Cabc 4.93127
Model_1_goa_nr_2020.dat 1 2030 Cofl 5.27286
Model_1_goa_nr_2020.dat 1 2030 CLCI 2.73019
Model_1_goa_nr_2020.dat 1 2030 CUCI 4.94239
Model_1_goa_nr_2020.dat 1 2030 CMedian 3.35997
Model_1_goa_nr_2020.dat 1 2030 CMean 3.55952
Model_1_goa_nr_2020.dat 1 2031 Cabc 4.93127
Model_1_goa_nr_2020.dat 1 2031 Cofl 5.27286
Model_1_goa_nr_2020.dat 1 2031 CLCI 2.64746
Model_1_goa_nr_2020.dat 1 2031 CUCI 5.34505
Model_1_goa_nr_2020.dat 1 2031 CMedian 3.45778
Model_1_goa_nr_2020.dat 1 2031 CMean 3.67489
Model_1_goa_nr_2020.dat 1 2032 Cabc 4.93127
Model_1_goa_nr_2020.dat 1 2032 Cofl 5.27286
Model_1_goa_nr_2020.dat 1 2032 CLCI 2.59058
Model_1_goa_nr_2020.dat 1 2032 CUCI 5.60848
Model_1_goa_nr_2020.dat 1 2032 CMedian 3.59925
Model_1_goa_nr_2020.dat 1 2032 CMean 3.80031
Model_1_goa_nr_2020.dat 1 2033 Cabc 4.93127
Model_1_goa_nr_2020.dat 1 2033 Cofl 5.27286
Model_1_goa_nr_2020.dat 1 2033 CLCI 2.57814
Model_1_goa_nr_2020.dat 1 2033 CUCI 5.72259
Model_1_goa_nr_2020.dat 1 2033 CMedian 3.73873
Model_1_goa_nr_2020.dat 1 2033 CMean 3.92911
Model_1_goa_nr_2020.dat 1 2020 SSBF100 84.8317
Model_1_goa_nr_2020.dat 1 2020 SSBFabc 33.9327
Model_1_goa_nr_2020.dat 1 2020 SSBFofl 29.6911
Model_1_goa_nr_2020.dat 1 2020 SSBLCI 45.176
Model_1_goa_nr_2020.dat 1 2020 SSBUCI 45.176
Model_1_goa_nr_2020.dat 1 2020 SSBMedian 45.176
Model_1_goa_nr_2020.dat 1 2020 SSBMean 45.176
Model_1_goa_nr_2020.dat 1 2021 SSBF100 84.8317
Model_1_goa_nr_2020.dat 1 2021 SSBFabc 33.9327
Model_1_goa_nr_2020.dat 1 2021 SSBFofl 29.6911
Model_1_goa_nr_2020.dat 1 2021 SSBLCI 42.9872
Model_1_goa_nr_2020.dat 1 2021 SSBUCI 42.9895
Model_1_goa_nr_2020.dat 1 2021 SSBMedian 42.9877
Model_1_goa_nr_2020.dat 1 2021 SSBMean 42.9879
Model_1_goa_nr_2020.dat 1 2022 SSBF100 84.8317
Model_1_goa_nr_2020.dat 1 2022 SSBFabc 33.9327
Model_1_goa_nr_2020.dat 1 2022 SSBFofl 29.6911
Model_1_goa_nr_2020.dat 1 2022 SSBLCI 40.4703
Model_1_goa_nr_2020.dat 1 2022 SSBUCI 40.4823
Model_1_goa_nr_2020.dat 1 2022 SSBMedian 40.4731
Model_1_goa_nr_2020.dat 1 2022 SSBMean 40.4742
Model_1_goa_nr_2020.dat 1 2023 SSBF100 84.8317
Model_1_goa_nr_2020.dat 1 2023 SSBFabc 33.9327
Model_1_goa_nr_2020.dat 1 2023 SSBFofl 29.6911
Model_1_goa_nr_2020.dat 1 2023 SSBLCI 37.3932
Model_1_goa_nr_2020.dat 1 2023 SSBUCI 37.4342
Model_1_goa_nr_2020.dat 1 2023 SSBMedian 37.4036
Model_1_goa_nr_2020.dat 1 2023 SSBMean 37.4075
Model_1_goa_nr_2020.dat 1 2024 SSBF100 84.8317
Model_1_goa_nr_2020.dat 1 2024 SSBFabc 33.9327
Model_1_goa_nr_2020.dat 1 2024 SSBFofl 29.6911
Model_1_goa_nr_2020.dat 1 2024 SSBLCI 34.7145
Model_1_goa_nr_2020.dat 1 2024 SSBUCI 34.8326
Model_1_goa_nr_2020.dat 1 2024 SSBMedian 34.7452
Model_1_goa_nr_2020.dat 1 2024 SSBMean 34.7562
Model_1_goa_nr_2020.dat 1 2025 SSBF100 84.8317
Model_1_goa_nr_2020.dat 1 2025 SSBFabc 33.9327
Model_1_goa_nr_2020.dat 1 2025 SSBFofl 29.6911
Model_1_goa_nr_2020.dat 1 2025 SSBLCI 32.4461
Model_1_goa_nr_2020.dat 1 2025 SSBUCI 32.7364
Model_1_goa_nr_2020.dat 1 2025 SSBMedian 32.5221
Model_1_goa_nr_2020.dat 1 2025 SSBMean 32.55
Model_1_goa_nr_2020.dat 1 2026 SSBF100 84.8317
Model_1_goa_nr_2020.dat 1 2026 SSBFabc 33.9327
Model_1_goa_nr_2020.dat 1 2026 SSBFofl 29.6911
Model_1_goa_nr_2020.dat 1 2026 SSBLCI 30.6058
Model_1_goa_nr_2020.dat 1 2026 SSBUCI 31.2488
Model_1_goa_nr_2020.dat 1 2026 SSBMedian 30.7734
Model_1_goa_nr_2020.dat 1 2026 SSBMean 30.8392
Model_1_goa_nr_2020.dat 1 2027 SSBF100 84.8317
Model_1_goa_nr_2020.dat 1 2027 SSBFabc 33.9327
Model_1_goa_nr_2020.dat 1 2027 SSBFofl 29.6911
Model_1_goa_nr_2020.dat 1 2027 SSBLCI 29.1339
Model_1_goa_nr_2020.dat 1 2027 SSBUCI 30.4504
Model_1_goa_nr_2020.dat 1 2027 SSBMedian 29.4922
Model_1_goa_nr_2020.dat 1 2027 SSBMean 29.6181
Model_1_goa_nr_2020.dat 1 2028 SSBF100 84.8317
Model_1_goa_nr_2020.dat 1 2028 SSBFabc 33.9327
Model_1_goa_nr_2020.dat 1 2028 SSBFofl 29.6911
Model_1_goa_nr_2020.dat 1 2028 SSBLCI 27.9472
Model_1_goa_nr_2020.dat 1 2028 SSBUCI 30.3748
Model_1_goa_nr_2020.dat 1 2028 SSBMedian 28.6441
Model_1_goa_nr_2020.dat 1 2028 SSBMean 28.8625
Model_1_goa_nr_2020.dat 1 2029 SSBF100 84.8317
Model_1_goa_nr_2020.dat 1 2029 SSBFabc 33.9327
Model_1_goa_nr_2020.dat 1 2029 SSBFofl 29.6911
Model_1_goa_nr_2020.dat 1 2029 SSBLCI 26.9923
Model_1_goa_nr_2020.dat 1 2029 SSBUCI 30.9713
Model_1_goa_nr_2020.dat 1 2029 SSBMedian 28.1838
Model_1_goa_nr_2020.dat 1 2029 SSBMean 28.5445
Model_1_goa_nr_2020.dat 1 2030 SSBF100 84.8317
Model_1_goa_nr_2020.dat 1 2030 SSBFabc 33.9327
Model_1_goa_nr_2020.dat 1 2030 SSBFofl 29.6911
Model_1_goa_nr_2020.dat 1 2030 SSBLCI 26.2758
Model_1_goa_nr_2020.dat 1 2030 SSBUCI 32.3624
Model_1_goa_nr_2020.dat 1 2030 SSBMedian 28.1135
Model_1_goa_nr_2020.dat 1 2030 SSBMean 28.6052
Model_1_goa_nr_2020.dat 1 2031 SSBF100 84.8317
Model_1_goa_nr_2020.dat 1 2031 SSBFabc 33.9327
Model_1_goa_nr_2020.dat 1 2031 SSBFofl 29.6911
Model_1_goa_nr_2020.dat 1 2031 SSBLCI 25.7326
Model_1_goa_nr_2020.dat 1 2031 SSBUCI 33.6982
Model_1_goa_nr_2020.dat 1 2031 SSBMedian 28.3154
Model_1_goa_nr_2020.dat 1 2031 SSBMean 28.9455
Model_1_goa_nr_2020.dat 1 2032 SSBF100 84.8317
Model_1_goa_nr_2020.dat 1 2032 SSBFabc 33.9327
Model_1_goa_nr_2020.dat 1 2032 SSBFofl 29.6911
Model_1_goa_nr_2020.dat 1 2032 SSBLCI 25.351
Model_1_goa_nr_2020.dat 1 2032 SSBUCI 35.4217
Model_1_goa_nr_2020.dat 1 2032 SSBMedian 28.7485
Model_1_goa_nr_2020.dat 1 2032 SSBMean 29.4499
Model_1_goa_nr_2020.dat 1 2033 SSBF100 84.8317
Model_1_goa_nr_2020.dat 1 2033 SSBFabc 33.9327
Model_1_goa_nr_2020.dat 1 2033 SSBFofl 29.6911
Model_1_goa_nr_2020.dat 1 2033 SSBLCI 25.2371
Model_1_goa_nr_2020.dat 1 2033 SSBUCI 36.9105
Model_1_goa_nr_2020.dat 1 2033 SSBMedian 29.227
Model_1_goa_nr_2020.dat 1 2033 SSBMean 30.0216
Model_1_goa_nr_2020.dat 1 2020 F0 0 
Model_1_goa_nr_2020.dat 1 2020 Fabc 0.0610274
Model_1_goa_nr_2020.dat 1 2020 Fofl 0.073276
Model_1_goa_nr_2020.dat 1 2020  F_LCI 0.0254399
Model_1_goa_nr_2020.dat 1 2020  F_UCI 0.0254399
Model_1_goa_nr_2020.dat 1 2020  F_Median 0.0254399
Model_1_goa_nr_2020.dat 1 2020  F_Mean 0.0254399
Model_1_goa_nr_2020.dat 1 2021 F0 0 
Model_1_goa_nr_2020.dat 1 2021 Fabc 0.0610274
Model_1_goa_nr_2020.dat 1 2021 Fofl 0.073276
Model_1_goa_nr_2020.dat 1 2021  F_LCI 0.0276305
Model_1_goa_nr_2020.dat 1 2021  F_UCI 0.0276305
Model_1_goa_nr_2020.dat 1 2021  F_Median 0.0276305
Model_1_goa_nr_2020.dat 1 2021  F_Mean 0.0276305
Model_1_goa_nr_2020.dat 1 2022 F0 0 
Model_1_goa_nr_2020.dat 1 2022 Fabc 0.0610274
Model_1_goa_nr_2020.dat 1 2022 Fofl 0.073276
Model_1_goa_nr_2020.dat 1 2022  F_LCI 0.0610274
Model_1_goa_nr_2020.dat 1 2022  F_UCI 0.0610274
Model_1_goa_nr_2020.dat 1 2022  F_Median 0.0610274
Model_1_goa_nr_2020.dat 1 2022  F_Mean 0.0610274
Model_1_goa_nr_2020.dat 1 2023 F0 0 
Model_1_goa_nr_2020.dat 1 2023 Fabc 0.0610274
Model_1_goa_nr_2020.dat 1 2023 Fofl 0.073276
Model_1_goa_nr_2020.dat 1 2023  F_LCI 0.0610274
Model_1_goa_nr_2020.dat 1 2023  F_UCI 0.0610274
Model_1_goa_nr_2020.dat 1 2023  F_Median 0.0610274
Model_1_goa_nr_2020.dat 1 2023  F_Mean 0.0610274
Model_1_goa_nr_2020.dat 1 2024 F0 0 
Model_1_goa_nr_2020.dat 1 2024 Fabc 0.0610274
Model_1_goa_nr_2020.dat 1 2024 Fofl 0.073276
Model_1_goa_nr_2020.dat 1 2024  F_LCI 0.0610274
Model_1_goa_nr_2020.dat 1 2024  F_UCI 0.0610274
Model_1_goa_nr_2020.dat 1 2024  F_Median 0.0610274
Model_1_goa_nr_2020.dat 1 2024  F_Mean 0.0610274
Model_1_goa_nr_2020.dat 1 2025 F0 0 
Model_1_goa_nr_2020.dat 1 2025 Fabc 0.0610274
Model_1_goa_nr_2020.dat 1 2025 Fofl 0.073276
Model_1_goa_nr_2020.dat 1 2025  F_LCI 0.0582132
Model_1_goa_nr_2020.dat 1 2025  F_UCI 0.0587626
Model_1_goa_nr_2020.dat 1 2025  F_Median 0.0583571
Model_1_goa_nr_2020.dat 1 2025  F_Mean 0.0584098
Model_1_goa_nr_2020.dat 1 2026 F0 0 
Model_1_goa_nr_2020.dat 1 2026 Fabc 0.0610274
Model_1_goa_nr_2020.dat 1 2026 Fofl 0.073276
Model_1_goa_nr_2020.dat 1 2026  F_LCI 0.0547291
Model_1_goa_nr_2020.dat 1 2026  F_UCI 0.0559464
Model_1_goa_nr_2020.dat 1 2026  F_Median 0.0550464
Model_1_goa_nr_2020.dat 1 2026  F_Mean 0.0551709
Model_1_goa_nr_2020.dat 1 2027 F0 0 
Model_1_goa_nr_2020.dat 1 2027 Fabc 0.0610274
Model_1_goa_nr_2020.dat 1 2027 Fofl 0.073276
Model_1_goa_nr_2020.dat 1 2027  F_LCI 0.0519425
Model_1_goa_nr_2020.dat 1 2027  F_UCI 0.0544349
Model_1_goa_nr_2020.dat 1 2027  F_Median 0.052621
Model_1_goa_nr_2020.dat 1 2027  F_Mean 0.0528593
Model_1_goa_nr_2020.dat 1 2028 F0 0 
Model_1_goa_nr_2020.dat 1 2028 Fabc 0.0610274
Model_1_goa_nr_2020.dat 1 2028 Fofl 0.073276
Model_1_goa_nr_2020.dat 1 2028  F_LCI 0.049696
Model_1_goa_nr_2020.dat 1 2028  F_UCI 0.0542919
Model_1_goa_nr_2020.dat 1 2028  F_Median 0.0510153
Model_1_goa_nr_2020.dat 1 2028  F_Mean 0.0514268
Model_1_goa_nr_2020.dat 1 2029 F0 0 
Model_1_goa_nr_2020.dat 1 2029 Fabc 0.0610274
Model_1_goa_nr_2020.dat 1 2029 Fofl 0.073276
Model_1_goa_nr_2020.dat 1 2029  F_LCI 0.0478882
Model_1_goa_nr_2020.dat 1 2029  F_UCI 0.055421
Model_1_goa_nr_2020.dat 1 2029  F_Median 0.050144
Model_1_goa_nr_2020.dat 1 2029  F_Mean 0.0508003
Model_1_goa_nr_2020.dat 1 2030 F0 0 
Model_1_goa_nr_2020.dat 1 2030 Fabc 0.0610274
Model_1_goa_nr_2020.dat 1 2030 Fofl 0.073276
Model_1_goa_nr_2020.dat 1 2030  F_LCI 0.0465319
Model_1_goa_nr_2020.dat 1 2030  F_UCI 0.0580546
Model_1_goa_nr_2020.dat 1 2030  F_Median 0.0500108
Model_1_goa_nr_2020.dat 1 2030  F_Mean 0.0508387
Model_1_goa_nr_2020.dat 1 2031 F0 0 
Model_1_goa_nr_2020.dat 1 2031 Fabc 0.0610274
Model_1_goa_nr_2020.dat 1 2031 Fofl 0.073276
Model_1_goa_nr_2020.dat 1 2031  F_LCI 0.0455035
Model_1_goa_nr_2020.dat 1 2031  F_UCI 0.0605835
Model_1_goa_nr_2020.dat 1 2031  F_Median 0.0503932
Model_1_goa_nr_2020.dat 1 2031  F_Mean 0.0513199
Model_1_goa_nr_2020.dat 1 2032 F0 0 
Model_1_goa_nr_2020.dat 1 2032 Fabc 0.0610274
Model_1_goa_nr_2020.dat 1 2032 Fofl 0.073276
Model_1_goa_nr_2020.dat 1 2032  F_LCI 0.044781
Model_1_goa_nr_2020.dat 1 2032  F_UCI 0.0610274
Model_1_goa_nr_2020.dat 1 2032  F_Median 0.051213
Model_1_goa_nr_2020.dat 1 2032  F_Mean 0.0520346
Model_1_goa_nr_2020.dat 1 2033 F0 0 
Model_1_goa_nr_2020.dat 1 2033 Fabc 0.0610274
Model_1_goa_nr_2020.dat 1 2033 Fofl 0.073276
Model_1_goa_nr_2020.dat 1 2033  F_LCI 0.0445654
Model_1_goa_nr_2020.dat 1 2033  F_UCI 0.0610274
Model_1_goa_nr_2020.dat 1 2033  F_Median 0.0521189
Model_1_goa_nr_2020.dat 1 2033  F_Mean 0.0528045
Model_1_goa_nr_2020.dat 2 2020 Cabc 4.93127
Model_1_goa_nr_2020.dat 2 2020 Cofl 5.27286
Model_1_goa_nr_2020.dat 2 2020 CLCI 2.38492
Model_1_goa_nr_2020.dat 2 2020 CUCI 2.38492
Model_1_goa_nr_2020.dat 2 2020 CMedian 2.38492
Model_1_goa_nr_2020.dat 2 2020 CMean 2.38492
Model_1_goa_nr_2020.dat 2 2021 Cabc 4.93127
Model_1_goa_nr_2020.dat 2 2021 Cofl 5.27286
Model_1_goa_nr_2020.dat 2 2021 CLCI 2.47104
Model_1_goa_nr_2020.dat 2 2021 CUCI 2.47104
Model_1_goa_nr_2020.dat 2 2021 CMedian 2.47104
Model_1_goa_nr_2020.dat 2 2021 CMean 2.47104
Model_1_goa_nr_2020.dat 2 2022 Cabc 4.93127
Model_1_goa_nr_2020.dat 2 2022 Cofl 5.27286
Model_1_goa_nr_2020.dat 2 2022 CLCI 5.1465
Model_1_goa_nr_2020.dat 2 2022 CUCI 5.14656
Model_1_goa_nr_2020.dat 2 2022 CMedian 5.14651
Model_1_goa_nr_2020.dat 2 2022 CMean 5.14652
Model_1_goa_nr_2020.dat 2 2023 Cabc 4.93127
Model_1_goa_nr_2020.dat 2 2023 Cofl 5.27286
Model_1_goa_nr_2020.dat 2 2023 CLCI 4.8045
Model_1_goa_nr_2020.dat 2 2023 CUCI 4.80498
Model_1_goa_nr_2020.dat 2 2023 CMedian 4.80461
Model_1_goa_nr_2020.dat 2 2023 CMean 4.80466
Model_1_goa_nr_2020.dat 2 2024 Cabc 4.93127
Model_1_goa_nr_2020.dat 2 2024 Cofl 5.27286
Model_1_goa_nr_2020.dat 2 2024 CLCI 4.51459
Model_1_goa_nr_2020.dat 2 2024 CUCI 4.51808
Model_1_goa_nr_2020.dat 2 2024 CMedian 4.51538
Model_1_goa_nr_2020.dat 2 2024 CMean 4.51574
Model_1_goa_nr_2020.dat 2 2025 Cabc 4.93127
Model_1_goa_nr_2020.dat 2 2025 Cofl 5.27286
Model_1_goa_nr_2020.dat 2 2025 CLCI 4.08056
Model_1_goa_nr_2020.dat 2 2025 CUCI 4.13916
Model_1_goa_nr_2020.dat 2 2025 CMedian 4.09533
Model_1_goa_nr_2020.dat 2 2025 CMean 4.10109
Model_1_goa_nr_2020.dat 2 2026 Cabc 4.93127
Model_1_goa_nr_2020.dat 2 2026 Cofl 5.27286
Model_1_goa_nr_2020.dat 2 2026 CLCI 3.66427
Model_1_goa_nr_2020.dat 2 2026 CUCI 3.84702
Model_1_goa_nr_2020.dat 2 2026 CMedian 3.71024
Model_1_goa_nr_2020.dat 2 2026 CMean 3.72831
Model_1_goa_nr_2020.dat 2 2027 Cabc 4.93127
Model_1_goa_nr_2020.dat 2 2027 Cofl 5.27286
Model_1_goa_nr_2020.dat 2 2027 CLCI 3.32955
Model_1_goa_nr_2020.dat 2 2027 CUCI 3.85878
Model_1_goa_nr_2020.dat 2 2027 CMedian 3.46435
Model_1_goa_nr_2020.dat 2 2027 CMean 3.51514
Model_1_goa_nr_2020.dat 2 2028 Cabc 4.93127
Model_1_goa_nr_2020.dat 2 2028 Cofl 5.27286
Model_1_goa_nr_2020.dat 2 2028 CLCI 3.05801
Model_1_goa_nr_2020.dat 2 2028 CUCI 4.11367
Model_1_goa_nr_2020.dat 2 2028 CMedian 3.32931
Model_1_goa_nr_2020.dat 2 2028 CMean 3.44497
Model_1_goa_nr_2020.dat 2 2029 Cabc 4.93127
Model_1_goa_nr_2020.dat 2 2029 Cofl 5.27286
Model_1_goa_nr_2020.dat 2 2029 CLCI 2.85173
Model_1_goa_nr_2020.dat 2 2029 CUCI 4.54272
Model_1_goa_nr_2020.dat 2 2029 CMedian 3.30833
Model_1_goa_nr_2020.dat 2 2029 CMean 3.47212
Model_1_goa_nr_2020.dat 2 2030 Cabc 4.93127
Model_1_goa_nr_2020.dat 2 2030 Cofl 5.27286
Model_1_goa_nr_2020.dat 2 2030 CLCI 2.73019
Model_1_goa_nr_2020.dat 2 2030 CUCI 4.94239
Model_1_goa_nr_2020.dat 2 2030 CMedian 3.35997
Model_1_goa_nr_2020.dat 2 2030 CMean 3.55952
Model_1_goa_nr_2020.dat 2 2031 Cabc 4.93127
Model_1_goa_nr_2020.dat 2 2031 Cofl 5.27286
Model_1_goa_nr_2020.dat 2 2031 CLCI 2.64746
Model_1_goa_nr_2020.dat 2 2031 CUCI 5.34505
Model_1_goa_nr_2020.dat 2 2031 CMedian 3.45778
Model_1_goa_nr_2020.dat 2 2031 CMean 3.67489
Model_1_goa_nr_2020.dat 2 2032 Cabc 4.93127
Model_1_goa_nr_2020.dat 2 2032 Cofl 5.27286
Model_1_goa_nr_2020.dat 2 2032 CLCI 2.59058
Model_1_goa_nr_2020.dat 2 2032 CUCI 5.60848
Model_1_goa_nr_2020.dat 2 2032 CMedian 3.59925
Model_1_goa_nr_2020.dat 2 2032 CMean 3.80031
Model_1_goa_nr_2020.dat 2 2033 Cabc 4.93127
Model_1_goa_nr_2020.dat 2 2033 Cofl 5.27286
Model_1_goa_nr_2020.dat 2 2033 CLCI 2.57814
Model_1_goa_nr_2020.dat 2 2033 CUCI 5.72259
Model_1_goa_nr_2020.dat 2 2033 CMedian 3.73873
Model_1_goa_nr_2020.dat 2 2033 CMean 3.92911
Model_1_goa_nr_2020.dat 2 2020 SSBF100 84.8317
Model_1_goa_nr_2020.dat 2 2020 SSBFabc 33.9327
Model_1_goa_nr_2020.dat 2 2020 SSBFofl 29.6911
Model_1_goa_nr_2020.dat 2 2020 SSBLCI 45.176
Model_1_goa_nr_2020.dat 2 2020 SSBUCI 45.176
Model_1_goa_nr_2020.dat 2 2020 SSBMedian 45.176
Model_1_goa_nr_2020.dat 2 2020 SSBMean 45.176
Model_1_goa_nr_2020.dat 2 2021 SSBF100 84.8317
Model_1_goa_nr_2020.dat 2 2021 SSBFabc 33.9327
Model_1_goa_nr_2020.dat 2 2021 SSBFofl 29.6911
Model_1_goa_nr_2020.dat 2 2021 SSBLCI 42.9872
Model_1_goa_nr_2020.dat 2 2021 SSBUCI 42.9895
Model_1_goa_nr_2020.dat 2 2021 SSBMedian 42.9877
Model_1_goa_nr_2020.dat 2 2021 SSBMean 42.9879
Model_1_goa_nr_2020.dat 2 2022 SSBF100 84.8317
Model_1_goa_nr_2020.dat 2 2022 SSBFabc 33.9327
Model_1_goa_nr_2020.dat 2 2022 SSBFofl 29.6911
Model_1_goa_nr_2020.dat 2 2022 SSBLCI 40.4703
Model_1_goa_nr_2020.dat 2 2022 SSBUCI 40.4823
Model_1_goa_nr_2020.dat 2 2022 SSBMedian 40.4731
Model_1_goa_nr_2020.dat 2 2022 SSBMean 40.4742
Model_1_goa_nr_2020.dat 2 2023 SSBF100 84.8317
Model_1_goa_nr_2020.dat 2 2023 SSBFabc 33.9327
Model_1_goa_nr_2020.dat 2 2023 SSBFofl 29.6911
Model_1_goa_nr_2020.dat 2 2023 SSBLCI 37.3932
Model_1_goa_nr_2020.dat 2 2023 SSBUCI 37.4342
Model_1_goa_nr_2020.dat 2 2023 SSBMedian 37.4036
Model_1_goa_nr_2020.dat 2 2023 SSBMean 37.4075
Model_1_goa_nr_2020.dat 2 2024 SSBF100 84.8317
Model_1_goa_nr_2020.dat 2 2024 SSBFabc 33.9327
Model_1_goa_nr_2020.dat 2 2024 SSBFofl 29.6911
Model_1_goa_nr_2020.dat 2 2024 SSBLCI 34.7145
Model_1_goa_nr_2020.dat 2 2024 SSBUCI 34.8326
Model_1_goa_nr_2020.dat 2 2024 SSBMedian 34.7452
Model_1_goa_nr_2020.dat 2 2024 SSBMean 34.7562
Model_1_goa_nr_2020.dat 2 2025 SSBF100 84.8317
Model_1_goa_nr_2020.dat 2 2025 SSBFabc 33.9327
Model_1_goa_nr_2020.dat 2 2025 SSBFofl 29.6911
Model_1_goa_nr_2020.dat 2 2025 SSBLCI 32.4461
Model_1_goa_nr_2020.dat 2 2025 SSBUCI 32.7364
Model_1_goa_nr_2020.dat 2 2025 SSBMedian 32.5221
Model_1_goa_nr_2020.dat 2 2025 SSBMean 32.55
Model_1_goa_nr_2020.dat 2 2026 SSBF100 84.8317
Model_1_goa_nr_2020.dat 2 2026 SSBFabc 33.9327
Model_1_goa_nr_2020.dat 2 2026 SSBFofl 29.6911
Model_1_goa_nr_2020.dat 2 2026 SSBLCI 30.6058
Model_1_goa_nr_2020.dat 2 2026 SSBUCI 31.2488
Model_1_goa_nr_2020.dat 2 2026 SSBMedian 30.7734
Model_1_goa_nr_2020.dat 2 2026 SSBMean 30.8392
Model_1_goa_nr_2020.dat 2 2027 SSBF100 84.8317
Model_1_goa_nr_2020.dat 2 2027 SSBFabc 33.9327
Model_1_goa_nr_2020.dat 2 2027 SSBFofl 29.6911
Model_1_goa_nr_2020.dat 2 2027 SSBLCI 29.1339
Model_1_goa_nr_2020.dat 2 2027 SSBUCI 30.4504
Model_1_goa_nr_2020.dat 2 2027 SSBMedian 29.4922
Model_1_goa_nr_2020.dat 2 2027 SSBMean 29.6181
Model_1_goa_nr_2020.dat 2 2028 SSBF100 84.8317
Model_1_goa_nr_2020.dat 2 2028 SSBFabc 33.9327
Model_1_goa_nr_2020.dat 2 2028 SSBFofl 29.6911
Model_1_goa_nr_2020.dat 2 2028 SSBLCI 27.9472
Model_1_goa_nr_2020.dat 2 2028 SSBUCI 30.3748
Model_1_goa_nr_2020.dat 2 2028 SSBMedian 28.6441
Model_1_goa_nr_2020.dat 2 2028 SSBMean 28.8625
Model_1_goa_nr_2020.dat 2 2029 SSBF100 84.8317
Model_1_goa_nr_2020.dat 2 2029 SSBFabc 33.9327
Model_1_goa_nr_2020.dat 2 2029 SSBFofl 29.6911
Model_1_goa_nr_2020.dat 2 2029 SSBLCI 26.9923
Model_1_goa_nr_2020.dat 2 2029 SSBUCI 30.9713
Model_1_goa_nr_2020.dat 2 2029 SSBMedian 28.1838
Model_1_goa_nr_2020.dat 2 2029 SSBMean 28.5445
Model_1_goa_nr_2020.dat 2 2030 SSBF100 84.8317
Model_1_goa_nr_2020.dat 2 2030 SSBFabc 33.9327
Model_1_goa_nr_2020.dat 2 2030 SSBFofl 29.6911
Model_1_goa_nr_2020.dat 2 2030 SSBLCI 26.2758
Model_1_goa_nr_2020.dat 2 2030 SSBUCI 32.3624
Model_1_goa_nr_2020.dat 2 2030 SSBMedian 28.1135
Model_1_goa_nr_2020.dat 2 2030 SSBMean 28.6052
Model_1_goa_nr_2020.dat 2 2031 SSBF100 84.8317
Model_1_goa_nr_2020.dat 2 2031 SSBFabc 33.9327
Model_1_goa_nr_2020.dat 2 2031 SSBFofl 29.6911
Model_1_goa_nr_2020.dat 2 2031 SSBLCI 25.7326
Model_1_goa_nr_2020.dat 2 2031 SSBUCI 33.6982
Model_1_goa_nr_2020.dat 2 2031 SSBMedian 28.3154
Model_1_goa_nr_2020.dat 2 2031 SSBMean 28.9455
Model_1_goa_nr_2020.dat 2 2032 SSBF100 84.8317
Model_1_goa_nr_2020.dat 2 2032 SSBFabc 33.9327
Model_1_goa_nr_2020.dat 2 2032 SSBFofl 29.6911
Model_1_goa_nr_2020.dat 2 2032 SSBLCI 25.351
Model_1_goa_nr_2020.dat 2 2032 SSBUCI 35.4217
Model_1_goa_nr_2020.dat 2 2032 SSBMedian 28.7485
Model_1_goa_nr_2020.dat 2 2032 SSBMean 29.4499
Model_1_goa_nr_2020.dat 2 2033 SSBF100 84.8317
Model_1_goa_nr_2020.dat 2 2033 SSBFabc 33.9327
Model_1_goa_nr_2020.dat 2 2033 SSBFofl 29.6911
Model_1_goa_nr_2020.dat 2 2033 SSBLCI 25.2371
Model_1_goa_nr_2020.dat 2 2033 SSBUCI 36.9105
Model_1_goa_nr_2020.dat 2 2033 SSBMedian 29.227
Model_1_goa_nr_2020.dat 2 2033 SSBMean 30.0216
Model_1_goa_nr_2020.dat 2 2020 F0 0 
Model_1_goa_nr_2020.dat 2 2020 Fabc 0.0610274
Model_1_goa_nr_2020.dat 2 2020 Fofl 0.073276
Model_1_goa_nr_2020.dat 2 2020  F_LCI 0.0254399
Model_1_goa_nr_2020.dat 2 2020  F_UCI 0.0254399
Model_1_goa_nr_2020.dat 2 2020  F_Median 0.0254399
Model_1_goa_nr_2020.dat 2 2020  F_Mean 0.0254399
Model_1_goa_nr_2020.dat 2 2021 F0 0 
Model_1_goa_nr_2020.dat 2 2021 Fabc 0.0610274
Model_1_goa_nr_2020.dat 2 2021 Fofl 0.073276
Model_1_goa_nr_2020.dat 2 2021  F_LCI 0.0276305
Model_1_goa_nr_2020.dat 2 2021  F_UCI 0.0276305
Model_1_goa_nr_2020.dat 2 2021  F_Median 0.0276305
Model_1_goa_nr_2020.dat 2 2021  F_Mean 0.0276305
Model_1_goa_nr_2020.dat 2 2022 F0 0 
Model_1_goa_nr_2020.dat 2 2022 Fabc 0.0610274
Model_1_goa_nr_2020.dat 2 2022 Fofl 0.073276
Model_1_goa_nr_2020.dat 2 2022  F_LCI 0.0610274
Model_1_goa_nr_2020.dat 2 2022  F_UCI 0.0610274
Model_1_goa_nr_2020.dat 2 2022  F_Median 0.0610274
Model_1_goa_nr_2020.dat 2 2022  F_Mean 0.0610274
Model_1_goa_nr_2020.dat 2 2023 F0 0 
Model_1_goa_nr_2020.dat 2 2023 Fabc 0.0610274
Model_1_goa_nr_2020.dat 2 2023 Fofl 0.073276
Model_1_goa_nr_2020.dat 2 2023  F_LCI 0.0610274
Model_1_goa_nr_2020.dat 2 2023  F_UCI 0.0610274
Model_1_goa_nr_2020.dat 2 2023  F_Median 0.0610274
Model_1_goa_nr_2020.dat 2 2023  F_Mean 0.0610274
Model_1_goa_nr_2020.dat 2 2024 F0 0 
Model_1_goa_nr_2020.dat 2 2024 Fabc 0.0610274
Model_1_goa_nr_2020.dat 2 2024 Fofl 0.073276
Model_1_goa_nr_2020.dat 2 2024  F_LCI 0.0610274
Model_1_goa_nr_2020.dat 2 2024  F_UCI 0.0610274
Model_1_goa_nr_2020.dat 2 2024  F_Median 0.0610274
Model_1_goa_nr_2020.dat 2 2024  F_Mean 0.0610274
Model_1_goa_nr_2020.dat 2 2025 F0 0 
Model_1_goa_nr_2020.dat 2 2025 Fabc 0.0610274
Model_1_goa_nr_2020.dat 2 2025 Fofl 0.073276
Model_1_goa_nr_2020.dat 2 2025  F_LCI 0.0582132
Model_1_goa_nr_2020.dat 2 2025  F_UCI 0.0587626
Model_1_goa_nr_2020.dat 2 2025  F_Median 0.0583571
Model_1_goa_nr_2020.dat 2 2025  F_Mean 0.0584098
Model_1_goa_nr_2020.dat 2 2026 F0 0 
Model_1_goa_nr_2020.dat 2 2026 Fabc 0.0610274
Model_1_goa_nr_2020.dat 2 2026 Fofl 0.073276
Model_1_goa_nr_2020.dat 2 2026  F_LCI 0.0547291
Model_1_goa_nr_2020.dat 2 2026  F_UCI 0.0559464
Model_1_goa_nr_2020.dat 2 2026  F_Median 0.0550464
Model_1_goa_nr_2020.dat 2 2026  F_Mean 0.0551709
Model_1_goa_nr_2020.dat 2 2027 F0 0 
Model_1_goa_nr_2020.dat 2 2027 Fabc 0.0610274
Model_1_goa_nr_2020.dat 2 2027 Fofl 0.073276
Model_1_goa_nr_2020.dat 2 2027  F_LCI 0.0519425
Model_1_goa_nr_2020.dat 2 2027  F_UCI 0.0544349
Model_1_goa_nr_2020.dat 2 2027  F_Median 0.052621
Model_1_goa_nr_2020.dat 2 2027  F_Mean 0.0528593
Model_1_goa_nr_2020.dat 2 2028 F0 0 
Model_1_goa_nr_2020.dat 2 2028 Fabc 0.0610274
Model_1_goa_nr_2020.dat 2 2028 Fofl 0.073276
Model_1_goa_nr_2020.dat 2 2028  F_LCI 0.049696
Model_1_goa_nr_2020.dat 2 2028  F_UCI 0.0542919
Model_1_goa_nr_2020.dat 2 2028  F_Median 0.0510153
Model_1_goa_nr_2020.dat 2 2028  F_Mean 0.0514268
Model_1_goa_nr_2020.dat 2 2029 F0 0 
Model_1_goa_nr_2020.dat 2 2029 Fabc 0.0610274
Model_1_goa_nr_2020.dat 2 2029 Fofl 0.073276
Model_1_goa_nr_2020.dat 2 2029  F_LCI 0.0478882
Model_1_goa_nr_2020.dat 2 2029  F_UCI 0.055421
Model_1_goa_nr_2020.dat 2 2029  F_Median 0.050144
Model_1_goa_nr_2020.dat 2 2029  F_Mean 0.0508003
Model_1_goa_nr_2020.dat 2 2030 F0 0 
Model_1_goa_nr_2020.dat 2 2030 Fabc 0.0610274
Model_1_goa_nr_2020.dat 2 2030 Fofl 0.073276
Model_1_goa_nr_2020.dat 2 2030  F_LCI 0.0465319
Model_1_goa_nr_2020.dat 2 2030  F_UCI 0.0580546
Model_1_goa_nr_2020.dat 2 2030  F_Median 0.0500108
Model_1_goa_nr_2020.dat 2 2030  F_Mean 0.0508387
Model_1_goa_nr_2020.dat 2 2031 F0 0 
Model_1_goa_nr_2020.dat 2 2031 Fabc 0.0610274
Model_1_goa_nr_2020.dat 2 2031 Fofl 0.073276
Model_1_goa_nr_2020.dat 2 2031  F_LCI 0.0455035
Model_1_goa_nr_2020.dat 2 2031  F_UCI 0.0605835
Model_1_goa_nr_2020.dat 2 2031  F_Median 0.0503932
Model_1_goa_nr_2020.dat 2 2031  F_Mean 0.0513199
Model_1_goa_nr_2020.dat 2 2032 F0 0 
Model_1_goa_nr_2020.dat 2 2032 Fabc 0.0610274
Model_1_goa_nr_2020.dat 2 2032 Fofl 0.073276
Model_1_goa_nr_2020.dat 2 2032  F_LCI 0.044781
Model_1_goa_nr_2020.dat 2 2032  F_UCI 0.0610274
Model_1_goa_nr_2020.dat 2 2032  F_Median 0.051213
Model_1_goa_nr_2020.dat 2 2032  F_Mean 0.0520346
Model_1_goa_nr_2020.dat 2 2033 F0 0 
Model_1_goa_nr_2020.dat 2 2033 Fabc 0.0610274
Model_1_goa_nr_2020.dat 2 2033 Fofl 0.073276
Model_1_goa_nr_2020.dat 2 2033  F_LCI 0.0445654
Model_1_goa_nr_2020.dat 2 2033  F_UCI 0.0610274
Model_1_goa_nr_2020.dat 2 2033  F_Median 0.0521189
Model_1_goa_nr_2020.dat 2 2033  F_Mean 0.0528045
Model_1_goa_nr_2020.dat 3 2020 Cabc 4.93127
Model_1_goa_nr_2020.dat 3 2020 Cofl 5.27286
Model_1_goa_nr_2020.dat 3 2020 CLCI 2.38492
Model_1_goa_nr_2020.dat 3 2020 CUCI 2.38492
Model_1_goa_nr_2020.dat 3 2020 CMedian 2.38492
Model_1_goa_nr_2020.dat 3 2020 CMean 2.38492
Model_1_goa_nr_2020.dat 3 2021 Cabc 4.93127
Model_1_goa_nr_2020.dat 3 2021 Cofl 5.27286
Model_1_goa_nr_2020.dat 3 2021 CLCI 2.47104
Model_1_goa_nr_2020.dat 3 2021 CUCI 2.47104
Model_1_goa_nr_2020.dat 3 2021 CMedian 2.47104
Model_1_goa_nr_2020.dat 3 2021 CMean 2.47104
Model_1_goa_nr_2020.dat 3 2022 Cabc 4.93127
Model_1_goa_nr_2020.dat 3 2022 Cofl 5.27286
Model_1_goa_nr_2020.dat 3 2022 CLCI 2.61146
Model_1_goa_nr_2020.dat 3 2022 CUCI 2.61148
Model_1_goa_nr_2020.dat 3 2022 CMedian 2.61146
Model_1_goa_nr_2020.dat 3 2022 CMean 2.61147
Model_1_goa_nr_2020.dat 3 2023 Cabc 4.93127
Model_1_goa_nr_2020.dat 3 2023 Cofl 5.27286
Model_1_goa_nr_2020.dat 3 2023 CLCI 2.51038
Model_1_goa_nr_2020.dat 3 2023 CUCI 2.51062
Model_1_goa_nr_2020.dat 3 2023 CMedian 2.51043
Model_1_goa_nr_2020.dat 3 2023 CMean 2.51045
Model_1_goa_nr_2020.dat 3 2024 Cabc 4.93127
Model_1_goa_nr_2020.dat 3 2024 Cofl 5.27286
Model_1_goa_nr_2020.dat 3 2024 CLCI 2.42615
Model_1_goa_nr_2020.dat 3 2024 CUCI 2.42789
Model_1_goa_nr_2020.dat 3 2024 CMedian 2.42654
Model_1_goa_nr_2020.dat 3 2024 CMean 2.42673
Model_1_goa_nr_2020.dat 3 2025 Cabc 4.93127
Model_1_goa_nr_2020.dat 3 2025 Cofl 5.27286
Model_1_goa_nr_2020.dat 3 2025 CLCI 2.35765
Model_1_goa_nr_2020.dat 3 2025 CUCI 2.3688
Model_1_goa_nr_2020.dat 3 2025 CMedian 2.36021
Model_1_goa_nr_2020.dat 3 2025 CMean 2.36133
Model_1_goa_nr_2020.dat 3 2026 Cabc 4.93127
Model_1_goa_nr_2020.dat 3 2026 Cofl 5.27286
Model_1_goa_nr_2020.dat 3 2026 CLCI 2.29884
Model_1_goa_nr_2020.dat 3 2026 CUCI 2.3588
Model_1_goa_nr_2020.dat 3 2026 CMedian 2.31271
Model_1_goa_nr_2020.dat 3 2026 CMean 2.31862
Model_1_goa_nr_2020.dat 3 2027 Cabc 4.93127
Model_1_goa_nr_2020.dat 3 2027 Cofl 5.27286
Model_1_goa_nr_2020.dat 3 2027 CLCI 2.18728
Model_1_goa_nr_2020.dat 3 2027 CUCI 2.45441
Model_1_goa_nr_2020.dat 3 2027 CMedian 2.26696
Model_1_goa_nr_2020.dat 3 2027 CMean 2.28903
Model_1_goa_nr_2020.dat 3 2028 Cabc 4.93127
Model_1_goa_nr_2020.dat 3 2028 Cofl 5.27286
Model_1_goa_nr_2020.dat 3 2028 CLCI 2.07504
Model_1_goa_nr_2020.dat 3 2028 CUCI 2.63885
Model_1_goa_nr_2020.dat 3 2028 CMedian 2.2384
Model_1_goa_nr_2020.dat 3 2028 CMean 2.29419
Model_1_goa_nr_2020.dat 3 2029 Cabc 4.93127
Model_1_goa_nr_2020.dat 3 2029 Cofl 5.27286
Model_1_goa_nr_2020.dat 3 2029 CLCI 1.98634
Model_1_goa_nr_2020.dat 3 2029 CUCI 2.85104
Model_1_goa_nr_2020.dat 3 2029 CMedian 2.26601
Model_1_goa_nr_2020.dat 3 2029 CMean 2.33815
Model_1_goa_nr_2020.dat 3 2030 Cabc 4.93127
Model_1_goa_nr_2020.dat 3 2030 Cofl 5.27286
Model_1_goa_nr_2020.dat 3 2030 CLCI 1.94164
Model_1_goa_nr_2020.dat 3 2030 CUCI 3.00906
Model_1_goa_nr_2020.dat 3 2030 CMedian 2.33225
Model_1_goa_nr_2020.dat 3 2030 CMean 2.4011
Model_1_goa_nr_2020.dat 3 2031 Cabc 4.93127
Model_1_goa_nr_2020.dat 3 2031 Cofl 5.27286
Model_1_goa_nr_2020.dat 3 2031 CLCI 1.90643
Model_1_goa_nr_2020.dat 3 2031 CUCI 3.15526
Model_1_goa_nr_2020.dat 3 2031 CMedian 2.42617
Model_1_goa_nr_2020.dat 3 2031 CMean 2.46992
Model_1_goa_nr_2020.dat 3 2032 Cabc 4.93127
Model_1_goa_nr_2020.dat 3 2032 Cofl 5.27286
Model_1_goa_nr_2020.dat 3 2032 CLCI 1.89361
Model_1_goa_nr_2020.dat 3 2032 CUCI 3.30375
Model_1_goa_nr_2020.dat 3 2032 CMedian 2.51041
Model_1_goa_nr_2020.dat 3 2032 CMean 2.53952
Model_1_goa_nr_2020.dat 3 2033 Cabc 4.93127
Model_1_goa_nr_2020.dat 3 2033 Cofl 5.27286
Model_1_goa_nr_2020.dat 3 2033 CLCI 1.90593
Model_1_goa_nr_2020.dat 3 2033 CUCI 3.41124
Model_1_goa_nr_2020.dat 3 2033 CMedian 2.5781
Model_1_goa_nr_2020.dat 3 2033 CMean 2.61118
Model_1_goa_nr_2020.dat 3 2020 SSBF100 84.8317
Model_1_goa_nr_2020.dat 3 2020 SSBFabc 33.9327
Model_1_goa_nr_2020.dat 3 2020 SSBFofl 29.6911
Model_1_goa_nr_2020.dat 3 2020 SSBLCI 45.176
Model_1_goa_nr_2020.dat 3 2020 SSBUCI 45.176
Model_1_goa_nr_2020.dat 3 2020 SSBMedian 45.176
Model_1_goa_nr_2020.dat 3 2020 SSBMean 45.176
Model_1_goa_nr_2020.dat 3 2021 SSBF100 84.8317
Model_1_goa_nr_2020.dat 3 2021 SSBFabc 33.9327
Model_1_goa_nr_2020.dat 3 2021 SSBFofl 29.6911
Model_1_goa_nr_2020.dat 3 2021 SSBLCI 42.9872
Model_1_goa_nr_2020.dat 3 2021 SSBUCI 42.9895
Model_1_goa_nr_2020.dat 3 2021 SSBMedian 42.9877
Model_1_goa_nr_2020.dat 3 2021 SSBMean 42.9879
Model_1_goa_nr_2020.dat 3 2022 SSBF100 84.8317
Model_1_goa_nr_2020.dat 3 2022 SSBFabc 33.9327
Model_1_goa_nr_2020.dat 3 2022 SSBFofl 29.6911
Model_1_goa_nr_2020.dat 3 2022 SSBLCI 40.8804
Model_1_goa_nr_2020.dat 3 2022 SSBUCI 40.8924
Model_1_goa_nr_2020.dat 3 2022 SSBMedian 40.8832
Model_1_goa_nr_2020.dat 3 2022 SSBMean 40.8844
Model_1_goa_nr_2020.dat 3 2023 SSBF100 84.8317
Model_1_goa_nr_2020.dat 3 2023 SSBFabc 33.9327
Model_1_goa_nr_2020.dat 3 2023 SSBFofl 29.6911
Model_1_goa_nr_2020.dat 3 2023 SSBLCI 38.9208
Model_1_goa_nr_2020.dat 3 2023 SSBUCI 38.9619
Model_1_goa_nr_2020.dat 3 2023 SSBMedian 38.9313
Model_1_goa_nr_2020.dat 3 2023 SSBMean 38.9352
Model_1_goa_nr_2020.dat 3 2024 SSBF100 84.8317
Model_1_goa_nr_2020.dat 3 2024 SSBFabc 33.9327
Model_1_goa_nr_2020.dat 3 2024 SSBFofl 29.6911
Model_1_goa_nr_2020.dat 3 2024 SSBLCI 37.2115
Model_1_goa_nr_2020.dat 3 2024 SSBUCI 37.3296
Model_1_goa_nr_2020.dat 3 2024 SSBMedian 37.2422
Model_1_goa_nr_2020.dat 3 2024 SSBMean 37.2533
Model_1_goa_nr_2020.dat 3 2025 SSBF100 84.8317
Model_1_goa_nr_2020.dat 3 2025 SSBFabc 33.9327
Model_1_goa_nr_2020.dat 3 2025 SSBFofl 29.6911
Model_1_goa_nr_2020.dat 3 2025 SSBLCI 35.7559
Model_1_goa_nr_2020.dat 3 2025 SSBUCI 36.0521
Model_1_goa_nr_2020.dat 3 2025 SSBMedian 35.8335
Model_1_goa_nr_2020.dat 3 2025 SSBMean 35.8619
Model_1_goa_nr_2020.dat 3 2026 SSBF100 84.8317
Model_1_goa_nr_2020.dat 3 2026 SSBFabc 33.9327
Model_1_goa_nr_2020.dat 3 2026 SSBFofl 29.6911
Model_1_goa_nr_2020.dat 3 2026 SSBLCI 34.534
Model_1_goa_nr_2020.dat 3 2026 SSBUCI 35.2067
Model_1_goa_nr_2020.dat 3 2026 SSBMedian 34.7083
Model_1_goa_nr_2020.dat 3 2026 SSBMean 34.7779
Model_1_goa_nr_2020.dat 3 2027 SSBF100 84.8317
Model_1_goa_nr_2020.dat 3 2027 SSBFabc 33.9327
Model_1_goa_nr_2020.dat 3 2027 SSBFofl 29.6911
Model_1_goa_nr_2020.dat 3 2027 SSBLCI 33.5174
Model_1_goa_nr_2020.dat 3 2027 SSBUCI 34.9096
Model_1_goa_nr_2020.dat 3 2027 SSBMedian 33.8935
Model_1_goa_nr_2020.dat 3 2027 SSBMean 34.0274
Model_1_goa_nr_2020.dat 3 2028 SSBF100 84.8317
Model_1_goa_nr_2020.dat 3 2028 SSBFabc 33.9327
Model_1_goa_nr_2020.dat 3 2028 SSBFofl 29.6911
Model_1_goa_nr_2020.dat 3 2028 SSBLCI 32.6814
Model_1_goa_nr_2020.dat 3 2028 SSBUCI 35.2762
Model_1_goa_nr_2020.dat 3 2028 SSBMedian 33.4068
Model_1_goa_nr_2020.dat 3 2028 SSBMean 33.6469
Model_1_goa_nr_2020.dat 3 2029 SSBF100 84.8317
Model_1_goa_nr_2020.dat 3 2029 SSBFabc 33.9327
Model_1_goa_nr_2020.dat 3 2029 SSBFofl 29.6911
Model_1_goa_nr_2020.dat 3 2029 SSBLCI 31.9938
Model_1_goa_nr_2020.dat 3 2029 SSBUCI 36.3111
Model_1_goa_nr_2020.dat 3 2029 SSBMedian 33.2619
Model_1_goa_nr_2020.dat 3 2029 SSBMean 33.6546
Model_1_goa_nr_2020.dat 3 2030 SSBF100 84.8317
Model_1_goa_nr_2020.dat 3 2030 SSBFabc 33.9327
Model_1_goa_nr_2020.dat 3 2030 SSBFofl 29.6911
Model_1_goa_nr_2020.dat 3 2030 SSBLCI 31.4803
Model_1_goa_nr_2020.dat 3 2030 SSBUCI 38.1874
Model_1_goa_nr_2020.dat 3 2030 SSBMedian 33.461
Model_1_goa_nr_2020.dat 3 2030 SSBMean 34.0261
Model_1_goa_nr_2020.dat 3 2031 SSBF100 84.8317
Model_1_goa_nr_2020.dat 3 2031 SSBFabc 33.9327
Model_1_goa_nr_2020.dat 3 2031 SSBFofl 29.6911
Model_1_goa_nr_2020.dat 3 2031 SSBLCI 31.0916
Model_1_goa_nr_2020.dat 3 2031 SSBUCI 40.402
Model_1_goa_nr_2020.dat 3 2031 SSBMedian 33.9155
Model_1_goa_nr_2020.dat 3 2031 SSBMean 34.6879
Model_1_goa_nr_2020.dat 3 2032 SSBF100 84.8317
Model_1_goa_nr_2020.dat 3 2032 SSBFabc 33.9327
Model_1_goa_nr_2020.dat 3 2032 SSBFofl 29.6911
Model_1_goa_nr_2020.dat 3 2032 SSBLCI 30.8284
Model_1_goa_nr_2020.dat 3 2032 SSBUCI 42.7221
Model_1_goa_nr_2020.dat 3 2032 SSBMedian 34.6399
Model_1_goa_nr_2020.dat 3 2032 SSBMean 35.5376
Model_1_goa_nr_2020.dat 3 2033 SSBF100 84.8317
Model_1_goa_nr_2020.dat 3 2033 SSBFabc 33.9327
Model_1_goa_nr_2020.dat 3 2033 SSBFofl 29.6911
Model_1_goa_nr_2020.dat 3 2033 SSBLCI 30.8129
Model_1_goa_nr_2020.dat 3 2033 SSBUCI 44.7727
Model_1_goa_nr_2020.dat 3 2033 SSBMedian 35.494
Model_1_goa_nr_2020.dat 3 2033 SSBMean 36.4795
Model_1_goa_nr_2020.dat 3 2020 F0 0 
Model_1_goa_nr_2020.dat 3 2020 Fabc 0.0610274
Model_1_goa_nr_2020.dat 3 2020 Fofl 0.073276
Model_1_goa_nr_2020.dat 3 2020  F_LCI 0.0254399
Model_1_goa_nr_2020.dat 3 2020  F_UCI 0.0254399
Model_1_goa_nr_2020.dat 3 2020  F_Median 0.0254399
Model_1_goa_nr_2020.dat 3 2020  F_Mean 0.0254399
Model_1_goa_nr_2020.dat 3 2021 F0 0 
Model_1_goa_nr_2020.dat 3 2021 Fabc 0.0610274
Model_1_goa_nr_2020.dat 3 2021 Fofl 0.073276
Model_1_goa_nr_2020.dat 3 2021  F_LCI 0.0276305
Model_1_goa_nr_2020.dat 3 2021  F_UCI 0.0276305
Model_1_goa_nr_2020.dat 3 2021  F_Median 0.0276305
Model_1_goa_nr_2020.dat 3 2021  F_Mean 0.0276305
Model_1_goa_nr_2020.dat 3 2022 F0 0 
Model_1_goa_nr_2020.dat 3 2022 Fabc 0.0610274
Model_1_goa_nr_2020.dat 3 2022 Fofl 0.073276
Model_1_goa_nr_2020.dat 3 2022  F_LCI 0.0305137
Model_1_goa_nr_2020.dat 3 2022  F_UCI 0.0305137
Model_1_goa_nr_2020.dat 3 2022  F_Median 0.0305137
Model_1_goa_nr_2020.dat 3 2022  F_Mean 0.0305137
Model_1_goa_nr_2020.dat 3 2023 F0 0 
Model_1_goa_nr_2020.dat 3 2023 Fabc 0.0610274
Model_1_goa_nr_2020.dat 3 2023 Fofl 0.073276
Model_1_goa_nr_2020.dat 3 2023  F_LCI 0.0305137
Model_1_goa_nr_2020.dat 3 2023  F_UCI 0.0305137
Model_1_goa_nr_2020.dat 3 2023  F_Median 0.0305137
Model_1_goa_nr_2020.dat 3 2023  F_Mean 0.0305137
Model_1_goa_nr_2020.dat 3 2024 F0 0 
Model_1_goa_nr_2020.dat 3 2024 Fabc 0.0610274
Model_1_goa_nr_2020.dat 3 2024 Fofl 0.073276
Model_1_goa_nr_2020.dat 3 2024  F_LCI 0.0305137
Model_1_goa_nr_2020.dat 3 2024  F_UCI 0.0305137
Model_1_goa_nr_2020.dat 3 2024  F_Median 0.0305137
Model_1_goa_nr_2020.dat 3 2024  F_Mean 0.0305137
Model_1_goa_nr_2020.dat 3 2025 F0 0 
Model_1_goa_nr_2020.dat 3 2025 Fabc 0.0610274
Model_1_goa_nr_2020.dat 3 2025 Fofl 0.073276
Model_1_goa_nr_2020.dat 3 2025  F_LCI 0.0305137
Model_1_goa_nr_2020.dat 3 2025  F_UCI 0.0305137
Model_1_goa_nr_2020.dat 3 2025  F_Median 0.0305137
Model_1_goa_nr_2020.dat 3 2025  F_Mean 0.0305137
Model_1_goa_nr_2020.dat 3 2026 F0 0 
Model_1_goa_nr_2020.dat 3 2026 Fabc 0.0610274
Model_1_goa_nr_2020.dat 3 2026 Fofl 0.073276
Model_1_goa_nr_2020.dat 3 2026  F_LCI 0.0305137
Model_1_goa_nr_2020.dat 3 2026  F_UCI 0.0305137
Model_1_goa_nr_2020.dat 3 2026  F_Median 0.0305137
Model_1_goa_nr_2020.dat 3 2026  F_Mean 0.0305137
Model_1_goa_nr_2020.dat 3 2027 F0 0 
Model_1_goa_nr_2020.dat 3 2027 Fabc 0.0610274
Model_1_goa_nr_2020.dat 3 2027 Fofl 0.073276
Model_1_goa_nr_2020.dat 3 2027  F_LCI 0.0298106
Model_1_goa_nr_2020.dat 3 2027  F_UCI 0.0305137
Model_1_goa_nr_2020.dat 3 2027  F_Median 0.030162
Model_1_goa_nr_2020.dat 3 2027  F_Mean 0.0301889
Model_1_goa_nr_2020.dat 3 2028 F0 0 
Model_1_goa_nr_2020.dat 3 2028 Fabc 0.0610274
Model_1_goa_nr_2020.dat 3 2028 Fofl 0.073276
Model_1_goa_nr_2020.dat 3 2028  F_LCI 0.0290345
Model_1_goa_nr_2020.dat 3 2028  F_UCI 0.0305137
Model_1_goa_nr_2020.dat 3 2028  F_Median 0.0297127
Model_1_goa_nr_2020.dat 3 2028  F_Mean 0.0297852
Model_1_goa_nr_2020.dat 3 2029 F0 0 
Model_1_goa_nr_2020.dat 3 2029 Fabc 0.0610274
Model_1_goa_nr_2020.dat 3 2029 Fofl 0.073276
Model_1_goa_nr_2020.dat 3 2029  F_LCI 0.0283961
Model_1_goa_nr_2020.dat 3 2029  F_UCI 0.0305137
Model_1_goa_nr_2020.dat 3 2029  F_Median 0.0295742
Model_1_goa_nr_2020.dat 3 2029  F_Mean 0.0296072
Model_1_goa_nr_2020.dat 3 2030 F0 0 
Model_1_goa_nr_2020.dat 3 2030 Fabc 0.0610274
Model_1_goa_nr_2020.dat 3 2030 Fofl 0.073276
Model_1_goa_nr_2020.dat 3 2030  F_LCI 0.0279227
Model_1_goa_nr_2020.dat 3 2030  F_UCI 0.0305137
Model_1_goa_nr_2020.dat 3 2030  F_Median 0.0297592
Model_1_goa_nr_2020.dat 3 2030  F_Mean 0.0295805
Model_1_goa_nr_2020.dat 3 2031 F0 0 
Model_1_goa_nr_2020.dat 3 2031 Fabc 0.0610274
Model_1_goa_nr_2020.dat 3 2031 Fofl 0.073276
Model_1_goa_nr_2020.dat 3 2031  F_LCI 0.0275588
Model_1_goa_nr_2020.dat 3 2031  F_UCI 0.0305137
Model_1_goa_nr_2020.dat 3 2031  F_Median 0.0301827
Model_1_goa_nr_2020.dat 3 2031  F_Mean 0.0296422
Model_1_goa_nr_2020.dat 3 2032 F0 0 
Model_1_goa_nr_2020.dat 3 2032 Fabc 0.0610274
Model_1_goa_nr_2020.dat 3 2032 Fofl 0.073276
Model_1_goa_nr_2020.dat 3 2032  F_LCI 0.0273151
Model_1_goa_nr_2020.dat 3 2032  F_UCI 0.0305137
Model_1_goa_nr_2020.dat 3 2032  F_Median 0.0305137
Model_1_goa_nr_2020.dat 3 2032  F_Mean 0.0297467
Model_1_goa_nr_2020.dat 3 2033 F0 0 
Model_1_goa_nr_2020.dat 3 2033 Fabc 0.0610274
Model_1_goa_nr_2020.dat 3 2033 Fofl 0.073276
Model_1_goa_nr_2020.dat 3 2033  F_LCI 0.0273036
Model_1_goa_nr_2020.dat 3 2033  F_UCI 0.0305137
Model_1_goa_nr_2020.dat 3 2033  F_Median 0.0305137
Model_1_goa_nr_2020.dat 3 2033  F_Mean 0.0298618
Model_1_goa_nr_2020.dat 4 2020 Cabc 4.93127
Model_1_goa_nr_2020.dat 4 2020 Cofl 5.27286
Model_1_goa_nr_2020.dat 4 2020 CLCI 2.38492
Model_1_goa_nr_2020.dat 4 2020 CUCI 2.38492
Model_1_goa_nr_2020.dat 4 2020 CMedian 2.38492
Model_1_goa_nr_2020.dat 4 2020 CMean 2.38492
Model_1_goa_nr_2020.dat 4 2021 Cabc 4.93127
Model_1_goa_nr_2020.dat 4 2021 Cofl 5.27286
Model_1_goa_nr_2020.dat 4 2021 CLCI 2.47104
Model_1_goa_nr_2020.dat 4 2021 CUCI 2.47104
Model_1_goa_nr_2020.dat 4 2021 CMedian 2.47104
Model_1_goa_nr_2020.dat 4 2021 CMean 2.47104
Model_1_goa_nr_2020.dat 4 2022 Cabc 4.93127
Model_1_goa_nr_2020.dat 4 2022 Cofl 5.27286
Model_1_goa_nr_2020.dat 4 2022 CLCI 2.15732
Model_1_goa_nr_2020.dat 4 2022 CUCI 2.15734
Model_1_goa_nr_2020.dat 4 2022 CMedian 2.15732
Model_1_goa_nr_2020.dat 4 2022 CMean 2.15733
Model_1_goa_nr_2020.dat 4 2023 Cabc 4.93127
Model_1_goa_nr_2020.dat 4 2023 Cofl 5.27286
Model_1_goa_nr_2020.dat 4 2023 CLCI 2.08454
Model_1_goa_nr_2020.dat 4 2023 CUCI 2.08474
Model_1_goa_nr_2020.dat 4 2023 CMedian 2.08459
Model_1_goa_nr_2020.dat 4 2023 CMean 2.08461
Model_1_goa_nr_2020.dat 4 2024 Cabc 4.93127
Model_1_goa_nr_2020.dat 4 2024 Cofl 5.27286
Model_1_goa_nr_2020.dat 4 2024 CLCI 2.02463
Model_1_goa_nr_2020.dat 4 2024 CUCI 2.02607
Model_1_goa_nr_2020.dat 4 2024 CMedian 2.02495
Model_1_goa_nr_2020.dat 4 2024 CMean 2.0251
Model_1_goa_nr_2020.dat 4 2025 Cabc 4.93127
Model_1_goa_nr_2020.dat 4 2025 Cofl 5.27286
Model_1_goa_nr_2020.dat 4 2025 CLCI 1.97675
Model_1_goa_nr_2020.dat 4 2025 CUCI 1.98593
Model_1_goa_nr_2020.dat 4 2025 CMedian 1.97885
Model_1_goa_nr_2020.dat 4 2025 CMean 1.97978
Model_1_goa_nr_2020.dat 4 2026 Cabc 4.93127
Model_1_goa_nr_2020.dat 4 2026 Cofl 5.27286
Model_1_goa_nr_2020.dat 4 2026 CLCI 1.93603
Model_1_goa_nr_2020.dat 4 2026 CUCI 1.98547
Model_1_goa_nr_2020.dat 4 2026 CMedian 1.94747
Model_1_goa_nr_2020.dat 4 2026 CMean 1.95235
Model_1_goa_nr_2020.dat 4 2027 Cabc 4.93127
Model_1_goa_nr_2020.dat 4 2027 Cofl 5.27286
Model_1_goa_nr_2020.dat 4 2027 CLCI 1.89272
Model_1_goa_nr_2020.dat 4 2027 CUCI 2.07163
Model_1_goa_nr_2020.dat 4 2027 CMedian 1.93747
Model_1_goa_nr_2020.dat 4 2027 CMean 1.95467
Model_1_goa_nr_2020.dat 4 2028 Cabc 4.93127
Model_1_goa_nr_2020.dat 4 2028 Cofl 5.27286
Model_1_goa_nr_2020.dat 4 2028 CLCI 1.84934
Model_1_goa_nr_2020.dat 4 2028 CUCI 2.23075
Model_1_goa_nr_2020.dat 4 2028 CMedian 1.95028
Model_1_goa_nr_2020.dat 4 2028 CMean 1.98917
Model_1_goa_nr_2020.dat 4 2029 Cabc 4.93127
Model_1_goa_nr_2020.dat 4 2029 Cofl 5.27286
Model_1_goa_nr_2020.dat 4 2029 CLCI 1.81618
Model_1_goa_nr_2020.dat 4 2029 CUCI 2.41468
Model_1_goa_nr_2020.dat 4 2029 CMedian 1.9872
Model_1_goa_nr_2020.dat 4 2029 CMean 2.04113
Model_1_goa_nr_2020.dat 4 2030 Cabc 4.93127
Model_1_goa_nr_2020.dat 4 2030 Cofl 5.27286
Model_1_goa_nr_2020.dat 4 2030 CLCI 1.80458
Model_1_goa_nr_2020.dat 4 2030 CUCI 2.55341
Model_1_goa_nr_2020.dat 4 2030 CMedian 2.03582
Model_1_goa_nr_2020.dat 4 2030 CMean 2.09945
Model_1_goa_nr_2020.dat 4 2031 Cabc 4.93127
Model_1_goa_nr_2020.dat 4 2031 Cofl 5.27286
Model_1_goa_nr_2020.dat 4 2031 CLCI 1.79757
Model_1_goa_nr_2020.dat 4 2031 CUCI 2.68044
Model_1_goa_nr_2020.dat 4 2031 CMedian 2.09167
Model_1_goa_nr_2020.dat 4 2031 CMean 2.15731
Model_1_goa_nr_2020.dat 4 2032 Cabc 4.93127
Model_1_goa_nr_2020.dat 4 2032 Cofl 5.27286
Model_1_goa_nr_2020.dat 4 2032 CLCI 1.78855
Model_1_goa_nr_2020.dat 4 2032 CUCI 2.805
Model_1_goa_nr_2020.dat 4 2032 CMedian 2.15338
Model_1_goa_nr_2020.dat 4 2032 CMean 2.21342
Model_1_goa_nr_2020.dat 4 2033 Cabc 4.93127
Model_1_goa_nr_2020.dat 4 2033 Cofl 5.27286
Model_1_goa_nr_2020.dat 4 2033 CLCI 1.80566
Model_1_goa_nr_2020.dat 4 2033 CUCI 2.91474
Model_1_goa_nr_2020.dat 4 2033 CMedian 2.21008
Model_1_goa_nr_2020.dat 4 2033 CMean 2.27081
Model_1_goa_nr_2020.dat 4 2020 SSBF100 84.8317
Model_1_goa_nr_2020.dat 4 2020 SSBFabc 33.9327
Model_1_goa_nr_2020.dat 4 2020 SSBFofl 29.6911
Model_1_goa_nr_2020.dat 4 2020 SSBLCI 45.176
Model_1_goa_nr_2020.dat 4 2020 SSBUCI 45.176
Model_1_goa_nr_2020.dat 4 2020 SSBMedian 45.176
Model_1_goa_nr_2020.dat 4 2020 SSBMean 45.176
Model_1_goa_nr_2020.dat 4 2021 SSBF100 84.8317
Model_1_goa_nr_2020.dat 4 2021 SSBFabc 33.9327
Model_1_goa_nr_2020.dat 4 2021 SSBFofl 29.6911
Model_1_goa_nr_2020.dat 4 2021 SSBLCI 42.9872
Model_1_goa_nr_2020.dat 4 2021 SSBUCI 42.9895
Model_1_goa_nr_2020.dat 4 2021 SSBMedian 42.9877
Model_1_goa_nr_2020.dat 4 2021 SSBMean 42.9879
Model_1_goa_nr_2020.dat 4 2022 SSBF100 84.8317
Model_1_goa_nr_2020.dat 4 2022 SSBFabc 33.9327
Model_1_goa_nr_2020.dat 4 2022 SSBFofl 29.6911
Model_1_goa_nr_2020.dat 4 2022 SSBLCI 40.953
Model_1_goa_nr_2020.dat 4 2022 SSBUCI 40.965
Model_1_goa_nr_2020.dat 4 2022 SSBMedian 40.9558
Model_1_goa_nr_2020.dat 4 2022 SSBMean 40.957
Model_1_goa_nr_2020.dat 4 2023 SSBF100 84.8317
Model_1_goa_nr_2020.dat 4 2023 SSBFabc 33.9327
Model_1_goa_nr_2020.dat 4 2023 SSBFofl 29.6911
Model_1_goa_nr_2020.dat 4 2023 SSBLCI 39.1962
Model_1_goa_nr_2020.dat 4 2023 SSBUCI 39.2373
Model_1_goa_nr_2020.dat 4 2023 SSBMedian 39.2067
Model_1_goa_nr_2020.dat 4 2023 SSBMean 39.2106
Model_1_goa_nr_2020.dat 4 2024 SSBF100 84.8317
Model_1_goa_nr_2020.dat 4 2024 SSBFabc 33.9327
Model_1_goa_nr_2020.dat 4 2024 SSBFofl 29.6911
Model_1_goa_nr_2020.dat 4 2024 SSBLCI 37.6696
Model_1_goa_nr_2020.dat 4 2024 SSBUCI 37.7878
Model_1_goa_nr_2020.dat 4 2024 SSBMedian 37.7003
Model_1_goa_nr_2020.dat 4 2024 SSBMean 37.7114
Model_1_goa_nr_2020.dat 4 2025 SSBF100 84.8317
Model_1_goa_nr_2020.dat 4 2025 SSBFabc 33.9327
Model_1_goa_nr_2020.dat 4 2025 SSBFofl 29.6911
Model_1_goa_nr_2020.dat 4 2025 SSBLCI 36.3794
Model_1_goa_nr_2020.dat 4 2025 SSBUCI 36.6755
Model_1_goa_nr_2020.dat 4 2025 SSBMedian 36.457
Model_1_goa_nr_2020.dat 4 2025 SSBMean 36.4854
Model_1_goa_nr_2020.dat 4 2026 SSBF100 84.8317
Model_1_goa_nr_2020.dat 4 2026 SSBFabc 33.9327
Model_1_goa_nr_2020.dat 4 2026 SSBFofl 29.6911
Model_1_goa_nr_2020.dat 4 2026 SSBLCI 35.3077
Model_1_goa_nr_2020.dat 4 2026 SSBUCI 35.9807
Model_1_goa_nr_2020.dat 4 2026 SSBMedian 35.482
Model_1_goa_nr_2020.dat 4 2026 SSBMean 35.5516
Model_1_goa_nr_2020.dat 4 2027 SSBF100 84.8317
Model_1_goa_nr_2020.dat 4 2027 SSBFabc 33.9327
Model_1_goa_nr_2020.dat 4 2027 SSBFofl 29.6911
Model_1_goa_nr_2020.dat 4 2027 SSBLCI 34.4202
Model_1_goa_nr_2020.dat 4 2027 SSBUCI 35.8223
Model_1_goa_nr_2020.dat 4 2027 SSBMedian 34.8007
Model_1_goa_nr_2020.dat 4 2027 SSBMean 34.9351
Model_1_goa_nr_2020.dat 4 2028 SSBF100 84.8317
Model_1_goa_nr_2020.dat 4 2028 SSBFabc 33.9327
Model_1_goa_nr_2020.dat 4 2028 SSBFofl 29.6911
Model_1_goa_nr_2020.dat 4 2028 SSBLCI 33.6782
Model_1_goa_nr_2020.dat 4 2028 SSBUCI 36.3216
Model_1_goa_nr_2020.dat 4 2028 SSBMedian 34.4216
Model_1_goa_nr_2020.dat 4 2028 SSBMean 34.6674
Model_1_goa_nr_2020.dat 4 2029 SSBF100 84.8317
Model_1_goa_nr_2020.dat 4 2029 SSBFabc 33.9327
Model_1_goa_nr_2020.dat 4 2029 SSBFofl 29.6911
Model_1_goa_nr_2020.dat 4 2029 SSBLCI 33.0566
Model_1_goa_nr_2020.dat 4 2029 SSBUCI 37.4937
Model_1_goa_nr_2020.dat 4 2029 SSBMedian 34.3751
Model_1_goa_nr_2020.dat 4 2029 SSBMean 34.772
Model_1_goa_nr_2020.dat 4 2030 SSBF100 84.8317
Model_1_goa_nr_2020.dat 4 2030 SSBFabc 33.9327
Model_1_goa_nr_2020.dat 4 2030 SSBFofl 29.6911
Model_1_goa_nr_2020.dat 4 2030 SSBLCI 32.5738
Model_1_goa_nr_2020.dat 4 2030 SSBUCI 39.5028
Model_1_goa_nr_2020.dat 4 2030 SSBMedian 34.6568
Model_1_goa_nr_2020.dat 4 2030 SSBMean 35.2351
Model_1_goa_nr_2020.dat 4 2031 SSBF100 84.8317
Model_1_goa_nr_2020.dat 4 2031 SSBFabc 33.9327
Model_1_goa_nr_2020.dat 4 2031 SSBFofl 29.6911
Model_1_goa_nr_2020.dat 4 2031 SSBLCI 32.2053
Model_1_goa_nr_2020.dat 4 2031 SSBUCI 41.9146
Model_1_goa_nr_2020.dat 4 2031 SSBMedian 35.1794
Model_1_goa_nr_2020.dat 4 2031 SSBMean 35.9901
Model_1_goa_nr_2020.dat 4 2032 SSBF100 84.8317
Model_1_goa_nr_2020.dat 4 2032 SSBFabc 33.9327
Model_1_goa_nr_2020.dat 4 2032 SSBFofl 29.6911
Model_1_goa_nr_2020.dat 4 2032 SSBLCI 31.9518
Model_1_goa_nr_2020.dat 4 2032 SSBUCI 44.3716
Model_1_goa_nr_2020.dat 4 2032 SSBMedian 36.0293
Model_1_goa_nr_2020.dat 4 2032 SSBMean 36.9377
Model_1_goa_nr_2020.dat 4 2033 SSBF100 84.8317
Model_1_goa_nr_2020.dat 4 2033 SSBFabc 33.9327
Model_1_goa_nr_2020.dat 4 2033 SSBFofl 29.6911
Model_1_goa_nr_2020.dat 4 2033 SSBLCI 31.9174
Model_1_goa_nr_2020.dat 4 2033 SSBUCI 46.5972
Model_1_goa_nr_2020.dat 4 2033 SSBMedian 36.9943
Model_1_goa_nr_2020.dat 4 2033 SSBMean 37.9829
Model_1_goa_nr_2020.dat 4 2020 F0 0 
Model_1_goa_nr_2020.dat 4 2020 Fabc 0.0610274
Model_1_goa_nr_2020.dat 4 2020 Fofl 0.073276
Model_1_goa_nr_2020.dat 4 2020  F_LCI 0.0254399
Model_1_goa_nr_2020.dat 4 2020  F_UCI 0.0254399
Model_1_goa_nr_2020.dat 4 2020  F_Median 0.0254399
Model_1_goa_nr_2020.dat 4 2020  F_Mean 0.0254399
Model_1_goa_nr_2020.dat 4 2021 F0 0 
Model_1_goa_nr_2020.dat 4 2021 Fabc 0.0610274
Model_1_goa_nr_2020.dat 4 2021 Fofl 0.073276
Model_1_goa_nr_2020.dat 4 2021  F_LCI 0.0276305
Model_1_goa_nr_2020.dat 4 2021  F_UCI 0.0276305
Model_1_goa_nr_2020.dat 4 2021  F_Median 0.0276305
Model_1_goa_nr_2020.dat 4 2021  F_Mean 0.0276305
Model_1_goa_nr_2020.dat 4 2022 F0 0 
Model_1_goa_nr_2020.dat 4 2022 Fabc 0.0610274
Model_1_goa_nr_2020.dat 4 2022 Fofl 0.073276
Model_1_goa_nr_2020.dat 4 2022  F_LCI 0.0251418
Model_1_goa_nr_2020.dat 4 2022  F_UCI 0.0251418
Model_1_goa_nr_2020.dat 4 2022  F_Median 0.0251418
Model_1_goa_nr_2020.dat 4 2022  F_Mean 0.0251418
Model_1_goa_nr_2020.dat 4 2023 F0 0 
Model_1_goa_nr_2020.dat 4 2023 Fabc 0.0610274
Model_1_goa_nr_2020.dat 4 2023 Fofl 0.073276
Model_1_goa_nr_2020.dat 4 2023  F_LCI 0.0251418
Model_1_goa_nr_2020.dat 4 2023  F_UCI 0.0251418
Model_1_goa_nr_2020.dat 4 2023  F_Median 0.0251418
Model_1_goa_nr_2020.dat 4 2023  F_Mean 0.0251418
Model_1_goa_nr_2020.dat 4 2024 F0 0 
Model_1_goa_nr_2020.dat 4 2024 Fabc 0.0610274
Model_1_goa_nr_2020.dat 4 2024 Fofl 0.073276
Model_1_goa_nr_2020.dat 4 2024  F_LCI 0.0251418
Model_1_goa_nr_2020.dat 4 2024  F_UCI 0.0251418
Model_1_goa_nr_2020.dat 4 2024  F_Median 0.0251418
Model_1_goa_nr_2020.dat 4 2024  F_Mean 0.0251418
Model_1_goa_nr_2020.dat 4 2025 F0 0 
Model_1_goa_nr_2020.dat 4 2025 Fabc 0.0610274
Model_1_goa_nr_2020.dat 4 2025 Fofl 0.073276
Model_1_goa_nr_2020.dat 4 2025  F_LCI 0.0251418
Model_1_goa_nr_2020.dat 4 2025  F_UCI 0.0251418
Model_1_goa_nr_2020.dat 4 2025  F_Median 0.0251418
Model_1_goa_nr_2020.dat 4 2025  F_Mean 0.0251418
Model_1_goa_nr_2020.dat 4 2026 F0 0 
Model_1_goa_nr_2020.dat 4 2026 Fabc 0.0610274
Model_1_goa_nr_2020.dat 4 2026 Fofl 0.073276
Model_1_goa_nr_2020.dat 4 2026  F_LCI 0.0251418
Model_1_goa_nr_2020.dat 4 2026  F_UCI 0.0251418
Model_1_goa_nr_2020.dat 4 2026  F_Median 0.0251418
Model_1_goa_nr_2020.dat 4 2026  F_Mean 0.0251418
Model_1_goa_nr_2020.dat 4 2027 F0 0 
Model_1_goa_nr_2020.dat 4 2027 Fabc 0.0610274
Model_1_goa_nr_2020.dat 4 2027 Fofl 0.073276
Model_1_goa_nr_2020.dat 4 2027  F_LCI 0.0251418
Model_1_goa_nr_2020.dat 4 2027  F_UCI 0.0251418
Model_1_goa_nr_2020.dat 4 2027  F_Median 0.0251418
Model_1_goa_nr_2020.dat 4 2027  F_Mean 0.0251418
Model_1_goa_nr_2020.dat 4 2028 F0 0 
Model_1_goa_nr_2020.dat 4 2028 Fabc 0.0610274
Model_1_goa_nr_2020.dat 4 2028 Fofl 0.073276
Model_1_goa_nr_2020.dat 4 2028  F_LCI 0.0251418
Model_1_goa_nr_2020.dat 4 2028  F_UCI 0.0251418
Model_1_goa_nr_2020.dat 4 2028  F_Median 0.0251418
Model_1_goa_nr_2020.dat 4 2028  F_Mean 0.0251418
Model_1_goa_nr_2020.dat 4 2029 F0 0 
Model_1_goa_nr_2020.dat 4 2029 Fabc 0.0610274
Model_1_goa_nr_2020.dat 4 2029 Fofl 0.073276
Model_1_goa_nr_2020.dat 4 2029  F_LCI 0.0251418
Model_1_goa_nr_2020.dat 4 2029  F_UCI 0.0251418
Model_1_goa_nr_2020.dat 4 2029  F_Median 0.0251418
Model_1_goa_nr_2020.dat 4 2029  F_Mean 0.0251418
Model_1_goa_nr_2020.dat 4 2030 F0 0 
Model_1_goa_nr_2020.dat 4 2030 Fabc 0.0610274
Model_1_goa_nr_2020.dat 4 2030 Fofl 0.073276
Model_1_goa_nr_2020.dat 4 2030  F_LCI 0.0251418
Model_1_goa_nr_2020.dat 4 2030  F_UCI 0.0251418
Model_1_goa_nr_2020.dat 4 2030  F_Median 0.0251418
Model_1_goa_nr_2020.dat 4 2030  F_Mean 0.0251418
Model_1_goa_nr_2020.dat 4 2031 F0 0 
Model_1_goa_nr_2020.dat 4 2031 Fabc 0.0610274
Model_1_goa_nr_2020.dat 4 2031 Fofl 0.073276
Model_1_goa_nr_2020.dat 4 2031  F_LCI 0.0251418
Model_1_goa_nr_2020.dat 4 2031  F_UCI 0.0251418
Model_1_goa_nr_2020.dat 4 2031  F_Median 0.0251418
Model_1_goa_nr_2020.dat 4 2031  F_Mean 0.0251418
Model_1_goa_nr_2020.dat 4 2032 F0 0 
Model_1_goa_nr_2020.dat 4 2032 Fabc 0.0610274
Model_1_goa_nr_2020.dat 4 2032 Fofl 0.073276
Model_1_goa_nr_2020.dat 4 2032  F_LCI 0.0251418
Model_1_goa_nr_2020.dat 4 2032  F_UCI 0.0251418
Model_1_goa_nr_2020.dat 4 2032  F_Median 0.0251418
Model_1_goa_nr_2020.dat 4 2032  F_Mean 0.0251418
Model_1_goa_nr_2020.dat 4 2033 F0 0 
Model_1_goa_nr_2020.dat 4 2033 Fabc 0.0610274
Model_1_goa_nr_2020.dat 4 2033 Fofl 0.073276
Model_1_goa_nr_2020.dat 4 2033  F_LCI 0.0251418
Model_1_goa_nr_2020.dat 4 2033  F_UCI 0.0251418
Model_1_goa_nr_2020.dat 4 2033  F_Median 0.0251418
Model_1_goa_nr_2020.dat 4 2033  F_Mean 0.0251418
Model_1_goa_nr_2020.dat 5 2020 Cabc 4.93127
Model_1_goa_nr_2020.dat 5 2020 Cofl 5.27286
Model_1_goa_nr_2020.dat 5 2020 CLCI 2.38492
Model_1_goa_nr_2020.dat 5 2020 CUCI 2.38492
Model_1_goa_nr_2020.dat 5 2020 CMedian 2.38492
Model_1_goa_nr_2020.dat 5 2020 CMean 2.38492
Model_1_goa_nr_2020.dat 5 2021 Cabc 4.93127
Model_1_goa_nr_2020.dat 5 2021 Cofl 5.27286
Model_1_goa_nr_2020.dat 5 2021 CLCI 2.47104
Model_1_goa_nr_2020.dat 5 2021 CUCI 2.47104
Model_1_goa_nr_2020.dat 5 2021 CMedian 2.47104
Model_1_goa_nr_2020.dat 5 2021 CMean 2.47104
Model_1_goa_nr_2020.dat 5 2022 Cabc 4.93127
Model_1_goa_nr_2020.dat 5 2022 Cofl 5.27286
Model_1_goa_nr_2020.dat 5 2022 CLCI 0
Model_1_goa_nr_2020.dat 5 2022 CUCI 0
Model_1_goa_nr_2020.dat 5 2022 CMedian 0
Model_1_goa_nr_2020.dat 5 2022 CMean 0
Model_1_goa_nr_2020.dat 5 2023 Cabc 4.93127
Model_1_goa_nr_2020.dat 5 2023 Cofl 5.27286
Model_1_goa_nr_2020.dat 5 2023 CLCI 0
Model_1_goa_nr_2020.dat 5 2023 CUCI 0
Model_1_goa_nr_2020.dat 5 2023 CMedian 0
Model_1_goa_nr_2020.dat 5 2023 CMean 0
Model_1_goa_nr_2020.dat 5 2024 Cabc 4.93127
Model_1_goa_nr_2020.dat 5 2024 Cofl 5.27286
Model_1_goa_nr_2020.dat 5 2024 CLCI 0
Model_1_goa_nr_2020.dat 5 2024 CUCI 0
Model_1_goa_nr_2020.dat 5 2024 CMedian 0
Model_1_goa_nr_2020.dat 5 2024 CMean 0
Model_1_goa_nr_2020.dat 5 2025 Cabc 4.93127
Model_1_goa_nr_2020.dat 5 2025 Cofl 5.27286
Model_1_goa_nr_2020.dat 5 2025 CLCI 0
Model_1_goa_nr_2020.dat 5 2025 CUCI 0
Model_1_goa_nr_2020.dat 5 2025 CMedian 0
Model_1_goa_nr_2020.dat 5 2025 CMean 0
Model_1_goa_nr_2020.dat 5 2026 Cabc 4.93127
Model_1_goa_nr_2020.dat 5 2026 Cofl 5.27286
Model_1_goa_nr_2020.dat 5 2026 CLCI 0
Model_1_goa_nr_2020.dat 5 2026 CUCI 0
Model_1_goa_nr_2020.dat 5 2026 CMedian 0
Model_1_goa_nr_2020.dat 5 2026 CMean 0
Model_1_goa_nr_2020.dat 5 2027 Cabc 4.93127
Model_1_goa_nr_2020.dat 5 2027 Cofl 5.27286
Model_1_goa_nr_2020.dat 5 2027 CLCI 0
Model_1_goa_nr_2020.dat 5 2027 CUCI 0
Model_1_goa_nr_2020.dat 5 2027 CMedian 0
Model_1_goa_nr_2020.dat 5 2027 CMean 0
Model_1_goa_nr_2020.dat 5 2028 Cabc 4.93127
Model_1_goa_nr_2020.dat 5 2028 Cofl 5.27286
Model_1_goa_nr_2020.dat 5 2028 CLCI 0
Model_1_goa_nr_2020.dat 5 2028 CUCI 0
Model_1_goa_nr_2020.dat 5 2028 CMedian 0
Model_1_goa_nr_2020.dat 5 2028 CMean 0
Model_1_goa_nr_2020.dat 5 2029 Cabc 4.93127
Model_1_goa_nr_2020.dat 5 2029 Cofl 5.27286
Model_1_goa_nr_2020.dat 5 2029 CLCI 0
Model_1_goa_nr_2020.dat 5 2029 CUCI 0
Model_1_goa_nr_2020.dat 5 2029 CMedian 0
Model_1_goa_nr_2020.dat 5 2029 CMean 0
Model_1_goa_nr_2020.dat 5 2030 Cabc 4.93127
Model_1_goa_nr_2020.dat 5 2030 Cofl 5.27286
Model_1_goa_nr_2020.dat 5 2030 CLCI 0
Model_1_goa_nr_2020.dat 5 2030 CUCI 0
Model_1_goa_nr_2020.dat 5 2030 CMedian 0
Model_1_goa_nr_2020.dat 5 2030 CMean 0
Model_1_goa_nr_2020.dat 5 2031 Cabc 4.93127
Model_1_goa_nr_2020.dat 5 2031 Cofl 5.27286
Model_1_goa_nr_2020.dat 5 2031 CLCI 0
Model_1_goa_nr_2020.dat 5 2031 CUCI 0
Model_1_goa_nr_2020.dat 5 2031 CMedian 0
Model_1_goa_nr_2020.dat 5 2031 CMean 0
Model_1_goa_nr_2020.dat 5 2032 Cabc 4.93127
Model_1_goa_nr_2020.dat 5 2032 Cofl 5.27286
Model_1_goa_nr_2020.dat 5 2032 CLCI 0
Model_1_goa_nr_2020.dat 5 2032 CUCI 0
Model_1_goa_nr_2020.dat 5 2032 CMedian 0
Model_1_goa_nr_2020.dat 5 2032 CMean 0
Model_1_goa_nr_2020.dat 5 2033 Cabc 4.93127
Model_1_goa_nr_2020.dat 5 2033 Cofl 5.27286
Model_1_goa_nr_2020.dat 5 2033 CLCI 0
Model_1_goa_nr_2020.dat 5 2033 CUCI 0
Model_1_goa_nr_2020.dat 5 2033 CMedian 0
Model_1_goa_nr_2020.dat 5 2033 CMean 0
Model_1_goa_nr_2020.dat 5 2020 SSBF100 84.8317
Model_1_goa_nr_2020.dat 5 2020 SSBFabc 33.9327
Model_1_goa_nr_2020.dat 5 2020 SSBFofl 29.6911
Model_1_goa_nr_2020.dat 5 2020 SSBLCI 45.176
Model_1_goa_nr_2020.dat 5 2020 SSBUCI 45.176
Model_1_goa_nr_2020.dat 5 2020 SSBMedian 45.176
Model_1_goa_nr_2020.dat 5 2020 SSBMean 45.176
Model_1_goa_nr_2020.dat 5 2021 SSBF100 84.8317
Model_1_goa_nr_2020.dat 5 2021 SSBFabc 33.9327
Model_1_goa_nr_2020.dat 5 2021 SSBFofl 29.6911
Model_1_goa_nr_2020.dat 5 2021 SSBLCI 42.9872
Model_1_goa_nr_2020.dat 5 2021 SSBUCI 42.9895
Model_1_goa_nr_2020.dat 5 2021 SSBMedian 42.9877
Model_1_goa_nr_2020.dat 5 2021 SSBMean 42.9879
Model_1_goa_nr_2020.dat 5 2022 SSBF100 84.8317
Model_1_goa_nr_2020.dat 5 2022 SSBFabc 33.9327
Model_1_goa_nr_2020.dat 5 2022 SSBFofl 29.6911
Model_1_goa_nr_2020.dat 5 2022 SSBLCI 41.2947
Model_1_goa_nr_2020.dat 5 2022 SSBUCI 41.3067
Model_1_goa_nr_2020.dat 5 2022 SSBMedian 41.2975
Model_1_goa_nr_2020.dat 5 2022 SSBMean 41.2986
Model_1_goa_nr_2020.dat 5 2023 SSBF100 84.8317
Model_1_goa_nr_2020.dat 5 2023 SSBFabc 33.9327
Model_1_goa_nr_2020.dat 5 2023 SSBFofl 29.6911
Model_1_goa_nr_2020.dat 5 2023 SSBLCI 40.5115
Model_1_goa_nr_2020.dat 5 2023 SSBUCI 40.5526
Model_1_goa_nr_2020.dat 5 2023 SSBMedian 40.522
Model_1_goa_nr_2020.dat 5 2023 SSBMean 40.5259
Model_1_goa_nr_2020.dat 5 2024 SSBF100 84.8317
Model_1_goa_nr_2020.dat 5 2024 SSBFabc 33.9327
Model_1_goa_nr_2020.dat 5 2024 SSBFofl 29.6911
Model_1_goa_nr_2020.dat 5 2024 SSBLCI 39.891
Model_1_goa_nr_2020.dat 5 2024 SSBUCI 40.0092
Model_1_goa_nr_2020.dat 5 2024 SSBMedian 39.9217
Model_1_goa_nr_2020.dat 5 2024 SSBMean 39.9328
Model_1_goa_nr_2020.dat 5 2025 SSBF100 84.8317
Model_1_goa_nr_2020.dat 5 2025 SSBFabc 33.9327
Model_1_goa_nr_2020.dat 5 2025 SSBFofl 29.6911
Model_1_goa_nr_2020.dat 5 2025 SSBLCI 39.4482
Model_1_goa_nr_2020.dat 5 2025 SSBUCI 39.7444
Model_1_goa_nr_2020.dat 5 2025 SSBMedian 39.5259
Model_1_goa_nr_2020.dat 5 2025 SSBMean 39.5543
Model_1_goa_nr_2020.dat 5 2026 SSBF100 84.8317
Model_1_goa_nr_2020.dat 5 2026 SSBFabc 33.9327
Model_1_goa_nr_2020.dat 5 2026 SSBFofl 29.6911
Model_1_goa_nr_2020.dat 5 2026 SSBLCI 39.1729
Model_1_goa_nr_2020.dat 5 2026 SSBUCI 39.8471
Model_1_goa_nr_2020.dat 5 2026 SSBMedian 39.3476
Model_1_goa_nr_2020.dat 5 2026 SSBMean 39.4172
Model_1_goa_nr_2020.dat 5 2027 SSBF100 84.8317
Model_1_goa_nr_2020.dat 5 2027 SSBFabc 33.9327
Model_1_goa_nr_2020.dat 5 2027 SSBFofl 29.6911
Model_1_goa_nr_2020.dat 5 2027 SSBLCI 39.0361
Model_1_goa_nr_2020.dat 5 2027 SSBUCI 40.4482
Model_1_goa_nr_2020.dat 5 2027 SSBMedian 39.4178
Model_1_goa_nr_2020.dat 5 2027 SSBMean 39.5543
Model_1_goa_nr_2020.dat 5 2028 SSBF100 84.8317
Model_1_goa_nr_2020.dat 5 2028 SSBFabc 33.9327
Model_1_goa_nr_2020.dat 5 2028 SSBFofl 29.6911
Model_1_goa_nr_2020.dat 5 2028 SSBLCI 39.0022
Model_1_goa_nr_2020.dat 5 2028 SSBUCI 41.6926
Model_1_goa_nr_2020.dat 5 2028 SSBMedian 39.7557
Model_1_goa_nr_2020.dat 5 2028 SSBMean 40.0076
Model_1_goa_nr_2020.dat 5 2029 SSBF100 84.8317
Model_1_goa_nr_2020.dat 5 2029 SSBFabc 33.9327
Model_1_goa_nr_2020.dat 5 2029 SSBFofl 29.6911
Model_1_goa_nr_2020.dat 5 2029 SSBLCI 39.0562
Model_1_goa_nr_2020.dat 5 2029 SSBUCI 43.6188
Model_1_goa_nr_2020.dat 5 2029 SSBMedian 40.4066
Model_1_goa_nr_2020.dat 5 2029 SSBMean 40.8158
Model_1_goa_nr_2020.dat 5 2030 SSBF100 84.8317
Model_1_goa_nr_2020.dat 5 2030 SSBFabc 33.9327
Model_1_goa_nr_2020.dat 5 2030 SSBFofl 29.6911
Model_1_goa_nr_2020.dat 5 2030 SSBLCI 39.1854
Model_1_goa_nr_2020.dat 5 2030 SSBUCI 46.4256
Model_1_goa_nr_2020.dat 5 2030 SSBMedian 41.3605
Model_1_goa_nr_2020.dat 5 2030 SSBMean 41.982
Model_1_goa_nr_2020.dat 5 2031 SSBF100 84.8317
Model_1_goa_nr_2020.dat 5 2031 SSBFabc 33.9327
Model_1_goa_nr_2020.dat 5 2031 SSBFofl 29.6911
Model_1_goa_nr_2020.dat 5 2031 SSBLCI 39.4105
Model_1_goa_nr_2020.dat 5 2031 SSBUCI 49.7987
Model_1_goa_nr_2020.dat 5 2031 SSBMedian 42.6195
Model_1_goa_nr_2020.dat 5 2031 SSBMean 43.4523
Model_1_goa_nr_2020.dat 5 2032 SSBF100 84.8317
Model_1_goa_nr_2020.dat 5 2032 SSBFabc 33.9327
Model_1_goa_nr_2020.dat 5 2032 SSBFofl 29.6911
Model_1_goa_nr_2020.dat 5 2032 SSBLCI 39.7476
Model_1_goa_nr_2020.dat 5 2032 SSBUCI 53.2117
Model_1_goa_nr_2020.dat 5 2032 SSBMedian 44.1113
Model_1_goa_nr_2020.dat 5 2032 SSBMean 45.1314
Model_1_goa_nr_2020.dat 5 2033 SSBF100 84.8317
Model_1_goa_nr_2020.dat 5 2033 SSBFabc 33.9327
Model_1_goa_nr_2020.dat 5 2033 SSBFofl 29.6911
Model_1_goa_nr_2020.dat 5 2033 SSBLCI 40.2079
Model_1_goa_nr_2020.dat 5 2033 SSBUCI 56.547
Model_1_goa_nr_2020.dat 5 2033 SSBMedian 45.7445
Model_1_goa_nr_2020.dat 5 2033 SSBMean 46.9211
Model_1_goa_nr_2020.dat 5 2020 F0 0 
Model_1_goa_nr_2020.dat 5 2020 Fabc 0.0610274
Model_1_goa_nr_2020.dat 5 2020 Fofl 0.073276
Model_1_goa_nr_2020.dat 5 2020  F_LCI 0.0254399
Model_1_goa_nr_2020.dat 5 2020  F_UCI 0.0254399
Model_1_goa_nr_2020.dat 5 2020  F_Median 0.0254399
Model_1_goa_nr_2020.dat 5 2020  F_Mean 0.0254399
Model_1_goa_nr_2020.dat 5 2021 F0 0 
Model_1_goa_nr_2020.dat 5 2021 Fabc 0.0610274
Model_1_goa_nr_2020.dat 5 2021 Fofl 0.073276
Model_1_goa_nr_2020.dat 5 2021  F_LCI 0.0276305
Model_1_goa_nr_2020.dat 5 2021  F_UCI 0.0276305
Model_1_goa_nr_2020.dat 5 2021  F_Median 0.0276305
Model_1_goa_nr_2020.dat 5 2021  F_Mean 0.0276305
Model_1_goa_nr_2020.dat 5 2022 F0 0 
Model_1_goa_nr_2020.dat 5 2022 Fabc 0.0610274
Model_1_goa_nr_2020.dat 5 2022 Fofl 0.073276
Model_1_goa_nr_2020.dat 5 2022  F_LCI 0
Model_1_goa_nr_2020.dat 5 2022  F_UCI 0
Model_1_goa_nr_2020.dat 5 2022  F_Median 0
Model_1_goa_nr_2020.dat 5 2022  F_Mean 0
Model_1_goa_nr_2020.dat 5 2023 F0 0 
Model_1_goa_nr_2020.dat 5 2023 Fabc 0.0610274
Model_1_goa_nr_2020.dat 5 2023 Fofl 0.073276
Model_1_goa_nr_2020.dat 5 2023  F_LCI 0
Model_1_goa_nr_2020.dat 5 2023  F_UCI 0
Model_1_goa_nr_2020.dat 5 2023  F_Median 0
Model_1_goa_nr_2020.dat 5 2023  F_Mean 0
Model_1_goa_nr_2020.dat 5 2024 F0 0 
Model_1_goa_nr_2020.dat 5 2024 Fabc 0.0610274
Model_1_goa_nr_2020.dat 5 2024 Fofl 0.073276
Model_1_goa_nr_2020.dat 5 2024  F_LCI 0
Model_1_goa_nr_2020.dat 5 2024  F_UCI 0
Model_1_goa_nr_2020.dat 5 2024  F_Median 0
Model_1_goa_nr_2020.dat 5 2024  F_Mean 0
Model_1_goa_nr_2020.dat 5 2025 F0 0 
Model_1_goa_nr_2020.dat 5 2025 Fabc 0.0610274
Model_1_goa_nr_2020.dat 5 2025 Fofl 0.073276
Model_1_goa_nr_2020.dat 5 2025  F_LCI 0
Model_1_goa_nr_2020.dat 5 2025  F_UCI 0
Model_1_goa_nr_2020.dat 5 2025  F_Median 0
Model_1_goa_nr_2020.dat 5 2025  F_Mean 0
Model_1_goa_nr_2020.dat 5 2026 F0 0 
Model_1_goa_nr_2020.dat 5 2026 Fabc 0.0610274
Model_1_goa_nr_2020.dat 5 2026 Fofl 0.073276
Model_1_goa_nr_2020.dat 5 2026  F_LCI 0
Model_1_goa_nr_2020.dat 5 2026  F_UCI 0
Model_1_goa_nr_2020.dat 5 2026  F_Median 0
Model_1_goa_nr_2020.dat 5 2026  F_Mean 0
Model_1_goa_nr_2020.dat 5 2027 F0 0 
Model_1_goa_nr_2020.dat 5 2027 Fabc 0.0610274
Model_1_goa_nr_2020.dat 5 2027 Fofl 0.073276
Model_1_goa_nr_2020.dat 5 2027  F_LCI 0
Model_1_goa_nr_2020.dat 5 2027  F_UCI 0
Model_1_goa_nr_2020.dat 5 2027  F_Median 0
Model_1_goa_nr_2020.dat 5 2027  F_Mean 0
Model_1_goa_nr_2020.dat 5 2028 F0 0 
Model_1_goa_nr_2020.dat 5 2028 Fabc 0.0610274
Model_1_goa_nr_2020.dat 5 2028 Fofl 0.073276
Model_1_goa_nr_2020.dat 5 2028  F_LCI 0
Model_1_goa_nr_2020.dat 5 2028  F_UCI 0
Model_1_goa_nr_2020.dat 5 2028  F_Median 0
Model_1_goa_nr_2020.dat 5 2028  F_Mean 0
Model_1_goa_nr_2020.dat 5 2029 F0 0 
Model_1_goa_nr_2020.dat 5 2029 Fabc 0.0610274
Model_1_goa_nr_2020.dat 5 2029 Fofl 0.073276
Model_1_goa_nr_2020.dat 5 2029  F_LCI 0
Model_1_goa_nr_2020.dat 5 2029  F_UCI 0
Model_1_goa_nr_2020.dat 5 2029  F_Median 0
Model_1_goa_nr_2020.dat 5 2029  F_Mean 0
Model_1_goa_nr_2020.dat 5 2030 F0 0 
Model_1_goa_nr_2020.dat 5 2030 Fabc 0.0610274
Model_1_goa_nr_2020.dat 5 2030 Fofl 0.073276
Model_1_goa_nr_2020.dat 5 2030  F_LCI 0
Model_1_goa_nr_2020.dat 5 2030  F_UCI 0
Model_1_goa_nr_2020.dat 5 2030  F_Median 0
Model_1_goa_nr_2020.dat 5 2030  F_Mean 0
Model_1_goa_nr_2020.dat 5 2031 F0 0 
Model_1_goa_nr_2020.dat 5 2031 Fabc 0.0610274
Model_1_goa_nr_2020.dat 5 2031 Fofl 0.073276
Model_1_goa_nr_2020.dat 5 2031  F_LCI 0
Model_1_goa_nr_2020.dat 5 2031  F_UCI 0
Model_1_goa_nr_2020.dat 5 2031  F_Median 0
Model_1_goa_nr_2020.dat 5 2031  F_Mean 0
Model_1_goa_nr_2020.dat 5 2032 F0 0 
Model_1_goa_nr_2020.dat 5 2032 Fabc 0.0610274
Model_1_goa_nr_2020.dat 5 2032 Fofl 0.073276
Model_1_goa_nr_2020.dat 5 2032  F_LCI 0
Model_1_goa_nr_2020.dat 5 2032  F_UCI 0
Model_1_goa_nr_2020.dat 5 2032  F_Median 0
Model_1_goa_nr_2020.dat 5 2032  F_Mean 0
Model_1_goa_nr_2020.dat 5 2033 F0 0 
Model_1_goa_nr_2020.dat 5 2033 Fabc 0.0610274
Model_1_goa_nr_2020.dat 5 2033 Fofl 0.073276
Model_1_goa_nr_2020.dat 5 2033  F_LCI 0
Model_1_goa_nr_2020.dat 5 2033  F_UCI 0
Model_1_goa_nr_2020.dat 5 2033  F_Median 0
Model_1_goa_nr_2020.dat 5 2033  F_Mean 0
Model_1_goa_nr_2020.dat 6 2020 Cabc 4.93127
Model_1_goa_nr_2020.dat 6 2020 Cofl 5.27286
Model_1_goa_nr_2020.dat 6 2020 CLCI 2.38492
Model_1_goa_nr_2020.dat 6 2020 CUCI 2.38492
Model_1_goa_nr_2020.dat 6 2020 CMedian 2.38492
Model_1_goa_nr_2020.dat 6 2020 CMean 2.38492
Model_1_goa_nr_2020.dat 6 2021 Cabc 4.93127
Model_1_goa_nr_2020.dat 6 2021 Cofl 5.27286
Model_1_goa_nr_2020.dat 6 2021 CLCI 6.40994
Model_1_goa_nr_2020.dat 6 2021 CUCI 6.40995
Model_1_goa_nr_2020.dat 6 2021 CMedian 6.40994
Model_1_goa_nr_2020.dat 6 2021 CMean 6.40994
Model_1_goa_nr_2020.dat 6 2022 Cabc 4.93127
Model_1_goa_nr_2020.dat 6 2022 Cofl 5.27286
Model_1_goa_nr_2020.dat 6 2022 CLCI 5.87797
Model_1_goa_nr_2020.dat 6 2022 CUCI 5.87804
Model_1_goa_nr_2020.dat 6 2022 CMedian 5.87799
Model_1_goa_nr_2020.dat 6 2022 CMean 5.87799
Model_1_goa_nr_2020.dat 6 2023 Cabc 4.93127
Model_1_goa_nr_2020.dat 6 2023 Cofl 5.27286
Model_1_goa_nr_2020.dat 6 2023 CLCI 5.43104
Model_1_goa_nr_2020.dat 6 2023 CUCI 5.43162
Model_1_goa_nr_2020.dat 6 2023 CMedian 5.43116
Model_1_goa_nr_2020.dat 6 2023 CMean 5.43123
Model_1_goa_nr_2020.dat 6 2024 Cabc 4.93127
Model_1_goa_nr_2020.dat 6 2024 Cofl 5.27286
Model_1_goa_nr_2020.dat 6 2024 CLCI 4.81841
Model_1_goa_nr_2020.dat 6 2024 CUCI 4.83985
Model_1_goa_nr_2020.dat 6 2024 CMedian 4.82388
Model_1_goa_nr_2020.dat 6 2024 CMean 4.82594
Model_1_goa_nr_2020.dat 6 2025 Cabc 4.93127
Model_1_goa_nr_2020.dat 6 2025 Cofl 5.27286
Model_1_goa_nr_2020.dat 6 2025 CLCI 4.20865
Model_1_goa_nr_2020.dat 6 2025 CUCI 4.27161
Model_1_goa_nr_2020.dat 6 2025 CMedian 4.22453
Model_1_goa_nr_2020.dat 6 2025 CMean 4.23069
Model_1_goa_nr_2020.dat 6 2026 Cabc 4.93127
Model_1_goa_nr_2020.dat 6 2026 Cofl 5.27286
Model_1_goa_nr_2020.dat 6 2026 CLCI 3.75852
Model_1_goa_nr_2020.dat 6 2026 CUCI 3.95864
Model_1_goa_nr_2020.dat 6 2026 CMedian 3.80884
Model_1_goa_nr_2020.dat 6 2026 CMean 3.82863
Model_1_goa_nr_2020.dat 6 2027 Cabc 4.93127
Model_1_goa_nr_2020.dat 6 2027 Cofl 5.27286
Model_1_goa_nr_2020.dat 6 2027 CLCI 3.40304
Model_1_goa_nr_2020.dat 6 2027 CUCI 3.98473
Model_1_goa_nr_2020.dat 6 2027 CMedian 3.55084
Model_1_goa_nr_2020.dat 6 2027 CMean 3.60689
Model_1_goa_nr_2020.dat 6 2028 Cabc 4.93127
Model_1_goa_nr_2020.dat 6 2028 Cofl 5.27286
Model_1_goa_nr_2020.dat 6 2028 CLCI 3.11914
Model_1_goa_nr_2020.dat 6 2028 CUCI 4.27953
Model_1_goa_nr_2020.dat 6 2028 CMedian 3.41622
Model_1_goa_nr_2020.dat 6 2028 CMean 3.54422
Model_1_goa_nr_2020.dat 6 2029 Cabc 4.93127
Model_1_goa_nr_2020.dat 6 2029 Cofl 5.27286
Model_1_goa_nr_2020.dat 6 2029 CLCI 2.90846
Model_1_goa_nr_2020.dat 6 2029 CUCI 4.76414
Model_1_goa_nr_2020.dat 6 2029 CMedian 3.40853
Model_1_goa_nr_2020.dat 6 2029 CMean 3.59017
Model_1_goa_nr_2020.dat 6 2030 Cabc 4.93127
Model_1_goa_nr_2020.dat 6 2030 Cofl 5.27286
Model_1_goa_nr_2020.dat 6 2030 CLCI 2.78944
Model_1_goa_nr_2020.dat 6 2030 CUCI 5.21623
Model_1_goa_nr_2020.dat 6 2030 CMedian 3.47261
Model_1_goa_nr_2020.dat 6 2030 CMean 3.70295
Model_1_goa_nr_2020.dat 6 2031 Cabc 4.93127
Model_1_goa_nr_2020.dat 6 2031 Cofl 5.27286
Model_1_goa_nr_2020.dat 6 2031 CLCI 2.70681
Model_1_goa_nr_2020.dat 6 2031 CUCI 5.69885
Model_1_goa_nr_2020.dat 6 2031 CMedian 3.59536
Model_1_goa_nr_2020.dat 6 2031 CMean 3.84747
Model_1_goa_nr_2020.dat 6 2032 Cabc 4.93127
Model_1_goa_nr_2020.dat 6 2032 Cofl 5.27286
Model_1_goa_nr_2020.dat 6 2032 CLCI 2.66325
Model_1_goa_nr_2020.dat 6 2032 CUCI 6.09628
Model_1_goa_nr_2020.dat 6 2032 CMedian 3.75994
Model_1_goa_nr_2020.dat 6 2032 CMean 4.00203
Model_1_goa_nr_2020.dat 6 2033 Cabc 4.93127
Model_1_goa_nr_2020.dat 6 2033 Cofl 5.27286
Model_1_goa_nr_2020.dat 6 2033 CLCI 2.65754
Model_1_goa_nr_2020.dat 6 2033 CUCI 6.4042
Model_1_goa_nr_2020.dat 6 2033 CMedian 3.91301
Model_1_goa_nr_2020.dat 6 2033 CMean 4.16084
Model_1_goa_nr_2020.dat 6 2020 SSBF100 84.8317
Model_1_goa_nr_2020.dat 6 2020 SSBFabc 33.9327
Model_1_goa_nr_2020.dat 6 2020 SSBFofl 29.6911
Model_1_goa_nr_2020.dat 6 2020 SSBLCI 45.176
Model_1_goa_nr_2020.dat 6 2020 SSBUCI 45.176
Model_1_goa_nr_2020.dat 6 2020 SSBMedian 45.176
Model_1_goa_nr_2020.dat 6 2020 SSBMean 45.176
Model_1_goa_nr_2020.dat 6 2021 SSBF100 84.8317
Model_1_goa_nr_2020.dat 6 2021 SSBFabc 33.9327
Model_1_goa_nr_2020.dat 6 2021 SSBFofl 29.6911
Model_1_goa_nr_2020.dat 6 2021 SSBLCI 42.3428
Model_1_goa_nr_2020.dat 6 2021 SSBUCI 42.3452
Model_1_goa_nr_2020.dat 6 2021 SSBMedian 42.3433
Model_1_goa_nr_2020.dat 6 2021 SSBMean 42.3436
Model_1_goa_nr_2020.dat 6 2022 SSBF100 84.8317
Model_1_goa_nr_2020.dat 6 2022 SSBFabc 33.9327
Model_1_goa_nr_2020.dat 6 2022 SSBFofl 29.6911
Model_1_goa_nr_2020.dat 6 2022 SSBLCI 38.5352
Model_1_goa_nr_2020.dat 6 2022 SSBUCI 38.5473
Model_1_goa_nr_2020.dat 6 2022 SSBMedian 38.538
Model_1_goa_nr_2020.dat 6 2022 SSBMean 38.5392
Model_1_goa_nr_2020.dat 6 2023 SSBF100 84.8317
Model_1_goa_nr_2020.dat 6 2023 SSBFabc 33.9327
Model_1_goa_nr_2020.dat 6 2023 SSBFofl 29.6911
Model_1_goa_nr_2020.dat 6 2023 SSBLCI 35.2022
Model_1_goa_nr_2020.dat 6 2023 SSBUCI 35.2433
Model_1_goa_nr_2020.dat 6 2023 SSBMedian 35.2127
Model_1_goa_nr_2020.dat 6 2023 SSBMean 35.2166
Model_1_goa_nr_2020.dat 6 2024 SSBF100 84.8317
Model_1_goa_nr_2020.dat 6 2024 SSBFabc 33.9327
Model_1_goa_nr_2020.dat 6 2024 SSBFofl 29.6911
Model_1_goa_nr_2020.dat 6 2024 SSBLCI 32.3675
Model_1_goa_nr_2020.dat 6 2024 SSBUCI 32.4829
Model_1_goa_nr_2020.dat 6 2024 SSBMedian 32.3975
Model_1_goa_nr_2020.dat 6 2024 SSBMean 32.4084
Model_1_goa_nr_2020.dat 6 2025 SSBF100 84.8317
Model_1_goa_nr_2020.dat 6 2025 SSBFabc 33.9327
Model_1_goa_nr_2020.dat 6 2025 SSBFofl 29.6911
Model_1_goa_nr_2020.dat 6 2025 SSBLCI 30.0783
Model_1_goa_nr_2020.dat 6 2025 SSBUCI 30.361
Model_1_goa_nr_2020.dat 6 2025 SSBMedian 30.1521
Model_1_goa_nr_2020.dat 6 2025 SSBMean 30.1793
Model_1_goa_nr_2020.dat 6 2026 SSBF100 84.8317
Model_1_goa_nr_2020.dat 6 2026 SSBFabc 33.9327
Model_1_goa_nr_2020.dat 6 2026 SSBFofl 29.6911
Model_1_goa_nr_2020.dat 6 2026 SSBLCI 28.28
Model_1_goa_nr_2020.dat 6 2026 SSBUCI 28.9134
Model_1_goa_nr_2020.dat 6 2026 SSBMedian 28.4458
Model_1_goa_nr_2020.dat 6 2026 SSBMean 28.51
Model_1_goa_nr_2020.dat 6 2027 SSBF100 84.8317
Model_1_goa_nr_2020.dat 6 2027 SSBFabc 33.9327
Model_1_goa_nr_2020.dat 6 2027 SSBFofl 29.6911
Model_1_goa_nr_2020.dat 6 2027 SSBLCI 26.8663
Model_1_goa_nr_2020.dat 6 2027 SSBUCI 28.1675
Model_1_goa_nr_2020.dat 6 2027 SSBMedian 27.2206
Model_1_goa_nr_2020.dat 6 2027 SSBMean 27.3449
Model_1_goa_nr_2020.dat 6 2028 SSBF100 84.8317
Model_1_goa_nr_2020.dat 6 2028 SSBFabc 33.9327
Model_1_goa_nr_2020.dat 6 2028 SSBFofl 29.6911
Model_1_goa_nr_2020.dat 6 2028 SSBLCI 25.7456
Model_1_goa_nr_2020.dat 6 2028 SSBUCI 28.1385
Model_1_goa_nr_2020.dat 6 2028 SSBMedian 26.434
Model_1_goa_nr_2020.dat 6 2028 SSBMean 26.6502
Model_1_goa_nr_2020.dat 6 2029 SSBF100 84.8317
Model_1_goa_nr_2020.dat 6 2029 SSBFabc 33.9327
Model_1_goa_nr_2020.dat 6 2029 SSBFofl 29.6911
Model_1_goa_nr_2020.dat 6 2029 SSBLCI 24.8613
Model_1_goa_nr_2020.dat 6 2029 SSBUCI 28.7753
Model_1_goa_nr_2020.dat 6 2029 SSBMedian 26.0356
Model_1_goa_nr_2020.dat 6 2029 SSBMean 26.3894
Model_1_goa_nr_2020.dat 6 2030 SSBF100 84.8317
Model_1_goa_nr_2020.dat 6 2030 SSBFabc 33.9327
Model_1_goa_nr_2020.dat 6 2030 SSBFofl 29.6911
Model_1_goa_nr_2020.dat 6 2030 SSBLCI 24.2141
Model_1_goa_nr_2020.dat 6 2030 SSBUCI 30.1764
Model_1_goa_nr_2020.dat 6 2030 SSBMedian 26.0178
Model_1_goa_nr_2020.dat 6 2030 SSBMean 26.4961
Model_1_goa_nr_2020.dat 6 2031 SSBF100 84.8317
Model_1_goa_nr_2020.dat 6 2031 SSBFabc 33.9327
Model_1_goa_nr_2020.dat 6 2031 SSBFofl 29.6911
Model_1_goa_nr_2020.dat 6 2031 SSBLCI 23.7477
Model_1_goa_nr_2020.dat 6 2031 SSBUCI 31.4998
Model_1_goa_nr_2020.dat 6 2031 SSBMedian 26.2658
Model_1_goa_nr_2020.dat 6 2031 SSBMean 26.8662
Model_1_goa_nr_2020.dat 6 2032 SSBF100 84.8317
Model_1_goa_nr_2020.dat 6 2032 SSBFabc 33.9327
Model_1_goa_nr_2020.dat 6 2032 SSBFofl 29.6911
Model_1_goa_nr_2020.dat 6 2032 SSBLCI 23.4162
Model_1_goa_nr_2020.dat 6 2032 SSBUCI 33.0936
Model_1_goa_nr_2020.dat 6 2032 SSBMedian 26.7119
Model_1_goa_nr_2020.dat 6 2032 SSBMean 27.3816
Model_1_goa_nr_2020.dat 6 2033 SSBF100 84.8317
Model_1_goa_nr_2020.dat 6 2033 SSBFabc 33.9327
Model_1_goa_nr_2020.dat 6 2033 SSBFofl 29.6911
Model_1_goa_nr_2020.dat 6 2033 SSBLCI 23.3637
Model_1_goa_nr_2020.dat 6 2033 SSBUCI 34.2539
Model_1_goa_nr_2020.dat 6 2033 SSBMedian 27.2268
Model_1_goa_nr_2020.dat 6 2033 SSBMean 27.9457
Model_1_goa_nr_2020.dat 6 2020 F0 0 
Model_1_goa_nr_2020.dat 6 2020 Fabc 0.0610274
Model_1_goa_nr_2020.dat 6 2020 Fofl 0.073276
Model_1_goa_nr_2020.dat 6 2020  F_LCI 0.0254399
Model_1_goa_nr_2020.dat 6 2020  F_UCI 0.0254399
Model_1_goa_nr_2020.dat 6 2020  F_Median 0.0254399
Model_1_goa_nr_2020.dat 6 2020  F_Mean 0.0254399
Model_1_goa_nr_2020.dat 6 2021 F0 0 
Model_1_goa_nr_2020.dat 6 2021 Fabc 0.0610274
Model_1_goa_nr_2020.dat 6 2021 Fofl 0.073276
Model_1_goa_nr_2020.dat 6 2021  F_LCI 0.0732759
Model_1_goa_nr_2020.dat 6 2021  F_UCI 0.0732759
Model_1_goa_nr_2020.dat 6 2021  F_Median 0.0732759
Model_1_goa_nr_2020.dat 6 2021  F_Mean 0.0732759
Model_1_goa_nr_2020.dat 6 2022 F0 0 
Model_1_goa_nr_2020.dat 6 2022 Fabc 0.0610274
Model_1_goa_nr_2020.dat 6 2022 Fofl 0.073276
Model_1_goa_nr_2020.dat 6 2022  F_LCI 0.073276
Model_1_goa_nr_2020.dat 6 2022  F_UCI 0.073276
Model_1_goa_nr_2020.dat 6 2022  F_Median 0.073276
Model_1_goa_nr_2020.dat 6 2022  F_Mean 0.073276
Model_1_goa_nr_2020.dat 6 2023 F0 0 
Model_1_goa_nr_2020.dat 6 2023 Fabc 0.0610274
Model_1_goa_nr_2020.dat 6 2023 Fofl 0.073276
Model_1_goa_nr_2020.dat 6 2023  F_LCI 0.073276
Model_1_goa_nr_2020.dat 6 2023  F_UCI 0.073276
Model_1_goa_nr_2020.dat 6 2023  F_Median 0.073276
Model_1_goa_nr_2020.dat 6 2023  F_Mean 0.073276
Model_1_goa_nr_2020.dat 6 2024 F0 0 
Model_1_goa_nr_2020.dat 6 2024 Fabc 0.0610274
Model_1_goa_nr_2020.dat 6 2024 Fofl 0.073276
Model_1_goa_nr_2020.dat 6 2024  F_LCI 0.0697184
Model_1_goa_nr_2020.dat 6 2024  F_UCI 0.0699806
Model_1_goa_nr_2020.dat 6 2024  F_Median 0.0697865
Model_1_goa_nr_2020.dat 6 2024  F_Mean 0.0698112
Model_1_goa_nr_2020.dat 6 2025 F0 0 
Model_1_goa_nr_2020.dat 6 2025 Fabc 0.0610274
Model_1_goa_nr_2020.dat 6 2025 Fofl 0.073276
Model_1_goa_nr_2020.dat 6 2025  F_LCI 0.0645146
Model_1_goa_nr_2020.dat 6 2025  F_UCI 0.0651573
Model_1_goa_nr_2020.dat 6 2025  F_Median 0.0646824
Model_1_goa_nr_2020.dat 6 2025  F_Mean 0.0647441
Model_1_goa_nr_2020.dat 6 2026 F0 0 
Model_1_goa_nr_2020.dat 6 2026 Fabc 0.0610274
Model_1_goa_nr_2020.dat 6 2026 Fofl 0.073276
Model_1_goa_nr_2020.dat 6 2026  F_LCI 0.0604269
Model_1_goa_nr_2020.dat 6 2026  F_UCI 0.0618666
Model_1_goa_nr_2020.dat 6 2026  F_Median 0.0608036
Model_1_goa_nr_2020.dat 6 2026  F_Mean 0.0609496
Model_1_goa_nr_2020.dat 6 2027 F0 0 
Model_1_goa_nr_2020.dat 6 2027 Fabc 0.0610274
Model_1_goa_nr_2020.dat 6 2027 Fofl 0.073276
Model_1_goa_nr_2020.dat 6 2027  F_LCI 0.0572134
Model_1_goa_nr_2020.dat 6 2027  F_UCI 0.0601711
Model_1_goa_nr_2020.dat 6 2027  F_Median 0.0580187
Model_1_goa_nr_2020.dat 6 2027  F_Mean 0.0583013
Model_1_goa_nr_2020.dat 6 2028 F0 0 
Model_1_goa_nr_2020.dat 6 2028 Fabc 0.0610274
Model_1_goa_nr_2020.dat 6 2028 Fofl 0.073276
Model_1_goa_nr_2020.dat 6 2028  F_LCI 0.0546659
Model_1_goa_nr_2020.dat 6 2028  F_UCI 0.0601051
Model_1_goa_nr_2020.dat 6 2028  F_Median 0.0562307
Model_1_goa_nr_2020.dat 6 2028  F_Mean 0.056722
Model_1_goa_nr_2020.dat 6 2029 F0 0 
Model_1_goa_nr_2020.dat 6 2029 Fabc 0.0610274
Model_1_goa_nr_2020.dat 6 2029 Fofl 0.073276
Model_1_goa_nr_2020.dat 6 2029  F_LCI 0.0526557
Model_1_goa_nr_2020.dat 6 2029  F_UCI 0.0615528
Model_1_goa_nr_2020.dat 6 2029  F_Median 0.055325
Model_1_goa_nr_2020.dat 6 2029  F_Mean 0.0561226
Model_1_goa_nr_2020.dat 6 2030 F0 0 
Model_1_goa_nr_2020.dat 6 2030 Fabc 0.0610274
Model_1_goa_nr_2020.dat 6 2030 Fofl 0.073276
Model_1_goa_nr_2020.dat 6 2030  F_LCI 0.0511845
Model_1_goa_nr_2020.dat 6 2030  F_UCI 0.0647377
Model_1_goa_nr_2020.dat 6 2030  F_Median 0.0552845
Model_1_goa_nr_2020.dat 6 2030  F_Mean 0.0563277
Model_1_goa_nr_2020.dat 6 2031 F0 0 
Model_1_goa_nr_2020.dat 6 2031 Fabc 0.0610274
Model_1_goa_nr_2020.dat 6 2031 Fofl 0.073276
Model_1_goa_nr_2020.dat 6 2031  F_LCI 0.0501243
Model_1_goa_nr_2020.dat 6 2031  F_UCI 0.0677459
Model_1_goa_nr_2020.dat 6 2031  F_Median 0.0558483
Model_1_goa_nr_2020.dat 6 2031  F_Mean 0.0570829
Model_1_goa_nr_2020.dat 6 2032 F0 0 
Model_1_goa_nr_2020.dat 6 2032 Fabc 0.0610274
Model_1_goa_nr_2020.dat 6 2032 Fofl 0.073276
Model_1_goa_nr_2020.dat 6 2032  F_LCI 0.0493709
Model_1_goa_nr_2020.dat 6 2032  F_UCI 0.0713689
Model_1_goa_nr_2020.dat 6 2032  F_Median 0.0568625
Model_1_goa_nr_2020.dat 6 2032  F_Mean 0.0581236
Model_1_goa_nr_2020.dat 6 2033 F0 0 
Model_1_goa_nr_2020.dat 6 2033 Fabc 0.0610274
Model_1_goa_nr_2020.dat 6 2033 Fofl 0.073276
Model_1_goa_nr_2020.dat 6 2033  F_LCI 0.0492514
Model_1_goa_nr_2020.dat 6 2033  F_UCI 0.073276
Model_1_goa_nr_2020.dat 6 2033  F_Median 0.0580328
Model_1_goa_nr_2020.dat 6 2033  F_Mean 0.0592529
Model_1_goa_nr_2020.dat 7 2020 Cabc 4.93127
Model_1_goa_nr_2020.dat 7 2020 Cofl 5.27286
Model_1_goa_nr_2020.dat 7 2020 CLCI 2.38492
Model_1_goa_nr_2020.dat 7 2020 CUCI 2.38492
Model_1_goa_nr_2020.dat 7 2020 CMedian 2.38492
Model_1_goa_nr_2020.dat 7 2020 CMean 2.38492
Model_1_goa_nr_2020.dat 7 2021 Cabc 4.93127
Model_1_goa_nr_2020.dat 7 2021 Cofl 5.27286
Model_1_goa_nr_2020.dat 7 2021 CLCI 5.37014
Model_1_goa_nr_2020.dat 7 2021 CUCI 5.37015
Model_1_goa_nr_2020.dat 7 2021 CMedian 5.37014
Model_1_goa_nr_2020.dat 7 2021 CMean 5.37014
Model_1_goa_nr_2020.dat 7 2022 Cabc 4.93127
Model_1_goa_nr_2020.dat 7 2022 Cofl 5.27286
Model_1_goa_nr_2020.dat 7 2022 CLCI 4.98299
Model_1_goa_nr_2020.dat 7 2022 CUCI 4.98304
Model_1_goa_nr_2020.dat 7 2022 CMedian 4.983
Model_1_goa_nr_2020.dat 7 2022 CMean 4.983
Model_1_goa_nr_2020.dat 7 2023 Cabc 4.93127
Model_1_goa_nr_2020.dat 7 2023 Cofl 5.27286
Model_1_goa_nr_2020.dat 7 2023 CLCI 5.55849
Model_1_goa_nr_2020.dat 7 2023 CUCI 5.55907
Model_1_goa_nr_2020.dat 7 2023 CMedian 5.55862
Model_1_goa_nr_2020.dat 7 2023 CMean 5.55868
Model_1_goa_nr_2020.dat 7 2024 Cabc 4.93127
Model_1_goa_nr_2020.dat 7 2024 Cofl 5.27286
Model_1_goa_nr_2020.dat 7 2024 CLCI 5.04301
Model_1_goa_nr_2020.dat 7 2024 CUCI 5.06491
Model_1_goa_nr_2020.dat 7 2024 CMedian 5.0486
Model_1_goa_nr_2020.dat 7 2024 CMean 5.0507
Model_1_goa_nr_2020.dat 7 2025 Cabc 4.93127
Model_1_goa_nr_2020.dat 7 2025 Cofl 5.27286
Model_1_goa_nr_2020.dat 7 2025 CLCI 4.38316
Model_1_goa_nr_2020.dat 7 2025 CUCI 4.44729
Model_1_goa_nr_2020.dat 7 2025 CMedian 4.39933
Model_1_goa_nr_2020.dat 7 2025 CMean 4.40561
Model_1_goa_nr_2020.dat 7 2026 Cabc 4.93127
Model_1_goa_nr_2020.dat 7 2026 Cofl 5.27286
Model_1_goa_nr_2020.dat 7 2026 CLCI 3.89615
Model_1_goa_nr_2020.dat 7 2026 CUCI 4.09968
Model_1_goa_nr_2020.dat 7 2026 CMedian 3.94732
Model_1_goa_nr_2020.dat 7 2026 CMean 3.96743
Model_1_goa_nr_2020.dat 7 2027 Cabc 4.93127
Model_1_goa_nr_2020.dat 7 2027 Cofl 5.27286
Model_1_goa_nr_2020.dat 7 2027 CLCI 3.51248
Model_1_goa_nr_2020.dat 7 2027 CUCI 4.10285
Model_1_goa_nr_2020.dat 7 2027 CMedian 3.66257
Model_1_goa_nr_2020.dat 7 2027 CMean 3.7194
Model_1_goa_nr_2020.dat 7 2028 Cabc 4.93127
Model_1_goa_nr_2020.dat 7 2028 Cofl 5.27286
Model_1_goa_nr_2020.dat 7 2028 CLCI 3.20675
Model_1_goa_nr_2020.dat 7 2028 CUCI 4.38139
Model_1_goa_nr_2020.dat 7 2028 CMedian 3.50768
Model_1_goa_nr_2020.dat 7 2028 CMean 3.63714
Model_1_goa_nr_2020.dat 7 2029 Cabc 4.93127
Model_1_goa_nr_2020.dat 7 2029 Cofl 5.27286
Model_1_goa_nr_2020.dat 7 2029 CLCI 2.97937
Model_1_goa_nr_2020.dat 7 2029 CUCI 4.85208
Model_1_goa_nr_2020.dat 7 2029 CMedian 3.48486
Model_1_goa_nr_2020.dat 7 2029 CMean 3.66744
Model_1_goa_nr_2020.dat 7 2030 Cabc 4.93127
Model_1_goa_nr_2020.dat 7 2030 Cofl 5.27286
Model_1_goa_nr_2020.dat 7 2030 CLCI 2.84753
Model_1_goa_nr_2020.dat 7 2030 CUCI 5.29111
Model_1_goa_nr_2020.dat 7 2030 CMedian 3.53516
Model_1_goa_nr_2020.dat 7 2030 CMean 3.76725
Model_1_goa_nr_2020.dat 7 2031 Cabc 4.93127
Model_1_goa_nr_2020.dat 7 2031 Cofl 5.27286
Model_1_goa_nr_2020.dat 7 2031 CLCI 2.75363
Model_1_goa_nr_2020.dat 7 2031 CUCI 5.76025
Model_1_goa_nr_2020.dat 7 2031 CMedian 3.6481
Model_1_goa_nr_2020.dat 7 2031 CMean 3.90031
Model_1_goa_nr_2020.dat 7 2032 Cabc 4.93127
Model_1_goa_nr_2020.dat 7 2032 Cofl 5.27286
Model_1_goa_nr_2020.dat 7 2032 CLCI 2.70294
Model_1_goa_nr_2020.dat 7 2032 CUCI 6.15107
Model_1_goa_nr_2020.dat 7 2032 CMedian 3.80377
Model_1_goa_nr_2020.dat 7 2032 CMean 4.04525
Model_1_goa_nr_2020.dat 7 2033 Cabc 4.93127
Model_1_goa_nr_2020.dat 7 2033 Cofl 5.27286
Model_1_goa_nr_2020.dat 7 2033 CLCI 2.69002
Model_1_goa_nr_2020.dat 7 2033 CUCI 6.44155
Model_1_goa_nr_2020.dat 7 2033 CMedian 3.94997
Model_1_goa_nr_2020.dat 7 2033 CMean 4.19589
Model_1_goa_nr_2020.dat 7 2020 SSBF100 84.8317
Model_1_goa_nr_2020.dat 7 2020 SSBFabc 33.9327
Model_1_goa_nr_2020.dat 7 2020 SSBFofl 29.6911
Model_1_goa_nr_2020.dat 7 2020 SSBLCI 45.176
Model_1_goa_nr_2020.dat 7 2020 SSBUCI 45.176
Model_1_goa_nr_2020.dat 7 2020 SSBMedian 45.176
Model_1_goa_nr_2020.dat 7 2020 SSBMean 45.176
Model_1_goa_nr_2020.dat 7 2021 SSBF100 84.8317
Model_1_goa_nr_2020.dat 7 2021 SSBFabc 33.9327
Model_1_goa_nr_2020.dat 7 2021 SSBFofl 29.6911
Model_1_goa_nr_2020.dat 7 2021 SSBLCI 42.5148
Model_1_goa_nr_2020.dat 7 2021 SSBUCI 42.5171
Model_1_goa_nr_2020.dat 7 2021 SSBMedian 42.5153
Model_1_goa_nr_2020.dat 7 2021 SSBMean 42.5155
Model_1_goa_nr_2020.dat 7 2022 SSBF100 84.8317
Model_1_goa_nr_2020.dat 7 2022 SSBFabc 33.9327
Model_1_goa_nr_2020.dat 7 2022 SSBFofl 29.6911
Model_1_goa_nr_2020.dat 7 2022 SSBLCI 39.1609
Model_1_goa_nr_2020.dat 7 2022 SSBUCI 39.1729
Model_1_goa_nr_2020.dat 7 2022 SSBMedian 39.1637
Model_1_goa_nr_2020.dat 7 2022 SSBMean 39.1648
Model_1_goa_nr_2020.dat 7 2023 SSBF100 84.8317
Model_1_goa_nr_2020.dat 7 2023 SSBFabc 33.9327
Model_1_goa_nr_2020.dat 7 2023 SSBFofl 29.6911
Model_1_goa_nr_2020.dat 7 2023 SSBLCI 36.054
Model_1_goa_nr_2020.dat 7 2023 SSBUCI 36.095
Model_1_goa_nr_2020.dat 7 2023 SSBMedian 36.0644
Model_1_goa_nr_2020.dat 7 2023 SSBMean 36.0683
Model_1_goa_nr_2020.dat 7 2024 SSBF100 84.8317
Model_1_goa_nr_2020.dat 7 2024 SSBFabc 33.9327
Model_1_goa_nr_2020.dat 7 2024 SSBFofl 29.6911
Model_1_goa_nr_2020.dat 7 2024 SSBLCI 33.1164
Model_1_goa_nr_2020.dat 7 2024 SSBUCI 33.2317
Model_1_goa_nr_2020.dat 7 2024 SSBMedian 33.1464
Model_1_goa_nr_2020.dat 7 2024 SSBMean 33.1572
Model_1_goa_nr_2020.dat 7 2025 SSBF100 84.8317
Model_1_goa_nr_2020.dat 7 2025 SSBFabc 33.9327
Model_1_goa_nr_2020.dat 7 2025 SSBFofl 29.6911
Model_1_goa_nr_2020.dat 7 2025 SSBLCI 30.7048
Model_1_goa_nr_2020.dat 7 2025 SSBUCI 30.9873
Model_1_goa_nr_2020.dat 7 2025 SSBMedian 30.7785
Model_1_goa_nr_2020.dat 7 2025 SSBMean 30.8056
Model_1_goa_nr_2020.dat 7 2026 SSBF100 84.8317
Model_1_goa_nr_2020.dat 7 2026 SSBFabc 33.9327
Model_1_goa_nr_2020.dat 7 2026 SSBFofl 29.6911
Model_1_goa_nr_2020.dat 7 2026 SSBLCI 28.8061
Model_1_goa_nr_2020.dat 7 2026 SSBUCI 29.4387
Model_1_goa_nr_2020.dat 7 2026 SSBMedian 28.9717
Model_1_goa_nr_2020.dat 7 2026 SSBMean 29.0358
Model_1_goa_nr_2020.dat 7 2027 SSBF100 84.8317
Model_1_goa_nr_2020.dat 7 2027 SSBFabc 33.9327
Model_1_goa_nr_2020.dat 7 2027 SSBFofl 29.6911
Model_1_goa_nr_2020.dat 7 2027 SSBLCI 27.3085
Model_1_goa_nr_2020.dat 7 2027 SSBUCI 28.6078
Model_1_goa_nr_2020.dat 7 2027 SSBMedian 27.6622
Model_1_goa_nr_2020.dat 7 2027 SSBMean 27.7864
Model_1_goa_nr_2020.dat 7 2028 SSBF100 84.8317
Model_1_goa_nr_2020.dat 7 2028 SSBFabc 33.9327
Model_1_goa_nr_2020.dat 7 2028 SSBFofl 29.6911
Model_1_goa_nr_2020.dat 7 2028 SSBLCI 26.1169
Model_1_goa_nr_2020.dat 7 2028 SSBUCI 28.5049
Model_1_goa_nr_2020.dat 7 2028 SSBMedian 26.804
Model_1_goa_nr_2020.dat 7 2028 SSBMean 27.0199
Model_1_goa_nr_2020.dat 7 2029 SSBF100 84.8317
Model_1_goa_nr_2020.dat 7 2029 SSBFabc 33.9327
Model_1_goa_nr_2020.dat 7 2029 SSBFofl 29.6911
Model_1_goa_nr_2020.dat 7 2029 SSBLCI 25.1729
Model_1_goa_nr_2020.dat 7 2029 SSBUCI 29.0765
Model_1_goa_nr_2020.dat 7 2029 SSBMedian 26.3448
Model_1_goa_nr_2020.dat 7 2029 SSBMean 26.6977
Model_1_goa_nr_2020.dat 7 2030 SSBF100 84.8317
Model_1_goa_nr_2020.dat 7 2030 SSBFabc 33.9327
Model_1_goa_nr_2020.dat 7 2030 SSBFofl 29.6911
Model_1_goa_nr_2020.dat 7 2030 SSBLCI 24.4751
Model_1_goa_nr_2020.dat 7 2030 SSBUCI 30.4264
Model_1_goa_nr_2020.dat 7 2030 SSBMedian 26.2743
Model_1_goa_nr_2020.dat 7 2030 SSBMean 26.7515
Model_1_goa_nr_2020.dat 7 2031 SSBF100 84.8317
Model_1_goa_nr_2020.dat 7 2031 SSBFabc 33.9327
Model_1_goa_nr_2020.dat 7 2031 SSBFofl 29.6911
Model_1_goa_nr_2020.dat 7 2031 SSBLCI 23.9679
Model_1_goa_nr_2020.dat 7 2031 SSBUCI 31.6961
Model_1_goa_nr_2020.dat 7 2031 SSBMedian 26.4784
Model_1_goa_nr_2020.dat 7 2031 SSBMean 27.0761
Model_1_goa_nr_2020.dat 7 2032 SSBF100 84.8317
Model_1_goa_nr_2020.dat 7 2032 SSBFabc 33.9327
Model_1_goa_nr_2020.dat 7 2032 SSBFofl 29.6911
Model_1_goa_nr_2020.dat 7 2032 SSBLCI 23.596
Model_1_goa_nr_2020.dat 7 2032 SSBUCI 33.2451
Model_1_goa_nr_2020.dat 7 2032 SSBMedian 26.8857
Model_1_goa_nr_2020.dat 7 2032 SSBMean 27.5529
Model_1_goa_nr_2020.dat 7 2033 SSBF100 84.8317
Model_1_goa_nr_2020.dat 7 2033 SSBFabc 33.9327
Model_1_goa_nr_2020.dat 7 2033 SSBFofl 29.6911
Model_1_goa_nr_2020.dat 7 2033 SSBLCI 23.5163
Model_1_goa_nr_2020.dat 7 2033 SSBUCI 34.3667
Model_1_goa_nr_2020.dat 7 2033 SSBMedian 27.3641
Model_1_goa_nr_2020.dat 7 2033 SSBMean 28.0846
Model_1_goa_nr_2020.dat 7 2020 F0 0 
Model_1_goa_nr_2020.dat 7 2020 Fabc 0.0610274
Model_1_goa_nr_2020.dat 7 2020 Fofl 0.073276
Model_1_goa_nr_2020.dat 7 2020  F_LCI 0.0254399
Model_1_goa_nr_2020.dat 7 2020  F_UCI 0.0254399
Model_1_goa_nr_2020.dat 7 2020  F_Median 0.0254399
Model_1_goa_nr_2020.dat 7 2020  F_Mean 0.0254399
Model_1_goa_nr_2020.dat 7 2021 F0 0 
Model_1_goa_nr_2020.dat 7 2021 Fabc 0.0610274
Model_1_goa_nr_2020.dat 7 2021 Fofl 0.073276
Model_1_goa_nr_2020.dat 7 2021  F_LCI 0.0610274
Model_1_goa_nr_2020.dat 7 2021  F_UCI 0.0610274
Model_1_goa_nr_2020.dat 7 2021  F_Median 0.0610274
Model_1_goa_nr_2020.dat 7 2021  F_Mean 0.0610274
Model_1_goa_nr_2020.dat 7 2022 F0 0 
Model_1_goa_nr_2020.dat 7 2022 Fabc 0.0610274
Model_1_goa_nr_2020.dat 7 2022 Fofl 0.073276
Model_1_goa_nr_2020.dat 7 2022  F_LCI 0.0610274
Model_1_goa_nr_2020.dat 7 2022  F_UCI 0.0610274
Model_1_goa_nr_2020.dat 7 2022  F_Median 0.0610274
Model_1_goa_nr_2020.dat 7 2022  F_Mean 0.0610274
Model_1_goa_nr_2020.dat 7 2023 F0 0 
Model_1_goa_nr_2020.dat 7 2023 Fabc 0.0610274
Model_1_goa_nr_2020.dat 7 2023 Fofl 0.073276
Model_1_goa_nr_2020.dat 7 2023  F_LCI 0.073276
Model_1_goa_nr_2020.dat 7 2023  F_UCI 0.073276
Model_1_goa_nr_2020.dat 7 2023  F_Median 0.073276
Model_1_goa_nr_2020.dat 7 2023  F_Mean 0.073276
Model_1_goa_nr_2020.dat 7 2024 F0 0 
Model_1_goa_nr_2020.dat 7 2024 Fabc 0.0610274
Model_1_goa_nr_2020.dat 7 2024 Fofl 0.073276
Model_1_goa_nr_2020.dat 7 2024  F_LCI 0.0714207
Model_1_goa_nr_2020.dat 7 2024  F_UCI 0.0716828
Model_1_goa_nr_2020.dat 7 2024  F_Median 0.0714888
Model_1_goa_nr_2020.dat 7 2024  F_Mean 0.0715134
Model_1_goa_nr_2020.dat 7 2025 F0 0 
Model_1_goa_nr_2020.dat 7 2025 Fabc 0.0610274
Model_1_goa_nr_2020.dat 7 2025 Fofl 0.073276
Model_1_goa_nr_2020.dat 7 2025  F_LCI 0.0659387
Model_1_goa_nr_2020.dat 7 2025  F_UCI 0.0665808
Model_1_goa_nr_2020.dat 7 2025  F_Median 0.0661064
Model_1_goa_nr_2020.dat 7 2025  F_Mean 0.066168
Model_1_goa_nr_2020.dat 7 2026 F0 0 
Model_1_goa_nr_2020.dat 7 2026 Fabc 0.0610274
Model_1_goa_nr_2020.dat 7 2026 Fofl 0.073276
Model_1_goa_nr_2020.dat 7 2026  F_LCI 0.0616227
Model_1_goa_nr_2020.dat 7 2026  F_UCI 0.0630607
Model_1_goa_nr_2020.dat 7 2026  F_Median 0.0619991
Model_1_goa_nr_2020.dat 7 2026  F_Mean 0.0621448
Model_1_goa_nr_2020.dat 7 2027 F0 0 
Model_1_goa_nr_2020.dat 7 2027 Fabc 0.0610274
Model_1_goa_nr_2020.dat 7 2027 Fofl 0.073276
Model_1_goa_nr_2020.dat 7 2027  F_LCI 0.0582184
Model_1_goa_nr_2020.dat 7 2027  F_UCI 0.0611719
Model_1_goa_nr_2020.dat 7 2027  F_Median 0.0590226
Model_1_goa_nr_2020.dat 7 2027  F_Mean 0.0593048
Model_1_goa_nr_2020.dat 7 2028 F0 0 
Model_1_goa_nr_2020.dat 7 2028 Fabc 0.0610274
Model_1_goa_nr_2020.dat 7 2028 Fofl 0.073276
Model_1_goa_nr_2020.dat 7 2028  F_LCI 0.0555099
Model_1_goa_nr_2020.dat 7 2028  F_UCI 0.060938
Model_1_goa_nr_2020.dat 7 2028  F_Median 0.0570717
Model_1_goa_nr_2020.dat 7 2028  F_Mean 0.0575625
Model_1_goa_nr_2020.dat 7 2029 F0 0 
Model_1_goa_nr_2020.dat 7 2029 Fabc 0.0610274
Model_1_goa_nr_2020.dat 7 2029 Fofl 0.073276
Model_1_goa_nr_2020.dat 7 2029  F_LCI 0.053364
Model_1_goa_nr_2020.dat 7 2029  F_UCI 0.0622373
Model_1_goa_nr_2020.dat 7 2029  F_Median 0.0560278
Model_1_goa_nr_2020.dat 7 2029  F_Mean 0.0568213
Model_1_goa_nr_2020.dat 7 2030 F0 0 
Model_1_goa_nr_2020.dat 7 2030 Fabc 0.0610274
Model_1_goa_nr_2020.dat 7 2030 Fofl 0.073276
Model_1_goa_nr_2020.dat 7 2030  F_LCI 0.0517779
Model_1_goa_nr_2020.dat 7 2030  F_UCI 0.0653059
Model_1_goa_nr_2020.dat 7 2030  F_Median 0.0558677
Model_1_goa_nr_2020.dat 7 2030  F_Mean 0.0569044
Model_1_goa_nr_2020.dat 7 2031 F0 0 
Model_1_goa_nr_2020.dat 7 2031 Fabc 0.0610274
Model_1_goa_nr_2020.dat 7 2031 Fofl 0.073276
Model_1_goa_nr_2020.dat 7 2031  F_LCI 0.050625
Model_1_goa_nr_2020.dat 7 2031  F_UCI 0.0681921
Model_1_goa_nr_2020.dat 7 2031  F_Median 0.0563316
Model_1_goa_nr_2020.dat 7 2031  F_Mean 0.0575502
Model_1_goa_nr_2020.dat 7 2032 F0 0 
Model_1_goa_nr_2020.dat 7 2032 Fabc 0.0610274
Model_1_goa_nr_2020.dat 7 2032 Fofl 0.073276
Model_1_goa_nr_2020.dat 7 2032  F_LCI 0.0497795
Model_1_goa_nr_2020.dat 7 2032  F_UCI 0.0717131
Model_1_goa_nr_2020.dat 7 2032  F_Median 0.0572573
Model_1_goa_nr_2020.dat 7 2032  F_Mean 0.0584995
Model_1_goa_nr_2020.dat 7 2033 F0 0 
Model_1_goa_nr_2020.dat 7 2033 Fabc 0.0610274
Model_1_goa_nr_2020.dat 7 2033 Fofl 0.073276
Model_1_goa_nr_2020.dat 7 2033  F_LCI 0.0495983
Model_1_goa_nr_2020.dat 7 2033  F_UCI 0.073276
Model_1_goa_nr_2020.dat 7 2033  F_Median 0.0583448
Model_1_goa_nr_2020.dat 7 2033  F_Mean 0.0595518
