Model_1_goa_nr_2022.dat 1 2022 Cabc 4.75074
Model_1_goa_nr_2022.dat 1 2022 Cofl 5.07516
Model_1_goa_nr_2022.dat 1 2022 CLCI 2.00264
Model_1_goa_nr_2022.dat 1 2022 CUCI 2.00264
Model_1_goa_nr_2022.dat 1 2022 CMedian 2.00264
Model_1_goa_nr_2022.dat 1 2022 CMean 2.00264
Model_1_goa_nr_2022.dat 1 2023 Cabc 4.75074
Model_1_goa_nr_2022.dat 1 2023 Cofl 5.07516
Model_1_goa_nr_2022.dat 1 2023 CLCI 2.6534
Model_1_goa_nr_2022.dat 1 2023 CUCI 2.6534
Model_1_goa_nr_2022.dat 1 2023 CMedian 2.6534
Model_1_goa_nr_2022.dat 1 2023 CMean 2.6534
Model_1_goa_nr_2022.dat 1 2024 Cabc 4.75074
Model_1_goa_nr_2022.dat 1 2024 Cofl 5.07516
Model_1_goa_nr_2022.dat 1 2024 CLCI 2.46439
Model_1_goa_nr_2022.dat 1 2024 CUCI 2.46439
Model_1_goa_nr_2022.dat 1 2024 CMedian 2.46439
Model_1_goa_nr_2022.dat 1 2024 CMean 2.46439
Model_1_goa_nr_2022.dat 1 2025 Cabc 4.75074
Model_1_goa_nr_2022.dat 1 2025 Cofl 5.07516
Model_1_goa_nr_2022.dat 1 2025 CLCI 4.56006
Model_1_goa_nr_2022.dat 1 2025 CUCI 4.56057
Model_1_goa_nr_2022.dat 1 2025 CMedian 4.56017
Model_1_goa_nr_2022.dat 1 2025 CMean 4.56022
Model_1_goa_nr_2022.dat 1 2026 Cabc 4.75074
Model_1_goa_nr_2022.dat 1 2026 Cofl 5.07516
Model_1_goa_nr_2022.dat 1 2026 CLCI 4.28987
Model_1_goa_nr_2022.dat 1 2026 CUCI 4.295
Model_1_goa_nr_2022.dat 1 2026 CMedian 4.29237
Model_1_goa_nr_2022.dat 1 2026 CMean 4.29243
Model_1_goa_nr_2022.dat 1 2027 Cabc 4.75074
Model_1_goa_nr_2022.dat 1 2027 Cofl 5.07516
Model_1_goa_nr_2022.dat 1 2027 CLCI 3.80865
Model_1_goa_nr_2022.dat 1 2027 CUCI 3.86107
Model_1_goa_nr_2022.dat 1 2027 CMedian 3.82212
Model_1_goa_nr_2022.dat 1 2027 CMean 3.82721
Model_1_goa_nr_2022.dat 1 2028 Cabc 4.75074
Model_1_goa_nr_2022.dat 1 2028 Cofl 5.07516
Model_1_goa_nr_2022.dat 1 2028 CLCI 3.44862
Model_1_goa_nr_2022.dat 1 2028 CUCI 3.60814
Model_1_goa_nr_2022.dat 1 2028 CMedian 3.48884
Model_1_goa_nr_2022.dat 1 2028 CMean 3.50477
Model_1_goa_nr_2022.dat 1 2029 Cabc 4.75074
Model_1_goa_nr_2022.dat 1 2029 Cofl 5.07516
Model_1_goa_nr_2022.dat 1 2029 CLCI 3.15958
Model_1_goa_nr_2022.dat 1 2029 CUCI 3.62321
Model_1_goa_nr_2022.dat 1 2029 CMedian 3.27715
Model_1_goa_nr_2022.dat 1 2029 CMean 3.32076
Model_1_goa_nr_2022.dat 1 2030 Cabc 4.75074
Model_1_goa_nr_2022.dat 1 2030 Cofl 5.07516
Model_1_goa_nr_2022.dat 1 2030 CLCI 2.92193
Model_1_goa_nr_2022.dat 1 2030 CUCI 3.85945
Model_1_goa_nr_2022.dat 1 2030 CMedian 3.16641
Model_1_goa_nr_2022.dat 1 2030 CMean 3.26517
Model_1_goa_nr_2022.dat 1 2031 Cabc 4.75074
Model_1_goa_nr_2022.dat 1 2031 Cofl 5.07516
Model_1_goa_nr_2022.dat 1 2031 CLCI 2.73727
Model_1_goa_nr_2022.dat 1 2031 CUCI 4.28158
Model_1_goa_nr_2022.dat 1 2031 CMedian 3.15213
Model_1_goa_nr_2022.dat 1 2031 CMean 3.3004
Model_1_goa_nr_2022.dat 1 2032 Cabc 4.75074
Model_1_goa_nr_2022.dat 1 2032 Cofl 5.07516
Model_1_goa_nr_2022.dat 1 2032 CLCI 2.62993
Model_1_goa_nr_2022.dat 1 2032 CUCI 4.71165
Model_1_goa_nr_2022.dat 1 2032 CMedian 3.20194
Model_1_goa_nr_2022.dat 1 2032 CMean 3.39211
Model_1_goa_nr_2022.dat 1 2033 Cabc 4.75074
Model_1_goa_nr_2022.dat 1 2033 Cofl 5.07516
Model_1_goa_nr_2022.dat 1 2033 CLCI 2.54684
Model_1_goa_nr_2022.dat 1 2033 CUCI 5.094
Model_1_goa_nr_2022.dat 1 2033 CMedian 3.30981
Model_1_goa_nr_2022.dat 1 2033 CMean 3.50942
Model_1_goa_nr_2022.dat 1 2034 Cabc 4.75074
Model_1_goa_nr_2022.dat 1 2034 Cofl 5.07516
Model_1_goa_nr_2022.dat 1 2034 CLCI 2.50273
Model_1_goa_nr_2022.dat 1 2034 CUCI 5.34905
Model_1_goa_nr_2022.dat 1 2034 CMedian 3.4509
Model_1_goa_nr_2022.dat 1 2034 CMean 3.63525
Model_1_goa_nr_2022.dat 1 2035 Cabc 4.75074
Model_1_goa_nr_2022.dat 1 2035 Cofl 5.07516
Model_1_goa_nr_2022.dat 1 2035 CLCI 2.48842
Model_1_goa_nr_2022.dat 1 2035 CUCI 5.46651
Model_1_goa_nr_2022.dat 1 2035 CMedian 3.5908
Model_1_goa_nr_2022.dat 1 2035 CMean 3.76214
Model_1_goa_nr_2022.dat 1 2022 SSBF100 82.3497
Model_1_goa_nr_2022.dat 1 2022 SSBFabc 32.9399
Model_1_goa_nr_2022.dat 1 2022 SSBFofl 28.8224
Model_1_goa_nr_2022.dat 1 2022 SSBLCI 41.3992
Model_1_goa_nr_2022.dat 1 2022 SSBUCI 41.3992
Model_1_goa_nr_2022.dat 1 2022 SSBMedian 41.3992
Model_1_goa_nr_2022.dat 1 2022 SSBMean 41.3992
Model_1_goa_nr_2022.dat 1 2023 SSBF100 82.3497
Model_1_goa_nr_2022.dat 1 2023 SSBFabc 32.9399
Model_1_goa_nr_2022.dat 1 2023 SSBFofl 28.8224
Model_1_goa_nr_2022.dat 1 2023 SSBLCI 39.4445
Model_1_goa_nr_2022.dat 1 2023 SSBUCI 39.447
Model_1_goa_nr_2022.dat 1 2023 SSBMedian 39.4451
Model_1_goa_nr_2022.dat 1 2023 SSBMean 39.4453
Model_1_goa_nr_2022.dat 1 2024 SSBF100 82.3497
Model_1_goa_nr_2022.dat 1 2024 SSBFabc 32.9399
Model_1_goa_nr_2022.dat 1 2024 SSBFofl 28.8224
Model_1_goa_nr_2022.dat 1 2024 SSBLCI 37.4657
Model_1_goa_nr_2022.dat 1 2024 SSBUCI 37.4774
Model_1_goa_nr_2022.dat 1 2024 SSBMedian 37.4685
Model_1_goa_nr_2022.dat 1 2024 SSBMean 37.4696
Model_1_goa_nr_2022.dat 1 2025 SSBF100 82.3497
Model_1_goa_nr_2022.dat 1 2025 SSBFabc 32.9399
Model_1_goa_nr_2022.dat 1 2025 SSBFofl 28.8224
Model_1_goa_nr_2022.dat 1 2025 SSBLCI 35.3845
Model_1_goa_nr_2022.dat 1 2025 SSBUCI 35.4238
Model_1_goa_nr_2022.dat 1 2025 SSBMedian 35.3945
Model_1_goa_nr_2022.dat 1 2025 SSBMean 35.3982
Model_1_goa_nr_2022.dat 1 2026 SSBF100 82.3497
Model_1_goa_nr_2022.dat 1 2026 SSBFabc 32.9399
Model_1_goa_nr_2022.dat 1 2026 SSBFofl 28.8224
Model_1_goa_nr_2022.dat 1 2026 SSBLCI 32.927
Model_1_goa_nr_2022.dat 1 2026 SSBUCI 33.0392
Model_1_goa_nr_2022.dat 1 2026 SSBMedian 32.9559
Model_1_goa_nr_2022.dat 1 2026 SSBMean 32.9662
Model_1_goa_nr_2022.dat 1 2027 SSBF100 82.3497
Model_1_goa_nr_2022.dat 1 2027 SSBFabc 32.9399
Model_1_goa_nr_2022.dat 1 2027 SSBFofl 28.8224
Model_1_goa_nr_2022.dat 1 2027 SSBLCI 30.8627
Model_1_goa_nr_2022.dat 1 2027 SSBUCI 31.1322
Model_1_goa_nr_2022.dat 1 2027 SSBMedian 30.9332
Model_1_goa_nr_2022.dat 1 2027 SSBMean 30.9597
Model_1_goa_nr_2022.dat 1 2028 SSBF100 82.3497
Model_1_goa_nr_2022.dat 1 2028 SSBFabc 32.9399
Model_1_goa_nr_2022.dat 1 2028 SSBFofl 28.8224
Model_1_goa_nr_2022.dat 1 2028 SSBLCI 29.2215
Model_1_goa_nr_2022.dat 1 2028 SSBUCI 29.8228
Model_1_goa_nr_2022.dat 1 2028 SSBMedian 29.3784
Model_1_goa_nr_2022.dat 1 2028 SSBMean 29.4397
Model_1_goa_nr_2022.dat 1 2029 SSBF100 82.3497
Model_1_goa_nr_2022.dat 1 2029 SSBFabc 32.9399
Model_1_goa_nr_2022.dat 1 2029 SSBFofl 28.8224
Model_1_goa_nr_2022.dat 1 2029 SSBLCI 27.9205
Model_1_goa_nr_2022.dat 1 2029 SSBUCI 29.1519
Model_1_goa_nr_2022.dat 1 2029 SSBMedian 28.2577
Model_1_goa_nr_2022.dat 1 2029 SSBMean 28.374
Model_1_goa_nr_2022.dat 1 2030 SSBF100 82.3497
Model_1_goa_nr_2022.dat 1 2030 SSBFabc 32.9399
Model_1_goa_nr_2022.dat 1 2030 SSBFofl 28.8224
Model_1_goa_nr_2022.dat 1 2030 SSBLCI 26.8806
Model_1_goa_nr_2022.dat 1 2030 SSBUCI 29.1538
Model_1_goa_nr_2022.dat 1 2030 SSBMedian 27.5308
Model_1_goa_nr_2022.dat 1 2030 SSBMean 27.7401
Model_1_goa_nr_2022.dat 1 2031 SSBF100 82.3497
Model_1_goa_nr_2022.dat 1 2031 SSBFabc 32.9399
Model_1_goa_nr_2022.dat 1 2031 SSBFofl 28.8224
Model_1_goa_nr_2022.dat 1 2031 SSBLCI 26.0532
Model_1_goa_nr_2022.dat 1 2031 SSBUCI 29.8318
Model_1_goa_nr_2022.dat 1 2031 SSBMedian 27.1701
Model_1_goa_nr_2022.dat 1 2031 SSBMean 27.508
Model_1_goa_nr_2022.dat 1 2032 SSBF100 82.3497
Model_1_goa_nr_2022.dat 1 2032 SSBFabc 32.9399
Model_1_goa_nr_2022.dat 1 2032 SSBFofl 28.8224
Model_1_goa_nr_2022.dat 1 2032 SSBLCI 25.4189
Model_1_goa_nr_2022.dat 1 2032 SSBUCI 31.1505
Model_1_goa_nr_2022.dat 1 2032 SSBMedian 27.156
Model_1_goa_nr_2022.dat 1 2032 SSBMean 27.6197
Model_1_goa_nr_2022.dat 1 2033 SSBF100 82.3497
Model_1_goa_nr_2022.dat 1 2033 SSBFabc 32.9399
Model_1_goa_nr_2022.dat 1 2033 SSBFofl 28.8224
Model_1_goa_nr_2022.dat 1 2033 SSBLCI 24.9294
Model_1_goa_nr_2022.dat 1 2033 SSBUCI 32.465
Model_1_goa_nr_2022.dat 1 2033 SSBMedian 27.3913
Model_1_goa_nr_2022.dat 1 2033 SSBMean 27.9826
Model_1_goa_nr_2022.dat 1 2034 SSBF100 82.3497
Model_1_goa_nr_2022.dat 1 2034 SSBFabc 32.9399
Model_1_goa_nr_2022.dat 1 2034 SSBFofl 28.8224
Model_1_goa_nr_2022.dat 1 2034 SSBLCI 24.5876
Model_1_goa_nr_2022.dat 1 2034 SSBUCI 34.1256
Model_1_goa_nr_2022.dat 1 2034 SSBMedian 27.8264
Model_1_goa_nr_2022.dat 1 2034 SSBMean 28.4911
Model_1_goa_nr_2022.dat 1 2035 SSBF100 82.3497
Model_1_goa_nr_2022.dat 1 2035 SSBFabc 32.9399
Model_1_goa_nr_2022.dat 1 2035 SSBFofl 28.8224
Model_1_goa_nr_2022.dat 1 2035 SSBLCI 24.487
Model_1_goa_nr_2022.dat 1 2035 SSBUCI 35.5425
Model_1_goa_nr_2022.dat 1 2035 SSBMedian 28.325
Model_1_goa_nr_2022.dat 1 2035 SSBMean 29.057
Model_1_goa_nr_2022.dat 1 2022 F0 0 
Model_1_goa_nr_2022.dat 1 2022 Fabc 0.0612999
Model_1_goa_nr_2022.dat 1 2022 Fofl 0.0736157
Model_1_goa_nr_2022.dat 1 2022  F_LCI 0.0233027
Model_1_goa_nr_2022.dat 1 2022  F_UCI 0.0233027
Model_1_goa_nr_2022.dat 1 2022  F_Median 0.0233027
Model_1_goa_nr_2022.dat 1 2022  F_Mean 0.0233027
Model_1_goa_nr_2022.dat 1 2023 F0 0 
Model_1_goa_nr_2022.dat 1 2023 Fabc 0.0612999
Model_1_goa_nr_2022.dat 1 2023 Fofl 0.0736157
Model_1_goa_nr_2022.dat 1 2023  F_LCI 0.0323069
Model_1_goa_nr_2022.dat 1 2023  F_UCI 0.0323069
Model_1_goa_nr_2022.dat 1 2023  F_Median 0.0323069
Model_1_goa_nr_2022.dat 1 2023  F_Mean 0.0323069
Model_1_goa_nr_2022.dat 1 2024 F0 0 
Model_1_goa_nr_2022.dat 1 2024 Fabc 0.0612999
Model_1_goa_nr_2022.dat 1 2024 Fofl 0.0736157
Model_1_goa_nr_2022.dat 1 2024  F_LCI 0.0314018
Model_1_goa_nr_2022.dat 1 2024  F_UCI 0.0314022
Model_1_goa_nr_2022.dat 1 2024  F_Median 0.0314021
Model_1_goa_nr_2022.dat 1 2024  F_Mean 0.0314021
Model_1_goa_nr_2022.dat 1 2025 F0 0 
Model_1_goa_nr_2022.dat 1 2025 Fabc 0.0612999
Model_1_goa_nr_2022.dat 1 2025 Fofl 0.0736157
Model_1_goa_nr_2022.dat 1 2025  F_LCI 0.0612999
Model_1_goa_nr_2022.dat 1 2025  F_UCI 0.0612999
Model_1_goa_nr_2022.dat 1 2025  F_Median 0.0612999
Model_1_goa_nr_2022.dat 1 2025  F_Mean 0.0612999
Model_1_goa_nr_2022.dat 1 2026 F0 0 
Model_1_goa_nr_2022.dat 1 2026 Fabc 0.0612999
Model_1_goa_nr_2022.dat 1 2026 Fofl 0.0736157
Model_1_goa_nr_2022.dat 1 2026  F_LCI 0.0612746
Model_1_goa_nr_2022.dat 1 2026  F_UCI 0.0612999
Model_1_goa_nr_2022.dat 1 2026  F_Median 0.0612999
Model_1_goa_nr_2022.dat 1 2026  F_Mean 0.0612958
Model_1_goa_nr_2022.dat 1 2027 F0 0 
Model_1_goa_nr_2022.dat 1 2027 Fabc 0.0612999
Model_1_goa_nr_2022.dat 1 2027 Fofl 0.0736157
Model_1_goa_nr_2022.dat 1 2027  F_LCI 0.0572308
Model_1_goa_nr_2022.dat 1 2027  F_UCI 0.0577587
Model_1_goa_nr_2022.dat 1 2027  F_Median 0.0573689
Model_1_goa_nr_2022.dat 1 2027  F_Mean 0.0574209
Model_1_goa_nr_2022.dat 1 2028 F0 0 
Model_1_goa_nr_2022.dat 1 2028 Fabc 0.0612999
Model_1_goa_nr_2022.dat 1 2028 Fofl 0.0736157
Model_1_goa_nr_2022.dat 1 2028  F_LCI 0.0540159
Model_1_goa_nr_2022.dat 1 2028  F_UCI 0.0551937
Model_1_goa_nr_2022.dat 1 2028  F_Median 0.0543231
Model_1_goa_nr_2022.dat 1 2028  F_Mean 0.0544432
Model_1_goa_nr_2022.dat 1 2029 F0 0 
Model_1_goa_nr_2022.dat 1 2029 Fabc 0.0612999
Model_1_goa_nr_2022.dat 1 2029 Fofl 0.0736157
Model_1_goa_nr_2022.dat 1 2029  F_LCI 0.0514672
Model_1_goa_nr_2022.dat 1 2029  F_UCI 0.0538796
Model_1_goa_nr_2022.dat 1 2029  F_Median 0.0521279
Model_1_goa_nr_2022.dat 1 2029  F_Mean 0.0523558
Model_1_goa_nr_2022.dat 1 2030 F0 0 
Model_1_goa_nr_2022.dat 1 2030 Fabc 0.0612999
Model_1_goa_nr_2022.dat 1 2030 Fofl 0.0736157
Model_1_goa_nr_2022.dat 1 2030  F_LCI 0.0494302
Model_1_goa_nr_2022.dat 1 2030  F_UCI 0.0538832
Model_1_goa_nr_2022.dat 1 2030  F_Median 0.0507039
Model_1_goa_nr_2022.dat 1 2030  F_Mean 0.0511135
Model_1_goa_nr_2022.dat 1 2031 F0 0 
Model_1_goa_nr_2022.dat 1 2031 Fabc 0.0612999
Model_1_goa_nr_2022.dat 1 2031 Fofl 0.0736157
Model_1_goa_nr_2022.dat 1 2031  F_LCI 0.0478095
Model_1_goa_nr_2022.dat 1 2031  F_UCI 0.0552113
Model_1_goa_nr_2022.dat 1 2031  F_Median 0.0499974
Model_1_goa_nr_2022.dat 1 2031  F_Mean 0.0506391
Model_1_goa_nr_2022.dat 1 2032 F0 0 
Model_1_goa_nr_2022.dat 1 2032 Fabc 0.0612999
Model_1_goa_nr_2022.dat 1 2032 Fofl 0.0736157
Model_1_goa_nr_2022.dat 1 2032  F_LCI 0.046567
Model_1_goa_nr_2022.dat 1 2032  F_UCI 0.0577946
Model_1_goa_nr_2022.dat 1 2032  F_Median 0.0499697
Model_1_goa_nr_2022.dat 1 2032  F_Mean 0.0507914
Model_1_goa_nr_2022.dat 1 2033 F0 0 
Model_1_goa_nr_2022.dat 1 2033 Fabc 0.0612999
Model_1_goa_nr_2022.dat 1 2033 Fofl 0.0736157
Model_1_goa_nr_2022.dat 1 2033  F_LCI 0.0456081
Model_1_goa_nr_2022.dat 1 2033  F_UCI 0.0603696
Model_1_goa_nr_2022.dat 1 2033  F_Median 0.0504307
Model_1_goa_nr_2022.dat 1 2033  F_Mean 0.0513467
Model_1_goa_nr_2022.dat 1 2034 F0 0 
Model_1_goa_nr_2022.dat 1 2034 Fabc 0.0612999
Model_1_goa_nr_2022.dat 1 2034 Fofl 0.0736157
Model_1_goa_nr_2022.dat 1 2034  F_LCI 0.0449384
Model_1_goa_nr_2022.dat 1 2034  F_UCI 0.0612999
Model_1_goa_nr_2022.dat 1 2034  F_Median 0.051283
Model_1_goa_nr_2022.dat 1 2034  F_Mean 0.0521174
Model_1_goa_nr_2022.dat 1 2035 F0 0 
Model_1_goa_nr_2022.dat 1 2035 Fabc 0.0612999
Model_1_goa_nr_2022.dat 1 2035 Fofl 0.0736157
Model_1_goa_nr_2022.dat 1 2035  F_LCI 0.0447415
Model_1_goa_nr_2022.dat 1 2035  F_UCI 0.0612999
Model_1_goa_nr_2022.dat 1 2035  F_Median 0.0522598
Model_1_goa_nr_2022.dat 1 2035  F_Mean 0.0529295
Model_1_goa_nr_2022.dat 2 2022 Cabc 4.75074
Model_1_goa_nr_2022.dat 2 2022 Cofl 5.07516
Model_1_goa_nr_2022.dat 2 2022 CLCI 2.00264
Model_1_goa_nr_2022.dat 2 2022 CUCI 2.00264
Model_1_goa_nr_2022.dat 2 2022 CMedian 2.00264
Model_1_goa_nr_2022.dat 2 2022 CMean 2.00264
Model_1_goa_nr_2022.dat 2 2023 Cabc 4.75074
Model_1_goa_nr_2022.dat 2 2023 Cofl 5.07516
Model_1_goa_nr_2022.dat 2 2023 CLCI 2.6534
Model_1_goa_nr_2022.dat 2 2023 CUCI 2.6534
Model_1_goa_nr_2022.dat 2 2023 CMedian 2.6534
Model_1_goa_nr_2022.dat 2 2023 CMean 2.6534
Model_1_goa_nr_2022.dat 2 2024 Cabc 4.75074
Model_1_goa_nr_2022.dat 2 2024 Cofl 5.07516
Model_1_goa_nr_2022.dat 2 2024 CLCI 2.46439
Model_1_goa_nr_2022.dat 2 2024 CUCI 2.46439
Model_1_goa_nr_2022.dat 2 2024 CMedian 2.46439
Model_1_goa_nr_2022.dat 2 2024 CMean 2.46439
Model_1_goa_nr_2022.dat 2 2025 Cabc 4.75074
Model_1_goa_nr_2022.dat 2 2025 Cofl 5.07516
Model_1_goa_nr_2022.dat 2 2025 CLCI 4.56006
Model_1_goa_nr_2022.dat 2 2025 CUCI 4.56057
Model_1_goa_nr_2022.dat 2 2025 CMedian 4.56017
Model_1_goa_nr_2022.dat 2 2025 CMean 4.56022
Model_1_goa_nr_2022.dat 2 2026 Cabc 4.75074
Model_1_goa_nr_2022.dat 2 2026 Cofl 5.07516
Model_1_goa_nr_2022.dat 2 2026 CLCI 4.28987
Model_1_goa_nr_2022.dat 2 2026 CUCI 4.295
Model_1_goa_nr_2022.dat 2 2026 CMedian 4.29237
Model_1_goa_nr_2022.dat 2 2026 CMean 4.29243
Model_1_goa_nr_2022.dat 2 2027 Cabc 4.75074
Model_1_goa_nr_2022.dat 2 2027 Cofl 5.07516
Model_1_goa_nr_2022.dat 2 2027 CLCI 3.80865
Model_1_goa_nr_2022.dat 2 2027 CUCI 3.86107
Model_1_goa_nr_2022.dat 2 2027 CMedian 3.82212
Model_1_goa_nr_2022.dat 2 2027 CMean 3.82721
Model_1_goa_nr_2022.dat 2 2028 Cabc 4.75074
Model_1_goa_nr_2022.dat 2 2028 Cofl 5.07516
Model_1_goa_nr_2022.dat 2 2028 CLCI 3.44862
Model_1_goa_nr_2022.dat 2 2028 CUCI 3.60814
Model_1_goa_nr_2022.dat 2 2028 CMedian 3.48884
Model_1_goa_nr_2022.dat 2 2028 CMean 3.50477
Model_1_goa_nr_2022.dat 2 2029 Cabc 4.75074
Model_1_goa_nr_2022.dat 2 2029 Cofl 5.07516
Model_1_goa_nr_2022.dat 2 2029 CLCI 3.15958
Model_1_goa_nr_2022.dat 2 2029 CUCI 3.62321
Model_1_goa_nr_2022.dat 2 2029 CMedian 3.27715
Model_1_goa_nr_2022.dat 2 2029 CMean 3.32076
Model_1_goa_nr_2022.dat 2 2030 Cabc 4.75074
Model_1_goa_nr_2022.dat 2 2030 Cofl 5.07516
Model_1_goa_nr_2022.dat 2 2030 CLCI 2.92193
Model_1_goa_nr_2022.dat 2 2030 CUCI 3.85945
Model_1_goa_nr_2022.dat 2 2030 CMedian 3.16641
Model_1_goa_nr_2022.dat 2 2030 CMean 3.26517
Model_1_goa_nr_2022.dat 2 2031 Cabc 4.75074
Model_1_goa_nr_2022.dat 2 2031 Cofl 5.07516
Model_1_goa_nr_2022.dat 2 2031 CLCI 2.73727
Model_1_goa_nr_2022.dat 2 2031 CUCI 4.28158
Model_1_goa_nr_2022.dat 2 2031 CMedian 3.15213
Model_1_goa_nr_2022.dat 2 2031 CMean 3.3004
Model_1_goa_nr_2022.dat 2 2032 Cabc 4.75074
Model_1_goa_nr_2022.dat 2 2032 Cofl 5.07516
Model_1_goa_nr_2022.dat 2 2032 CLCI 2.62993
Model_1_goa_nr_2022.dat 2 2032 CUCI 4.71165
Model_1_goa_nr_2022.dat 2 2032 CMedian 3.20194
Model_1_goa_nr_2022.dat 2 2032 CMean 3.39211
Model_1_goa_nr_2022.dat 2 2033 Cabc 4.75074
Model_1_goa_nr_2022.dat 2 2033 Cofl 5.07516
Model_1_goa_nr_2022.dat 2 2033 CLCI 2.54684
Model_1_goa_nr_2022.dat 2 2033 CUCI 5.094
Model_1_goa_nr_2022.dat 2 2033 CMedian 3.30981
Model_1_goa_nr_2022.dat 2 2033 CMean 3.50942
Model_1_goa_nr_2022.dat 2 2034 Cabc 4.75074
Model_1_goa_nr_2022.dat 2 2034 Cofl 5.07516
Model_1_goa_nr_2022.dat 2 2034 CLCI 2.50273
Model_1_goa_nr_2022.dat 2 2034 CUCI 5.34905
Model_1_goa_nr_2022.dat 2 2034 CMedian 3.4509
Model_1_goa_nr_2022.dat 2 2034 CMean 3.63525
Model_1_goa_nr_2022.dat 2 2035 Cabc 4.75074
Model_1_goa_nr_2022.dat 2 2035 Cofl 5.07516
Model_1_goa_nr_2022.dat 2 2035 CLCI 2.48842
Model_1_goa_nr_2022.dat 2 2035 CUCI 5.46651
Model_1_goa_nr_2022.dat 2 2035 CMedian 3.5908
Model_1_goa_nr_2022.dat 2 2035 CMean 3.76214
Model_1_goa_nr_2022.dat 2 2022 SSBF100 82.3497
Model_1_goa_nr_2022.dat 2 2022 SSBFabc 32.9399
Model_1_goa_nr_2022.dat 2 2022 SSBFofl 28.8224
Model_1_goa_nr_2022.dat 2 2022 SSBLCI 41.3992
Model_1_goa_nr_2022.dat 2 2022 SSBUCI 41.3992
Model_1_goa_nr_2022.dat 2 2022 SSBMedian 41.3992
Model_1_goa_nr_2022.dat 2 2022 SSBMean 41.3992
Model_1_goa_nr_2022.dat 2 2023 SSBF100 82.3497
Model_1_goa_nr_2022.dat 2 2023 SSBFabc 32.9399
Model_1_goa_nr_2022.dat 2 2023 SSBFofl 28.8224
Model_1_goa_nr_2022.dat 2 2023 SSBLCI 39.4445
Model_1_goa_nr_2022.dat 2 2023 SSBUCI 39.447
Model_1_goa_nr_2022.dat 2 2023 SSBMedian 39.4451
Model_1_goa_nr_2022.dat 2 2023 SSBMean 39.4453
Model_1_goa_nr_2022.dat 2 2024 SSBF100 82.3497
Model_1_goa_nr_2022.dat 2 2024 SSBFabc 32.9399
Model_1_goa_nr_2022.dat 2 2024 SSBFofl 28.8224
Model_1_goa_nr_2022.dat 2 2024 SSBLCI 37.4657
Model_1_goa_nr_2022.dat 2 2024 SSBUCI 37.4774
Model_1_goa_nr_2022.dat 2 2024 SSBMedian 37.4685
Model_1_goa_nr_2022.dat 2 2024 SSBMean 37.4696
Model_1_goa_nr_2022.dat 2 2025 SSBF100 82.3497
Model_1_goa_nr_2022.dat 2 2025 SSBFabc 32.9399
Model_1_goa_nr_2022.dat 2 2025 SSBFofl 28.8224
Model_1_goa_nr_2022.dat 2 2025 SSBLCI 35.3845
Model_1_goa_nr_2022.dat 2 2025 SSBUCI 35.4238
Model_1_goa_nr_2022.dat 2 2025 SSBMedian 35.3945
Model_1_goa_nr_2022.dat 2 2025 SSBMean 35.3982
Model_1_goa_nr_2022.dat 2 2026 SSBF100 82.3497
Model_1_goa_nr_2022.dat 2 2026 SSBFabc 32.9399
Model_1_goa_nr_2022.dat 2 2026 SSBFofl 28.8224
Model_1_goa_nr_2022.dat 2 2026 SSBLCI 32.927
Model_1_goa_nr_2022.dat 2 2026 SSBUCI 33.0392
Model_1_goa_nr_2022.dat 2 2026 SSBMedian 32.9559
Model_1_goa_nr_2022.dat 2 2026 SSBMean 32.9662
Model_1_goa_nr_2022.dat 2 2027 SSBF100 82.3497
Model_1_goa_nr_2022.dat 2 2027 SSBFabc 32.9399
Model_1_goa_nr_2022.dat 2 2027 SSBFofl 28.8224
Model_1_goa_nr_2022.dat 2 2027 SSBLCI 30.8627
Model_1_goa_nr_2022.dat 2 2027 SSBUCI 31.1322
Model_1_goa_nr_2022.dat 2 2027 SSBMedian 30.9332
Model_1_goa_nr_2022.dat 2 2027 SSBMean 30.9597
Model_1_goa_nr_2022.dat 2 2028 SSBF100 82.3497
Model_1_goa_nr_2022.dat 2 2028 SSBFabc 32.9399
Model_1_goa_nr_2022.dat 2 2028 SSBFofl 28.8224
Model_1_goa_nr_2022.dat 2 2028 SSBLCI 29.2215
Model_1_goa_nr_2022.dat 2 2028 SSBUCI 29.8228
Model_1_goa_nr_2022.dat 2 2028 SSBMedian 29.3784
Model_1_goa_nr_2022.dat 2 2028 SSBMean 29.4397
Model_1_goa_nr_2022.dat 2 2029 SSBF100 82.3497
Model_1_goa_nr_2022.dat 2 2029 SSBFabc 32.9399
Model_1_goa_nr_2022.dat 2 2029 SSBFofl 28.8224
Model_1_goa_nr_2022.dat 2 2029 SSBLCI 27.9205
Model_1_goa_nr_2022.dat 2 2029 SSBUCI 29.1519
Model_1_goa_nr_2022.dat 2 2029 SSBMedian 28.2577
Model_1_goa_nr_2022.dat 2 2029 SSBMean 28.374
Model_1_goa_nr_2022.dat 2 2030 SSBF100 82.3497
Model_1_goa_nr_2022.dat 2 2030 SSBFabc 32.9399
Model_1_goa_nr_2022.dat 2 2030 SSBFofl 28.8224
Model_1_goa_nr_2022.dat 2 2030 SSBLCI 26.8806
Model_1_goa_nr_2022.dat 2 2030 SSBUCI 29.1538
Model_1_goa_nr_2022.dat 2 2030 SSBMedian 27.5308
Model_1_goa_nr_2022.dat 2 2030 SSBMean 27.7401
Model_1_goa_nr_2022.dat 2 2031 SSBF100 82.3497
Model_1_goa_nr_2022.dat 2 2031 SSBFabc 32.9399
Model_1_goa_nr_2022.dat 2 2031 SSBFofl 28.8224
Model_1_goa_nr_2022.dat 2 2031 SSBLCI 26.0532
Model_1_goa_nr_2022.dat 2 2031 SSBUCI 29.8318
Model_1_goa_nr_2022.dat 2 2031 SSBMedian 27.1701
Model_1_goa_nr_2022.dat 2 2031 SSBMean 27.508
Model_1_goa_nr_2022.dat 2 2032 SSBF100 82.3497
Model_1_goa_nr_2022.dat 2 2032 SSBFabc 32.9399
Model_1_goa_nr_2022.dat 2 2032 SSBFofl 28.8224
Model_1_goa_nr_2022.dat 2 2032 SSBLCI 25.4189
Model_1_goa_nr_2022.dat 2 2032 SSBUCI 31.1505
Model_1_goa_nr_2022.dat 2 2032 SSBMedian 27.156
Model_1_goa_nr_2022.dat 2 2032 SSBMean 27.6197
Model_1_goa_nr_2022.dat 2 2033 SSBF100 82.3497
Model_1_goa_nr_2022.dat 2 2033 SSBFabc 32.9399
Model_1_goa_nr_2022.dat 2 2033 SSBFofl 28.8224
Model_1_goa_nr_2022.dat 2 2033 SSBLCI 24.9294
Model_1_goa_nr_2022.dat 2 2033 SSBUCI 32.465
Model_1_goa_nr_2022.dat 2 2033 SSBMedian 27.3913
Model_1_goa_nr_2022.dat 2 2033 SSBMean 27.9826
Model_1_goa_nr_2022.dat 2 2034 SSBF100 82.3497
Model_1_goa_nr_2022.dat 2 2034 SSBFabc 32.9399
Model_1_goa_nr_2022.dat 2 2034 SSBFofl 28.8224
Model_1_goa_nr_2022.dat 2 2034 SSBLCI 24.5876
Model_1_goa_nr_2022.dat 2 2034 SSBUCI 34.1256
Model_1_goa_nr_2022.dat 2 2034 SSBMedian 27.8264
Model_1_goa_nr_2022.dat 2 2034 SSBMean 28.4911
Model_1_goa_nr_2022.dat 2 2035 SSBF100 82.3497
Model_1_goa_nr_2022.dat 2 2035 SSBFabc 32.9399
Model_1_goa_nr_2022.dat 2 2035 SSBFofl 28.8224
Model_1_goa_nr_2022.dat 2 2035 SSBLCI 24.487
Model_1_goa_nr_2022.dat 2 2035 SSBUCI 35.5425
Model_1_goa_nr_2022.dat 2 2035 SSBMedian 28.325
Model_1_goa_nr_2022.dat 2 2035 SSBMean 29.057
Model_1_goa_nr_2022.dat 2 2022 F0 0 
Model_1_goa_nr_2022.dat 2 2022 Fabc 0.0612999
Model_1_goa_nr_2022.dat 2 2022 Fofl 0.0736157
Model_1_goa_nr_2022.dat 2 2022  F_LCI 0.0233027
Model_1_goa_nr_2022.dat 2 2022  F_UCI 0.0233027
Model_1_goa_nr_2022.dat 2 2022  F_Median 0.0233027
Model_1_goa_nr_2022.dat 2 2022  F_Mean 0.0233027
Model_1_goa_nr_2022.dat 2 2023 F0 0 
Model_1_goa_nr_2022.dat 2 2023 Fabc 0.0612999
Model_1_goa_nr_2022.dat 2 2023 Fofl 0.0736157
Model_1_goa_nr_2022.dat 2 2023  F_LCI 0.0323069
Model_1_goa_nr_2022.dat 2 2023  F_UCI 0.0323069
Model_1_goa_nr_2022.dat 2 2023  F_Median 0.0323069
Model_1_goa_nr_2022.dat 2 2023  F_Mean 0.0323069
Model_1_goa_nr_2022.dat 2 2024 F0 0 
Model_1_goa_nr_2022.dat 2 2024 Fabc 0.0612999
Model_1_goa_nr_2022.dat 2 2024 Fofl 0.0736157
Model_1_goa_nr_2022.dat 2 2024  F_LCI 0.0314018
Model_1_goa_nr_2022.dat 2 2024  F_UCI 0.0314022
Model_1_goa_nr_2022.dat 2 2024  F_Median 0.0314021
Model_1_goa_nr_2022.dat 2 2024  F_Mean 0.0314021
Model_1_goa_nr_2022.dat 2 2025 F0 0 
Model_1_goa_nr_2022.dat 2 2025 Fabc 0.0612999
Model_1_goa_nr_2022.dat 2 2025 Fofl 0.0736157
Model_1_goa_nr_2022.dat 2 2025  F_LCI 0.0612999
Model_1_goa_nr_2022.dat 2 2025  F_UCI 0.0612999
Model_1_goa_nr_2022.dat 2 2025  F_Median 0.0612999
Model_1_goa_nr_2022.dat 2 2025  F_Mean 0.0612999
Model_1_goa_nr_2022.dat 2 2026 F0 0 
Model_1_goa_nr_2022.dat 2 2026 Fabc 0.0612999
Model_1_goa_nr_2022.dat 2 2026 Fofl 0.0736157
Model_1_goa_nr_2022.dat 2 2026  F_LCI 0.0612746
Model_1_goa_nr_2022.dat 2 2026  F_UCI 0.0612999
Model_1_goa_nr_2022.dat 2 2026  F_Median 0.0612999
Model_1_goa_nr_2022.dat 2 2026  F_Mean 0.0612958
Model_1_goa_nr_2022.dat 2 2027 F0 0 
Model_1_goa_nr_2022.dat 2 2027 Fabc 0.0612999
Model_1_goa_nr_2022.dat 2 2027 Fofl 0.0736157
Model_1_goa_nr_2022.dat 2 2027  F_LCI 0.0572308
Model_1_goa_nr_2022.dat 2 2027  F_UCI 0.0577587
Model_1_goa_nr_2022.dat 2 2027  F_Median 0.0573689
Model_1_goa_nr_2022.dat 2 2027  F_Mean 0.0574209
Model_1_goa_nr_2022.dat 2 2028 F0 0 
Model_1_goa_nr_2022.dat 2 2028 Fabc 0.0612999
Model_1_goa_nr_2022.dat 2 2028 Fofl 0.0736157
Model_1_goa_nr_2022.dat 2 2028  F_LCI 0.0540159
Model_1_goa_nr_2022.dat 2 2028  F_UCI 0.0551937
Model_1_goa_nr_2022.dat 2 2028  F_Median 0.0543231
Model_1_goa_nr_2022.dat 2 2028  F_Mean 0.0544432
Model_1_goa_nr_2022.dat 2 2029 F0 0 
Model_1_goa_nr_2022.dat 2 2029 Fabc 0.0612999
Model_1_goa_nr_2022.dat 2 2029 Fofl 0.0736157
Model_1_goa_nr_2022.dat 2 2029  F_LCI 0.0514672
Model_1_goa_nr_2022.dat 2 2029  F_UCI 0.0538796
Model_1_goa_nr_2022.dat 2 2029  F_Median 0.0521279
Model_1_goa_nr_2022.dat 2 2029  F_Mean 0.0523558
Model_1_goa_nr_2022.dat 2 2030 F0 0 
Model_1_goa_nr_2022.dat 2 2030 Fabc 0.0612999
Model_1_goa_nr_2022.dat 2 2030 Fofl 0.0736157
Model_1_goa_nr_2022.dat 2 2030  F_LCI 0.0494302
Model_1_goa_nr_2022.dat 2 2030  F_UCI 0.0538832
Model_1_goa_nr_2022.dat 2 2030  F_Median 0.0507039
Model_1_goa_nr_2022.dat 2 2030  F_Mean 0.0511135
Model_1_goa_nr_2022.dat 2 2031 F0 0 
Model_1_goa_nr_2022.dat 2 2031 Fabc 0.0612999
Model_1_goa_nr_2022.dat 2 2031 Fofl 0.0736157
Model_1_goa_nr_2022.dat 2 2031  F_LCI 0.0478095
Model_1_goa_nr_2022.dat 2 2031  F_UCI 0.0552113
Model_1_goa_nr_2022.dat 2 2031  F_Median 0.0499974
Model_1_goa_nr_2022.dat 2 2031  F_Mean 0.0506391
Model_1_goa_nr_2022.dat 2 2032 F0 0 
Model_1_goa_nr_2022.dat 2 2032 Fabc 0.0612999
Model_1_goa_nr_2022.dat 2 2032 Fofl 0.0736157
Model_1_goa_nr_2022.dat 2 2032  F_LCI 0.046567
Model_1_goa_nr_2022.dat 2 2032  F_UCI 0.0577946
Model_1_goa_nr_2022.dat 2 2032  F_Median 0.0499697
Model_1_goa_nr_2022.dat 2 2032  F_Mean 0.0507914
Model_1_goa_nr_2022.dat 2 2033 F0 0 
Model_1_goa_nr_2022.dat 2 2033 Fabc 0.0612999
Model_1_goa_nr_2022.dat 2 2033 Fofl 0.0736157
Model_1_goa_nr_2022.dat 2 2033  F_LCI 0.0456081
Model_1_goa_nr_2022.dat 2 2033  F_UCI 0.0603696
Model_1_goa_nr_2022.dat 2 2033  F_Median 0.0504307
Model_1_goa_nr_2022.dat 2 2033  F_Mean 0.0513467
Model_1_goa_nr_2022.dat 2 2034 F0 0 
Model_1_goa_nr_2022.dat 2 2034 Fabc 0.0612999
Model_1_goa_nr_2022.dat 2 2034 Fofl 0.0736157
Model_1_goa_nr_2022.dat 2 2034  F_LCI 0.0449384
Model_1_goa_nr_2022.dat 2 2034  F_UCI 0.0612999
Model_1_goa_nr_2022.dat 2 2034  F_Median 0.051283
Model_1_goa_nr_2022.dat 2 2034  F_Mean 0.0521174
Model_1_goa_nr_2022.dat 2 2035 F0 0 
Model_1_goa_nr_2022.dat 2 2035 Fabc 0.0612999
Model_1_goa_nr_2022.dat 2 2035 Fofl 0.0736157
Model_1_goa_nr_2022.dat 2 2035  F_LCI 0.0447415
Model_1_goa_nr_2022.dat 2 2035  F_UCI 0.0612999
Model_1_goa_nr_2022.dat 2 2035  F_Median 0.0522598
Model_1_goa_nr_2022.dat 2 2035  F_Mean 0.0529295
Model_1_goa_nr_2022.dat 3 2022 Cabc 4.75074
Model_1_goa_nr_2022.dat 3 2022 Cofl 5.07516
Model_1_goa_nr_2022.dat 3 2022 CLCI 2.00264
Model_1_goa_nr_2022.dat 3 2022 CUCI 2.00264
Model_1_goa_nr_2022.dat 3 2022 CMedian 2.00264
Model_1_goa_nr_2022.dat 3 2022 CMean 2.00264
Model_1_goa_nr_2022.dat 3 2023 Cabc 4.75074
Model_1_goa_nr_2022.dat 3 2023 Cofl 5.07516
Model_1_goa_nr_2022.dat 3 2023 CLCI 2.6534
Model_1_goa_nr_2022.dat 3 2023 CUCI 2.6534
Model_1_goa_nr_2022.dat 3 2023 CMedian 2.6534
Model_1_goa_nr_2022.dat 3 2023 CMean 2.6534
Model_1_goa_nr_2022.dat 3 2024 Cabc 4.75074
Model_1_goa_nr_2022.dat 3 2024 Cofl 5.07516
Model_1_goa_nr_2022.dat 3 2024 CLCI 2.46439
Model_1_goa_nr_2022.dat 3 2024 CUCI 2.46439
Model_1_goa_nr_2022.dat 3 2024 CMedian 2.46439
Model_1_goa_nr_2022.dat 3 2024 CMean 2.46439
Model_1_goa_nr_2022.dat 3 2025 Cabc 4.75074
Model_1_goa_nr_2022.dat 3 2025 Cofl 5.07516
Model_1_goa_nr_2022.dat 3 2025 CLCI 2.3139
Model_1_goa_nr_2022.dat 3 2025 CUCI 2.31415
Model_1_goa_nr_2022.dat 3 2025 CMedian 2.31395
Model_1_goa_nr_2022.dat 3 2025 CMean 2.31398
Model_1_goa_nr_2022.dat 3 2026 Cabc 4.75074
Model_1_goa_nr_2022.dat 3 2026 Cofl 5.07516
Model_1_goa_nr_2022.dat 3 2026 CLCI 2.24213
Model_1_goa_nr_2022.dat 3 2026 CUCI 2.24383
Model_1_goa_nr_2022.dat 3 2026 CMedian 2.24252
Model_1_goa_nr_2022.dat 3 2026 CMean 2.24269
Model_1_goa_nr_2022.dat 3 2027 Cabc 4.75074
Model_1_goa_nr_2022.dat 3 2027 Cofl 5.07516
Model_1_goa_nr_2022.dat 3 2027 CLCI 2.17102
Model_1_goa_nr_2022.dat 3 2027 CUCI 2.19714
Model_1_goa_nr_2022.dat 3 2027 CMedian 2.17839
Model_1_goa_nr_2022.dat 3 2027 CMean 2.18051
Model_1_goa_nr_2022.dat 3 2028 Cabc 4.75074
Model_1_goa_nr_2022.dat 3 2028 Cofl 5.07516
Model_1_goa_nr_2022.dat 3 2028 CLCI 2.06101
Model_1_goa_nr_2022.dat 3 2028 CUCI 2.14974
Model_1_goa_nr_2022.dat 3 2028 CMedian 2.0835
Model_1_goa_nr_2022.dat 3 2028 CMean 2.09221
Model_1_goa_nr_2022.dat 3 2029 Cabc 4.75074
Model_1_goa_nr_2022.dat 3 2029 Cofl 5.07516
Model_1_goa_nr_2022.dat 3 2029 CLCI 1.96754
Model_1_goa_nr_2022.dat 3 2029 CUCI 2.23088
Model_1_goa_nr_2022.dat 3 2029 CMedian 2.0344
Model_1_goa_nr_2022.dat 3 2029 CMean 2.0586
Model_1_goa_nr_2022.dat 3 2030 Cabc 4.75074
Model_1_goa_nr_2022.dat 3 2030 Cofl 5.07516
Model_1_goa_nr_2022.dat 3 2030 CLCI 1.88588
Model_1_goa_nr_2022.dat 3 2030 CUCI 2.43154
Model_1_goa_nr_2022.dat 3 2030 CMedian 2.02849
Model_1_goa_nr_2022.dat 3 2030 CMean 2.0822
Model_1_goa_nr_2022.dat 3 2031 Cabc 4.75074
Model_1_goa_nr_2022.dat 3 2031 Cofl 5.07516
Model_1_goa_nr_2022.dat 3 2031 CLCI 1.82073
Model_1_goa_nr_2022.dat 3 2031 CUCI 2.66224
Model_1_goa_nr_2022.dat 3 2031 CMedian 2.06785
Model_1_goa_nr_2022.dat 3 2031 CMean 2.14434
Model_1_goa_nr_2022.dat 3 2032 Cabc 4.75074
Model_1_goa_nr_2022.dat 3 2032 Cofl 5.07516
Model_1_goa_nr_2022.dat 3 2032 CLCI 1.79025
Model_1_goa_nr_2022.dat 3 2032 CUCI 2.81485
Model_1_goa_nr_2022.dat 3 2032 CMedian 2.14257
Model_1_goa_nr_2022.dat 3 2032 CMean 2.2248
Model_1_goa_nr_2022.dat 3 2033 Cabc 4.75074
Model_1_goa_nr_2022.dat 3 2033 Cofl 5.07516
Model_1_goa_nr_2022.dat 3 2033 CLCI 1.76776
Model_1_goa_nr_2022.dat 3 2033 CUCI 2.97271
Model_1_goa_nr_2022.dat 3 2033 CMedian 2.25208
Model_1_goa_nr_2022.dat 3 2033 CMean 2.3072
Model_1_goa_nr_2022.dat 3 2034 Cabc 4.75074
Model_1_goa_nr_2022.dat 3 2034 Cofl 5.07516
Model_1_goa_nr_2022.dat 3 2034 CLCI 1.76389
Model_1_goa_nr_2022.dat 3 2034 CUCI 3.1327
Model_1_goa_nr_2022.dat 3 2034 CMedian 2.36175
Model_1_goa_nr_2022.dat 3 2034 CMean 2.38641
Model_1_goa_nr_2022.dat 3 2035 Cabc 4.75074
Model_1_goa_nr_2022.dat 3 2035 Cofl 5.07516
Model_1_goa_nr_2022.dat 3 2035 CLCI 1.78528
Model_1_goa_nr_2022.dat 3 2035 CUCI 3.23491
Model_1_goa_nr_2022.dat 3 2035 CMedian 2.44695
Model_1_goa_nr_2022.dat 3 2035 CMean 2.46474
Model_1_goa_nr_2022.dat 3 2022 SSBF100 82.3497
Model_1_goa_nr_2022.dat 3 2022 SSBFabc 32.9399
Model_1_goa_nr_2022.dat 3 2022 SSBFofl 28.8224
Model_1_goa_nr_2022.dat 3 2022 SSBLCI 41.3992
Model_1_goa_nr_2022.dat 3 2022 SSBUCI 41.3992
Model_1_goa_nr_2022.dat 3 2022 SSBMedian 41.3992
Model_1_goa_nr_2022.dat 3 2022 SSBMean 41.3992
Model_1_goa_nr_2022.dat 3 2023 SSBF100 82.3497
Model_1_goa_nr_2022.dat 3 2023 SSBFabc 32.9399
Model_1_goa_nr_2022.dat 3 2023 SSBFofl 28.8224
Model_1_goa_nr_2022.dat 3 2023 SSBLCI 39.4445
Model_1_goa_nr_2022.dat 3 2023 SSBUCI 39.447
Model_1_goa_nr_2022.dat 3 2023 SSBMedian 39.4451
Model_1_goa_nr_2022.dat 3 2023 SSBMean 39.4453
Model_1_goa_nr_2022.dat 3 2024 SSBF100 82.3497
Model_1_goa_nr_2022.dat 3 2024 SSBFabc 32.9399
Model_1_goa_nr_2022.dat 3 2024 SSBFofl 28.8224
Model_1_goa_nr_2022.dat 3 2024 SSBLCI 37.4657
Model_1_goa_nr_2022.dat 3 2024 SSBUCI 37.4774
Model_1_goa_nr_2022.dat 3 2024 SSBMedian 37.4685
Model_1_goa_nr_2022.dat 3 2024 SSBMean 37.4696
Model_1_goa_nr_2022.dat 3 2025 SSBF100 82.3497
Model_1_goa_nr_2022.dat 3 2025 SSBFabc 32.9399
Model_1_goa_nr_2022.dat 3 2025 SSBFofl 28.8224
Model_1_goa_nr_2022.dat 3 2025 SSBLCI 35.7437
Model_1_goa_nr_2022.dat 3 2025 SSBUCI 35.783
Model_1_goa_nr_2022.dat 3 2025 SSBMedian 35.7537
Model_1_goa_nr_2022.dat 3 2025 SSBMean 35.7574
Model_1_goa_nr_2022.dat 3 2026 SSBF100 82.3497
Model_1_goa_nr_2022.dat 3 2026 SSBFabc 32.9399
Model_1_goa_nr_2022.dat 3 2026 SSBFofl 28.8224
Model_1_goa_nr_2022.dat 3 2026 SSBLCI 34.2717
Model_1_goa_nr_2022.dat 3 2026 SSBUCI 34.3843
Model_1_goa_nr_2022.dat 3 2026 SSBMedian 34.3009
Model_1_goa_nr_2022.dat 3 2026 SSBMean 34.3112
Model_1_goa_nr_2022.dat 3 2027 SSBF100 82.3497
Model_1_goa_nr_2022.dat 3 2027 SSBFabc 32.9399
Model_1_goa_nr_2022.dat 3 2027 SSBFofl 28.8224
Model_1_goa_nr_2022.dat 3 2027 SSBLCI 33.0356
Model_1_goa_nr_2022.dat 3 2027 SSBUCI 33.3089
Model_1_goa_nr_2022.dat 3 2027 SSBMedian 33.1075
Model_1_goa_nr_2022.dat 3 2027 SSBMean 33.1343
Model_1_goa_nr_2022.dat 3 2028 SSBF100 82.3497
Model_1_goa_nr_2022.dat 3 2028 SSBFabc 32.9399
Model_1_goa_nr_2022.dat 3 2028 SSBFofl 28.8224
Model_1_goa_nr_2022.dat 3 2028 SSBLCI 32.035
Model_1_goa_nr_2022.dat 3 2028 SSBUCI 32.6518
Model_1_goa_nr_2022.dat 3 2028 SSBMedian 32.1959
Model_1_goa_nr_2022.dat 3 2028 SSBMean 32.2587
Model_1_goa_nr_2022.dat 3 2029 SSBF100 82.3497
Model_1_goa_nr_2022.dat 3 2029 SSBFabc 32.9399
Model_1_goa_nr_2022.dat 3 2029 SSBFofl 28.8224
Model_1_goa_nr_2022.dat 3 2029 SSBLCI 31.2507
Model_1_goa_nr_2022.dat 3 2029 SSBUCI 32.5231
Model_1_goa_nr_2022.dat 3 2029 SSBMedian 31.5984
Model_1_goa_nr_2022.dat 3 2029 SSBMean 31.7187
Model_1_goa_nr_2022.dat 3 2030 SSBF100 82.3497
Model_1_goa_nr_2022.dat 3 2030 SSBFabc 32.9399
Model_1_goa_nr_2022.dat 3 2030 SSBFofl 28.8224
Model_1_goa_nr_2022.dat 3 2030 SSBLCI 30.6318
Model_1_goa_nr_2022.dat 3 2030 SSBUCI 33.0081
Model_1_goa_nr_2022.dat 3 2030 SSBMedian 31.3034
Model_1_goa_nr_2022.dat 3 2030 SSBMean 31.5278
Model_1_goa_nr_2022.dat 3 2031 SSBF100 82.3497
Model_1_goa_nr_2022.dat 3 2031 SSBFabc 32.9399
Model_1_goa_nr_2022.dat 3 2031 SSBFofl 28.8224
Model_1_goa_nr_2022.dat 3 2031 SSBLCI 30.1476
Model_1_goa_nr_2022.dat 3 2031 SSBUCI 34.1477
Model_1_goa_nr_2022.dat 3 2031 SSBMedian 31.3281
Model_1_goa_nr_2022.dat 3 2031 SSBMean 31.6885
Model_1_goa_nr_2022.dat 3 2032 SSBF100 82.3497
Model_1_goa_nr_2022.dat 3 2032 SSBFabc 32.9399
Model_1_goa_nr_2022.dat 3 2032 SSBFofl 28.8224
Model_1_goa_nr_2022.dat 3 2032 SSBLCI 29.7871
Model_1_goa_nr_2022.dat 3 2032 SSBUCI 35.9736
Model_1_goa_nr_2022.dat 3 2032 SSBMedian 31.6479
Model_1_goa_nr_2022.dat 3 2032 SSBMean 32.1727
Model_1_goa_nr_2022.dat 3 2033 SSBF100 82.3497
Model_1_goa_nr_2022.dat 3 2033 SSBFabc 32.9399
Model_1_goa_nr_2022.dat 3 2033 SSBFofl 28.8224
Model_1_goa_nr_2022.dat 3 2033 SSBLCI 29.5225
Model_1_goa_nr_2022.dat 3 2033 SSBUCI 38.1746
Model_1_goa_nr_2022.dat 3 2033 SSBMedian 32.2018
Model_1_goa_nr_2022.dat 3 2033 SSBMean 32.911
Model_1_goa_nr_2022.dat 3 2034 SSBF100 82.3497
Model_1_goa_nr_2022.dat 3 2034 SSBFabc 32.9399
Model_1_goa_nr_2022.dat 3 2034 SSBFofl 28.8224
Model_1_goa_nr_2022.dat 3 2034 SSBLCI 29.3767
Model_1_goa_nr_2022.dat 3 2034 SSBUCI 40.4831
Model_1_goa_nr_2022.dat 3 2034 SSBMedian 32.9716
Model_1_goa_nr_2022.dat 3 2034 SSBMean 33.8105
Model_1_goa_nr_2022.dat 3 2035 SSBF100 82.3497
Model_1_goa_nr_2022.dat 3 2035 SSBFabc 32.9399
Model_1_goa_nr_2022.dat 3 2035 SSBFofl 28.8224
Model_1_goa_nr_2022.dat 3 2035 SSBLCI 29.4104
Model_1_goa_nr_2022.dat 3 2035 SSBUCI 42.9141
Model_1_goa_nr_2022.dat 3 2035 SSBMedian 33.8613
Model_1_goa_nr_2022.dat 3 2035 SSBMean 34.7856
Model_1_goa_nr_2022.dat 3 2022 F0 0 
Model_1_goa_nr_2022.dat 3 2022 Fabc 0.0612999
Model_1_goa_nr_2022.dat 3 2022 Fofl 0.0736157
Model_1_goa_nr_2022.dat 3 2022  F_LCI 0.0233027
Model_1_goa_nr_2022.dat 3 2022  F_UCI 0.0233027
Model_1_goa_nr_2022.dat 3 2022  F_Median 0.0233027
Model_1_goa_nr_2022.dat 3 2022  F_Mean 0.0233027
Model_1_goa_nr_2022.dat 3 2023 F0 0 
Model_1_goa_nr_2022.dat 3 2023 Fabc 0.0612999
Model_1_goa_nr_2022.dat 3 2023 Fofl 0.0736157
Model_1_goa_nr_2022.dat 3 2023  F_LCI 0.0323069
Model_1_goa_nr_2022.dat 3 2023  F_UCI 0.0323069
Model_1_goa_nr_2022.dat 3 2023  F_Median 0.0323069
Model_1_goa_nr_2022.dat 3 2023  F_Mean 0.0323069
Model_1_goa_nr_2022.dat 3 2024 F0 0 
Model_1_goa_nr_2022.dat 3 2024 Fabc 0.0612999
Model_1_goa_nr_2022.dat 3 2024 Fofl 0.0736157
Model_1_goa_nr_2022.dat 3 2024  F_LCI 0.0314018
Model_1_goa_nr_2022.dat 3 2024  F_UCI 0.0314022
Model_1_goa_nr_2022.dat 3 2024  F_Median 0.0314021
Model_1_goa_nr_2022.dat 3 2024  F_Mean 0.0314021
Model_1_goa_nr_2022.dat 3 2025 F0 0 
Model_1_goa_nr_2022.dat 3 2025 Fabc 0.0612999
Model_1_goa_nr_2022.dat 3 2025 Fofl 0.0736157
Model_1_goa_nr_2022.dat 3 2025  F_LCI 0.0306499
Model_1_goa_nr_2022.dat 3 2025  F_UCI 0.0306499
Model_1_goa_nr_2022.dat 3 2025  F_Median 0.0306499
Model_1_goa_nr_2022.dat 3 2025  F_Mean 0.0306499
Model_1_goa_nr_2022.dat 3 2026 F0 0 
Model_1_goa_nr_2022.dat 3 2026 Fabc 0.0612999
Model_1_goa_nr_2022.dat 3 2026 Fofl 0.0736157
Model_1_goa_nr_2022.dat 3 2026  F_LCI 0.0306499
Model_1_goa_nr_2022.dat 3 2026  F_UCI 0.0306499
Model_1_goa_nr_2022.dat 3 2026  F_Median 0.0306499
Model_1_goa_nr_2022.dat 3 2026  F_Mean 0.0306499
Model_1_goa_nr_2022.dat 3 2027 F0 0 
Model_1_goa_nr_2022.dat 3 2027 Fabc 0.0612999
Model_1_goa_nr_2022.dat 3 2027 Fofl 0.0736157
Model_1_goa_nr_2022.dat 3 2027  F_LCI 0.0304217
Model_1_goa_nr_2022.dat 3 2027  F_UCI 0.0306499
Model_1_goa_nr_2022.dat 3 2027  F_Median 0.0304914
Model_1_goa_nr_2022.dat 3 2027  F_Mean 0.0305088
Model_1_goa_nr_2022.dat 3 2028 F0 0 
Model_1_goa_nr_2022.dat 3 2028 Fabc 0.0612999
Model_1_goa_nr_2022.dat 3 2028 Fofl 0.0736157
Model_1_goa_nr_2022.dat 3 2028  F_LCI 0.0294613
Model_1_goa_nr_2022.dat 3 2028  F_UCI 0.0300586
Model_1_goa_nr_2022.dat 3 2028  F_Median 0.0296171
Model_1_goa_nr_2022.dat 3 2028  F_Mean 0.0296765
Model_1_goa_nr_2022.dat 3 2029 F0 0 
Model_1_goa_nr_2022.dat 3 2029 Fabc 0.0612999
Model_1_goa_nr_2022.dat 3 2029 Fofl 0.0736157
Model_1_goa_nr_2022.dat 3 2029  F_LCI 0.028708
Model_1_goa_nr_2022.dat 3 2029  F_UCI 0.0299383
Model_1_goa_nr_2022.dat 3 2029  F_Median 0.0290443
Model_1_goa_nr_2022.dat 3 2029  F_Mean 0.0291534
Model_1_goa_nr_2022.dat 3 2030 F0 0 
Model_1_goa_nr_2022.dat 3 2030 Fabc 0.0612999
Model_1_goa_nr_2022.dat 3 2030 Fofl 0.0736157
Model_1_goa_nr_2022.dat 3 2030  F_LCI 0.0281129
Model_1_goa_nr_2022.dat 3 2030  F_UCI 0.0304018
Model_1_goa_nr_2022.dat 3 2030  F_Median 0.0287627
Model_1_goa_nr_2022.dat 3 2030  F_Mean 0.0289393
Model_1_goa_nr_2022.dat 3 2031 F0 0 
Model_1_goa_nr_2022.dat 3 2031 Fabc 0.0612999
Model_1_goa_nr_2022.dat 3 2031 Fofl 0.0736157
Model_1_goa_nr_2022.dat 3 2031  F_LCI 0.0276482
Model_1_goa_nr_2022.dat 3 2031  F_UCI 0.0306499
Model_1_goa_nr_2022.dat 3 2031  F_Median 0.0287861
Model_1_goa_nr_2022.dat 3 2031  F_Mean 0.0289773
Model_1_goa_nr_2022.dat 3 2032 F0 0 
Model_1_goa_nr_2022.dat 3 2032 Fabc 0.0612999
Model_1_goa_nr_2022.dat 3 2032 Fofl 0.0736157
Model_1_goa_nr_2022.dat 3 2032  F_LCI 0.0273024
Model_1_goa_nr_2022.dat 3 2032  F_UCI 0.0306499
Model_1_goa_nr_2022.dat 3 2032  F_Median 0.0290932
Model_1_goa_nr_2022.dat 3 2032  F_Mean 0.0291635
Model_1_goa_nr_2022.dat 3 2033 F0 0 
Model_1_goa_nr_2022.dat 3 2033 Fabc 0.0612999
Model_1_goa_nr_2022.dat 3 2033 Fofl 0.0736157
Model_1_goa_nr_2022.dat 3 2033  F_LCI 0.0270475
Model_1_goa_nr_2022.dat 3 2033  F_UCI 0.0306499
Model_1_goa_nr_2022.dat 3 2033  F_Median 0.0296238
Model_1_goa_nr_2022.dat 3 2033  F_Mean 0.0293836
Model_1_goa_nr_2022.dat 3 2034 F0 0 
Model_1_goa_nr_2022.dat 3 2034 Fabc 0.0612999
Model_1_goa_nr_2022.dat 3 2034 Fofl 0.0736157
Model_1_goa_nr_2022.dat 3 2034  F_LCI 0.02691
Model_1_goa_nr_2022.dat 3 2034  F_UCI 0.0306499
Model_1_goa_nr_2022.dat 3 2034  F_Median 0.0303612
Model_1_goa_nr_2022.dat 3 2034  F_Mean 0.0295986
Model_1_goa_nr_2022.dat 3 2035 F0 0 
Model_1_goa_nr_2022.dat 3 2035 Fabc 0.0612999
Model_1_goa_nr_2022.dat 3 2035 Fofl 0.0736157
Model_1_goa_nr_2022.dat 3 2035  F_LCI 0.026943
Model_1_goa_nr_2022.dat 3 2035  F_UCI 0.0306499
Model_1_goa_nr_2022.dat 3 2035  F_Median 0.0306499
Model_1_goa_nr_2022.dat 3 2035  F_Mean 0.0297994
Model_1_goa_nr_2022.dat 4 2022 Cabc 4.75074
Model_1_goa_nr_2022.dat 4 2022 Cofl 5.07516
Model_1_goa_nr_2022.dat 4 2022 CLCI 2.00264
Model_1_goa_nr_2022.dat 4 2022 CUCI 2.00264
Model_1_goa_nr_2022.dat 4 2022 CMedian 2.00264
Model_1_goa_nr_2022.dat 4 2022 CMean 2.00264
Model_1_goa_nr_2022.dat 4 2023 Cabc 4.75074
Model_1_goa_nr_2022.dat 4 2023 Cofl 5.07516
Model_1_goa_nr_2022.dat 4 2023 CLCI 2.6534
Model_1_goa_nr_2022.dat 4 2023 CUCI 2.6534
Model_1_goa_nr_2022.dat 4 2023 CMedian 2.6534
Model_1_goa_nr_2022.dat 4 2023 CMean 2.6534
Model_1_goa_nr_2022.dat 4 2024 Cabc 4.75074
Model_1_goa_nr_2022.dat 4 2024 Cofl 5.07516
Model_1_goa_nr_2022.dat 4 2024 CLCI 2.46439
Model_1_goa_nr_2022.dat 4 2024 CUCI 2.46439
Model_1_goa_nr_2022.dat 4 2024 CMedian 2.46439
Model_1_goa_nr_2022.dat 4 2024 CMean 2.46439
Model_1_goa_nr_2022.dat 4 2025 Cabc 4.75074
Model_1_goa_nr_2022.dat 4 2025 Cofl 5.07516
Model_1_goa_nr_2022.dat 4 2025 CLCI 1.87238
Model_1_goa_nr_2022.dat 4 2025 CUCI 1.87259
Model_1_goa_nr_2022.dat 4 2025 CMedian 1.87243
Model_1_goa_nr_2022.dat 4 2025 CMean 1.87245
Model_1_goa_nr_2022.dat 4 2026 Cabc 4.75074
Model_1_goa_nr_2022.dat 4 2026 Cofl 5.07516
Model_1_goa_nr_2022.dat 4 2026 CLCI 1.82457
Model_1_goa_nr_2022.dat 4 2026 CUCI 1.82594
Model_1_goa_nr_2022.dat 4 2026 CMedian 1.82488
Model_1_goa_nr_2022.dat 4 2026 CMean 1.82502
Model_1_goa_nr_2022.dat 4 2027 Cabc 4.75074
Model_1_goa_nr_2022.dat 4 2027 Cofl 5.07516
Model_1_goa_nr_2022.dat 4 2027 CLCI 1.78941
Model_1_goa_nr_2022.dat 4 2027 CUCI 1.7975
Model_1_goa_nr_2022.dat 4 2027 CMedian 1.79131
Model_1_goa_nr_2022.dat 4 2027 CMean 1.79209
Model_1_goa_nr_2022.dat 4 2028 Cabc 4.75074
Model_1_goa_nr_2022.dat 4 2028 Cofl 5.07516
Model_1_goa_nr_2022.dat 4 2028 CLCI 1.76185
Model_1_goa_nr_2022.dat 4 2028 CUCI 1.8028
Model_1_goa_nr_2022.dat 4 2028 CMedian 1.77153
Model_1_goa_nr_2022.dat 4 2028 CMean 1.77555
Model_1_goa_nr_2022.dat 4 2029 Cabc 4.75074
Model_1_goa_nr_2022.dat 4 2029 Cofl 5.07516
Model_1_goa_nr_2022.dat 4 2029 CLCI 1.73196
Model_1_goa_nr_2022.dat 4 2029 CUCI 1.88134
Model_1_goa_nr_2022.dat 4 2029 CMedian 1.76941
Model_1_goa_nr_2022.dat 4 2029 CMean 1.78361
Model_1_goa_nr_2022.dat 4 2030 Cabc 4.75074
Model_1_goa_nr_2022.dat 4 2030 Cofl 5.07516
Model_1_goa_nr_2022.dat 4 2030 CLCI 1.69887
Model_1_goa_nr_2022.dat 4 2030 CUCI 2.03234
Model_1_goa_nr_2022.dat 4 2030 CMedian 1.7862
Model_1_goa_nr_2022.dat 4 2030 CMean 1.81983
Model_1_goa_nr_2022.dat 4 2031 Cabc 4.75074
Model_1_goa_nr_2022.dat 4 2031 Cofl 5.07516
Model_1_goa_nr_2022.dat 4 2031 CLCI 1.67436
Model_1_goa_nr_2022.dat 4 2031 CUCI 2.20432
Model_1_goa_nr_2022.dat 4 2031 CMedian 1.82531
Model_1_goa_nr_2022.dat 4 2031 CMean 1.87261
Model_1_goa_nr_2022.dat 4 2032 Cabc 4.75074
Model_1_goa_nr_2022.dat 4 2032 Cofl 5.07516
Model_1_goa_nr_2022.dat 4 2032 CLCI 1.66745
Model_1_goa_nr_2022.dat 4 2032 CUCI 2.33858
Model_1_goa_nr_2022.dat 4 2032 CMedian 1.87541
Model_1_goa_nr_2022.dat 4 2032 CMean 1.93184
Model_1_goa_nr_2022.dat 4 2033 Cabc 4.75074
Model_1_goa_nr_2022.dat 4 2033 Cofl 5.07516
Model_1_goa_nr_2022.dat 4 2033 CLCI 1.665
Model_1_goa_nr_2022.dat 4 2033 CUCI 2.47243
Model_1_goa_nr_2022.dat 4 2033 CMedian 1.93402
Model_1_goa_nr_2022.dat 4 2033 CMean 1.99119
Model_1_goa_nr_2022.dat 4 2034 Cabc 4.75074
Model_1_goa_nr_2022.dat 4 2034 Cofl 5.07516
Model_1_goa_nr_2022.dat 4 2034 CLCI 1.66262
Model_1_goa_nr_2022.dat 4 2034 CUCI 2.59973
Model_1_goa_nr_2022.dat 4 2034 CMedian 1.99257
Model_1_goa_nr_2022.dat 4 2034 CMean 2.04873
Model_1_goa_nr_2022.dat 4 2035 Cabc 4.75074
Model_1_goa_nr_2022.dat 4 2035 Cofl 5.07516
Model_1_goa_nr_2022.dat 4 2035 CLCI 1.67816
Model_1_goa_nr_2022.dat 4 2035 CUCI 2.70243
Model_1_goa_nr_2022.dat 4 2035 CMedian 2.0526
Model_1_goa_nr_2022.dat 4 2035 CMean 2.10669
Model_1_goa_nr_2022.dat 4 2022 SSBF100 82.3497
Model_1_goa_nr_2022.dat 4 2022 SSBFabc 32.9399
Model_1_goa_nr_2022.dat 4 2022 SSBFofl 28.8224
Model_1_goa_nr_2022.dat 4 2022 SSBLCI 41.3992
Model_1_goa_nr_2022.dat 4 2022 SSBUCI 41.3992
Model_1_goa_nr_2022.dat 4 2022 SSBMedian 41.3992
Model_1_goa_nr_2022.dat 4 2022 SSBMean 41.3992
Model_1_goa_nr_2022.dat 4 2023 SSBF100 82.3497
Model_1_goa_nr_2022.dat 4 2023 SSBFabc 32.9399
Model_1_goa_nr_2022.dat 4 2023 SSBFofl 28.8224
Model_1_goa_nr_2022.dat 4 2023 SSBLCI 39.4445
Model_1_goa_nr_2022.dat 4 2023 SSBUCI 39.447
Model_1_goa_nr_2022.dat 4 2023 SSBMedian 39.4451
Model_1_goa_nr_2022.dat 4 2023 SSBMean 39.4453
Model_1_goa_nr_2022.dat 4 2024 SSBF100 82.3497
Model_1_goa_nr_2022.dat 4 2024 SSBFabc 32.9399
Model_1_goa_nr_2022.dat 4 2024 SSBFofl 28.8224
Model_1_goa_nr_2022.dat 4 2024 SSBLCI 37.4657
Model_1_goa_nr_2022.dat 4 2024 SSBUCI 37.4774
Model_1_goa_nr_2022.dat 4 2024 SSBMedian 37.4685
Model_1_goa_nr_2022.dat 4 2024 SSBMean 37.4696
Model_1_goa_nr_2022.dat 4 2025 SSBF100 82.3497
Model_1_goa_nr_2022.dat 4 2025 SSBFabc 32.9399
Model_1_goa_nr_2022.dat 4 2025 SSBFofl 28.8224
Model_1_goa_nr_2022.dat 4 2025 SSBLCI 35.8134
Model_1_goa_nr_2022.dat 4 2025 SSBUCI 35.8528
Model_1_goa_nr_2022.dat 4 2025 SSBMedian 35.8235
Model_1_goa_nr_2022.dat 4 2025 SSBMean 35.8272
Model_1_goa_nr_2022.dat 4 2026 SSBF100 82.3497
Model_1_goa_nr_2022.dat 4 2026 SSBFabc 32.9399
Model_1_goa_nr_2022.dat 4 2026 SSBFofl 28.8224
Model_1_goa_nr_2022.dat 4 2026 SSBLCI 34.5378
Model_1_goa_nr_2022.dat 4 2026 SSBUCI 34.6504
Model_1_goa_nr_2022.dat 4 2026 SSBMedian 34.567
Model_1_goa_nr_2022.dat 4 2026 SSBMean 34.5773
Model_1_goa_nr_2022.dat 4 2027 SSBF100 82.3497
Model_1_goa_nr_2022.dat 4 2027 SSBFabc 32.9399
Model_1_goa_nr_2022.dat 4 2027 SSBFofl 28.8224
Model_1_goa_nr_2022.dat 4 2027 SSBLCI 33.4787
Model_1_goa_nr_2022.dat 4 2027 SSBUCI 33.7545
Model_1_goa_nr_2022.dat 4 2027 SSBMedian 33.5514
Model_1_goa_nr_2022.dat 4 2027 SSBMean 33.5784
Model_1_goa_nr_2022.dat 4 2028 SSBF100 82.3497
Model_1_goa_nr_2022.dat 4 2028 SSBFabc 32.9399
Model_1_goa_nr_2022.dat 4 2028 SSBFofl 28.8224
Model_1_goa_nr_2022.dat 4 2028 SSBLCI 32.626
Model_1_goa_nr_2022.dat 4 2028 SSBUCI 33.2565
Model_1_goa_nr_2022.dat 4 2028 SSBMedian 32.7908
Model_1_goa_nr_2022.dat 4 2028 SSBMean 32.8547
Model_1_goa_nr_2022.dat 4 2029 SSBF100 82.3497
Model_1_goa_nr_2022.dat 4 2029 SSBFabc 32.9399
Model_1_goa_nr_2022.dat 4 2029 SSBFofl 28.8224
Model_1_goa_nr_2022.dat 4 2029 SSBLCI 31.9511
Model_1_goa_nr_2022.dat 4 2029 SSBUCI 33.2602
Model_1_goa_nr_2022.dat 4 2029 SSBMedian 32.3094
Model_1_goa_nr_2022.dat 4 2029 SSBMean 32.4334
Model_1_goa_nr_2022.dat 4 2030 SSBF100 82.3497
Model_1_goa_nr_2022.dat 4 2030 SSBFabc 32.9399
Model_1_goa_nr_2022.dat 4 2030 SSBFofl 28.8224
Model_1_goa_nr_2022.dat 4 2030 SSBLCI 31.4134
Model_1_goa_nr_2022.dat 4 2030 SSBUCI 33.8857
Model_1_goa_nr_2022.dat 4 2030 SSBMedian 32.1068
Model_1_goa_nr_2022.dat 4 2030 SSBMean 32.3409
Model_1_goa_nr_2022.dat 4 2031 SSBF100 82.3497
Model_1_goa_nr_2022.dat 4 2031 SSBFabc 32.9399
Model_1_goa_nr_2022.dat 4 2031 SSBFofl 28.8224
Model_1_goa_nr_2022.dat 4 2031 SSBLCI 30.9847
Model_1_goa_nr_2022.dat 4 2031 SSBUCI 35.1491
Model_1_goa_nr_2022.dat 4 2031 SSBMedian 32.2202
Model_1_goa_nr_2022.dat 4 2031 SSBMean 32.5924
Model_1_goa_nr_2022.dat 4 2032 SSBF100 82.3497
Model_1_goa_nr_2022.dat 4 2032 SSBFabc 32.9399
Model_1_goa_nr_2022.dat 4 2032 SSBFofl 28.8224
Model_1_goa_nr_2022.dat 4 2032 SSBLCI 30.6655
Model_1_goa_nr_2022.dat 4 2032 SSBUCI 37.1396
Model_1_goa_nr_2022.dat 4 2032 SSBMedian 32.6164
Model_1_goa_nr_2022.dat 4 2032 SSBMean 33.1695
Model_1_goa_nr_2022.dat 4 2033 SSBF100 82.3497
Model_1_goa_nr_2022.dat 4 2033 SSBFabc 32.9399
Model_1_goa_nr_2022.dat 4 2033 SSBFofl 28.8224
Model_1_goa_nr_2022.dat 4 2033 SSBLCI 30.4234
Model_1_goa_nr_2022.dat 4 2033 SSBUCI 39.5703
Model_1_goa_nr_2022.dat 4 2033 SSBMedian 33.2535
Model_1_goa_nr_2022.dat 4 2033 SSBMean 34.0089
Model_1_goa_nr_2022.dat 4 2034 SSBF100 82.3497
Model_1_goa_nr_2022.dat 4 2034 SSBFabc 32.9399
Model_1_goa_nr_2022.dat 4 2034 SSBFofl 28.8224
Model_1_goa_nr_2022.dat 4 2034 SSBLCI 30.3035
Model_1_goa_nr_2022.dat 4 2034 SSBUCI 42.0217
Model_1_goa_nr_2022.dat 4 2034 SSBMedian 34.1415
Model_1_goa_nr_2022.dat 4 2034 SSBMean 35.0191
Model_1_goa_nr_2022.dat 4 2035 SSBF100 82.3497
Model_1_goa_nr_2022.dat 4 2035 SSBFabc 32.9399
Model_1_goa_nr_2022.dat 4 2035 SSBFofl 28.8224
Model_1_goa_nr_2022.dat 4 2035 SSBLCI 30.341
Model_1_goa_nr_2022.dat 4 2035 SSBUCI 44.661
Model_1_goa_nr_2022.dat 4 2035 SSBMedian 35.1458
Model_1_goa_nr_2022.dat 4 2035 SSBMean 36.1135
Model_1_goa_nr_2022.dat 4 2022 F0 0 
Model_1_goa_nr_2022.dat 4 2022 Fabc 0.0612999
Model_1_goa_nr_2022.dat 4 2022 Fofl 0.0736157
Model_1_goa_nr_2022.dat 4 2022  F_LCI 0.0233027
Model_1_goa_nr_2022.dat 4 2022  F_UCI 0.0233027
Model_1_goa_nr_2022.dat 4 2022  F_Median 0.0233027
Model_1_goa_nr_2022.dat 4 2022  F_Mean 0.0233027
Model_1_goa_nr_2022.dat 4 2023 F0 0 
Model_1_goa_nr_2022.dat 4 2023 Fabc 0.0612999
Model_1_goa_nr_2022.dat 4 2023 Fofl 0.0736157
Model_1_goa_nr_2022.dat 4 2023  F_LCI 0.0323069
Model_1_goa_nr_2022.dat 4 2023  F_UCI 0.0323069
Model_1_goa_nr_2022.dat 4 2023  F_Median 0.0323069
Model_1_goa_nr_2022.dat 4 2023  F_Mean 0.0323069
Model_1_goa_nr_2022.dat 4 2024 F0 0 
Model_1_goa_nr_2022.dat 4 2024 Fabc 0.0612999
Model_1_goa_nr_2022.dat 4 2024 Fofl 0.0736157
Model_1_goa_nr_2022.dat 4 2024  F_LCI 0.0314018
Model_1_goa_nr_2022.dat 4 2024  F_UCI 0.0314022
Model_1_goa_nr_2022.dat 4 2024  F_Median 0.0314021
Model_1_goa_nr_2022.dat 4 2024  F_Mean 0.0314021
Model_1_goa_nr_2022.dat 4 2025 F0 0 
Model_1_goa_nr_2022.dat 4 2025 Fabc 0.0612999
Model_1_goa_nr_2022.dat 4 2025 Fofl 0.0736157
Model_1_goa_nr_2022.dat 4 2025  F_LCI 0.0247309
Model_1_goa_nr_2022.dat 4 2025  F_UCI 0.0247309
Model_1_goa_nr_2022.dat 4 2025  F_Median 0.0247309
Model_1_goa_nr_2022.dat 4 2025  F_Mean 0.0247309
Model_1_goa_nr_2022.dat 4 2026 F0 0 
Model_1_goa_nr_2022.dat 4 2026 Fabc 0.0612999
Model_1_goa_nr_2022.dat 4 2026 Fofl 0.0736157
Model_1_goa_nr_2022.dat 4 2026  F_LCI 0.0247309
Model_1_goa_nr_2022.dat 4 2026  F_UCI 0.0247309
Model_1_goa_nr_2022.dat 4 2026  F_Median 0.0247309
Model_1_goa_nr_2022.dat 4 2026  F_Mean 0.0247309
Model_1_goa_nr_2022.dat 4 2027 F0 0 
Model_1_goa_nr_2022.dat 4 2027 Fabc 0.0612999
Model_1_goa_nr_2022.dat 4 2027 Fofl 0.0736157
Model_1_goa_nr_2022.dat 4 2027  F_LCI 0.0247309
Model_1_goa_nr_2022.dat 4 2027  F_UCI 0.0247309
Model_1_goa_nr_2022.dat 4 2027  F_Median 0.0247309
Model_1_goa_nr_2022.dat 4 2027  F_Mean 0.0247309
Model_1_goa_nr_2022.dat 4 2028 F0 0 
Model_1_goa_nr_2022.dat 4 2028 Fabc 0.0612999
Model_1_goa_nr_2022.dat 4 2028 Fofl 0.0736157
Model_1_goa_nr_2022.dat 4 2028  F_LCI 0.0247309
Model_1_goa_nr_2022.dat 4 2028  F_UCI 0.0247309
Model_1_goa_nr_2022.dat 4 2028  F_Median 0.0247309
Model_1_goa_nr_2022.dat 4 2028  F_Mean 0.0247309
Model_1_goa_nr_2022.dat 4 2029 F0 0 
Model_1_goa_nr_2022.dat 4 2029 Fabc 0.0612999
Model_1_goa_nr_2022.dat 4 2029 Fofl 0.0736157
Model_1_goa_nr_2022.dat 4 2029  F_LCI 0.0247309
Model_1_goa_nr_2022.dat 4 2029  F_UCI 0.0247309
Model_1_goa_nr_2022.dat 4 2029  F_Median 0.0247309
Model_1_goa_nr_2022.dat 4 2029  F_Mean 0.0247309
Model_1_goa_nr_2022.dat 4 2030 F0 0 
Model_1_goa_nr_2022.dat 4 2030 Fabc 0.0612999
Model_1_goa_nr_2022.dat 4 2030 Fofl 0.0736157
Model_1_goa_nr_2022.dat 4 2030  F_LCI 0.0247309
Model_1_goa_nr_2022.dat 4 2030  F_UCI 0.0247309
Model_1_goa_nr_2022.dat 4 2030  F_Median 0.0247309
Model_1_goa_nr_2022.dat 4 2030  F_Mean 0.0247309
Model_1_goa_nr_2022.dat 4 2031 F0 0 
Model_1_goa_nr_2022.dat 4 2031 Fabc 0.0612999
Model_1_goa_nr_2022.dat 4 2031 Fofl 0.0736157
Model_1_goa_nr_2022.dat 4 2031  F_LCI 0.0247309
Model_1_goa_nr_2022.dat 4 2031  F_UCI 0.0247309
Model_1_goa_nr_2022.dat 4 2031  F_Median 0.0247309
Model_1_goa_nr_2022.dat 4 2031  F_Mean 0.0247309
Model_1_goa_nr_2022.dat 4 2032 F0 0 
Model_1_goa_nr_2022.dat 4 2032 Fabc 0.0612999
Model_1_goa_nr_2022.dat 4 2032 Fofl 0.0736157
Model_1_goa_nr_2022.dat 4 2032  F_LCI 0.0247309
Model_1_goa_nr_2022.dat 4 2032  F_UCI 0.0247309
Model_1_goa_nr_2022.dat 4 2032  F_Median 0.0247309
Model_1_goa_nr_2022.dat 4 2032  F_Mean 0.0247309
Model_1_goa_nr_2022.dat 4 2033 F0 0 
Model_1_goa_nr_2022.dat 4 2033 Fabc 0.0612999
Model_1_goa_nr_2022.dat 4 2033 Fofl 0.0736157
Model_1_goa_nr_2022.dat 4 2033  F_LCI 0.0247309
Model_1_goa_nr_2022.dat 4 2033  F_UCI 0.0247309
Model_1_goa_nr_2022.dat 4 2033  F_Median 0.0247309
Model_1_goa_nr_2022.dat 4 2033  F_Mean 0.0247309
Model_1_goa_nr_2022.dat 4 2034 F0 0 
Model_1_goa_nr_2022.dat 4 2034 Fabc 0.0612999
Model_1_goa_nr_2022.dat 4 2034 Fofl 0.0736157
Model_1_goa_nr_2022.dat 4 2034  F_LCI 0.0247309
Model_1_goa_nr_2022.dat 4 2034  F_UCI 0.0247309
Model_1_goa_nr_2022.dat 4 2034  F_Median 0.0247309
Model_1_goa_nr_2022.dat 4 2034  F_Mean 0.0247309
Model_1_goa_nr_2022.dat 4 2035 F0 0 
Model_1_goa_nr_2022.dat 4 2035 Fabc 0.0612999
Model_1_goa_nr_2022.dat 4 2035 Fofl 0.0736157
Model_1_goa_nr_2022.dat 4 2035  F_LCI 0.0247309
Model_1_goa_nr_2022.dat 4 2035  F_UCI 0.0247309
Model_1_goa_nr_2022.dat 4 2035  F_Median 0.0247309
Model_1_goa_nr_2022.dat 4 2035  F_Mean 0.0247309
Model_1_goa_nr_2022.dat 5 2022 Cabc 4.75074
Model_1_goa_nr_2022.dat 5 2022 Cofl 5.07516
Model_1_goa_nr_2022.dat 5 2022 CLCI 2.00264
Model_1_goa_nr_2022.dat 5 2022 CUCI 2.00264
Model_1_goa_nr_2022.dat 5 2022 CMedian 2.00264
Model_1_goa_nr_2022.dat 5 2022 CMean 2.00264
Model_1_goa_nr_2022.dat 5 2023 Cabc 4.75074
Model_1_goa_nr_2022.dat 5 2023 Cofl 5.07516
Model_1_goa_nr_2022.dat 5 2023 CLCI 2.6534
Model_1_goa_nr_2022.dat 5 2023 CUCI 2.6534
Model_1_goa_nr_2022.dat 5 2023 CMedian 2.6534
Model_1_goa_nr_2022.dat 5 2023 CMean 2.6534
Model_1_goa_nr_2022.dat 5 2024 Cabc 4.75074
Model_1_goa_nr_2022.dat 5 2024 Cofl 5.07516
Model_1_goa_nr_2022.dat 5 2024 CLCI 2.46439
Model_1_goa_nr_2022.dat 5 2024 CUCI 2.46439
Model_1_goa_nr_2022.dat 5 2024 CMedian 2.46439
Model_1_goa_nr_2022.dat 5 2024 CMean 2.46439
Model_1_goa_nr_2022.dat 5 2025 Cabc 4.75074
Model_1_goa_nr_2022.dat 5 2025 Cofl 5.07516
Model_1_goa_nr_2022.dat 5 2025 CLCI 0
Model_1_goa_nr_2022.dat 5 2025 CUCI 0
Model_1_goa_nr_2022.dat 5 2025 CMedian 0
Model_1_goa_nr_2022.dat 5 2025 CMean 0
Model_1_goa_nr_2022.dat 5 2026 Cabc 4.75074
Model_1_goa_nr_2022.dat 5 2026 Cofl 5.07516
Model_1_goa_nr_2022.dat 5 2026 CLCI 0
Model_1_goa_nr_2022.dat 5 2026 CUCI 0
Model_1_goa_nr_2022.dat 5 2026 CMedian 0
Model_1_goa_nr_2022.dat 5 2026 CMean 0
Model_1_goa_nr_2022.dat 5 2027 Cabc 4.75074
Model_1_goa_nr_2022.dat 5 2027 Cofl 5.07516
Model_1_goa_nr_2022.dat 5 2027 CLCI 0
Model_1_goa_nr_2022.dat 5 2027 CUCI 0
Model_1_goa_nr_2022.dat 5 2027 CMedian 0
Model_1_goa_nr_2022.dat 5 2027 CMean 0
Model_1_goa_nr_2022.dat 5 2028 Cabc 4.75074
Model_1_goa_nr_2022.dat 5 2028 Cofl 5.07516
Model_1_goa_nr_2022.dat 5 2028 CLCI 0
Model_1_goa_nr_2022.dat 5 2028 CUCI 0
Model_1_goa_nr_2022.dat 5 2028 CMedian 0
Model_1_goa_nr_2022.dat 5 2028 CMean 0
Model_1_goa_nr_2022.dat 5 2029 Cabc 4.75074
Model_1_goa_nr_2022.dat 5 2029 Cofl 5.07516
Model_1_goa_nr_2022.dat 5 2029 CLCI 0
Model_1_goa_nr_2022.dat 5 2029 CUCI 0
Model_1_goa_nr_2022.dat 5 2029 CMedian 0
Model_1_goa_nr_2022.dat 5 2029 CMean 0
Model_1_goa_nr_2022.dat 5 2030 Cabc 4.75074
Model_1_goa_nr_2022.dat 5 2030 Cofl 5.07516
Model_1_goa_nr_2022.dat 5 2030 CLCI 0
Model_1_goa_nr_2022.dat 5 2030 CUCI 0
Model_1_goa_nr_2022.dat 5 2030 CMedian 0
Model_1_goa_nr_2022.dat 5 2030 CMean 0
Model_1_goa_nr_2022.dat 5 2031 Cabc 4.75074
Model_1_goa_nr_2022.dat 5 2031 Cofl 5.07516
Model_1_goa_nr_2022.dat 5 2031 CLCI 0
Model_1_goa_nr_2022.dat 5 2031 CUCI 0
Model_1_goa_nr_2022.dat 5 2031 CMedian 0
Model_1_goa_nr_2022.dat 5 2031 CMean 0
Model_1_goa_nr_2022.dat 5 2032 Cabc 4.75074
Model_1_goa_nr_2022.dat 5 2032 Cofl 5.07516
Model_1_goa_nr_2022.dat 5 2032 CLCI 0
Model_1_goa_nr_2022.dat 5 2032 CUCI 0
Model_1_goa_nr_2022.dat 5 2032 CMedian 0
Model_1_goa_nr_2022.dat 5 2032 CMean 0
Model_1_goa_nr_2022.dat 5 2033 Cabc 4.75074
Model_1_goa_nr_2022.dat 5 2033 Cofl 5.07516
Model_1_goa_nr_2022.dat 5 2033 CLCI 0
Model_1_goa_nr_2022.dat 5 2033 CUCI 0
Model_1_goa_nr_2022.dat 5 2033 CMedian 0
Model_1_goa_nr_2022.dat 5 2033 CMean 0
Model_1_goa_nr_2022.dat 5 2034 Cabc 4.75074
Model_1_goa_nr_2022.dat 5 2034 Cofl 5.07516
Model_1_goa_nr_2022.dat 5 2034 CLCI 0
Model_1_goa_nr_2022.dat 5 2034 CUCI 0
Model_1_goa_nr_2022.dat 5 2034 CMedian 0
Model_1_goa_nr_2022.dat 5 2034 CMean 0
Model_1_goa_nr_2022.dat 5 2035 Cabc 4.75074
Model_1_goa_nr_2022.dat 5 2035 Cofl 5.07516
Model_1_goa_nr_2022.dat 5 2035 CLCI 0
Model_1_goa_nr_2022.dat 5 2035 CUCI 0
Model_1_goa_nr_2022.dat 5 2035 CMedian 0
Model_1_goa_nr_2022.dat 5 2035 CMean 0
Model_1_goa_nr_2022.dat 5 2022 SSBF100 82.3497
Model_1_goa_nr_2022.dat 5 2022 SSBFabc 32.9399
Model_1_goa_nr_2022.dat 5 2022 SSBFofl 28.8224
Model_1_goa_nr_2022.dat 5 2022 SSBLCI 41.3992
Model_1_goa_nr_2022.dat 5 2022 SSBUCI 41.3992
Model_1_goa_nr_2022.dat 5 2022 SSBMedian 41.3992
Model_1_goa_nr_2022.dat 5 2022 SSBMean 41.3992
Model_1_goa_nr_2022.dat 5 2023 SSBF100 82.3497
Model_1_goa_nr_2022.dat 5 2023 SSBFabc 32.9399
Model_1_goa_nr_2022.dat 5 2023 SSBFofl 28.8224
Model_1_goa_nr_2022.dat 5 2023 SSBLCI 39.4445
Model_1_goa_nr_2022.dat 5 2023 SSBUCI 39.447
Model_1_goa_nr_2022.dat 5 2023 SSBMedian 39.4451
Model_1_goa_nr_2022.dat 5 2023 SSBMean 39.4453
Model_1_goa_nr_2022.dat 5 2024 SSBF100 82.3497
Model_1_goa_nr_2022.dat 5 2024 SSBFabc 32.9399
Model_1_goa_nr_2022.dat 5 2024 SSBFofl 28.8224
Model_1_goa_nr_2022.dat 5 2024 SSBLCI 37.4657
Model_1_goa_nr_2022.dat 5 2024 SSBUCI 37.4774
Model_1_goa_nr_2022.dat 5 2024 SSBMedian 37.4685
Model_1_goa_nr_2022.dat 5 2024 SSBMean 37.4696
Model_1_goa_nr_2022.dat 5 2025 SSBF100 82.3497
Model_1_goa_nr_2022.dat 5 2025 SSBFabc 32.9399
Model_1_goa_nr_2022.dat 5 2025 SSBFofl 28.8224
Model_1_goa_nr_2022.dat 5 2025 SSBLCI 36.1065
Model_1_goa_nr_2022.dat 5 2025 SSBUCI 36.1459
Model_1_goa_nr_2022.dat 5 2025 SSBMedian 36.1166
Model_1_goa_nr_2022.dat 5 2025 SSBMean 36.1203
Model_1_goa_nr_2022.dat 5 2026 SSBF100 82.3497
Model_1_goa_nr_2022.dat 5 2026 SSBFabc 32.9399
Model_1_goa_nr_2022.dat 5 2026 SSBFofl 28.8224
Model_1_goa_nr_2022.dat 5 2026 SSBLCI 35.6725
Model_1_goa_nr_2022.dat 5 2026 SSBUCI 35.785
Model_1_goa_nr_2022.dat 5 2026 SSBMedian 35.7017
Model_1_goa_nr_2022.dat 5 2026 SSBMean 35.712
Model_1_goa_nr_2022.dat 5 2027 SSBF100 82.3497
Model_1_goa_nr_2022.dat 5 2027 SSBFabc 32.9399
Model_1_goa_nr_2022.dat 5 2027 SSBFofl 28.8224
Model_1_goa_nr_2022.dat 5 2027 SSBLCI 35.4077
Model_1_goa_nr_2022.dat 5 2027 SSBUCI 35.6835
Model_1_goa_nr_2022.dat 5 2027 SSBMedian 35.4804
Model_1_goa_nr_2022.dat 5 2027 SSBMean 35.5073
Model_1_goa_nr_2022.dat 5 2028 SSBF100 82.3497
Model_1_goa_nr_2022.dat 5 2028 SSBFabc 32.9399
Model_1_goa_nr_2022.dat 5 2028 SSBFofl 28.8224
Model_1_goa_nr_2022.dat 5 2028 SSBLCI 35.3095
Model_1_goa_nr_2022.dat 5 2028 SSBUCI 35.9413
Model_1_goa_nr_2022.dat 5 2028 SSBMedian 35.4746
Model_1_goa_nr_2022.dat 5 2028 SSBMean 35.5386
Model_1_goa_nr_2022.dat 5 2029 SSBF100 82.3497
Model_1_goa_nr_2022.dat 5 2029 SSBFabc 32.9399
Model_1_goa_nr_2022.dat 5 2029 SSBFofl 28.8224
Model_1_goa_nr_2022.dat 5 2029 SSBLCI 35.355
Model_1_goa_nr_2022.dat 5 2029 SSBUCI 36.6677
Model_1_goa_nr_2022.dat 5 2029 SSBMedian 35.7152
Model_1_goa_nr_2022.dat 5 2029 SSBMean 35.8402
Model_1_goa_nr_2022.dat 5 2030 SSBF100 82.3497
Model_1_goa_nr_2022.dat 5 2030 SSBFabc 32.9399
Model_1_goa_nr_2022.dat 5 2030 SSBFofl 28.8224
Model_1_goa_nr_2022.dat 5 2030 SSBLCI 35.5073
Model_1_goa_nr_2022.dat 5 2030 SSBUCI 38.0304
Model_1_goa_nr_2022.dat 5 2030 SSBMedian 36.2112
Model_1_goa_nr_2022.dat 5 2030 SSBMean 36.4476
Model_1_goa_nr_2022.dat 5 2031 SSBF100 82.3497
Model_1_goa_nr_2022.dat 5 2031 SSBFabc 32.9399
Model_1_goa_nr_2022.dat 5 2031 SSBFofl 28.8224
Model_1_goa_nr_2022.dat 5 2031 SSBLCI 35.7344
Model_1_goa_nr_2022.dat 5 2031 SSBUCI 40.0071
Model_1_goa_nr_2022.dat 5 2031 SSBMedian 37.0056
Model_1_goa_nr_2022.dat 5 2031 SSBMean 37.3885
Model_1_goa_nr_2022.dat 5 2032 SSBF100 82.3497
Model_1_goa_nr_2022.dat 5 2032 SSBFabc 32.9399
Model_1_goa_nr_2022.dat 5 2032 SSBFofl 28.8224
Model_1_goa_nr_2022.dat 5 2032 SSBLCI 36.0314
Model_1_goa_nr_2022.dat 5 2032 SSBUCI 42.7949
Model_1_goa_nr_2022.dat 5 2032 SSBMedian 38.066
Model_1_goa_nr_2022.dat 5 2032 SSBMean 38.6583
Model_1_goa_nr_2022.dat 5 2033 SSBF100 82.3497
Model_1_goa_nr_2022.dat 5 2033 SSBFabc 32.9399
Model_1_goa_nr_2022.dat 5 2033 SSBFofl 28.8224
Model_1_goa_nr_2022.dat 5 2033 SSBLCI 36.387
Model_1_goa_nr_2022.dat 5 2033 SSBUCI 46.2615
Model_1_goa_nr_2022.dat 5 2033 SSBMedian 39.4234
Model_1_goa_nr_2022.dat 5 2033 SSBMean 40.2038
Model_1_goa_nr_2022.dat 5 2034 SSBF100 82.3497
Model_1_goa_nr_2022.dat 5 2034 SSBFabc 32.9399
Model_1_goa_nr_2022.dat 5 2034 SSBFofl 28.8224
Model_1_goa_nr_2022.dat 5 2034 SSBLCI 36.8433
Model_1_goa_nr_2022.dat 5 2034 SSBUCI 49.5304
Model_1_goa_nr_2022.dat 5 2034 SSBMedian 40.964
Model_1_goa_nr_2022.dat 5 2034 SSBMean 41.9363
Model_1_goa_nr_2022.dat 5 2035 SSBF100 82.3497
Model_1_goa_nr_2022.dat 5 2035 SSBFabc 32.9399
Model_1_goa_nr_2022.dat 5 2035 SSBFofl 28.8224
Model_1_goa_nr_2022.dat 5 2035 SSBLCI 37.3752
Model_1_goa_nr_2022.dat 5 2035 SSBUCI 53.2259
Model_1_goa_nr_2022.dat 5 2035 SSBMedian 42.6485
Model_1_goa_nr_2022.dat 5 2035 SSBMean 43.7665
Model_1_goa_nr_2022.dat 5 2022 F0 0 
Model_1_goa_nr_2022.dat 5 2022 Fabc 0.0612999
Model_1_goa_nr_2022.dat 5 2022 Fofl 0.0736157
Model_1_goa_nr_2022.dat 5 2022  F_LCI 0.0233027
Model_1_goa_nr_2022.dat 5 2022  F_UCI 0.0233027
Model_1_goa_nr_2022.dat 5 2022  F_Median 0.0233027
Model_1_goa_nr_2022.dat 5 2022  F_Mean 0.0233027
Model_1_goa_nr_2022.dat 5 2023 F0 0 
Model_1_goa_nr_2022.dat 5 2023 Fabc 0.0612999
Model_1_goa_nr_2022.dat 5 2023 Fofl 0.0736157
Model_1_goa_nr_2022.dat 5 2023  F_LCI 0.0323069
Model_1_goa_nr_2022.dat 5 2023  F_UCI 0.0323069
Model_1_goa_nr_2022.dat 5 2023  F_Median 0.0323069
Model_1_goa_nr_2022.dat 5 2023  F_Mean 0.0323069
Model_1_goa_nr_2022.dat 5 2024 F0 0 
Model_1_goa_nr_2022.dat 5 2024 Fabc 0.0612999
Model_1_goa_nr_2022.dat 5 2024 Fofl 0.0736157
Model_1_goa_nr_2022.dat 5 2024  F_LCI 0.0314018
Model_1_goa_nr_2022.dat 5 2024  F_UCI 0.0314022
Model_1_goa_nr_2022.dat 5 2024  F_Median 0.0314021
Model_1_goa_nr_2022.dat 5 2024  F_Mean 0.0314021
Model_1_goa_nr_2022.dat 5 2025 F0 0 
Model_1_goa_nr_2022.dat 5 2025 Fabc 0.0612999
Model_1_goa_nr_2022.dat 5 2025 Fofl 0.0736157
Model_1_goa_nr_2022.dat 5 2025  F_LCI 0
Model_1_goa_nr_2022.dat 5 2025  F_UCI 0
Model_1_goa_nr_2022.dat 5 2025  F_Median 0
Model_1_goa_nr_2022.dat 5 2025  F_Mean 0
Model_1_goa_nr_2022.dat 5 2026 F0 0 
Model_1_goa_nr_2022.dat 5 2026 Fabc 0.0612999
Model_1_goa_nr_2022.dat 5 2026 Fofl 0.0736157
Model_1_goa_nr_2022.dat 5 2026  F_LCI 0
Model_1_goa_nr_2022.dat 5 2026  F_UCI 0
Model_1_goa_nr_2022.dat 5 2026  F_Median 0
Model_1_goa_nr_2022.dat 5 2026  F_Mean 0
Model_1_goa_nr_2022.dat 5 2027 F0 0 
Model_1_goa_nr_2022.dat 5 2027 Fabc 0.0612999
Model_1_goa_nr_2022.dat 5 2027 Fofl 0.0736157
Model_1_goa_nr_2022.dat 5 2027  F_LCI 0
Model_1_goa_nr_2022.dat 5 2027  F_UCI 0
Model_1_goa_nr_2022.dat 5 2027  F_Median 0
Model_1_goa_nr_2022.dat 5 2027  F_Mean 0
Model_1_goa_nr_2022.dat 5 2028 F0 0 
Model_1_goa_nr_2022.dat 5 2028 Fabc 0.0612999
Model_1_goa_nr_2022.dat 5 2028 Fofl 0.0736157
Model_1_goa_nr_2022.dat 5 2028  F_LCI 0
Model_1_goa_nr_2022.dat 5 2028  F_UCI 0
Model_1_goa_nr_2022.dat 5 2028  F_Median 0
Model_1_goa_nr_2022.dat 5 2028  F_Mean 0
Model_1_goa_nr_2022.dat 5 2029 F0 0 
Model_1_goa_nr_2022.dat 5 2029 Fabc 0.0612999
Model_1_goa_nr_2022.dat 5 2029 Fofl 0.0736157
Model_1_goa_nr_2022.dat 5 2029  F_LCI 0
Model_1_goa_nr_2022.dat 5 2029  F_UCI 0
Model_1_goa_nr_2022.dat 5 2029  F_Median 0
Model_1_goa_nr_2022.dat 5 2029  F_Mean 0
Model_1_goa_nr_2022.dat 5 2030 F0 0 
Model_1_goa_nr_2022.dat 5 2030 Fabc 0.0612999
Model_1_goa_nr_2022.dat 5 2030 Fofl 0.0736157
Model_1_goa_nr_2022.dat 5 2030  F_LCI 0
Model_1_goa_nr_2022.dat 5 2030  F_UCI 0
Model_1_goa_nr_2022.dat 5 2030  F_Median 0
Model_1_goa_nr_2022.dat 5 2030  F_Mean 0
Model_1_goa_nr_2022.dat 5 2031 F0 0 
Model_1_goa_nr_2022.dat 5 2031 Fabc 0.0612999
Model_1_goa_nr_2022.dat 5 2031 Fofl 0.0736157
Model_1_goa_nr_2022.dat 5 2031  F_LCI 0
Model_1_goa_nr_2022.dat 5 2031  F_UCI 0
Model_1_goa_nr_2022.dat 5 2031  F_Median 0
Model_1_goa_nr_2022.dat 5 2031  F_Mean 0
Model_1_goa_nr_2022.dat 5 2032 F0 0 
Model_1_goa_nr_2022.dat 5 2032 Fabc 0.0612999
Model_1_goa_nr_2022.dat 5 2032 Fofl 0.0736157
Model_1_goa_nr_2022.dat 5 2032  F_LCI 0
Model_1_goa_nr_2022.dat 5 2032  F_UCI 0
Model_1_goa_nr_2022.dat 5 2032  F_Median 0
Model_1_goa_nr_2022.dat 5 2032  F_Mean 0
Model_1_goa_nr_2022.dat 5 2033 F0 0 
Model_1_goa_nr_2022.dat 5 2033 Fabc 0.0612999
Model_1_goa_nr_2022.dat 5 2033 Fofl 0.0736157
Model_1_goa_nr_2022.dat 5 2033  F_LCI 0
Model_1_goa_nr_2022.dat 5 2033  F_UCI 0
Model_1_goa_nr_2022.dat 5 2033  F_Median 0
Model_1_goa_nr_2022.dat 5 2033  F_Mean 0
Model_1_goa_nr_2022.dat 5 2034 F0 0 
Model_1_goa_nr_2022.dat 5 2034 Fabc 0.0612999
Model_1_goa_nr_2022.dat 5 2034 Fofl 0.0736157
Model_1_goa_nr_2022.dat 5 2034  F_LCI 0
Model_1_goa_nr_2022.dat 5 2034  F_UCI 0
Model_1_goa_nr_2022.dat 5 2034  F_Median 0
Model_1_goa_nr_2022.dat 5 2034  F_Mean 0
Model_1_goa_nr_2022.dat 5 2035 F0 0 
Model_1_goa_nr_2022.dat 5 2035 Fabc 0.0612999
Model_1_goa_nr_2022.dat 5 2035 Fofl 0.0736157
Model_1_goa_nr_2022.dat 5 2035  F_LCI 0
Model_1_goa_nr_2022.dat 5 2035  F_UCI 0
Model_1_goa_nr_2022.dat 5 2035  F_Median 0
Model_1_goa_nr_2022.dat 5 2035  F_Mean 0
Model_1_goa_nr_2022.dat 6 2022 Cabc 4.75074
Model_1_goa_nr_2022.dat 6 2022 Cofl 5.07516
Model_1_goa_nr_2022.dat 6 2022 CLCI 2.00264
Model_1_goa_nr_2022.dat 6 2022 CUCI 2.00264
Model_1_goa_nr_2022.dat 6 2022 CMedian 2.00264
Model_1_goa_nr_2022.dat 6 2022 CMean 2.00264
Model_1_goa_nr_2022.dat 6 2023 Cabc 4.75074
Model_1_goa_nr_2022.dat 6 2023 Cofl 5.07516
Model_1_goa_nr_2022.dat 6 2023 CLCI 5.92663
Model_1_goa_nr_2022.dat 6 2023 CUCI 5.92664
Model_1_goa_nr_2022.dat 6 2023 CMedian 5.92664
Model_1_goa_nr_2022.dat 6 2023 CMean 5.92664
Model_1_goa_nr_2022.dat 6 2024 Cabc 4.75074
Model_1_goa_nr_2022.dat 6 2024 Cofl 5.07516
Model_1_goa_nr_2022.dat 6 2024 CLCI 5.4395
Model_1_goa_nr_2022.dat 6 2024 CUCI 5.43957
Model_1_goa_nr_2022.dat 6 2024 CMedian 5.43951
Model_1_goa_nr_2022.dat 6 2024 CMean 5.43952
Model_1_goa_nr_2022.dat 6 2025 Cabc 4.75074
Model_1_goa_nr_2022.dat 6 2025 Cofl 5.07516
Model_1_goa_nr_2022.dat 6 2025 CLCI 4.96155
Model_1_goa_nr_2022.dat 6 2025 CUCI 4.9681
Model_1_goa_nr_2022.dat 6 2025 CMedian 4.96321
Model_1_goa_nr_2022.dat 6 2025 CMean 4.96383
Model_1_goa_nr_2022.dat 6 2026 Cabc 4.75074
Model_1_goa_nr_2022.dat 6 2026 Cofl 5.07516
Model_1_goa_nr_2022.dat 6 2026 CLCI 4.27407
Model_1_goa_nr_2022.dat 6 2026 CUCI 4.29271
Model_1_goa_nr_2022.dat 6 2026 CMedian 4.27891
Model_1_goa_nr_2022.dat 6 2026 CMean 4.28067
Model_1_goa_nr_2022.dat 6 2027 Cabc 4.75074
Model_1_goa_nr_2022.dat 6 2027 Cofl 5.07516
Model_1_goa_nr_2022.dat 6 2027 CLCI 3.78189
Model_1_goa_nr_2022.dat 6 2027 CUCI 3.83683
Model_1_goa_nr_2022.dat 6 2027 CMedian 3.79615
Model_1_goa_nr_2022.dat 6 2027 CMean 3.80143
Model_1_goa_nr_2022.dat 6 2028 Cabc 4.75074
Model_1_goa_nr_2022.dat 6 2028 Cofl 5.07516
Model_1_goa_nr_2022.dat 6 2028 CLCI 3.42226
Model_1_goa_nr_2022.dat 6 2028 CUCI 3.59389
Model_1_goa_nr_2022.dat 6 2028 CMedian 3.46567
Model_1_goa_nr_2022.dat 6 2028 CMean 3.48275
Model_1_goa_nr_2022.dat 6 2029 Cabc 4.75074
Model_1_goa_nr_2022.dat 6 2029 Cofl 5.07516
Model_1_goa_nr_2022.dat 6 2029 CLCI 3.13848
Model_1_goa_nr_2022.dat 6 2029 CUCI 3.64081
Model_1_goa_nr_2022.dat 6 2029 CMedian 3.26578
Model_1_goa_nr_2022.dat 6 2029 CMean 3.31317
Model_1_goa_nr_2022.dat 6 2030 Cabc 4.75074
Model_1_goa_nr_2022.dat 6 2030 Cofl 5.07516
Model_1_goa_nr_2022.dat 6 2030 CLCI 2.90834
Model_1_goa_nr_2022.dat 6 2030 CUCI 3.92892
Model_1_goa_nr_2022.dat 6 2030 CMedian 3.17334
Model_1_goa_nr_2022.dat 6 2030 CMean 3.2812
Model_1_goa_nr_2022.dat 6 2031 Cabc 4.75074
Model_1_goa_nr_2022.dat 6 2031 Cofl 5.07516
Model_1_goa_nr_2022.dat 6 2031 CLCI 2.73337
Model_1_goa_nr_2022.dat 6 2031 CUCI 4.41295
Model_1_goa_nr_2022.dat 6 2031 CMedian 3.18273
Model_1_goa_nr_2022.dat 6 2031 CMean 3.34749
Model_1_goa_nr_2022.dat 6 2032 Cabc 4.75074
Model_1_goa_nr_2022.dat 6 2032 Cofl 5.07516
Model_1_goa_nr_2022.dat 6 2032 CLCI 2.64023
Model_1_goa_nr_2022.dat 6 2032 CUCI 4.90482
Model_1_goa_nr_2022.dat 6 2032 CMedian 3.26131
Model_1_goa_nr_2022.dat 6 2032 CMean 3.47422
Model_1_goa_nr_2022.dat 6 2033 Cabc 4.75074
Model_1_goa_nr_2022.dat 6 2033 Cofl 5.07516
Model_1_goa_nr_2022.dat 6 2033 CLCI 2.57011
Model_1_goa_nr_2022.dat 6 2033 CUCI 5.34637
Model_1_goa_nr_2022.dat 6 2033 CMedian 3.38666
Model_1_goa_nr_2022.dat 6 2033 CMean 3.62928
Model_1_goa_nr_2022.dat 6 2034 Cabc 4.75074
Model_1_goa_nr_2022.dat 6 2034 Cofl 5.07516
Model_1_goa_nr_2022.dat 6 2034 CLCI 2.53837
Model_1_goa_nr_2022.dat 6 2034 CUCI 5.72812
Model_1_goa_nr_2022.dat 6 2034 CMedian 3.56359
Model_1_goa_nr_2022.dat 6 2034 CMean 3.79075
Model_1_goa_nr_2022.dat 6 2035 Cabc 4.75074
Model_1_goa_nr_2022.dat 6 2035 Cofl 5.07516
Model_1_goa_nr_2022.dat 6 2035 CLCI 2.54115
Model_1_goa_nr_2022.dat 6 2035 CUCI 6.08408
Model_1_goa_nr_2022.dat 6 2035 CMedian 3.73164
Model_1_goa_nr_2022.dat 6 2035 CMean 3.95254
Model_1_goa_nr_2022.dat 6 2022 SSBF100 82.3497
Model_1_goa_nr_2022.dat 6 2022 SSBFabc 32.9399
Model_1_goa_nr_2022.dat 6 2022 SSBFofl 28.8224
Model_1_goa_nr_2022.dat 6 2022 SSBLCI 41.3992
Model_1_goa_nr_2022.dat 6 2022 SSBUCI 41.3992
Model_1_goa_nr_2022.dat 6 2022 SSBMedian 41.3992
Model_1_goa_nr_2022.dat 6 2022 SSBMean 41.3992
Model_1_goa_nr_2022.dat 6 2023 SSBF100 82.3497
Model_1_goa_nr_2022.dat 6 2023 SSBFabc 32.9399
Model_1_goa_nr_2022.dat 6 2023 SSBFofl 28.8224
Model_1_goa_nr_2022.dat 6 2023 SSBLCI 38.9097
Model_1_goa_nr_2022.dat 6 2023 SSBUCI 38.9121
Model_1_goa_nr_2022.dat 6 2023 SSBMedian 38.9102
Model_1_goa_nr_2022.dat 6 2023 SSBMean 38.9104
Model_1_goa_nr_2022.dat 6 2024 SSBF100 82.3497
Model_1_goa_nr_2022.dat 6 2024 SSBFabc 32.9399
Model_1_goa_nr_2022.dat 6 2024 SSBFofl 28.8224
Model_1_goa_nr_2022.dat 6 2024 SSBLCI 35.4773
Model_1_goa_nr_2022.dat 6 2024 SSBUCI 35.489
Model_1_goa_nr_2022.dat 6 2024 SSBMedian 35.4801
Model_1_goa_nr_2022.dat 6 2024 SSBMean 35.4812
Model_1_goa_nr_2022.dat 6 2025 SSBF100 82.3497
Model_1_goa_nr_2022.dat 6 2025 SSBFabc 32.9399
Model_1_goa_nr_2022.dat 6 2025 SSBFofl 28.8224
Model_1_goa_nr_2022.dat 6 2025 SSBLCI 32.4989
Model_1_goa_nr_2022.dat 6 2025 SSBUCI 32.5372
Model_1_goa_nr_2022.dat 6 2025 SSBMedian 32.5087
Model_1_goa_nr_2022.dat 6 2025 SSBMean 32.5123
Model_1_goa_nr_2022.dat 6 2026 SSBF100 82.3497
Model_1_goa_nr_2022.dat 6 2026 SSBFabc 32.9399
Model_1_goa_nr_2022.dat 6 2026 SSBFofl 28.8224
Model_1_goa_nr_2022.dat 6 2026 SSBLCI 30.0186
Model_1_goa_nr_2022.dat 6 2026 SSBUCI 30.1258
Model_1_goa_nr_2022.dat 6 2026 SSBMedian 30.0464
Model_1_goa_nr_2022.dat 6 2026 SSBMean 30.0563
Model_1_goa_nr_2022.dat 6 2027 SSBF100 82.3497
Model_1_goa_nr_2022.dat 6 2027 SSBFabc 32.9399
Model_1_goa_nr_2022.dat 6 2027 SSBFofl 28.8224
Model_1_goa_nr_2022.dat 6 2027 SSBLCI 28.0671
Model_1_goa_nr_2022.dat 6 2027 SSBUCI 28.3276
Model_1_goa_nr_2022.dat 6 2027 SSBMedian 28.1358
Model_1_goa_nr_2022.dat 6 2027 SSBMean 28.1614
Model_1_goa_nr_2022.dat 6 2028 SSBF100 82.3497
Model_1_goa_nr_2022.dat 6 2028 SSBFabc 32.9399
Model_1_goa_nr_2022.dat 6 2028 SSBFofl 28.8224
Model_1_goa_nr_2022.dat 6 2028 SSBLCI 26.5477
Model_1_goa_nr_2022.dat 6 2028 SSBUCI 27.1392
Model_1_goa_nr_2022.dat 6 2028 SSBMedian 26.7025
Model_1_goa_nr_2022.dat 6 2028 SSBMean 26.7628
Model_1_goa_nr_2022.dat 6 2029 SSBF100 82.3497
Model_1_goa_nr_2022.dat 6 2029 SSBFabc 32.9399
Model_1_goa_nr_2022.dat 6 2029 SSBFofl 28.8224
Model_1_goa_nr_2022.dat 6 2029 SSBLCI 25.3705
Model_1_goa_nr_2022.dat 6 2029 SSBUCI 26.5873
Model_1_goa_nr_2022.dat 6 2029 SSBMedian 25.7044
Model_1_goa_nr_2022.dat 6 2029 SSBMean 25.8195
Model_1_goa_nr_2022.dat 6 2030 SSBF100 82.3497
Model_1_goa_nr_2022.dat 6 2030 SSBFabc 32.9399
Model_1_goa_nr_2022.dat 6 2030 SSBFofl 28.8224
Model_1_goa_nr_2022.dat 6 2030 SSBLCI 24.4504
Model_1_goa_nr_2022.dat 6 2030 SSBUCI 26.6998
Model_1_goa_nr_2022.dat 6 2030 SSBMedian 25.0967
Model_1_goa_nr_2022.dat 6 2030 SSBMean 25.3023
Model_1_goa_nr_2022.dat 6 2031 SSBF100 82.3497
Model_1_goa_nr_2022.dat 6 2031 SSBFabc 32.9399
Model_1_goa_nr_2022.dat 6 2031 SSBFofl 28.8224
Model_1_goa_nr_2022.dat 6 2031 SSBLCI 23.7386
Model_1_goa_nr_2022.dat 6 2031 SSBUCI 27.4652
Model_1_goa_nr_2022.dat 6 2031 SSBMedian 24.838
Model_1_goa_nr_2022.dat 6 2031 SSBMean 25.1752
Model_1_goa_nr_2022.dat 6 2032 SSBF100 82.3497
Model_1_goa_nr_2022.dat 6 2032 SSBFabc 32.9399
Model_1_goa_nr_2022.dat 6 2032 SSBFofl 28.8224
Model_1_goa_nr_2022.dat 6 2032 SSBLCI 23.2154
Model_1_goa_nr_2022.dat 6 2032 SSBUCI 28.8339
Model_1_goa_nr_2022.dat 6 2032 SSBMedian 24.9188
Model_1_goa_nr_2022.dat 6 2032 SSBMean 25.3745
Model_1_goa_nr_2022.dat 6 2033 SSBF100 82.3497
Model_1_goa_nr_2022.dat 6 2033 SSBFabc 32.9399
Model_1_goa_nr_2022.dat 6 2033 SSBFofl 28.8224
Model_1_goa_nr_2022.dat 6 2033 SSBLCI 22.8213
Model_1_goa_nr_2022.dat 6 2033 SSBUCI 30.1608
Model_1_goa_nr_2022.dat 6 2033 SSBMedian 25.2224
Model_1_goa_nr_2022.dat 6 2033 SSBMean 25.8034
Model_1_goa_nr_2022.dat 6 2034 SSBF100 82.3497
Model_1_goa_nr_2022.dat 6 2034 SSBFabc 32.9399
Model_1_goa_nr_2022.dat 6 2034 SSBFofl 28.8224
Model_1_goa_nr_2022.dat 6 2034 SSBLCI 22.5679
Model_1_goa_nr_2022.dat 6 2034 SSBUCI 31.8051
Model_1_goa_nr_2022.dat 6 2034 SSBMedian 25.7124
Model_1_goa_nr_2022.dat 6 2034 SSBMean 26.3543
Model_1_goa_nr_2022.dat 6 2035 SSBF100 82.3497
Model_1_goa_nr_2022.dat 6 2035 SSBFabc 32.9399
Model_1_goa_nr_2022.dat 6 2035 SSBFofl 28.8224
Model_1_goa_nr_2022.dat 6 2035 SSBLCI 22.548
Model_1_goa_nr_2022.dat 6 2035 SSBUCI 33.0601
Model_1_goa_nr_2022.dat 6 2035 SSBMedian 26.2578
Model_1_goa_nr_2022.dat 6 2035 SSBMean 26.94
Model_1_goa_nr_2022.dat 6 2022 F0 0 
Model_1_goa_nr_2022.dat 6 2022 Fabc 0.0612999
Model_1_goa_nr_2022.dat 6 2022 Fofl 0.0736157
Model_1_goa_nr_2022.dat 6 2022  F_LCI 0.0233027
Model_1_goa_nr_2022.dat 6 2022  F_UCI 0.0233027
Model_1_goa_nr_2022.dat 6 2022  F_Median 0.0233027
Model_1_goa_nr_2022.dat 6 2022  F_Mean 0.0233027
Model_1_goa_nr_2022.dat 6 2023 F0 0 
Model_1_goa_nr_2022.dat 6 2023 Fabc 0.0612999
Model_1_goa_nr_2022.dat 6 2023 Fofl 0.0736157
Model_1_goa_nr_2022.dat 6 2023  F_LCI 0.0736156
Model_1_goa_nr_2022.dat 6 2023  F_UCI 0.0736156
Model_1_goa_nr_2022.dat 6 2023  F_Median 0.0736156
Model_1_goa_nr_2022.dat 6 2023  F_Mean 0.0736156
Model_1_goa_nr_2022.dat 6 2024 F0 0 
Model_1_goa_nr_2022.dat 6 2024 Fabc 0.0612999
Model_1_goa_nr_2022.dat 6 2024 Fofl 0.0736157
Model_1_goa_nr_2022.dat 6 2024  F_LCI 0.0736156
Model_1_goa_nr_2022.dat 6 2024  F_UCI 0.0736156
Model_1_goa_nr_2022.dat 6 2024  F_Median 0.0736156
Model_1_goa_nr_2022.dat 6 2024  F_Mean 0.0736156
Model_1_goa_nr_2022.dat 6 2025 F0 0 
Model_1_goa_nr_2022.dat 6 2025 Fabc 0.0612999
Model_1_goa_nr_2022.dat 6 2025 Fofl 0.0736157
Model_1_goa_nr_2022.dat 6 2025  F_LCI 0.0725784
Model_1_goa_nr_2022.dat 6 2025  F_UCI 0.0726686
Model_1_goa_nr_2022.dat 6 2025  F_Median 0.0726015
Model_1_goa_nr_2022.dat 6 2025  F_Mean 0.07261
Model_1_goa_nr_2022.dat 6 2026 F0 0 
Model_1_goa_nr_2022.dat 6 2026 Fabc 0.0612999
Model_1_goa_nr_2022.dat 6 2026 Fofl 0.0736157
Model_1_goa_nr_2022.dat 6 2026  F_LCI 0.0667434
Model_1_goa_nr_2022.dat 6 2026  F_UCI 0.0669957
Model_1_goa_nr_2022.dat 6 2026  F_Median 0.0668089
Model_1_goa_nr_2022.dat 6 2026  F_Mean 0.0668321
Model_1_goa_nr_2022.dat 6 2027 F0 0 
Model_1_goa_nr_2022.dat 6 2027 Fabc 0.0612999
Model_1_goa_nr_2022.dat 6 2027 Fofl 0.0736157
Model_1_goa_nr_2022.dat 6 2027  F_LCI 0.0621526
Model_1_goa_nr_2022.dat 6 2027  F_UCI 0.0627653
Model_1_goa_nr_2022.dat 6 2027  F_Median 0.0623141
Model_1_goa_nr_2022.dat 6 2027  F_Mean 0.0623745
Model_1_goa_nr_2022.dat 6 2028 F0 0 
Model_1_goa_nr_2022.dat 6 2028 Fabc 0.0612999
Model_1_goa_nr_2022.dat 6 2028 Fofl 0.0736157
Model_1_goa_nr_2022.dat 6 2028  F_LCI 0.0585783
Model_1_goa_nr_2022.dat 6 2028  F_UCI 0.0599697
Model_1_goa_nr_2022.dat 6 2028  F_Median 0.0589425
Model_1_goa_nr_2022.dat 6 2028  F_Mean 0.0590842
Model_1_goa_nr_2022.dat 6 2029 F0 0 
Model_1_goa_nr_2022.dat 6 2029 Fabc 0.0612999
Model_1_goa_nr_2022.dat 6 2029 Fofl 0.0736157
Model_1_goa_nr_2022.dat 6 2029  F_LCI 0.0558087
Model_1_goa_nr_2022.dat 6 2029  F_UCI 0.0586713
Model_1_goa_nr_2022.dat 6 2029  F_Median 0.0565943
Model_1_goa_nr_2022.dat 6 2029  F_Mean 0.0568652
Model_1_goa_nr_2022.dat 6 2030 F0 0 
Model_1_goa_nr_2022.dat 6 2030 Fabc 0.0612999
Model_1_goa_nr_2022.dat 6 2030 Fofl 0.0736157
Model_1_goa_nr_2022.dat 6 2030  F_LCI 0.0536444
Model_1_goa_nr_2022.dat 6 2030  F_UCI 0.058936
Model_1_goa_nr_2022.dat 6 2030  F_Median 0.0551647
Model_1_goa_nr_2022.dat 6 2030  F_Mean 0.0556485
Model_1_goa_nr_2022.dat 6 2031 F0 0 
Model_1_goa_nr_2022.dat 6 2031 Fabc 0.0612999
Model_1_goa_nr_2022.dat 6 2031 Fofl 0.0736157
Model_1_goa_nr_2022.dat 6 2031  F_LCI 0.0519699
Model_1_goa_nr_2022.dat 6 2031  F_UCI 0.0607365
Model_1_goa_nr_2022.dat 6 2031  F_Median 0.0545563
Model_1_goa_nr_2022.dat 6 2031  F_Mean 0.0553469
Model_1_goa_nr_2022.dat 6 2032 F0 0 
Model_1_goa_nr_2022.dat 6 2032 Fabc 0.0612999
Model_1_goa_nr_2022.dat 6 2032 Fofl 0.0736157
Model_1_goa_nr_2022.dat 6 2032  F_LCI 0.0507391
Model_1_goa_nr_2022.dat 6 2032  F_UCI 0.0639564
Model_1_goa_nr_2022.dat 6 2032  F_Median 0.0547463
Model_1_goa_nr_2022.dat 6 2032  F_Mean 0.0557846
Model_1_goa_nr_2022.dat 6 2033 F0 0 
Model_1_goa_nr_2022.dat 6 2033 Fabc 0.0612999
Model_1_goa_nr_2022.dat 6 2033 Fofl 0.0736157
Model_1_goa_nr_2022.dat 6 2033  F_LCI 0.049812
Model_1_goa_nr_2022.dat 6 2033  F_UCI 0.067078
Model_1_goa_nr_2022.dat 6 2033  F_Median 0.0554605
Model_1_goa_nr_2022.dat 6 2033  F_Mean 0.0567189
Model_1_goa_nr_2022.dat 6 2034 F0 0 
Model_1_goa_nr_2022.dat 6 2034 Fabc 0.0612999
Model_1_goa_nr_2022.dat 6 2034 Fofl 0.0736157
Model_1_goa_nr_2022.dat 6 2034  F_LCI 0.0492157
Model_1_goa_nr_2022.dat 6 2034  F_UCI 0.0709463
Model_1_goa_nr_2022.dat 6 2034  F_Median 0.0566131
Model_1_goa_nr_2022.dat 6 2034  F_Mean 0.0578945
Model_1_goa_nr_2022.dat 6 2035 F0 0 
Model_1_goa_nr_2022.dat 6 2035 Fabc 0.0612999
Model_1_goa_nr_2022.dat 6 2035 Fofl 0.0736157
Model_1_goa_nr_2022.dat 6 2035  F_LCI 0.049169
Model_1_goa_nr_2022.dat 6 2035  F_UCI 0.0736157
Model_1_goa_nr_2022.dat 6 2035  F_Median 0.0578962
Model_1_goa_nr_2022.dat 6 2035  F_Mean 0.0591275
Model_1_goa_nr_2022.dat 7 2022 Cabc 4.75074
Model_1_goa_nr_2022.dat 7 2022 Cofl 5.07516
Model_1_goa_nr_2022.dat 7 2022 CLCI 2.00264
Model_1_goa_nr_2022.dat 7 2022 CUCI 2.00264
Model_1_goa_nr_2022.dat 7 2022 CMedian 2.00264
Model_1_goa_nr_2022.dat 7 2022 CMean 2.00264
Model_1_goa_nr_2022.dat 7 2023 Cabc 4.75074
Model_1_goa_nr_2022.dat 7 2023 Cofl 5.07516
Model_1_goa_nr_2022.dat 7 2023 CLCI 4.9645
Model_1_goa_nr_2022.dat 7 2023 CUCI 4.96451
Model_1_goa_nr_2022.dat 7 2023 CMedian 4.96451
Model_1_goa_nr_2022.dat 7 2023 CMean 4.96451
Model_1_goa_nr_2022.dat 7 2024 Cabc 4.75074
Model_1_goa_nr_2022.dat 7 2024 Cofl 5.07516
Model_1_goa_nr_2022.dat 7 2024 CLCI 4.61086
Model_1_goa_nr_2022.dat 7 2024 CUCI 4.61093
Model_1_goa_nr_2022.dat 7 2024 CMedian 4.61088
Model_1_goa_nr_2022.dat 7 2024 CMean 4.61088
Model_1_goa_nr_2022.dat 7 2025 Cabc 4.75074
Model_1_goa_nr_2022.dat 7 2025 Cofl 5.07516
Model_1_goa_nr_2022.dat 7 2025 CLCI 5.14854
Model_1_goa_nr_2022.dat 7 2025 CUCI 5.14915
Model_1_goa_nr_2022.dat 7 2025 CMedian 5.14867
Model_1_goa_nr_2022.dat 7 2025 CMean 5.14873
Model_1_goa_nr_2022.dat 7 2026 Cabc 4.75074
Model_1_goa_nr_2022.dat 7 2026 Cofl 5.07516
Model_1_goa_nr_2022.dat 7 2026 CLCI 4.46534
Model_1_goa_nr_2022.dat 7 2026 CUCI 4.48511
Model_1_goa_nr_2022.dat 7 2026 CMedian 4.47048
Model_1_goa_nr_2022.dat 7 2026 CMean 4.47233
Model_1_goa_nr_2022.dat 7 2027 Cabc 4.75074
Model_1_goa_nr_2022.dat 7 2027 Cofl 5.07516
Model_1_goa_nr_2022.dat 7 2027 CLCI 3.93244
Model_1_goa_nr_2022.dat 7 2027 CUCI 3.98897
Model_1_goa_nr_2022.dat 7 2027 CMedian 3.9471
Model_1_goa_nr_2022.dat 7 2027 CMean 3.95255
Model_1_goa_nr_2022.dat 7 2028 Cabc 4.75074
Model_1_goa_nr_2022.dat 7 2028 Cofl 5.07516
Model_1_goa_nr_2022.dat 7 2028 CLCI 3.54238
Model_1_goa_nr_2022.dat 7 2028 CUCI 3.71731
Model_1_goa_nr_2022.dat 7 2028 CMedian 3.58659
Model_1_goa_nr_2022.dat 7 2028 CMean 3.60402
Model_1_goa_nr_2022.dat 7 2029 Cabc 4.75074
Model_1_goa_nr_2022.dat 7 2029 Cofl 5.07516
Model_1_goa_nr_2022.dat 7 2029 CLCI 3.23498
Model_1_goa_nr_2022.dat 7 2029 CUCI 3.74496
Model_1_goa_nr_2022.dat 7 2029 CMedian 3.36425
Model_1_goa_nr_2022.dat 7 2029 CMean 3.41232
Model_1_goa_nr_2022.dat 7 2030 Cabc 4.75074
Model_1_goa_nr_2022.dat 7 2030 Cofl 5.07516
Model_1_goa_nr_2022.dat 7 2030 CLCI 2.98622
Model_1_goa_nr_2022.dat 7 2030 CUCI 4.01916
Model_1_goa_nr_2022.dat 7 2030 CMedian 3.25456
Model_1_goa_nr_2022.dat 7 2030 CMean 3.36366
Model_1_goa_nr_2022.dat 7 2031 Cabc 4.75074
Model_1_goa_nr_2022.dat 7 2031 Cofl 5.07516
Model_1_goa_nr_2022.dat 7 2031 CLCI 2.79667
Model_1_goa_nr_2022.dat 7 2031 CUCI 4.49088
Model_1_goa_nr_2022.dat 7 2031 CMedian 3.25051
Model_1_goa_nr_2022.dat 7 2031 CMean 3.41653
Model_1_goa_nr_2022.dat 7 2032 Cabc 4.75074
Model_1_goa_nr_2022.dat 7 2032 Cofl 5.07516
Model_1_goa_nr_2022.dat 7 2032 CLCI 2.6924
Model_1_goa_nr_2022.dat 7 2032 CUCI 4.97086
Model_1_goa_nr_2022.dat 7 2032 CMedian 3.31872
Model_1_goa_nr_2022.dat 7 2032 CMean 3.53191
Model_1_goa_nr_2022.dat 7 2033 Cabc 4.75074
Model_1_goa_nr_2022.dat 7 2033 Cofl 5.07516
Model_1_goa_nr_2022.dat 7 2033 CLCI 2.61331
Model_1_goa_nr_2022.dat 7 2033 CUCI 5.40189
Model_1_goa_nr_2022.dat 7 2033 CMedian 3.43376
Model_1_goa_nr_2022.dat 7 2033 CMean 3.67699
Model_1_goa_nr_2022.dat 7 2034 Cabc 4.75074
Model_1_goa_nr_2022.dat 7 2034 Cofl 5.07516
Model_1_goa_nr_2022.dat 7 2034 CLCI 2.57376
Model_1_goa_nr_2022.dat 7 2034 CUCI 5.75815
Model_1_goa_nr_2022.dat 7 2034 CMedian 3.60296
Model_1_goa_nr_2022.dat 7 2034 CMean 3.82988
Model_1_goa_nr_2022.dat 7 2035 Cabc 4.75074
Model_1_goa_nr_2022.dat 7 2035 Cofl 5.07516
Model_1_goa_nr_2022.dat 7 2035 CLCI 2.57052
Model_1_goa_nr_2022.dat 7 2035 CUCI 6.10491
Model_1_goa_nr_2022.dat 7 2035 CMedian 3.76382
Model_1_goa_nr_2022.dat 7 2035 CMean 3.98432
Model_1_goa_nr_2022.dat 7 2022 SSBF100 82.3497
Model_1_goa_nr_2022.dat 7 2022 SSBFabc 32.9399
Model_1_goa_nr_2022.dat 7 2022 SSBFofl 28.8224
Model_1_goa_nr_2022.dat 7 2022 SSBLCI 41.3992
Model_1_goa_nr_2022.dat 7 2022 SSBUCI 41.3992
Model_1_goa_nr_2022.dat 7 2022 SSBMedian 41.3992
Model_1_goa_nr_2022.dat 7 2022 SSBMean 41.3992
Model_1_goa_nr_2022.dat 7 2023 SSBF100 82.3497
Model_1_goa_nr_2022.dat 7 2023 SSBFabc 32.9399
Model_1_goa_nr_2022.dat 7 2023 SSBFofl 28.8224
Model_1_goa_nr_2022.dat 7 2023 SSBLCI 39.0684
Model_1_goa_nr_2022.dat 7 2023 SSBUCI 39.0708
Model_1_goa_nr_2022.dat 7 2023 SSBMedian 39.0689
Model_1_goa_nr_2022.dat 7 2023 SSBMean 39.0691
Model_1_goa_nr_2022.dat 7 2024 SSBF100 82.3497
Model_1_goa_nr_2022.dat 7 2024 SSBFabc 32.9399
Model_1_goa_nr_2022.dat 7 2024 SSBFofl 28.8224
Model_1_goa_nr_2022.dat 7 2024 SSBLCI 36.0555
Model_1_goa_nr_2022.dat 7 2024 SSBUCI 36.0672
Model_1_goa_nr_2022.dat 7 2024 SSBMedian 36.0583
Model_1_goa_nr_2022.dat 7 2024 SSBMean 36.0594
Model_1_goa_nr_2022.dat 7 2025 SSBF100 82.3497
Model_1_goa_nr_2022.dat 7 2025 SSBFabc 32.9399
Model_1_goa_nr_2022.dat 7 2025 SSBFofl 28.8224
Model_1_goa_nr_2022.dat 7 2025 SSBLCI 33.2762
Model_1_goa_nr_2022.dat 7 2025 SSBUCI 33.3155
Model_1_goa_nr_2022.dat 7 2025 SSBMedian 33.2862
Model_1_goa_nr_2022.dat 7 2025 SSBMean 33.2899
Model_1_goa_nr_2022.dat 7 2026 SSBF100 82.3497
Model_1_goa_nr_2022.dat 7 2026 SSBFabc 32.9399
Model_1_goa_nr_2022.dat 7 2026 SSBFofl 28.8224
Model_1_goa_nr_2022.dat 7 2026 SSBLCI 30.6845
Model_1_goa_nr_2022.dat 7 2026 SSBUCI 30.7943
Model_1_goa_nr_2022.dat 7 2026 SSBMedian 30.713
Model_1_goa_nr_2022.dat 7 2026 SSBMean 30.723
Model_1_goa_nr_2022.dat 7 2027 SSBF100 82.3497
Model_1_goa_nr_2022.dat 7 2027 SSBFabc 32.9399
Model_1_goa_nr_2022.dat 7 2027 SSBFofl 28.8224
Model_1_goa_nr_2022.dat 7 2027 SSBLCI 28.6278
Model_1_goa_nr_2022.dat 7 2027 SSBUCI 28.8903
Model_1_goa_nr_2022.dat 7 2027 SSBMedian 28.697
Model_1_goa_nr_2022.dat 7 2027 SSBMean 28.7228
Model_1_goa_nr_2022.dat 7 2028 SSBF100 82.3497
Model_1_goa_nr_2022.dat 7 2028 SSBFabc 32.9399
Model_1_goa_nr_2022.dat 7 2028 SSBFofl 28.8224
Model_1_goa_nr_2022.dat 7 2028 SSBLCI 27.0209
Model_1_goa_nr_2022.dat 7 2028 SSBUCI 27.6135
Model_1_goa_nr_2022.dat 7 2028 SSBMedian 27.176
Model_1_goa_nr_2022.dat 7 2028 SSBMean 27.2364
Model_1_goa_nr_2022.dat 7 2029 SSBF100 82.3497
Model_1_goa_nr_2022.dat 7 2029 SSBFabc 32.9399
Model_1_goa_nr_2022.dat 7 2029 SSBFofl 28.8224
Model_1_goa_nr_2022.dat 7 2029 SSBLCI 25.7695
Model_1_goa_nr_2022.dat 7 2029 SSBUCI 26.9865
Model_1_goa_nr_2022.dat 7 2029 SSBMedian 26.1035
Model_1_goa_nr_2022.dat 7 2029 SSBMean 26.2186
Model_1_goa_nr_2022.dat 7 2030 SSBF100 82.3497
Model_1_goa_nr_2022.dat 7 2030 SSBFabc 32.9399
Model_1_goa_nr_2022.dat 7 2030 SSBFofl 28.8224
Model_1_goa_nr_2022.dat 7 2030 SSBLCI 24.7864
Model_1_goa_nr_2022.dat 7 2030 SSBUCI 27.0335
Model_1_goa_nr_2022.dat 7 2030 SSBMedian 25.432
Model_1_goa_nr_2022.dat 7 2030 SSBMean 25.6375
Model_1_goa_nr_2022.dat 7 2031 SSBF100 82.3497
Model_1_goa_nr_2022.dat 7 2031 SSBFabc 32.9399
Model_1_goa_nr_2022.dat 7 2031 SSBFofl 28.8224
Model_1_goa_nr_2022.dat 7 2031 SSBLCI 24.0209
Model_1_goa_nr_2022.dat 7 2031 SSBUCI 27.7411
Model_1_goa_nr_2022.dat 7 2031 SSBMedian 25.1191
Model_1_goa_nr_2022.dat 7 2031 SSBMean 25.4553
Model_1_goa_nr_2022.dat 7 2032 SSBF100 82.3497
Model_1_goa_nr_2022.dat 7 2032 SSBFabc 32.9399
Model_1_goa_nr_2022.dat 7 2032 SSBFofl 28.8224
Model_1_goa_nr_2022.dat 7 2032 SSBLCI 23.4528
Model_1_goa_nr_2022.dat 7 2032 SSBUCI 29.0599
Model_1_goa_nr_2022.dat 7 2032 SSBMedian 25.1517
Model_1_goa_nr_2022.dat 7 2032 SSBMean 25.6068
Model_1_goa_nr_2022.dat 7 2033 SSBF100 82.3497
Model_1_goa_nr_2022.dat 7 2033 SSBFabc 32.9399
Model_1_goa_nr_2022.dat 7 2033 SSBFofl 28.8224
Model_1_goa_nr_2022.dat 7 2033 SSBLCI 23.0198
Model_1_goa_nr_2022.dat 7 2033 SSBUCI 30.3415
Model_1_goa_nr_2022.dat 7 2033 SSBMedian 25.4159
Model_1_goa_nr_2022.dat 7 2033 SSBMean 25.9946
Model_1_goa_nr_2022.dat 7 2034 SSBF100 82.3497
Model_1_goa_nr_2022.dat 7 2034 SSBFabc 32.9399
Model_1_goa_nr_2022.dat 7 2034 SSBFofl 28.8224
Model_1_goa_nr_2022.dat 7 2034 SSBLCI 22.7336
Model_1_goa_nr_2022.dat 7 2034 SSBUCI 31.9464
Model_1_goa_nr_2022.dat 7 2034 SSBMedian 25.8717
Model_1_goa_nr_2022.dat 7 2034 SSBMean 26.5104
Model_1_goa_nr_2022.dat 7 2035 SSBF100 82.3497
Model_1_goa_nr_2022.dat 7 2035 SSBFabc 32.9399
Model_1_goa_nr_2022.dat 7 2035 SSBFofl 28.8224
Model_1_goa_nr_2022.dat 7 2035 SSBLCI 22.6866
Model_1_goa_nr_2022.dat 7 2035 SSBUCI 33.1698
Model_1_goa_nr_2022.dat 7 2035 SSBMedian 26.3837
Model_1_goa_nr_2022.dat 7 2035 SSBMean 27.0666
Model_1_goa_nr_2022.dat 7 2022 F0 0 
Model_1_goa_nr_2022.dat 7 2022 Fabc 0.0612999
Model_1_goa_nr_2022.dat 7 2022 Fofl 0.0736157
Model_1_goa_nr_2022.dat 7 2022  F_LCI 0.0233027
Model_1_goa_nr_2022.dat 7 2022  F_UCI 0.0233027
Model_1_goa_nr_2022.dat 7 2022  F_Median 0.0233027
Model_1_goa_nr_2022.dat 7 2022  F_Mean 0.0233027
Model_1_goa_nr_2022.dat 7 2023 F0 0 
Model_1_goa_nr_2022.dat 7 2023 Fabc 0.0612999
Model_1_goa_nr_2022.dat 7 2023 Fofl 0.0736157
Model_1_goa_nr_2022.dat 7 2023  F_LCI 0.0612999
Model_1_goa_nr_2022.dat 7 2023  F_UCI 0.0612999
Model_1_goa_nr_2022.dat 7 2023  F_Median 0.0612999
Model_1_goa_nr_2022.dat 7 2023  F_Mean 0.0612999
Model_1_goa_nr_2022.dat 7 2024 F0 0 
Model_1_goa_nr_2022.dat 7 2024 Fabc 0.0612999
Model_1_goa_nr_2022.dat 7 2024 Fofl 0.0736157
Model_1_goa_nr_2022.dat 7 2024  F_LCI 0.0612999
Model_1_goa_nr_2022.dat 7 2024  F_UCI 0.0612999
Model_1_goa_nr_2022.dat 7 2024  F_Median 0.0612999
Model_1_goa_nr_2022.dat 7 2024  F_Mean 0.0612999
Model_1_goa_nr_2022.dat 7 2025 F0 0 
Model_1_goa_nr_2022.dat 7 2025 Fabc 0.0612999
Model_1_goa_nr_2022.dat 7 2025 Fofl 0.0736157
Model_1_goa_nr_2022.dat 7 2025  F_LCI 0.0736157
Model_1_goa_nr_2022.dat 7 2025  F_UCI 0.0736157
Model_1_goa_nr_2022.dat 7 2025  F_Median 0.0736157
Model_1_goa_nr_2022.dat 7 2025  F_Mean 0.0736157
Model_1_goa_nr_2022.dat 7 2026 F0 0 
Model_1_goa_nr_2022.dat 7 2026 Fabc 0.0612999
Model_1_goa_nr_2022.dat 7 2026 Fofl 0.0736157
Model_1_goa_nr_2022.dat 7 2026  F_LCI 0.0683099
Model_1_goa_nr_2022.dat 7 2026  F_UCI 0.0685684
Model_1_goa_nr_2022.dat 7 2026  F_Median 0.068377
Model_1_goa_nr_2022.dat 7 2026  F_Mean 0.0684007
Model_1_goa_nr_2022.dat 7 2027 F0 0 
Model_1_goa_nr_2022.dat 7 2027 Fabc 0.0612999
Model_1_goa_nr_2022.dat 7 2027 Fofl 0.0736157
Model_1_goa_nr_2022.dat 7 2027  F_LCI 0.0634717
Model_1_goa_nr_2022.dat 7 2027  F_UCI 0.0640892
Model_1_goa_nr_2022.dat 7 2027  F_Median 0.0636344
Model_1_goa_nr_2022.dat 7 2027  F_Mean 0.0636951
Model_1_goa_nr_2022.dat 7 2028 F0 0 
Model_1_goa_nr_2022.dat 7 2028 Fabc 0.0612999
Model_1_goa_nr_2022.dat 7 2028 Fofl 0.0736157
Model_1_goa_nr_2022.dat 7 2028  F_LCI 0.0596913
Model_1_goa_nr_2022.dat 7 2028  F_UCI 0.0610856
Model_1_goa_nr_2022.dat 7 2028  F_Median 0.0600563
Model_1_goa_nr_2022.dat 7 2028  F_Mean 0.0601983
Model_1_goa_nr_2022.dat 7 2029 F0 0 
Model_1_goa_nr_2022.dat 7 2029 Fabc 0.0612999
Model_1_goa_nr_2022.dat 7 2029 Fofl 0.0736157
Model_1_goa_nr_2022.dat 7 2029  F_LCI 0.0567475
Model_1_goa_nr_2022.dat 7 2029  F_UCI 0.0596104
Model_1_goa_nr_2022.dat 7 2029  F_Median 0.0575331
Model_1_goa_nr_2022.dat 7 2029  F_Mean 0.057804
Model_1_goa_nr_2022.dat 7 2030 F0 0 
Model_1_goa_nr_2022.dat 7 2030 Fabc 0.0612999
Model_1_goa_nr_2022.dat 7 2030 Fofl 0.0736157
Model_1_goa_nr_2022.dat 7 2030  F_LCI 0.0544347
Model_1_goa_nr_2022.dat 7 2030  F_UCI 0.0597211
Model_1_goa_nr_2022.dat 7 2030  F_Median 0.0559535
Model_1_goa_nr_2022.dat 7 2030  F_Mean 0.056437
Model_1_goa_nr_2022.dat 7 2031 F0 0 
Model_1_goa_nr_2022.dat 7 2031 Fabc 0.0612999
Model_1_goa_nr_2022.dat 7 2031 Fofl 0.0736157
Model_1_goa_nr_2022.dat 7 2031  F_LCI 0.052634
Model_1_goa_nr_2022.dat 7 2031  F_UCI 0.0613856
Model_1_goa_nr_2022.dat 7 2031  F_Median 0.0552175
Model_1_goa_nr_2022.dat 7 2031  F_Mean 0.0560045
Model_1_goa_nr_2022.dat 7 2032 F0 0 
Model_1_goa_nr_2022.dat 7 2032 Fabc 0.0612999
Model_1_goa_nr_2022.dat 7 2032 Fofl 0.0736157
Model_1_goa_nr_2022.dat 7 2032  F_LCI 0.0512975
Model_1_goa_nr_2022.dat 7 2032  F_UCI 0.0644881
Model_1_goa_nr_2022.dat 7 2032  F_Median 0.0552942
Model_1_goa_nr_2022.dat 7 2032  F_Mean 0.0563277
Model_1_goa_nr_2022.dat 7 2033 F0 0 
Model_1_goa_nr_2022.dat 7 2033 Fabc 0.0612999
Model_1_goa_nr_2022.dat 7 2033 Fofl 0.0736157
Model_1_goa_nr_2022.dat 7 2033  F_LCI 0.0502788
Model_1_goa_nr_2022.dat 7 2033  F_UCI 0.0675031
Model_1_goa_nr_2022.dat 7 2033  F_Median 0.0559157
Model_1_goa_nr_2022.dat 7 2033  F_Mean 0.0571608
Model_1_goa_nr_2022.dat 7 2034 F0 0 
Model_1_goa_nr_2022.dat 7 2034 Fabc 0.0612999
Model_1_goa_nr_2022.dat 7 2034 Fofl 0.0736157
Model_1_goa_nr_2022.dat 7 2034  F_LCI 0.0496055
Model_1_goa_nr_2022.dat 7 2034  F_UCI 0.0712786
Model_1_goa_nr_2022.dat 7 2034  F_Median 0.0569878
Model_1_goa_nr_2022.dat 7 2034  F_Mean 0.0582501
Model_1_goa_nr_2022.dat 7 2035 F0 0 
Model_1_goa_nr_2022.dat 7 2035 Fabc 0.0612999
Model_1_goa_nr_2022.dat 7 2035 Fofl 0.0736157
Model_1_goa_nr_2022.dat 7 2035  F_LCI 0.049495
Model_1_goa_nr_2022.dat 7 2035  F_UCI 0.0736157
Model_1_goa_nr_2022.dat 7 2035  F_Median 0.0581923
Model_1_goa_nr_2022.dat 7 2035  F_Mean 0.0594103
