Alternative 1 Catch
     Model_1_goa_nr_2022.dat 
Equil_Fabc 4.75074 
Year 
2022 1.89852 
2023 1.53579 
2024 4.81083 
2025 4.49365 
2026 4.17373 
2027 3.72766 
2028 3.42298 
2029 3.25249 
2030 3.20738 
2031 3.25128 
2032 3.35065 
2033 3.47471 
2034 3.60656 
2035 3.73877 

Alternative 1 ABCs
     Model_1_goa_nr_2022.dat 

Year 
2022  NA 
2023  NA 
2024 4.81083 
2025 4.49365 
2026 4.17373 
2027 3.72766 
2028 3.42298 
2029 3.25249 
2030 3.20738 
2031 3.25128 
2032 3.35065 
2033 3.47471 
2034 3.60656 
2035 3.73877 

Alternative 1 TACs
     Model_1_goa_nr_2022.dat 

Year 
2022  NA 
2023  NA 
2024 4.81083 
2025 4.49365 
2026 4.17373 
2027 3.72766 
2028 3.42298 
2029 3.25249 
2030 3.20738 
2031 3.25128 
2032 3.35065 
2033 3.47471 
2034 3.60656 
2035 3.73877 

Alternative 1 Sp_Biomass
     Model_1_goa_nr_2022.dat 
Equil_Fabc 32.9399 
Year 
2022 41.416 
2023 39.6729 
2024 37.6517 
2025 34.8779 
2026 32.4966 
2027 30.5534 
2028 29.0887 
2029 28.0716 
2030 27.4806 
2031 27.2867 
2032 27.4322 
2033 27.8249 
2034 28.3592 
2035 28.9471 

Alternative 1 Fishing Mortality
     Model_1_goa_nr_2022.dat 
Equil_Fabc 0.0612999 
Year 
2022 0.0220781 
2023 0.0185528 
2024 0.0612999 
2025 0.0612999 
2026 0.0604315 
2027 0.0566251 
2028 0.0537558 
2029 0.0517633 
2030 0.0506056 
2031 0.0502079 
2032 0.0504316 
2033 0.0510511 
2034 0.051879 
2035 0.0527419 

Alternative 1 Biomass
     Model_1_goa_nr_2022.dat 

Year 
2022 97.9501 
2023 95.5547 
2024 94.2252 
2025 90.4063 
2026 87.7552 
2027 86.1709 
2028 85.6652 
2029 86.0068 
2030 86.9439 
2031 88.2671 
2032 89.7587 
2033 91.3118 
2034 92.8068 
2035 94.1931 

Alternative 1 Implied SPR rate 
     Model_1_goa_nr_2022.dat 
Equil_Fabc 0.4 
Year 
2022 0.672837 
2023 0.712005 
2024 0.4 
2025 0.4 
2026 0.403957 
2027 0.422077 
2028 0.436631 
2029 0.447249 
2030 0.453689 
2031 0.456109 
2032 0.455187 
2033 0.452113 
2034 0.44791 
2035 0.443487 

  Model_1_goa_nr_2022.dat 
EquilAvgAgeF0  16.428 
EquilAvgAgeFabc  9.65465 
AvgAgeYr2035 10.4991 
Alternative 2 Catch
     Model_1_goa_nr_2022.dat 
Equil_Fabc 4.75074 
Year 
2022 1.89852 
2023 1.53579 
2024 4.81083 
2025 4.49365 
2026 4.17373 
2027 3.72766 
2028 3.42298 
2029 3.25249 
2030 3.20738 
2031 3.25128 
2032 3.35065 
2033 3.47471 
2034 3.60656 
2035 3.73877 

Alternative 2 ABCs
     Model_1_goa_nr_2022.dat 

Year 
2022  NA 
2023  NA 
2024 4.81083 
2025 4.49365 
2026 4.17373 
2027 3.72766 
2028 3.42298 
2029 3.25249 
2030 3.20738 
2031 3.25128 
2032 3.35065 
2033 3.47471 
2034 3.60656 
2035 3.73877 

Alternative 2 TACs
     Model_1_goa_nr_2022.dat 

Year 
2022  NA 
2023  NA 
2024 4.81083 
2025 4.49365 
2026 4.17373 
2027 3.72766 
2028 3.42298 
2029 3.25249 
2030 3.20738 
2031 3.25128 
2032 3.35065 
2033 3.47471 
2034 3.60656 
2035 3.73877 

Alternative 2 Sp_Biomass
     Model_1_goa_nr_2022.dat 
Equil_Fabc 32.9399 
Year 
2022 41.416 
2023 39.6729 
2024 37.6517 
2025 34.8779 
2026 32.4966 
2027 30.5534 
2028 29.0887 
2029 28.0716 
2030 27.4806 
2031 27.2867 
2032 27.4322 
2033 27.8249 
2034 28.3592 
2035 28.9471 

Alternative 2 Fishing Mortality
     Model_1_goa_nr_2022.dat 
Equil_Fabc 0.0612999 
Year 
2022 0.0220781 
2023 0.0185528 
2024 0.0612999 
2025 0.0612999 
2026 0.0604315 
2027 0.0566251 
2028 0.0537558 
2029 0.0517633 
2030 0.0506056 
2031 0.0502079 
2032 0.0504316 
2033 0.0510511 
2034 0.051879 
2035 0.0527419 

Alternative 2 Biomass
     Model_1_goa_nr_2022.dat 

Year 
2022 97.9501 
2023 95.5547 
2024 94.2252 
2025 90.4063 
2026 87.7552 
2027 86.1709 
2028 85.6652 
2029 86.0068 
2030 86.9439 
2031 88.2671 
2032 89.7587 
2033 91.3118 
2034 92.8068 
2035 94.1931 

Alternative 2 Implied SPR rate 
     Model_1_goa_nr_2022.dat 
Equil_Fabc 0.4 
Year 
2022 0.672837 
2023 0.712005 
2024 0.4 
2025 0.4 
2026 0.403957 
2027 0.422077 
2028 0.436631 
2029 0.447249 
2030 0.453689 
2031 0.456109 
2032 0.455187 
2033 0.452113 
2034 0.44791 
2035 0.443487 

  Model_1_goa_nr_2022.dat 
EquilAvgAgeF0  16.428 
EquilAvgAgeFabc  9.65465 
AvgAgeYr2035 10.4991 
Alternative 3 Catch
     Model_1_goa_nr_2022.dat 
Equil_Fabc 4.75074 
Year 
2022 1.89852 
2023 1.53579 
2024 2.44127 
2025 2.34831 
2026 2.27457 
2027 2.21996 
2028 2.1475 
2029 2.10751 
2030 2.12514 
2031 2.1811 
2032 2.25528 
2033 2.33216 
2034 2.40723 
2035 2.48223 

Alternative 3 ABCs
     Model_1_goa_nr_2022.dat 

Year 
2022  NA 
2023  NA 
2024 2.44127 
2025 2.34831 
2026 2.27457 
2027 2.21996 
2028 2.1475 
2029 2.10751 
2030 2.12514 
2031 2.1811 
2032 2.25528 
2033 2.33216 
2034 2.40723 
2035 2.48223 

Alternative 3 TACs
     Model_1_goa_nr_2022.dat 

Year 
2022  NA 
2023  NA 
2024 2.44127 
2025 2.34831 
2026 2.27457 
2027 2.21996 
2028 2.1475 
2029 2.10751 
2030 2.12514 
2031 2.1811 
2032 2.25528 
2033 2.33216 
2034 2.40723 
2035 2.48223 

Alternative 3 Sp_Biomass
     Model_1_goa_nr_2022.dat 
Equil_Fabc 32.9399 
Year 
2022 41.416 
2023 39.6729 
2024 38.0345 
2025 36.3062 
2026 34.8257 
2027 33.613 
2028 32.6964 
2029 32.1119 
2030 31.8798 
2031 32.0031 
2032 32.4536 
2033 33.1621 
2034 34.0353 
2035 34.9873 

Alternative 3 Fishing Mortality
     Model_1_goa_nr_2022.dat 
Equil_Fabc 0.0612999 
Year 
2022 0.0220781 
2023 0.0185528 
2024 0.0306499 
2025 0.0306499 
2026 0.0306499 
2027 0.0306499 
2028 0.0300911 
2029 0.0295239 
2030 0.0292598 
2031 0.0292401 
2032 0.0293644 
2033 0.0295303 
2034 0.0297073 
2035 0.0298791 

Alternative 3 Biomass
     Model_1_goa_nr_2022.dat 

Year 
2022 97.9501 
2023 95.5547 
2024 94.2252 
2025 92.751 
2026 92.1295 
2027 92.2502 
2028 92.9932 
2029 94.3036 
2030 96.0442 
2031 98.0829 
2032 100.259 
2033 102.505 
2034 104.724 
2035 106.872 

Alternative 3 Implied SPR rate 
     Model_1_goa_nr_2022.dat 
Equil_Fabc 0.4 
Year 
2022 0.672837 
2023 0.712005 
2024 0.591179 
2025 0.591179 
2026 0.591179 
2027 0.591179 
2028 0.595996 
2029 0.600961 
2030 0.603318 
2031 0.603536 
2032 0.602481 
2033 0.601045 
2034 0.599502 
2035 0.597999 

  Model_1_goa_nr_2022.dat 
EquilAvgAgeF0  16.428 
EquilAvgAgeFabc  9.65465 
AvgAgeYr2035 11.5512 
Alternative 4 Catch
     Model_1_goa_nr_2022.dat 
Equil_Fabc 4.75074 
Year 
2022 1.89852 
2023 1.53579 
2024 1.97547 
2025 1.91107 
2026 1.86116 
2027 1.8258 
2028 1.80689 
2029 1.81269 
2030 1.84679 
2031 1.89757 
2032 1.95491 
2033 2.01251 
2034 2.06841 
2035 2.12485 

Alternative 4 ABCs
     Model_1_goa_nr_2022.dat 

Year 
2022  NA 
2023  NA 
2024 1.97547 
2025 1.91107 
2026 1.86116 
2027 1.8258 
2028 1.80689 
2029 1.81269 
2030 1.84679 
2031 1.89757 
2032 1.95491 
2033 2.01251 
2034 2.06841 
2035 2.12485 

Alternative 4 TACs
     Model_1_goa_nr_2022.dat 

Year 
2022  NA 
2023  NA 
2024 1.97547 
2025 1.91107 
2026 1.86116 
2027 1.8258 
2028 1.80689 
2029 1.81269 
2030 1.84679 
2031 1.89757 
2032 1.95491 
2033 2.01251 
2034 2.06841 
2035 2.12485 

Alternative 4 Sp_Biomass
     Model_1_goa_nr_2022.dat 
Equil_Fabc 32.9399 
Year 
2022 41.416 
2023 39.6729 
2024 38.1089 
2025 36.5888 
2026 35.2966 
2027 34.255 
2028 33.4885 
2029 33.0247 
2030 32.8908 
2031 33.1025 
2032 33.6418 
2033 34.4456 
2034 35.4223 
2035 36.4856 

Alternative 4 Fishing Mortality
     Model_1_goa_nr_2022.dat 
Equil_Fabc 0.0612999 
Year 
2022 0.0220781 
2023 0.0185528 
2024 0.0247309 
2025 0.0247309 
2026 0.0247309 
2027 0.0247309 
2028 0.0247309 
2029 0.0247309 
2030 0.0247309 
2031 0.0247309 
2032 0.0247309 
2033 0.0247309 
2034 0.0247309 
2035 0.0247309 

Alternative 4 Biomass
     Model_1_goa_nr_2022.dat 

Year 
2022 97.9501 
2023 95.5547 
2024 94.2252 
2025 93.2119 
2026 93.0047 
2027 93.4996 
2028 94.5826 
2029 96.1666 
2030 98.1248 
2031 100.357 
2032 102.726 
2033 105.177 
2034 107.613 
2035 109.993 

Alternative 4 Implied SPR rate 
     Model_1_goa_nr_2022.dat 
Equil_Fabc 0.4 
Year 
2022 0.672837 
2023 0.712005 
2024 0.645662 
2025 0.645662 
2026 0.645662 
2027 0.645662 
2028 0.645662 
2029 0.645662 
2030 0.645662 
2031 0.645662 
2032 0.645662 
2033 0.645662 
2034 0.645662 
2035 0.645662 

  Model_1_goa_nr_2022.dat 
EquilAvgAgeF0  16.428 
EquilAvgAgeFabc  9.65465 
AvgAgeYr2035 11.7942 
Alternative 5 Catch
     Model_1_goa_nr_2022.dat 
Equil_Fabc 4.75074 
Year 
2022 1.89852 
2023 1.53579 
2024  NA 
2025  NA 
2026  NA 
2027  NA 
2028  NA 
2029  NA 
2030  NA 
2031  NA 
2032  NA 
2033  NA 
2034  NA 
2035  NA 

Alternative 5 ABCs
     Model_1_goa_nr_2022.dat 

Year 
2022  NA 
2023  NA 
2024  NA 
2025  NA 
2026  NA 
2027  NA 
2028  NA 
2029  NA 
2030  NA 
2031  NA 
2032  NA 
2033  NA 
2034  NA 
2035  NA 

Alternative 5 TACs
     Model_1_goa_nr_2022.dat 

Year 
2022  NA 
2023  NA 
2024  NA 
2025  NA 
2026  NA 
2027  NA 
2028  NA 
2029  NA 
2030  NA 
2031  NA 
2032  NA 
2033  NA 
2034  NA 
2035  NA 

Alternative 5 Sp_Biomass
     Model_1_goa_nr_2022.dat 
Equil_Fabc 32.9399 
Year 
2022 41.416 
2023 39.6729 
2024 38.4213 
2025 37.7938 
2026 37.3356 
2027 37.0766 
2028 37.0487 
2029 37.2872 
2030 37.8291 
2031 38.7036 
2032 39.9074 
2033 41.3882 
2034 43.0582 
2035 44.828 

Alternative 5 Fishing Mortality
     Model_1_goa_nr_2022.dat 
Equil_Fabc 0.0612999 
Year 
2022 0.0220781 
2023 0.0185528 
2024  NA 
2025  NA 
2026  NA 
2027  NA 
2028  NA 
2029  NA 
2030  NA 
2031  NA 
2032  NA 
2033  NA 
2034  NA 
2035  NA 

Alternative 5 Biomass
     Model_1_goa_nr_2022.dat 

Year 
2022 97.9501 
2023 95.5547 
2024 94.2252 
2025 95.1671 
2026 96.7731 
2027 98.9583 
2028 101.628 
2029 104.717 
2030 108.129 
2031 111.798 
2032 115.605 
2033 119.504 
2034 123.396 
2035 127.234 

Alternative 5 Implied SPR rate 
     Model_1_goa_nr_2022.dat 
Equil_Fabc 0.4 
Year 
2022 0.672837 
2023 0.712005 
2024 1 
2025 1 
2026 1 
2027 1 
2028 1 
2029 1 
2030 1 
2031 1 
2032 1 
2033 1 
2034 1 
2035 1 

  Model_1_goa_nr_2022.dat 
EquilAvgAgeF0  16.428 
EquilAvgAgeFabc  9.65465 
AvgAgeYr2035 13.0485 
Alternative 6 Catch
     Model_1_goa_nr_2022.dat 
Equil_Fabc 4.75074 
Year 
2022 1.89852 
2023 5.93368 
2024 5.44581 
2025 4.97509 
2026 4.28931 
2027 3.80821 
2028 3.48815 
2029 3.31756 
2030 3.28483 
2031 3.35052 
2032 3.47674 
2033 3.63136 
2034 3.79245 
2035 3.95392 

Alternative 6 ABCs
     Model_1_goa_nr_2022.dat 

Year 
2022 6.17422 
2023 5.93368 
2024 5.44581 
2025 4.97509 
2026 4.28931 
2027 3.80821 
2028 3.48815 
2029 3.31756 
2030 3.28483 
2031 3.35052 
2032 3.47674 
2033 3.63136 
2034 3.79245 
2035 3.95392 

Alternative 6 TACs
     Model_1_goa_nr_2022.dat 

Year 
2022  NA 
2023 5.93368 
2024 5.44581 
2025 4.97509 
2026 4.28931 
2027 3.80821 
2028 3.48815 
2029 3.31756 
2030 3.28483 
2031 3.35052 
2032 3.47674 
2033 3.63136 
2034 3.79245 
2035 3.95392 

Alternative 6 Sp_Biomass
     Model_1_goa_nr_2022.dat 
Equil_Fabc 32.9399 
Year 
2022 41.416 
2023 38.9574 
2024 35.5235 
2025 32.5493 
2026 30.087 
2027 28.187 
2028 26.7842 
2029 25.8374 
2030 25.3172 
2031 25.1876 
2032 25.3847 
2033 25.8118 
2034 26.3611 
2035 26.9455 

Alternative 6 Fishing Mortality
     Model_1_goa_nr_2022.dat 
Equil_Fabc 0.0612999 
Year 
2022 0.0220781 
2023 0.0736156 
2024 0.0736157 
2025 0.072697 
2026 0.0669043 
2027 0.0624347 
2028 0.0591346 
2029 0.0569072 
2030 0.0556836 
2031 0.055376 
2032 0.0558085 
2033 0.0567383 
2034 0.0579101 
2035 0.0591398 

Alternative 6 Biomass
     Model_1_goa_nr_2022.dat 

Year 
2022 97.9501 
2023 95.5547 
2024 89.8781 
2025 85.6136 
2026 82.6926 
2027 81.2168 
2028 80.8537 
2029 81.3492 
2030 82.4342 
2031 83.8851 
2032 85.4741 
2033 87.0892 
2034 88.6081 
2035 89.9828 

Alternative 6 Implied SPR rate 
     Model_1_goa_nr_2022.dat 
Equil_Fabc 0.4 
Year 
2022 0.672837 
2023 0.35 
2024 0.35 
2025 0.353373 
2026 0.375904 
2027 0.394924 
2028 0.409997 
2029 0.420735 
2030 0.426924 
2031 0.428744 
2032 0.426994 
2033 0.422875 
2034 0.417613 
2035 0.412086 

  Model_1_goa_nr_2022.dat 
EquilAvgAgeF0  16.428 
EquilAvgAgeFabc  9.65465 
AvgAgeYr2035 10.0849 
Alternative 7 Catch
     Model_1_goa_nr_2022.dat 
Equil_Fabc 4.75074 
Year 
2022 1.89852 
2023 4.97041 
2024 4.61622 
2025 5.15446 
2026 4.48212 
2027 3.96018 
2028 3.61009 
2029 3.41724 
2030 3.36772 
2031 3.4199 
2032 3.53471 
2033 3.6793 
2034 3.83177 
2035 3.98584 

Alternative 7 ABCs
     Model_1_goa_nr_2022.dat 

Year 
2022 6.17422 
2023 5.93368 
2024 5.51094 
2025 5.15446 
2026 4.48212 
2027 3.96018 
2028 3.61009 
2029 3.41724 
2030 3.36772 
2031 3.4199 
2032 3.53471 
2033 3.6793 
2034 3.83177 
2035 3.98584 

Alternative 7 TACs
     Model_1_goa_nr_2022.dat 

Year 
2022  NA 
2023 5.93368 
2024 5.51094 
2025 5.15446 
2026 4.48212 
2027 3.96018 
2028 3.61009 
2029 3.41724 
2030 3.36772 
2031 3.4199 
2032 3.53471 
2033 3.6793 
2034 3.83177 
2035 3.98584 

Alternative 7 Sp_Biomass
     Model_1_goa_nr_2022.dat 
Equil_Fabc 32.9399 
Year 
2022 41.416 
2023 39.1163 
2024 36.1024 
2025 33.3288 
2026 30.757 
2027 28.7511 
2028 27.26 
2029 26.2383 
2030 25.654 
2031 25.4689 
2032 25.6181 
2033 26.0039 
2034 26.518 
2035 27.0727 

Alternative 7 Fishing Mortality
     Model_1_goa_nr_2022.dat 
Equil_Fabc 0.0612999 
Year 
2022 0.0220781 
2023 0.0612999 
2024 0.0612999 
2025 0.0736157 
2026 0.0684805 
2027 0.0637616 
2028 0.0602538 
2029 0.0578504 
2030 0.0564757 
2031 0.0560366 
2032 0.0563541 
2033 0.0571822 
2034 0.0582672 
2035 0.0594239 

Alternative 7 Biomass
     Model_1_goa_nr_2022.dat 

Year 
2022 97.9501 
2023 95.5547 
2024 90.8301 
2025 87.3465 
2026 84.1745 
2027 82.4416 
2028 81.87 
2029 82.194 
2030 83.1356 
2031 84.4651 
2032 85.9511 
2033 87.479 
2034 88.9248 
2035 90.2386 

Alternative 7 Implied SPR rate 
     Model_1_goa_nr_2022.dat 
Equil_Fabc 0.4 
Year 
2022 0.672837 
2023 0.4 
2024 0.4 
2025 0.35 
2026 0.369548 
2027 0.389119 
2028 0.404785 
2029 0.416147 
2030 0.422973 
2031 0.425418 
2032 0.424255 
2033 0.420667 
2034 0.41586 
2035 0.41071 

  Model_1_goa_nr_2022.dat 
EquilAvgAgeF0  16.428 
EquilAvgAgeFabc  9.65465 
AvgAgeYr2035 10.1251 
