Model_1_goa_nr_2022.dat 1 2022 Cabc 4.75074
Model_1_goa_nr_2022.dat 1 2022 Cofl 5.07516
Model_1_goa_nr_2022.dat 1 2022 CLCI 1.89852
Model_1_goa_nr_2022.dat 1 2022 CUCI 1.89852
Model_1_goa_nr_2022.dat 1 2022 CMedian 1.89852
Model_1_goa_nr_2022.dat 1 2022 CMean 1.89852
Model_1_goa_nr_2022.dat 1 2023 Cabc 4.75074
Model_1_goa_nr_2022.dat 1 2023 Cofl 5.07516
Model_1_goa_nr_2022.dat 1 2023 CLCI 1.53579
Model_1_goa_nr_2022.dat 1 2023 CUCI 1.53579
Model_1_goa_nr_2022.dat 1 2023 CMedian 1.53579
Model_1_goa_nr_2022.dat 1 2023 CMean 1.53579
Model_1_goa_nr_2022.dat 1 2024 Cabc 4.75074
Model_1_goa_nr_2022.dat 1 2024 Cofl 5.07516
Model_1_goa_nr_2022.dat 1 2024 CLCI 4.81081
Model_1_goa_nr_2022.dat 1 2024 CUCI 4.81087
Model_1_goa_nr_2022.dat 1 2024 CMedian 4.81082
Model_1_goa_nr_2022.dat 1 2024 CMean 4.81083
Model_1_goa_nr_2022.dat 1 2025 Cabc 4.75074
Model_1_goa_nr_2022.dat 1 2025 Cofl 5.07516
Model_1_goa_nr_2022.dat 1 2025 CLCI 4.49348
Model_1_goa_nr_2022.dat 1 2025 CUCI 4.49399
Model_1_goa_nr_2022.dat 1 2025 CMedian 4.4936
Model_1_goa_nr_2022.dat 1 2025 CMean 4.49365
Model_1_goa_nr_2022.dat 1 2026 Cabc 4.75074
Model_1_goa_nr_2022.dat 1 2026 Cofl 5.07516
Model_1_goa_nr_2022.dat 1 2026 CLCI 4.16754
Model_1_goa_nr_2022.dat 1 2026 CUCI 4.18504
Model_1_goa_nr_2022.dat 1 2026 CMedian 4.17209
Model_1_goa_nr_2022.dat 1 2026 CMean 4.17373
Model_1_goa_nr_2022.dat 1 2027 Cabc 4.75074
Model_1_goa_nr_2022.dat 1 2027 Cofl 5.07516
Model_1_goa_nr_2022.dat 1 2027 CLCI 3.70972
Model_1_goa_nr_2022.dat 1 2027 CUCI 3.76016
Model_1_goa_nr_2022.dat 1 2027 CMedian 3.7228
Model_1_goa_nr_2022.dat 1 2027 CMean 3.72766
Model_1_goa_nr_2022.dat 1 2028 Cabc 4.75074
Model_1_goa_nr_2022.dat 1 2028 Cofl 5.07516
Model_1_goa_nr_2022.dat 1 2028 CLCI 3.36778
Model_1_goa_nr_2022.dat 1 2028 CUCI 3.5244
Model_1_goa_nr_2022.dat 1 2028 CMedian 3.40738
Model_1_goa_nr_2022.dat 1 2028 CMean 3.42298
Model_1_goa_nr_2022.dat 1 2029 Cabc 4.75074
Model_1_goa_nr_2022.dat 1 2029 Cofl 5.07516
Model_1_goa_nr_2022.dat 1 2029 CLCI 3.09321
Model_1_goa_nr_2022.dat 1 2029 CUCI 3.5512
Model_1_goa_nr_2022.dat 1 2029 CMedian 3.20943
Model_1_goa_nr_2022.dat 1 2029 CMean 3.25249
Model_1_goa_nr_2022.dat 1 2030 Cabc 4.75074
Model_1_goa_nr_2022.dat 1 2030 Cofl 5.07516
Model_1_goa_nr_2022.dat 1 2030 CLCI 2.8673
Model_1_goa_nr_2022.dat 1 2030 CUCI 3.79613
Model_1_goa_nr_2022.dat 1 2030 CMedian 3.10949
Model_1_goa_nr_2022.dat 1 2030 CMean 3.20738
Model_1_goa_nr_2022.dat 1 2031 Cabc 4.75074
Model_1_goa_nr_2022.dat 1 2031 Cofl 5.07516
Model_1_goa_nr_2022.dat 1 2031 CLCI 2.69205
Model_1_goa_nr_2022.dat 1 2031 CUCI 4.22563
Model_1_goa_nr_2022.dat 1 2031 CMedian 3.10378
Model_1_goa_nr_2022.dat 1 2031 CMean 3.25128
Model_1_goa_nr_2022.dat 1 2032 Cabc 4.75074
Model_1_goa_nr_2022.dat 1 2032 Cofl 5.07516
Model_1_goa_nr_2022.dat 1 2032 CLCI 2.59221
Model_1_goa_nr_2022.dat 1 2032 CUCI 4.6632
Model_1_goa_nr_2022.dat 1 2032 CMedian 3.16066
Model_1_goa_nr_2022.dat 1 2032 CMean 3.35065
Model_1_goa_nr_2022.dat 1 2033 Cabc 4.75074
Model_1_goa_nr_2022.dat 1 2033 Cofl 5.07516
Model_1_goa_nr_2022.dat 1 2033 CLCI 2.51526
Model_1_goa_nr_2022.dat 1 2033 CUCI 5.0526
Model_1_goa_nr_2022.dat 1 2033 CMedian 3.27552
Model_1_goa_nr_2022.dat 1 2033 CMean 3.47471
Model_1_goa_nr_2022.dat 1 2034 Cabc 4.75074
Model_1_goa_nr_2022.dat 1 2034 Cofl 5.07516
Model_1_goa_nr_2022.dat 1 2034 CLCI 2.47619
Model_1_goa_nr_2022.dat 1 2034 CUCI 5.31315
Model_1_goa_nr_2022.dat 1 2034 CMedian 3.42136
Model_1_goa_nr_2022.dat 1 2034 CMean 3.60656
Model_1_goa_nr_2022.dat 1 2035 Cabc 4.75074
Model_1_goa_nr_2022.dat 1 2035 Cofl 5.07516
Model_1_goa_nr_2022.dat 1 2035 CLCI 2.46594
Model_1_goa_nr_2022.dat 1 2035 CUCI 5.45488
Model_1_goa_nr_2022.dat 1 2035 CMedian 3.56521
Model_1_goa_nr_2022.dat 1 2035 CMean 3.73877
Model_1_goa_nr_2022.dat 1 2022 SSBF100 82.3497
Model_1_goa_nr_2022.dat 1 2022 SSBFabc 32.9399
Model_1_goa_nr_2022.dat 1 2022 SSBFofl 28.8224
Model_1_goa_nr_2022.dat 1 2022 SSBLCI 41.416
Model_1_goa_nr_2022.dat 1 2022 SSBUCI 41.416
Model_1_goa_nr_2022.dat 1 2022 SSBMedian 41.416
Model_1_goa_nr_2022.dat 1 2022 SSBMean 41.416
Model_1_goa_nr_2022.dat 1 2023 SSBF100 82.3497
Model_1_goa_nr_2022.dat 1 2023 SSBFabc 32.9399
Model_1_goa_nr_2022.dat 1 2023 SSBFofl 28.8224
Model_1_goa_nr_2022.dat 1 2023 SSBLCI 39.6721
Model_1_goa_nr_2022.dat 1 2023 SSBUCI 39.6746
Model_1_goa_nr_2022.dat 1 2023 SSBMedian 39.6726
Model_1_goa_nr_2022.dat 1 2023 SSBMean 39.6729
Model_1_goa_nr_2022.dat 1 2024 SSBF100 82.3497
Model_1_goa_nr_2022.dat 1 2024 SSBFabc 32.9399
Model_1_goa_nr_2022.dat 1 2024 SSBFofl 28.8224
Model_1_goa_nr_2022.dat 1 2024 SSBLCI 37.6478
Model_1_goa_nr_2022.dat 1 2024 SSBUCI 37.6595
Model_1_goa_nr_2022.dat 1 2024 SSBMedian 37.6505
Model_1_goa_nr_2022.dat 1 2024 SSBMean 37.6517
Model_1_goa_nr_2022.dat 1 2025 SSBF100 82.3497
Model_1_goa_nr_2022.dat 1 2025 SSBFabc 32.9399
Model_1_goa_nr_2022.dat 1 2025 SSBFofl 28.8224
Model_1_goa_nr_2022.dat 1 2025 SSBLCI 34.8641
Model_1_goa_nr_2022.dat 1 2025 SSBUCI 34.9035
Model_1_goa_nr_2022.dat 1 2025 SSBMedian 34.8742
Model_1_goa_nr_2022.dat 1 2025 SSBMean 34.8779
Model_1_goa_nr_2022.dat 1 2026 SSBF100 82.3497
Model_1_goa_nr_2022.dat 1 2026 SSBFabc 32.9399
Model_1_goa_nr_2022.dat 1 2026 SSBFofl 28.8224
Model_1_goa_nr_2022.dat 1 2026 SSBLCI 32.4579
Model_1_goa_nr_2022.dat 1 2026 SSBUCI 32.5681
Model_1_goa_nr_2022.dat 1 2026 SSBMedian 32.4865
Model_1_goa_nr_2022.dat 1 2026 SSBMean 32.4966
Model_1_goa_nr_2022.dat 1 2027 SSBF100 82.3497
Model_1_goa_nr_2022.dat 1 2027 SSBFabc 32.9399
Model_1_goa_nr_2022.dat 1 2027 SSBFofl 28.8224
Model_1_goa_nr_2022.dat 1 2027 SSBLCI 30.458
Model_1_goa_nr_2022.dat 1 2027 SSBUCI 30.7219
Model_1_goa_nr_2022.dat 1 2027 SSBMedian 30.5275
Model_1_goa_nr_2022.dat 1 2027 SSBMean 30.5534
Model_1_goa_nr_2022.dat 1 2028 SSBF100 82.3497
Model_1_goa_nr_2022.dat 1 2028 SSBFabc 32.9399
Model_1_goa_nr_2022.dat 1 2028 SSBFofl 28.8224
Model_1_goa_nr_2022.dat 1 2028 SSBLCI 28.8718
Model_1_goa_nr_2022.dat 1 2028 SSBUCI 29.4684
Model_1_goa_nr_2022.dat 1 2028 SSBMedian 29.028
Model_1_goa_nr_2022.dat 1 2028 SSBMean 29.0887
Model_1_goa_nr_2022.dat 1 2029 SSBF100 82.3497
Model_1_goa_nr_2022.dat 1 2029 SSBFabc 32.9399
Model_1_goa_nr_2022.dat 1 2029 SSBFofl 28.8224
Model_1_goa_nr_2022.dat 1 2029 SSBLCI 27.6189
Model_1_goa_nr_2022.dat 1 2029 SSBUCI 28.8467
Model_1_goa_nr_2022.dat 1 2029 SSBMedian 27.9556
Model_1_goa_nr_2022.dat 1 2029 SSBMean 28.0716
Model_1_goa_nr_2022.dat 1 2030 SSBF100 82.3497
Model_1_goa_nr_2022.dat 1 2030 SSBFabc 32.9399
Model_1_goa_nr_2022.dat 1 2030 SSBFofl 28.8224
Model_1_goa_nr_2022.dat 1 2030 SSBLCI 26.6213
Model_1_goa_nr_2022.dat 1 2030 SSBUCI 28.8932
Model_1_goa_nr_2022.dat 1 2030 SSBMedian 27.2714
Model_1_goa_nr_2022.dat 1 2030 SSBMean 27.4806
Model_1_goa_nr_2022.dat 1 2031 SSBF100 82.3497
Model_1_goa_nr_2022.dat 1 2031 SSBFabc 32.9399
Model_1_goa_nr_2022.dat 1 2031 SSBFofl 28.8224
Model_1_goa_nr_2022.dat 1 2031 SSBLCI 25.8311
Model_1_goa_nr_2022.dat 1 2031 SSBUCI 29.6115
Model_1_goa_nr_2022.dat 1 2031 SSBMedian 26.9488
Model_1_goa_nr_2022.dat 1 2031 SSBMean 27.2867
Model_1_goa_nr_2022.dat 1 2032 SSBF100 82.3497
Model_1_goa_nr_2022.dat 1 2032 SSBFabc 32.9399
Model_1_goa_nr_2022.dat 1 2032 SSBFofl 28.8224
Model_1_goa_nr_2022.dat 1 2032 SSBLCI 25.2288
Model_1_goa_nr_2022.dat 1 2032 SSBUCI 30.9676
Model_1_goa_nr_2022.dat 1 2032 SSBMedian 26.9685
Model_1_goa_nr_2022.dat 1 2032 SSBMean 27.4322
Model_1_goa_nr_2022.dat 1 2033 SSBF100 82.3497
Model_1_goa_nr_2022.dat 1 2033 SSBFabc 32.9399
Model_1_goa_nr_2022.dat 1 2033 SSBFofl 28.8224
Model_1_goa_nr_2022.dat 1 2033 SSBLCI 24.7676
Model_1_goa_nr_2022.dat 1 2033 SSBUCI 32.3166
Model_1_goa_nr_2022.dat 1 2033 SSBMedian 27.2343
Model_1_goa_nr_2022.dat 1 2033 SSBMean 27.8249
Model_1_goa_nr_2022.dat 1 2034 SSBF100 82.3497
Model_1_goa_nr_2022.dat 1 2034 SSBFabc 32.9399
Model_1_goa_nr_2022.dat 1 2034 SSBFofl 28.8224
Model_1_goa_nr_2022.dat 1 2034 SSBLCI 24.4494
Model_1_goa_nr_2022.dat 1 2034 SSBUCI 34.0013
Model_1_goa_nr_2022.dat 1 2034 SSBMedian 27.6942
Model_1_goa_nr_2022.dat 1 2034 SSBMean 28.3592
Model_1_goa_nr_2022.dat 1 2035 SSBF100 82.3497
Model_1_goa_nr_2022.dat 1 2035 SSBFabc 32.9399
Model_1_goa_nr_2022.dat 1 2035 SSBFofl 28.8224
Model_1_goa_nr_2022.dat 1 2035 SSBLCI 24.3713
Model_1_goa_nr_2022.dat 1 2035 SSBUCI 35.4358
Model_1_goa_nr_2022.dat 1 2035 SSBMedian 28.2151
Model_1_goa_nr_2022.dat 1 2035 SSBMean 28.9471
Model_1_goa_nr_2022.dat 1 2022 F0 0 
Model_1_goa_nr_2022.dat 1 2022 Fabc 0.0612999
Model_1_goa_nr_2022.dat 1 2022 Fofl 0.0736157
Model_1_goa_nr_2022.dat 1 2022  F_LCI 0.0220781
Model_1_goa_nr_2022.dat 1 2022  F_UCI 0.0220781
Model_1_goa_nr_2022.dat 1 2022  F_Median 0.0220781
Model_1_goa_nr_2022.dat 1 2022  F_Mean 0.0220781
Model_1_goa_nr_2022.dat 1 2023 F0 0 
Model_1_goa_nr_2022.dat 1 2023 Fabc 0.0612999
Model_1_goa_nr_2022.dat 1 2023 Fofl 0.0736157
Model_1_goa_nr_2022.dat 1 2023  F_LCI 0.0185527
Model_1_goa_nr_2022.dat 1 2023  F_UCI 0.0185528
Model_1_goa_nr_2022.dat 1 2023  F_Median 0.0185528
Model_1_goa_nr_2022.dat 1 2023  F_Mean 0.0185528
Model_1_goa_nr_2022.dat 1 2024 F0 0 
Model_1_goa_nr_2022.dat 1 2024 Fabc 0.0612999
Model_1_goa_nr_2022.dat 1 2024 Fofl 0.0736157
Model_1_goa_nr_2022.dat 1 2024  F_LCI 0.0612999
Model_1_goa_nr_2022.dat 1 2024  F_UCI 0.0612999
Model_1_goa_nr_2022.dat 1 2024  F_Median 0.0612999
Model_1_goa_nr_2022.dat 1 2024  F_Mean 0.0612999
Model_1_goa_nr_2022.dat 1 2025 F0 0 
Model_1_goa_nr_2022.dat 1 2025 Fabc 0.0612999
Model_1_goa_nr_2022.dat 1 2025 Fofl 0.0736157
Model_1_goa_nr_2022.dat 1 2025  F_LCI 0.0612999
Model_1_goa_nr_2022.dat 1 2025  F_UCI 0.0612999
Model_1_goa_nr_2022.dat 1 2025  F_Median 0.0612999
Model_1_goa_nr_2022.dat 1 2025  F_Mean 0.0612999
Model_1_goa_nr_2022.dat 1 2026 F0 0 
Model_1_goa_nr_2022.dat 1 2026 Fabc 0.0612999
Model_1_goa_nr_2022.dat 1 2026 Fofl 0.0736157
Model_1_goa_nr_2022.dat 1 2026  F_LCI 0.0603558
Model_1_goa_nr_2022.dat 1 2026  F_UCI 0.0605716
Model_1_goa_nr_2022.dat 1 2026  F_Median 0.0604118
Model_1_goa_nr_2022.dat 1 2026  F_Mean 0.0604315
Model_1_goa_nr_2022.dat 1 2027 F0 0 
Model_1_goa_nr_2022.dat 1 2027 Fabc 0.0612999
Model_1_goa_nr_2022.dat 1 2027 Fofl 0.0736157
Model_1_goa_nr_2022.dat 1 2027  F_LCI 0.056438
Model_1_goa_nr_2022.dat 1 2027  F_UCI 0.0569551
Model_1_goa_nr_2022.dat 1 2027  F_Median 0.0565743
Model_1_goa_nr_2022.dat 1 2027  F_Mean 0.0566251
Model_1_goa_nr_2022.dat 1 2028 F0 0 
Model_1_goa_nr_2022.dat 1 2028 Fabc 0.0612999
Model_1_goa_nr_2022.dat 1 2028 Fofl 0.0736157
Model_1_goa_nr_2022.dat 1 2028  F_LCI 0.0533309
Model_1_goa_nr_2022.dat 1 2028  F_UCI 0.0544996
Model_1_goa_nr_2022.dat 1 2028  F_Median 0.0536368
Model_1_goa_nr_2022.dat 1 2028  F_Mean 0.0537558
Model_1_goa_nr_2022.dat 1 2029 F0 0 
Model_1_goa_nr_2022.dat 1 2029 Fabc 0.0612999
Model_1_goa_nr_2022.dat 1 2029 Fofl 0.0736157
Model_1_goa_nr_2022.dat 1 2029  F_LCI 0.0508764
Model_1_goa_nr_2022.dat 1 2029  F_UCI 0.0532817
Model_1_goa_nr_2022.dat 1 2029  F_Median 0.0515361
Model_1_goa_nr_2022.dat 1 2029  F_Mean 0.0517633
Model_1_goa_nr_2022.dat 1 2030 F0 0 
Model_1_goa_nr_2022.dat 1 2030 Fabc 0.0612999
Model_1_goa_nr_2022.dat 1 2030 Fofl 0.0736157
Model_1_goa_nr_2022.dat 1 2030  F_LCI 0.0489224
Model_1_goa_nr_2022.dat 1 2030  F_UCI 0.0533728
Model_1_goa_nr_2022.dat 1 2030  F_Median 0.0501957
Model_1_goa_nr_2022.dat 1 2030  F_Mean 0.0506056
Model_1_goa_nr_2022.dat 1 2031 F0 0 
Model_1_goa_nr_2022.dat 1 2031 Fabc 0.0612999
Model_1_goa_nr_2022.dat 1 2031 Fofl 0.0736157
Model_1_goa_nr_2022.dat 1 2031  F_LCI 0.0473744
Model_1_goa_nr_2022.dat 1 2031  F_UCI 0.0547798
Model_1_goa_nr_2022.dat 1 2031  F_Median 0.0495639
Model_1_goa_nr_2022.dat 1 2031  F_Mean 0.0502079
Model_1_goa_nr_2022.dat 1 2032 F0 0 
Model_1_goa_nr_2022.dat 1 2032 Fabc 0.0612999
Model_1_goa_nr_2022.dat 1 2032 Fofl 0.0736157
Model_1_goa_nr_2022.dat 1 2032  F_LCI 0.0461945
Model_1_goa_nr_2022.dat 1 2032  F_UCI 0.0574363
Model_1_goa_nr_2022.dat 1 2032  F_Median 0.0496023
Model_1_goa_nr_2022.dat 1 2032  F_Mean 0.0504316
Model_1_goa_nr_2022.dat 1 2033 F0 0 
Model_1_goa_nr_2022.dat 1 2033 Fabc 0.0612999
Model_1_goa_nr_2022.dat 1 2033 Fofl 0.0736157
Model_1_goa_nr_2022.dat 1 2033  F_LCI 0.0452911
Model_1_goa_nr_2022.dat 1 2033  F_UCI 0.060079
Model_1_goa_nr_2022.dat 1 2033  F_Median 0.0501231
Model_1_goa_nr_2022.dat 1 2033  F_Mean 0.0510511
Model_1_goa_nr_2022.dat 1 2034 F0 0 
Model_1_goa_nr_2022.dat 1 2034 Fabc 0.0612999
Model_1_goa_nr_2022.dat 1 2034 Fofl 0.0736157
Model_1_goa_nr_2022.dat 1 2034  F_LCI 0.0446678
Model_1_goa_nr_2022.dat 1 2034  F_UCI 0.0612999
Model_1_goa_nr_2022.dat 1 2034  F_Median 0.051024
Model_1_goa_nr_2022.dat 1 2034  F_Mean 0.051879
Model_1_goa_nr_2022.dat 1 2035 F0 0 
Model_1_goa_nr_2022.dat 1 2035 Fabc 0.0612999
Model_1_goa_nr_2022.dat 1 2035 Fofl 0.0736157
Model_1_goa_nr_2022.dat 1 2035  F_LCI 0.0445149
Model_1_goa_nr_2022.dat 1 2035  F_UCI 0.0612999
Model_1_goa_nr_2022.dat 1 2035  F_Median 0.0520443
Model_1_goa_nr_2022.dat 1 2035  F_Mean 0.0527419
Model_1_goa_nr_2022.dat 2 2022 Cabc 4.75074
Model_1_goa_nr_2022.dat 2 2022 Cofl 5.07516
Model_1_goa_nr_2022.dat 2 2022 CLCI 1.89852
Model_1_goa_nr_2022.dat 2 2022 CUCI 1.89852
Model_1_goa_nr_2022.dat 2 2022 CMedian 1.89852
Model_1_goa_nr_2022.dat 2 2022 CMean 1.89852
Model_1_goa_nr_2022.dat 2 2023 Cabc 4.75074
Model_1_goa_nr_2022.dat 2 2023 Cofl 5.07516
Model_1_goa_nr_2022.dat 2 2023 CLCI 1.53579
Model_1_goa_nr_2022.dat 2 2023 CUCI 1.53579
Model_1_goa_nr_2022.dat 2 2023 CMedian 1.53579
Model_1_goa_nr_2022.dat 2 2023 CMean 1.53579
Model_1_goa_nr_2022.dat 2 2024 Cabc 4.75074
Model_1_goa_nr_2022.dat 2 2024 Cofl 5.07516
Model_1_goa_nr_2022.dat 2 2024 CLCI 4.81081
Model_1_goa_nr_2022.dat 2 2024 CUCI 4.81087
Model_1_goa_nr_2022.dat 2 2024 CMedian 4.81082
Model_1_goa_nr_2022.dat 2 2024 CMean 4.81083
Model_1_goa_nr_2022.dat 2 2025 Cabc 4.75074
Model_1_goa_nr_2022.dat 2 2025 Cofl 5.07516
Model_1_goa_nr_2022.dat 2 2025 CLCI 4.49348
Model_1_goa_nr_2022.dat 2 2025 CUCI 4.49399
Model_1_goa_nr_2022.dat 2 2025 CMedian 4.4936
Model_1_goa_nr_2022.dat 2 2025 CMean 4.49365
Model_1_goa_nr_2022.dat 2 2026 Cabc 4.75074
Model_1_goa_nr_2022.dat 2 2026 Cofl 5.07516
Model_1_goa_nr_2022.dat 2 2026 CLCI 4.16754
Model_1_goa_nr_2022.dat 2 2026 CUCI 4.18504
Model_1_goa_nr_2022.dat 2 2026 CMedian 4.17209
Model_1_goa_nr_2022.dat 2 2026 CMean 4.17373
Model_1_goa_nr_2022.dat 2 2027 Cabc 4.75074
Model_1_goa_nr_2022.dat 2 2027 Cofl 5.07516
Model_1_goa_nr_2022.dat 2 2027 CLCI 3.70972
Model_1_goa_nr_2022.dat 2 2027 CUCI 3.76016
Model_1_goa_nr_2022.dat 2 2027 CMedian 3.7228
Model_1_goa_nr_2022.dat 2 2027 CMean 3.72766
Model_1_goa_nr_2022.dat 2 2028 Cabc 4.75074
Model_1_goa_nr_2022.dat 2 2028 Cofl 5.07516
Model_1_goa_nr_2022.dat 2 2028 CLCI 3.36778
Model_1_goa_nr_2022.dat 2 2028 CUCI 3.5244
Model_1_goa_nr_2022.dat 2 2028 CMedian 3.40738
Model_1_goa_nr_2022.dat 2 2028 CMean 3.42298
Model_1_goa_nr_2022.dat 2 2029 Cabc 4.75074
Model_1_goa_nr_2022.dat 2 2029 Cofl 5.07516
Model_1_goa_nr_2022.dat 2 2029 CLCI 3.09321
Model_1_goa_nr_2022.dat 2 2029 CUCI 3.5512
Model_1_goa_nr_2022.dat 2 2029 CMedian 3.20943
Model_1_goa_nr_2022.dat 2 2029 CMean 3.25249
Model_1_goa_nr_2022.dat 2 2030 Cabc 4.75074
Model_1_goa_nr_2022.dat 2 2030 Cofl 5.07516
Model_1_goa_nr_2022.dat 2 2030 CLCI 2.8673
Model_1_goa_nr_2022.dat 2 2030 CUCI 3.79613
Model_1_goa_nr_2022.dat 2 2030 CMedian 3.10949
Model_1_goa_nr_2022.dat 2 2030 CMean 3.20738
Model_1_goa_nr_2022.dat 2 2031 Cabc 4.75074
Model_1_goa_nr_2022.dat 2 2031 Cofl 5.07516
Model_1_goa_nr_2022.dat 2 2031 CLCI 2.69205
Model_1_goa_nr_2022.dat 2 2031 CUCI 4.22563
Model_1_goa_nr_2022.dat 2 2031 CMedian 3.10378
Model_1_goa_nr_2022.dat 2 2031 CMean 3.25128
Model_1_goa_nr_2022.dat 2 2032 Cabc 4.75074
Model_1_goa_nr_2022.dat 2 2032 Cofl 5.07516
Model_1_goa_nr_2022.dat 2 2032 CLCI 2.59221
Model_1_goa_nr_2022.dat 2 2032 CUCI 4.6632
Model_1_goa_nr_2022.dat 2 2032 CMedian 3.16066
Model_1_goa_nr_2022.dat 2 2032 CMean 3.35065
Model_1_goa_nr_2022.dat 2 2033 Cabc 4.75074
Model_1_goa_nr_2022.dat 2 2033 Cofl 5.07516
Model_1_goa_nr_2022.dat 2 2033 CLCI 2.51526
Model_1_goa_nr_2022.dat 2 2033 CUCI 5.0526
Model_1_goa_nr_2022.dat 2 2033 CMedian 3.27552
Model_1_goa_nr_2022.dat 2 2033 CMean 3.47471
Model_1_goa_nr_2022.dat 2 2034 Cabc 4.75074
Model_1_goa_nr_2022.dat 2 2034 Cofl 5.07516
Model_1_goa_nr_2022.dat 2 2034 CLCI 2.47619
Model_1_goa_nr_2022.dat 2 2034 CUCI 5.31315
Model_1_goa_nr_2022.dat 2 2034 CMedian 3.42136
Model_1_goa_nr_2022.dat 2 2034 CMean 3.60656
Model_1_goa_nr_2022.dat 2 2035 Cabc 4.75074
Model_1_goa_nr_2022.dat 2 2035 Cofl 5.07516
Model_1_goa_nr_2022.dat 2 2035 CLCI 2.46594
Model_1_goa_nr_2022.dat 2 2035 CUCI 5.45488
Model_1_goa_nr_2022.dat 2 2035 CMedian 3.56521
Model_1_goa_nr_2022.dat 2 2035 CMean 3.73877
Model_1_goa_nr_2022.dat 2 2022 SSBF100 82.3497
Model_1_goa_nr_2022.dat 2 2022 SSBFabc 32.9399
Model_1_goa_nr_2022.dat 2 2022 SSBFofl 28.8224
Model_1_goa_nr_2022.dat 2 2022 SSBLCI 41.416
Model_1_goa_nr_2022.dat 2 2022 SSBUCI 41.416
Model_1_goa_nr_2022.dat 2 2022 SSBMedian 41.416
Model_1_goa_nr_2022.dat 2 2022 SSBMean 41.416
Model_1_goa_nr_2022.dat 2 2023 SSBF100 82.3497
Model_1_goa_nr_2022.dat 2 2023 SSBFabc 32.9399
Model_1_goa_nr_2022.dat 2 2023 SSBFofl 28.8224
Model_1_goa_nr_2022.dat 2 2023 SSBLCI 39.6721
Model_1_goa_nr_2022.dat 2 2023 SSBUCI 39.6746
Model_1_goa_nr_2022.dat 2 2023 SSBMedian 39.6726
Model_1_goa_nr_2022.dat 2 2023 SSBMean 39.6729
Model_1_goa_nr_2022.dat 2 2024 SSBF100 82.3497
Model_1_goa_nr_2022.dat 2 2024 SSBFabc 32.9399
Model_1_goa_nr_2022.dat 2 2024 SSBFofl 28.8224
Model_1_goa_nr_2022.dat 2 2024 SSBLCI 37.6478
Model_1_goa_nr_2022.dat 2 2024 SSBUCI 37.6595
Model_1_goa_nr_2022.dat 2 2024 SSBMedian 37.6505
Model_1_goa_nr_2022.dat 2 2024 SSBMean 37.6517
Model_1_goa_nr_2022.dat 2 2025 SSBF100 82.3497
Model_1_goa_nr_2022.dat 2 2025 SSBFabc 32.9399
Model_1_goa_nr_2022.dat 2 2025 SSBFofl 28.8224
Model_1_goa_nr_2022.dat 2 2025 SSBLCI 34.8641
Model_1_goa_nr_2022.dat 2 2025 SSBUCI 34.9035
Model_1_goa_nr_2022.dat 2 2025 SSBMedian 34.8742
Model_1_goa_nr_2022.dat 2 2025 SSBMean 34.8779
Model_1_goa_nr_2022.dat 2 2026 SSBF100 82.3497
Model_1_goa_nr_2022.dat 2 2026 SSBFabc 32.9399
Model_1_goa_nr_2022.dat 2 2026 SSBFofl 28.8224
Model_1_goa_nr_2022.dat 2 2026 SSBLCI 32.4579
Model_1_goa_nr_2022.dat 2 2026 SSBUCI 32.5681
Model_1_goa_nr_2022.dat 2 2026 SSBMedian 32.4865
Model_1_goa_nr_2022.dat 2 2026 SSBMean 32.4966
Model_1_goa_nr_2022.dat 2 2027 SSBF100 82.3497
Model_1_goa_nr_2022.dat 2 2027 SSBFabc 32.9399
Model_1_goa_nr_2022.dat 2 2027 SSBFofl 28.8224
Model_1_goa_nr_2022.dat 2 2027 SSBLCI 30.458
Model_1_goa_nr_2022.dat 2 2027 SSBUCI 30.7219
Model_1_goa_nr_2022.dat 2 2027 SSBMedian 30.5275
Model_1_goa_nr_2022.dat 2 2027 SSBMean 30.5534
Model_1_goa_nr_2022.dat 2 2028 SSBF100 82.3497
Model_1_goa_nr_2022.dat 2 2028 SSBFabc 32.9399
Model_1_goa_nr_2022.dat 2 2028 SSBFofl 28.8224
Model_1_goa_nr_2022.dat 2 2028 SSBLCI 28.8718
Model_1_goa_nr_2022.dat 2 2028 SSBUCI 29.4684
Model_1_goa_nr_2022.dat 2 2028 SSBMedian 29.028
Model_1_goa_nr_2022.dat 2 2028 SSBMean 29.0887
Model_1_goa_nr_2022.dat 2 2029 SSBF100 82.3497
Model_1_goa_nr_2022.dat 2 2029 SSBFabc 32.9399
Model_1_goa_nr_2022.dat 2 2029 SSBFofl 28.8224
Model_1_goa_nr_2022.dat 2 2029 SSBLCI 27.6189
Model_1_goa_nr_2022.dat 2 2029 SSBUCI 28.8467
Model_1_goa_nr_2022.dat 2 2029 SSBMedian 27.9556
Model_1_goa_nr_2022.dat 2 2029 SSBMean 28.0716
Model_1_goa_nr_2022.dat 2 2030 SSBF100 82.3497
Model_1_goa_nr_2022.dat 2 2030 SSBFabc 32.9399
Model_1_goa_nr_2022.dat 2 2030 SSBFofl 28.8224
Model_1_goa_nr_2022.dat 2 2030 SSBLCI 26.6213
Model_1_goa_nr_2022.dat 2 2030 SSBUCI 28.8932
Model_1_goa_nr_2022.dat 2 2030 SSBMedian 27.2714
Model_1_goa_nr_2022.dat 2 2030 SSBMean 27.4806
Model_1_goa_nr_2022.dat 2 2031 SSBF100 82.3497
Model_1_goa_nr_2022.dat 2 2031 SSBFabc 32.9399
Model_1_goa_nr_2022.dat 2 2031 SSBFofl 28.8224
Model_1_goa_nr_2022.dat 2 2031 SSBLCI 25.8311
Model_1_goa_nr_2022.dat 2 2031 SSBUCI 29.6115
Model_1_goa_nr_2022.dat 2 2031 SSBMedian 26.9488
Model_1_goa_nr_2022.dat 2 2031 SSBMean 27.2867
Model_1_goa_nr_2022.dat 2 2032 SSBF100 82.3497
Model_1_goa_nr_2022.dat 2 2032 SSBFabc 32.9399
Model_1_goa_nr_2022.dat 2 2032 SSBFofl 28.8224
Model_1_goa_nr_2022.dat 2 2032 SSBLCI 25.2288
Model_1_goa_nr_2022.dat 2 2032 SSBUCI 30.9676
Model_1_goa_nr_2022.dat 2 2032 SSBMedian 26.9685
Model_1_goa_nr_2022.dat 2 2032 SSBMean 27.4322
Model_1_goa_nr_2022.dat 2 2033 SSBF100 82.3497
Model_1_goa_nr_2022.dat 2 2033 SSBFabc 32.9399
Model_1_goa_nr_2022.dat 2 2033 SSBFofl 28.8224
Model_1_goa_nr_2022.dat 2 2033 SSBLCI 24.7676
Model_1_goa_nr_2022.dat 2 2033 SSBUCI 32.3166
Model_1_goa_nr_2022.dat 2 2033 SSBMedian 27.2343
Model_1_goa_nr_2022.dat 2 2033 SSBMean 27.8249
Model_1_goa_nr_2022.dat 2 2034 SSBF100 82.3497
Model_1_goa_nr_2022.dat 2 2034 SSBFabc 32.9399
Model_1_goa_nr_2022.dat 2 2034 SSBFofl 28.8224
Model_1_goa_nr_2022.dat 2 2034 SSBLCI 24.4494
Model_1_goa_nr_2022.dat 2 2034 SSBUCI 34.0013
Model_1_goa_nr_2022.dat 2 2034 SSBMedian 27.6942
Model_1_goa_nr_2022.dat 2 2034 SSBMean 28.3592
Model_1_goa_nr_2022.dat 2 2035 SSBF100 82.3497
Model_1_goa_nr_2022.dat 2 2035 SSBFabc 32.9399
Model_1_goa_nr_2022.dat 2 2035 SSBFofl 28.8224
Model_1_goa_nr_2022.dat 2 2035 SSBLCI 24.3713
Model_1_goa_nr_2022.dat 2 2035 SSBUCI 35.4358
Model_1_goa_nr_2022.dat 2 2035 SSBMedian 28.2151
Model_1_goa_nr_2022.dat 2 2035 SSBMean 28.9471
Model_1_goa_nr_2022.dat 2 2022 F0 0 
Model_1_goa_nr_2022.dat 2 2022 Fabc 0.0612999
Model_1_goa_nr_2022.dat 2 2022 Fofl 0.0736157
Model_1_goa_nr_2022.dat 2 2022  F_LCI 0.0220781
Model_1_goa_nr_2022.dat 2 2022  F_UCI 0.0220781
Model_1_goa_nr_2022.dat 2 2022  F_Median 0.0220781
Model_1_goa_nr_2022.dat 2 2022  F_Mean 0.0220781
Model_1_goa_nr_2022.dat 2 2023 F0 0 
Model_1_goa_nr_2022.dat 2 2023 Fabc 0.0612999
Model_1_goa_nr_2022.dat 2 2023 Fofl 0.0736157
Model_1_goa_nr_2022.dat 2 2023  F_LCI 0.0185527
Model_1_goa_nr_2022.dat 2 2023  F_UCI 0.0185528
Model_1_goa_nr_2022.dat 2 2023  F_Median 0.0185528
Model_1_goa_nr_2022.dat 2 2023  F_Mean 0.0185528
Model_1_goa_nr_2022.dat 2 2024 F0 0 
Model_1_goa_nr_2022.dat 2 2024 Fabc 0.0612999
Model_1_goa_nr_2022.dat 2 2024 Fofl 0.0736157
Model_1_goa_nr_2022.dat 2 2024  F_LCI 0.0612999
Model_1_goa_nr_2022.dat 2 2024  F_UCI 0.0612999
Model_1_goa_nr_2022.dat 2 2024  F_Median 0.0612999
Model_1_goa_nr_2022.dat 2 2024  F_Mean 0.0612999
Model_1_goa_nr_2022.dat 2 2025 F0 0 
Model_1_goa_nr_2022.dat 2 2025 Fabc 0.0612999
Model_1_goa_nr_2022.dat 2 2025 Fofl 0.0736157
Model_1_goa_nr_2022.dat 2 2025  F_LCI 0.0612999
Model_1_goa_nr_2022.dat 2 2025  F_UCI 0.0612999
Model_1_goa_nr_2022.dat 2 2025  F_Median 0.0612999
Model_1_goa_nr_2022.dat 2 2025  F_Mean 0.0612999
Model_1_goa_nr_2022.dat 2 2026 F0 0 
Model_1_goa_nr_2022.dat 2 2026 Fabc 0.0612999
Model_1_goa_nr_2022.dat 2 2026 Fofl 0.0736157
Model_1_goa_nr_2022.dat 2 2026  F_LCI 0.0603558
Model_1_goa_nr_2022.dat 2 2026  F_UCI 0.0605716
Model_1_goa_nr_2022.dat 2 2026  F_Median 0.0604118
Model_1_goa_nr_2022.dat 2 2026  F_Mean 0.0604315
Model_1_goa_nr_2022.dat 2 2027 F0 0 
Model_1_goa_nr_2022.dat 2 2027 Fabc 0.0612999
Model_1_goa_nr_2022.dat 2 2027 Fofl 0.0736157
Model_1_goa_nr_2022.dat 2 2027  F_LCI 0.056438
Model_1_goa_nr_2022.dat 2 2027  F_UCI 0.0569551
Model_1_goa_nr_2022.dat 2 2027  F_Median 0.0565743
Model_1_goa_nr_2022.dat 2 2027  F_Mean 0.0566251
Model_1_goa_nr_2022.dat 2 2028 F0 0 
Model_1_goa_nr_2022.dat 2 2028 Fabc 0.0612999
Model_1_goa_nr_2022.dat 2 2028 Fofl 0.0736157
Model_1_goa_nr_2022.dat 2 2028  F_LCI 0.0533309
Model_1_goa_nr_2022.dat 2 2028  F_UCI 0.0544996
Model_1_goa_nr_2022.dat 2 2028  F_Median 0.0536368
Model_1_goa_nr_2022.dat 2 2028  F_Mean 0.0537558
Model_1_goa_nr_2022.dat 2 2029 F0 0 
Model_1_goa_nr_2022.dat 2 2029 Fabc 0.0612999
Model_1_goa_nr_2022.dat 2 2029 Fofl 0.0736157
Model_1_goa_nr_2022.dat 2 2029  F_LCI 0.0508764
Model_1_goa_nr_2022.dat 2 2029  F_UCI 0.0532817
Model_1_goa_nr_2022.dat 2 2029  F_Median 0.0515361
Model_1_goa_nr_2022.dat 2 2029  F_Mean 0.0517633
Model_1_goa_nr_2022.dat 2 2030 F0 0 
Model_1_goa_nr_2022.dat 2 2030 Fabc 0.0612999
Model_1_goa_nr_2022.dat 2 2030 Fofl 0.0736157
Model_1_goa_nr_2022.dat 2 2030  F_LCI 0.0489224
Model_1_goa_nr_2022.dat 2 2030  F_UCI 0.0533728
Model_1_goa_nr_2022.dat 2 2030  F_Median 0.0501957
Model_1_goa_nr_2022.dat 2 2030  F_Mean 0.0506056
Model_1_goa_nr_2022.dat 2 2031 F0 0 
Model_1_goa_nr_2022.dat 2 2031 Fabc 0.0612999
Model_1_goa_nr_2022.dat 2 2031 Fofl 0.0736157
Model_1_goa_nr_2022.dat 2 2031  F_LCI 0.0473744
Model_1_goa_nr_2022.dat 2 2031  F_UCI 0.0547798
Model_1_goa_nr_2022.dat 2 2031  F_Median 0.0495639
Model_1_goa_nr_2022.dat 2 2031  F_Mean 0.0502079
Model_1_goa_nr_2022.dat 2 2032 F0 0 
Model_1_goa_nr_2022.dat 2 2032 Fabc 0.0612999
Model_1_goa_nr_2022.dat 2 2032 Fofl 0.0736157
Model_1_goa_nr_2022.dat 2 2032  F_LCI 0.0461945
Model_1_goa_nr_2022.dat 2 2032  F_UCI 0.0574363
Model_1_goa_nr_2022.dat 2 2032  F_Median 0.0496023
Model_1_goa_nr_2022.dat 2 2032  F_Mean 0.0504316
Model_1_goa_nr_2022.dat 2 2033 F0 0 
Model_1_goa_nr_2022.dat 2 2033 Fabc 0.0612999
Model_1_goa_nr_2022.dat 2 2033 Fofl 0.0736157
Model_1_goa_nr_2022.dat 2 2033  F_LCI 0.0452911
Model_1_goa_nr_2022.dat 2 2033  F_UCI 0.060079
Model_1_goa_nr_2022.dat 2 2033  F_Median 0.0501231
Model_1_goa_nr_2022.dat 2 2033  F_Mean 0.0510511
Model_1_goa_nr_2022.dat 2 2034 F0 0 
Model_1_goa_nr_2022.dat 2 2034 Fabc 0.0612999
Model_1_goa_nr_2022.dat 2 2034 Fofl 0.0736157
Model_1_goa_nr_2022.dat 2 2034  F_LCI 0.0446678
Model_1_goa_nr_2022.dat 2 2034  F_UCI 0.0612999
Model_1_goa_nr_2022.dat 2 2034  F_Median 0.051024
Model_1_goa_nr_2022.dat 2 2034  F_Mean 0.051879
Model_1_goa_nr_2022.dat 2 2035 F0 0 
Model_1_goa_nr_2022.dat 2 2035 Fabc 0.0612999
Model_1_goa_nr_2022.dat 2 2035 Fofl 0.0736157
Model_1_goa_nr_2022.dat 2 2035  F_LCI 0.0445149
Model_1_goa_nr_2022.dat 2 2035  F_UCI 0.0612999
Model_1_goa_nr_2022.dat 2 2035  F_Median 0.0520443
Model_1_goa_nr_2022.dat 2 2035  F_Mean 0.0527419
Model_1_goa_nr_2022.dat 3 2022 Cabc 4.75074
Model_1_goa_nr_2022.dat 3 2022 Cofl 5.07516
Model_1_goa_nr_2022.dat 3 2022 CLCI 1.89852
Model_1_goa_nr_2022.dat 3 2022 CUCI 1.89852
Model_1_goa_nr_2022.dat 3 2022 CMedian 1.89852
Model_1_goa_nr_2022.dat 3 2022 CMean 1.89852
Model_1_goa_nr_2022.dat 3 2023 Cabc 4.75074
Model_1_goa_nr_2022.dat 3 2023 Cofl 5.07516
Model_1_goa_nr_2022.dat 3 2023 CLCI 1.53579
Model_1_goa_nr_2022.dat 3 2023 CUCI 1.53579
Model_1_goa_nr_2022.dat 3 2023 CMedian 1.53579
Model_1_goa_nr_2022.dat 3 2023 CMean 1.53579
Model_1_goa_nr_2022.dat 3 2024 Cabc 4.75074
Model_1_goa_nr_2022.dat 3 2024 Cofl 5.07516
Model_1_goa_nr_2022.dat 3 2024 CLCI 2.44126
Model_1_goa_nr_2022.dat 3 2024 CUCI 2.44129
Model_1_goa_nr_2022.dat 3 2024 CMedian 2.44126
Model_1_goa_nr_2022.dat 3 2024 CMean 2.44127
Model_1_goa_nr_2022.dat 3 2025 Cabc 4.75074
Model_1_goa_nr_2022.dat 3 2025 Cofl 5.07516
Model_1_goa_nr_2022.dat 3 2025 CLCI 2.34823
Model_1_goa_nr_2022.dat 3 2025 CUCI 2.34849
Model_1_goa_nr_2022.dat 3 2025 CMedian 2.34829
Model_1_goa_nr_2022.dat 3 2025 CMean 2.34831
Model_1_goa_nr_2022.dat 3 2026 Cabc 4.75074
Model_1_goa_nr_2022.dat 3 2026 Cofl 5.07516
Model_1_goa_nr_2022.dat 3 2026 CLCI 2.27402
Model_1_goa_nr_2022.dat 3 2026 CUCI 2.27572
Model_1_goa_nr_2022.dat 3 2026 CMedian 2.2744
Model_1_goa_nr_2022.dat 3 2026 CMean 2.27457
Model_1_goa_nr_2022.dat 3 2027 Cabc 4.75074
Model_1_goa_nr_2022.dat 3 2027 Cofl 5.07516
Model_1_goa_nr_2022.dat 3 2027 CLCI 2.21664
Model_1_goa_nr_2022.dat 3 2027 CUCI 2.22665
Model_1_goa_nr_2022.dat 3 2027 CMedian 2.21899
Model_1_goa_nr_2022.dat 3 2027 CMean 2.21996
Model_1_goa_nr_2022.dat 3 2028 Cabc 4.75074
Model_1_goa_nr_2022.dat 3 2028 Cofl 5.07516
Model_1_goa_nr_2022.dat 3 2028 CLCI 2.11595
Model_1_goa_nr_2022.dat 3 2028 CUCI 2.20676
Model_1_goa_nr_2022.dat 3 2028 CMedian 2.13906
Model_1_goa_nr_2022.dat 3 2028 CMean 2.1475
Model_1_goa_nr_2022.dat 3 2029 Cabc 4.75074
Model_1_goa_nr_2022.dat 3 2029 Cofl 5.07516
Model_1_goa_nr_2022.dat 3 2029 CLCI 2.01557
Model_1_goa_nr_2022.dat 3 2029 CUCI 2.28291
Model_1_goa_nr_2022.dat 3 2029 CMedian 2.08352
Model_1_goa_nr_2022.dat 3 2029 CMean 2.10751
Model_1_goa_nr_2022.dat 3 2030 Cabc 4.75074
Model_1_goa_nr_2022.dat 3 2030 Cofl 5.07516
Model_1_goa_nr_2022.dat 3 2030 CLCI 1.92789
Model_1_goa_nr_2022.dat 3 2030 CUCI 2.47691
Model_1_goa_nr_2022.dat 3 2030 CMedian 2.07223
Model_1_goa_nr_2022.dat 3 2030 CMean 2.12514
Model_1_goa_nr_2022.dat 3 2031 Cabc 4.75074
Model_1_goa_nr_2022.dat 3 2031 Cofl 5.07516
Model_1_goa_nr_2022.dat 3 2031 CLCI 1.85753
Model_1_goa_nr_2022.dat 3 2031 CUCI 2.68142
Model_1_goa_nr_2022.dat 3 2031 CMedian 2.10717
Model_1_goa_nr_2022.dat 3 2031 CMean 2.1811
Model_1_goa_nr_2022.dat 3 2032 Cabc 4.75074
Model_1_goa_nr_2022.dat 3 2032 Cofl 5.07516
Model_1_goa_nr_2022.dat 3 2032 CLCI 1.82271
Model_1_goa_nr_2022.dat 3 2032 CUCI 2.83295
Model_1_goa_nr_2022.dat 3 2032 CMedian 2.17808
Model_1_goa_nr_2022.dat 3 2032 CMean 2.25528
Model_1_goa_nr_2022.dat 3 2033 Cabc 4.75074
Model_1_goa_nr_2022.dat 3 2033 Cofl 5.07516
Model_1_goa_nr_2022.dat 3 2033 CLCI 1.7965
Model_1_goa_nr_2022.dat 3 2033 CUCI 2.98863
Model_1_goa_nr_2022.dat 3 2033 CMedian 2.28421
Model_1_goa_nr_2022.dat 3 2033 CMean 2.33216
Model_1_goa_nr_2022.dat 3 2034 Cabc 4.75074
Model_1_goa_nr_2022.dat 3 2034 Cofl 5.07516
Model_1_goa_nr_2022.dat 3 2034 CLCI 1.78936
Model_1_goa_nr_2022.dat 3 2034 CUCI 3.14618
Model_1_goa_nr_2022.dat 3 2034 CMedian 2.38646
Model_1_goa_nr_2022.dat 3 2034 CMean 2.40723
Model_1_goa_nr_2022.dat 3 2035 Cabc 4.75074
Model_1_goa_nr_2022.dat 3 2035 Cofl 5.07516
Model_1_goa_nr_2022.dat 3 2035 CLCI 1.80798
Model_1_goa_nr_2022.dat 3 2035 CUCI 3.24825
Model_1_goa_nr_2022.dat 3 2035 CMedian 2.46078
Model_1_goa_nr_2022.dat 3 2035 CMean 2.48223
Model_1_goa_nr_2022.dat 3 2022 SSBF100 82.3497
Model_1_goa_nr_2022.dat 3 2022 SSBFabc 32.9399
Model_1_goa_nr_2022.dat 3 2022 SSBFofl 28.8224
Model_1_goa_nr_2022.dat 3 2022 SSBLCI 41.416
Model_1_goa_nr_2022.dat 3 2022 SSBUCI 41.416
Model_1_goa_nr_2022.dat 3 2022 SSBMedian 41.416
Model_1_goa_nr_2022.dat 3 2022 SSBMean 41.416
Model_1_goa_nr_2022.dat 3 2023 SSBF100 82.3497
Model_1_goa_nr_2022.dat 3 2023 SSBFabc 32.9399
Model_1_goa_nr_2022.dat 3 2023 SSBFofl 28.8224
Model_1_goa_nr_2022.dat 3 2023 SSBLCI 39.6721
Model_1_goa_nr_2022.dat 3 2023 SSBUCI 39.6746
Model_1_goa_nr_2022.dat 3 2023 SSBMedian 39.6726
Model_1_goa_nr_2022.dat 3 2023 SSBMean 39.6729
Model_1_goa_nr_2022.dat 3 2024 SSBF100 82.3497
Model_1_goa_nr_2022.dat 3 2024 SSBFabc 32.9399
Model_1_goa_nr_2022.dat 3 2024 SSBFofl 28.8224
Model_1_goa_nr_2022.dat 3 2024 SSBLCI 38.0306
Model_1_goa_nr_2022.dat 3 2024 SSBUCI 38.0423
Model_1_goa_nr_2022.dat 3 2024 SSBMedian 38.0334
Model_1_goa_nr_2022.dat 3 2024 SSBMean 38.0345
Model_1_goa_nr_2022.dat 3 2025 SSBF100 82.3497
Model_1_goa_nr_2022.dat 3 2025 SSBFabc 32.9399
Model_1_goa_nr_2022.dat 3 2025 SSBFofl 28.8224
Model_1_goa_nr_2022.dat 3 2025 SSBLCI 36.2925
Model_1_goa_nr_2022.dat 3 2025 SSBUCI 36.3318
Model_1_goa_nr_2022.dat 3 2025 SSBMedian 36.3025
Model_1_goa_nr_2022.dat 3 2025 SSBMean 36.3062
Model_1_goa_nr_2022.dat 3 2026 SSBF100 82.3497
Model_1_goa_nr_2022.dat 3 2026 SSBFabc 32.9399
Model_1_goa_nr_2022.dat 3 2026 SSBFofl 28.8224
Model_1_goa_nr_2022.dat 3 2026 SSBLCI 34.7862
Model_1_goa_nr_2022.dat 3 2026 SSBUCI 34.8987
Model_1_goa_nr_2022.dat 3 2026 SSBMedian 34.8154
Model_1_goa_nr_2022.dat 3 2026 SSBMean 34.8257
Model_1_goa_nr_2022.dat 3 2027 SSBF100 82.3497
Model_1_goa_nr_2022.dat 3 2027 SSBFabc 32.9399
Model_1_goa_nr_2022.dat 3 2027 SSBFofl 28.8224
Model_1_goa_nr_2022.dat 3 2027 SSBLCI 33.5134
Model_1_goa_nr_2022.dat 3 2027 SSBUCI 33.7891
Model_1_goa_nr_2022.dat 3 2027 SSBMedian 33.586
Model_1_goa_nr_2022.dat 3 2027 SSBMean 33.613
Model_1_goa_nr_2022.dat 3 2028 SSBF100 82.3497
Model_1_goa_nr_2022.dat 3 2028 SSBFabc 32.9399
Model_1_goa_nr_2022.dat 3 2028 SSBFofl 28.8224
Model_1_goa_nr_2022.dat 3 2028 SSBLCI 32.47
Model_1_goa_nr_2022.dat 3 2028 SSBUCI 33.0938
Model_1_goa_nr_2022.dat 3 2028 SSBMedian 32.6331
Model_1_goa_nr_2022.dat 3 2028 SSBMean 32.6964
Model_1_goa_nr_2022.dat 3 2029 SSBF100 82.3497
Model_1_goa_nr_2022.dat 3 2029 SSBFabc 32.9399
Model_1_goa_nr_2022.dat 3 2029 SSBFofl 28.8224
Model_1_goa_nr_2022.dat 3 2029 SSBLCI 31.6414
Model_1_goa_nr_2022.dat 3 2029 SSBUCI 32.9198
Model_1_goa_nr_2022.dat 3 2029 SSBMedian 31.9908
Model_1_goa_nr_2022.dat 3 2029 SSBMean 32.1119
Model_1_goa_nr_2022.dat 3 2030 SSBF100 82.3497
Model_1_goa_nr_2022.dat 3 2030 SSBFabc 32.9399
Model_1_goa_nr_2022.dat 3 2030 SSBFofl 28.8224
Model_1_goa_nr_2022.dat 3 2030 SSBLCI 30.9817
Model_1_goa_nr_2022.dat 3 2030 SSBUCI 33.3632
Model_1_goa_nr_2022.dat 3 2030 SSBMedian 31.6544
Model_1_goa_nr_2022.dat 3 2030 SSBMean 31.8798
Model_1_goa_nr_2022.dat 3 2031 SSBF100 82.3497
Model_1_goa_nr_2022.dat 3 2031 SSBFabc 32.9399
Model_1_goa_nr_2022.dat 3 2031 SSBFofl 28.8224
Model_1_goa_nr_2022.dat 3 2031 SSBLCI 30.4599
Model_1_goa_nr_2022.dat 3 2031 SSBUCI 34.4655
Model_1_goa_nr_2022.dat 3 2031 SSBMedian 31.6414
Model_1_goa_nr_2022.dat 3 2031 SSBMean 32.0031
Model_1_goa_nr_2022.dat 3 2032 SSBF100 82.3497
Model_1_goa_nr_2022.dat 3 2032 SSBFabc 32.9399
Model_1_goa_nr_2022.dat 3 2032 SSBFofl 28.8224
Model_1_goa_nr_2022.dat 3 2032 SSBLCI 30.0654
Model_1_goa_nr_2022.dat 3 2032 SSBUCI 36.2719
Model_1_goa_nr_2022.dat 3 2032 SSBMedian 31.9259
Model_1_goa_nr_2022.dat 3 2032 SSBMean 32.4536
Model_1_goa_nr_2022.dat 3 2033 SSBF100 82.3497
Model_1_goa_nr_2022.dat 3 2033 SSBFabc 32.9399
Model_1_goa_nr_2022.dat 3 2033 SSBFofl 28.8224
Model_1_goa_nr_2022.dat 3 2033 SSBLCI 29.7701
Model_1_goa_nr_2022.dat 3 2033 SSBUCI 38.4447
Model_1_goa_nr_2022.dat 3 2033 SSBMedian 32.4475
Model_1_goa_nr_2022.dat 3 2033 SSBMean 33.1621
Model_1_goa_nr_2022.dat 3 2034 SSBF100 82.3497
Model_1_goa_nr_2022.dat 3 2034 SSBFabc 32.9399
Model_1_goa_nr_2022.dat 3 2034 SSBFofl 28.8224
Model_1_goa_nr_2022.dat 3 2034 SSBLCI 29.5971
Model_1_goa_nr_2022.dat 3 2034 SSBUCI 40.7256
Model_1_goa_nr_2022.dat 3 2034 SSBMedian 33.1879
Model_1_goa_nr_2022.dat 3 2034 SSBMean 34.0353
Model_1_goa_nr_2022.dat 3 2035 SSBF100 82.3497
Model_1_goa_nr_2022.dat 3 2035 SSBFabc 32.9399
Model_1_goa_nr_2022.dat 3 2035 SSBFofl 28.8224
Model_1_goa_nr_2022.dat 3 2035 SSBLCI 29.6058
Model_1_goa_nr_2022.dat 3 2035 SSBUCI 43.1356
Model_1_goa_nr_2022.dat 3 2035 SSBMedian 34.0554
Model_1_goa_nr_2022.dat 3 2035 SSBMean 34.9873
Model_1_goa_nr_2022.dat 3 2022 F0 0 
Model_1_goa_nr_2022.dat 3 2022 Fabc 0.0612999
Model_1_goa_nr_2022.dat 3 2022 Fofl 0.0736157
Model_1_goa_nr_2022.dat 3 2022  F_LCI 0.0220781
Model_1_goa_nr_2022.dat 3 2022  F_UCI 0.0220781
Model_1_goa_nr_2022.dat 3 2022  F_Median 0.0220781
Model_1_goa_nr_2022.dat 3 2022  F_Mean 0.0220781
Model_1_goa_nr_2022.dat 3 2023 F0 0 
Model_1_goa_nr_2022.dat 3 2023 Fabc 0.0612999
Model_1_goa_nr_2022.dat 3 2023 Fofl 0.0736157
Model_1_goa_nr_2022.dat 3 2023  F_LCI 0.0185527
Model_1_goa_nr_2022.dat 3 2023  F_UCI 0.0185528
Model_1_goa_nr_2022.dat 3 2023  F_Median 0.0185528
Model_1_goa_nr_2022.dat 3 2023  F_Mean 0.0185528
Model_1_goa_nr_2022.dat 3 2024 F0 0 
Model_1_goa_nr_2022.dat 3 2024 Fabc 0.0612999
Model_1_goa_nr_2022.dat 3 2024 Fofl 0.0736157
Model_1_goa_nr_2022.dat 3 2024  F_LCI 0.0306499
Model_1_goa_nr_2022.dat 3 2024  F_UCI 0.0306499
Model_1_goa_nr_2022.dat 3 2024  F_Median 0.0306499
Model_1_goa_nr_2022.dat 3 2024  F_Mean 0.0306499
Model_1_goa_nr_2022.dat 3 2025 F0 0 
Model_1_goa_nr_2022.dat 3 2025 Fabc 0.0612999
Model_1_goa_nr_2022.dat 3 2025 Fofl 0.0736157
Model_1_goa_nr_2022.dat 3 2025  F_LCI 0.0306499
Model_1_goa_nr_2022.dat 3 2025  F_UCI 0.0306499
Model_1_goa_nr_2022.dat 3 2025  F_Median 0.0306499
Model_1_goa_nr_2022.dat 3 2025  F_Mean 0.0306499
Model_1_goa_nr_2022.dat 3 2026 F0 0 
Model_1_goa_nr_2022.dat 3 2026 Fabc 0.0612999
Model_1_goa_nr_2022.dat 3 2026 Fofl 0.0736157
Model_1_goa_nr_2022.dat 3 2026  F_LCI 0.0306499
Model_1_goa_nr_2022.dat 3 2026  F_UCI 0.0306499
Model_1_goa_nr_2022.dat 3 2026  F_Median 0.0306499
Model_1_goa_nr_2022.dat 3 2026  F_Mean 0.0306499
Model_1_goa_nr_2022.dat 3 2027 F0 0 
Model_1_goa_nr_2022.dat 3 2027 Fabc 0.0612999
Model_1_goa_nr_2022.dat 3 2027 Fofl 0.0736157
Model_1_goa_nr_2022.dat 3 2027  F_LCI 0.0306499
Model_1_goa_nr_2022.dat 3 2027  F_UCI 0.0306499
Model_1_goa_nr_2022.dat 3 2027  F_Median 0.0306499
Model_1_goa_nr_2022.dat 3 2027  F_Mean 0.0306499
Model_1_goa_nr_2022.dat 3 2028 F0 0 
Model_1_goa_nr_2022.dat 3 2028 Fabc 0.0612999
Model_1_goa_nr_2022.dat 3 2028 Fofl 0.0736157
Model_1_goa_nr_2022.dat 3 2028  F_LCI 0.0298789
Model_1_goa_nr_2022.dat 3 2028  F_UCI 0.0304827
Model_1_goa_nr_2022.dat 3 2028  F_Median 0.0300367
Model_1_goa_nr_2022.dat 3 2028  F_Mean 0.0300911
Model_1_goa_nr_2022.dat 3 2029 F0 0 
Model_1_goa_nr_2022.dat 3 2029 Fabc 0.0612999
Model_1_goa_nr_2022.dat 3 2029 Fofl 0.0736157
Model_1_goa_nr_2022.dat 3 2029  F_LCI 0.0290832
Model_1_goa_nr_2022.dat 3 2029  F_UCI 0.030319
Model_1_goa_nr_2022.dat 3 2029  F_Median 0.0294211
Model_1_goa_nr_2022.dat 3 2029  F_Mean 0.0295239
Model_1_goa_nr_2022.dat 3 2030 F0 0 
Model_1_goa_nr_2022.dat 3 2030 Fabc 0.0612999
Model_1_goa_nr_2022.dat 3 2030 Fofl 0.0736157
Model_1_goa_nr_2022.dat 3 2030  F_LCI 0.0284489
Model_1_goa_nr_2022.dat 3 2030  F_UCI 0.0306499
Model_1_goa_nr_2022.dat 3 2030  F_Median 0.0290998
Model_1_goa_nr_2022.dat 3 2030  F_Mean 0.0292598
Model_1_goa_nr_2022.dat 3 2031 F0 0 
Model_1_goa_nr_2022.dat 3 2031 Fabc 0.0612999
Model_1_goa_nr_2022.dat 3 2031 Fofl 0.0736157
Model_1_goa_nr_2022.dat 3 2031  F_LCI 0.0279484
Model_1_goa_nr_2022.dat 3 2031  F_UCI 0.0306499
Model_1_goa_nr_2022.dat 3 2031  F_Median 0.0290868
Model_1_goa_nr_2022.dat 3 2031  F_Mean 0.0292401
Model_1_goa_nr_2022.dat 3 2032 F0 0 
Model_1_goa_nr_2022.dat 3 2032 Fabc 0.0612999
Model_1_goa_nr_2022.dat 3 2032 Fofl 0.0736157
Model_1_goa_nr_2022.dat 3 2032  F_LCI 0.02757
Model_1_goa_nr_2022.dat 3 2032  F_UCI 0.0306499
Model_1_goa_nr_2022.dat 3 2032  F_Median 0.0293603
Model_1_goa_nr_2022.dat 3 2032  F_Mean 0.0293644
Model_1_goa_nr_2022.dat 3 2033 F0 0 
Model_1_goa_nr_2022.dat 3 2033 Fabc 0.0612999
Model_1_goa_nr_2022.dat 3 2033 Fofl 0.0736157
Model_1_goa_nr_2022.dat 3 2033  F_LCI 0.0272856
Model_1_goa_nr_2022.dat 3 2033  F_UCI 0.0306499
Model_1_goa_nr_2022.dat 3 2033  F_Median 0.0298597
Model_1_goa_nr_2022.dat 3 2033  F_Mean 0.0295303
Model_1_goa_nr_2022.dat 3 2034 F0 0 
Model_1_goa_nr_2022.dat 3 2034 Fabc 0.0612999
Model_1_goa_nr_2022.dat 3 2034 Fofl 0.0736157
Model_1_goa_nr_2022.dat 3 2034  F_LCI 0.0271218
Model_1_goa_nr_2022.dat 3 2034  F_UCI 0.0306499
Model_1_goa_nr_2022.dat 3 2034  F_Median 0.0305695
Model_1_goa_nr_2022.dat 3 2034  F_Mean 0.0297073
Model_1_goa_nr_2022.dat 3 2035 F0 0 
Model_1_goa_nr_2022.dat 3 2035 Fabc 0.0612999
Model_1_goa_nr_2022.dat 3 2035 Fofl 0.0736157
Model_1_goa_nr_2022.dat 3 2035  F_LCI 0.0271309
Model_1_goa_nr_2022.dat 3 2035  F_UCI 0.0306499
Model_1_goa_nr_2022.dat 3 2035  F_Median 0.0306499
Model_1_goa_nr_2022.dat 3 2035  F_Mean 0.0298791
Model_1_goa_nr_2022.dat 4 2022 Cabc 4.75074
Model_1_goa_nr_2022.dat 4 2022 Cofl 5.07516
Model_1_goa_nr_2022.dat 4 2022 CLCI 1.89852
Model_1_goa_nr_2022.dat 4 2022 CUCI 1.89852
Model_1_goa_nr_2022.dat 4 2022 CMedian 1.89852
Model_1_goa_nr_2022.dat 4 2022 CMean 1.89852
Model_1_goa_nr_2022.dat 4 2023 Cabc 4.75074
Model_1_goa_nr_2022.dat 4 2023 Cofl 5.07516
Model_1_goa_nr_2022.dat 4 2023 CLCI 1.53579
Model_1_goa_nr_2022.dat 4 2023 CUCI 1.53579
Model_1_goa_nr_2022.dat 4 2023 CMedian 1.53579
Model_1_goa_nr_2022.dat 4 2023 CMean 1.53579
Model_1_goa_nr_2022.dat 4 2024 Cabc 4.75074
Model_1_goa_nr_2022.dat 4 2024 Cofl 5.07516
Model_1_goa_nr_2022.dat 4 2024 CLCI 1.97546
Model_1_goa_nr_2022.dat 4 2024 CUCI 1.97549
Model_1_goa_nr_2022.dat 4 2024 CMedian 1.97547
Model_1_goa_nr_2022.dat 4 2024 CMean 1.97547
Model_1_goa_nr_2022.dat 4 2025 Cabc 4.75074
Model_1_goa_nr_2022.dat 4 2025 Cofl 5.07516
Model_1_goa_nr_2022.dat 4 2025 CLCI 1.91101
Model_1_goa_nr_2022.dat 4 2025 CUCI 1.91121
Model_1_goa_nr_2022.dat 4 2025 CMedian 1.91105
Model_1_goa_nr_2022.dat 4 2025 CMean 1.91107
Model_1_goa_nr_2022.dat 4 2026 Cabc 4.75074
Model_1_goa_nr_2022.dat 4 2026 Cofl 5.07516
Model_1_goa_nr_2022.dat 4 2026 CLCI 1.86072
Model_1_goa_nr_2022.dat 4 2026 CUCI 1.86209
Model_1_goa_nr_2022.dat 4 2026 CMedian 1.86103
Model_1_goa_nr_2022.dat 4 2026 CMean 1.86116
Model_1_goa_nr_2022.dat 4 2027 Cabc 4.75074
Model_1_goa_nr_2022.dat 4 2027 Cofl 5.07516
Model_1_goa_nr_2022.dat 4 2027 CLCI 1.82311
Model_1_goa_nr_2022.dat 4 2027 CUCI 1.8312
Model_1_goa_nr_2022.dat 4 2027 CMedian 1.82501
Model_1_goa_nr_2022.dat 4 2027 CMean 1.8258
Model_1_goa_nr_2022.dat 4 2028 Cabc 4.75074
Model_1_goa_nr_2022.dat 4 2028 Cofl 5.07516
Model_1_goa_nr_2022.dat 4 2028 CLCI 1.79319
Model_1_goa_nr_2022.dat 4 2028 CUCI 1.83414
Model_1_goa_nr_2022.dat 4 2028 CMedian 1.80287
Model_1_goa_nr_2022.dat 4 2028 CMean 1.80689
Model_1_goa_nr_2022.dat 4 2029 Cabc 4.75074
Model_1_goa_nr_2022.dat 4 2029 Cofl 5.07516
Model_1_goa_nr_2022.dat 4 2029 CLCI 1.76105
Model_1_goa_nr_2022.dat 4 2029 CUCI 1.91043
Model_1_goa_nr_2022.dat 4 2029 CMedian 1.7985
Model_1_goa_nr_2022.dat 4 2029 CMean 1.81269
Model_1_goa_nr_2022.dat 4 2030 Cabc 4.75074
Model_1_goa_nr_2022.dat 4 2030 Cofl 5.07516
Model_1_goa_nr_2022.dat 4 2030 CLCI 1.72583
Model_1_goa_nr_2022.dat 4 2030 CUCI 2.0593
Model_1_goa_nr_2022.dat 4 2030 CMedian 1.81316
Model_1_goa_nr_2022.dat 4 2030 CMean 1.84679
Model_1_goa_nr_2022.dat 4 2031 Cabc 4.75074
Model_1_goa_nr_2022.dat 4 2031 Cofl 5.07516
Model_1_goa_nr_2022.dat 4 2031 CLCI 1.69932
Model_1_goa_nr_2022.dat 4 2031 CUCI 2.22927
Model_1_goa_nr_2022.dat 4 2031 CMedian 1.85026
Model_1_goa_nr_2022.dat 4 2031 CMean 1.89757
Model_1_goa_nr_2022.dat 4 2032 Cabc 4.75074
Model_1_goa_nr_2022.dat 4 2032 Cofl 5.07516
Model_1_goa_nr_2022.dat 4 2032 CLCI 1.69052
Model_1_goa_nr_2022.dat 4 2032 CUCI 2.36166
Model_1_goa_nr_2022.dat 4 2032 CMedian 1.89848
Model_1_goa_nr_2022.dat 4 2032 CMean 1.95491
Model_1_goa_nr_2022.dat 4 2033 Cabc 4.75074
Model_1_goa_nr_2022.dat 4 2033 Cofl 5.07516
Model_1_goa_nr_2022.dat 4 2033 CLCI 1.68632
Model_1_goa_nr_2022.dat 4 2033 CUCI 2.49375
Model_1_goa_nr_2022.dat 4 2033 CMedian 1.95534
Model_1_goa_nr_2022.dat 4 2033 CMean 2.01251
Model_1_goa_nr_2022.dat 4 2034 Cabc 4.75074
Model_1_goa_nr_2022.dat 4 2034 Cofl 5.07516
Model_1_goa_nr_2022.dat 4 2034 CLCI 1.6823
Model_1_goa_nr_2022.dat 4 2034 CUCI 2.61941
Model_1_goa_nr_2022.dat 4 2034 CMedian 2.01225
Model_1_goa_nr_2022.dat 4 2034 CMean 2.06841
Model_1_goa_nr_2022.dat 4 2035 Cabc 4.75074
Model_1_goa_nr_2022.dat 4 2035 Cofl 5.07516
Model_1_goa_nr_2022.dat 4 2035 CLCI 1.69632
Model_1_goa_nr_2022.dat 4 2035 CUCI 2.72059
Model_1_goa_nr_2022.dat 4 2035 CMedian 2.07076
Model_1_goa_nr_2022.dat 4 2035 CMean 2.12485
Model_1_goa_nr_2022.dat 4 2022 SSBF100 82.3497
Model_1_goa_nr_2022.dat 4 2022 SSBFabc 32.9399
Model_1_goa_nr_2022.dat 4 2022 SSBFofl 28.8224
Model_1_goa_nr_2022.dat 4 2022 SSBLCI 41.416
Model_1_goa_nr_2022.dat 4 2022 SSBUCI 41.416
Model_1_goa_nr_2022.dat 4 2022 SSBMedian 41.416
Model_1_goa_nr_2022.dat 4 2022 SSBMean 41.416
Model_1_goa_nr_2022.dat 4 2023 SSBF100 82.3497
Model_1_goa_nr_2022.dat 4 2023 SSBFabc 32.9399
Model_1_goa_nr_2022.dat 4 2023 SSBFofl 28.8224
Model_1_goa_nr_2022.dat 4 2023 SSBLCI 39.6721
Model_1_goa_nr_2022.dat 4 2023 SSBUCI 39.6746
Model_1_goa_nr_2022.dat 4 2023 SSBMedian 39.6726
Model_1_goa_nr_2022.dat 4 2023 SSBMean 39.6729
Model_1_goa_nr_2022.dat 4 2024 SSBF100 82.3497
Model_1_goa_nr_2022.dat 4 2024 SSBFabc 32.9399
Model_1_goa_nr_2022.dat 4 2024 SSBFofl 28.8224
Model_1_goa_nr_2022.dat 4 2024 SSBLCI 38.105
Model_1_goa_nr_2022.dat 4 2024 SSBUCI 38.1167
Model_1_goa_nr_2022.dat 4 2024 SSBMedian 38.1078
Model_1_goa_nr_2022.dat 4 2024 SSBMean 38.1089
Model_1_goa_nr_2022.dat 4 2025 SSBF100 82.3497
Model_1_goa_nr_2022.dat 4 2025 SSBFabc 32.9399
Model_1_goa_nr_2022.dat 4 2025 SSBFofl 28.8224
Model_1_goa_nr_2022.dat 4 2025 SSBLCI 36.5751
Model_1_goa_nr_2022.dat 4 2025 SSBUCI 36.6144
Model_1_goa_nr_2022.dat 4 2025 SSBMedian 36.5851
Model_1_goa_nr_2022.dat 4 2025 SSBMean 36.5888
Model_1_goa_nr_2022.dat 4 2026 SSBF100 82.3497
Model_1_goa_nr_2022.dat 4 2026 SSBFabc 32.9399
Model_1_goa_nr_2022.dat 4 2026 SSBFofl 28.8224
Model_1_goa_nr_2022.dat 4 2026 SSBLCI 35.2571
Model_1_goa_nr_2022.dat 4 2026 SSBUCI 35.3697
Model_1_goa_nr_2022.dat 4 2026 SSBMedian 35.2863
Model_1_goa_nr_2022.dat 4 2026 SSBMean 35.2966
Model_1_goa_nr_2022.dat 4 2027 SSBF100 82.3497
Model_1_goa_nr_2022.dat 4 2027 SSBFabc 32.9399
Model_1_goa_nr_2022.dat 4 2027 SSBFofl 28.8224
Model_1_goa_nr_2022.dat 4 2027 SSBLCI 34.1553
Model_1_goa_nr_2022.dat 4 2027 SSBUCI 34.4311
Model_1_goa_nr_2022.dat 4 2027 SSBMedian 34.228
Model_1_goa_nr_2022.dat 4 2027 SSBMean 34.255
Model_1_goa_nr_2022.dat 4 2028 SSBF100 82.3497
Model_1_goa_nr_2022.dat 4 2028 SSBFabc 32.9399
Model_1_goa_nr_2022.dat 4 2028 SSBFofl 28.8224
Model_1_goa_nr_2022.dat 4 2028 SSBLCI 33.2598
Model_1_goa_nr_2022.dat 4 2028 SSBUCI 33.8903
Model_1_goa_nr_2022.dat 4 2028 SSBMedian 33.4246
Model_1_goa_nr_2022.dat 4 2028 SSBMean 33.4885
Model_1_goa_nr_2022.dat 4 2029 SSBF100 82.3497
Model_1_goa_nr_2022.dat 4 2029 SSBFabc 32.9399
Model_1_goa_nr_2022.dat 4 2029 SSBFofl 28.8224
Model_1_goa_nr_2022.dat 4 2029 SSBLCI 32.5425
Model_1_goa_nr_2022.dat 4 2029 SSBUCI 33.8515
Model_1_goa_nr_2022.dat 4 2029 SSBMedian 32.9007
Model_1_goa_nr_2022.dat 4 2029 SSBMean 33.0247
Model_1_goa_nr_2022.dat 4 2030 SSBF100 82.3497
Model_1_goa_nr_2022.dat 4 2030 SSBFabc 32.9399
Model_1_goa_nr_2022.dat 4 2030 SSBFofl 28.8224
Model_1_goa_nr_2022.dat 4 2030 SSBLCI 31.9633
Model_1_goa_nr_2022.dat 4 2030 SSBUCI 34.4356
Model_1_goa_nr_2022.dat 4 2030 SSBMedian 32.6567
Model_1_goa_nr_2022.dat 4 2030 SSBMean 32.8908
Model_1_goa_nr_2022.dat 4 2031 SSBF100 82.3497
Model_1_goa_nr_2022.dat 4 2031 SSBFabc 32.9399
Model_1_goa_nr_2022.dat 4 2031 SSBFofl 28.8224
Model_1_goa_nr_2022.dat 4 2031 SSBLCI 31.4948
Model_1_goa_nr_2022.dat 4 2031 SSBUCI 35.6592
Model_1_goa_nr_2022.dat 4 2031 SSBMedian 32.7303
Model_1_goa_nr_2022.dat 4 2031 SSBMean 33.1025
Model_1_goa_nr_2022.dat 4 2032 SSBF100 82.3497
Model_1_goa_nr_2022.dat 4 2032 SSBFabc 32.9399
Model_1_goa_nr_2022.dat 4 2032 SSBFofl 28.8224
Model_1_goa_nr_2022.dat 4 2032 SSBLCI 31.1378
Model_1_goa_nr_2022.dat 4 2032 SSBUCI 37.6119
Model_1_goa_nr_2022.dat 4 2032 SSBMedian 33.0886
Model_1_goa_nr_2022.dat 4 2032 SSBMean 33.6418
Model_1_goa_nr_2022.dat 4 2033 SSBF100 82.3497
Model_1_goa_nr_2022.dat 4 2033 SSBFabc 32.9399
Model_1_goa_nr_2022.dat 4 2033 SSBFofl 28.8224
Model_1_goa_nr_2022.dat 4 2033 SSBLCI 30.86
Model_1_goa_nr_2022.dat 4 2033 SSBUCI 40.0069
Model_1_goa_nr_2022.dat 4 2033 SSBMedian 33.6901
Model_1_goa_nr_2022.dat 4 2033 SSBMean 34.4456
Model_1_goa_nr_2022.dat 4 2034 SSBF100 82.3497
Model_1_goa_nr_2022.dat 4 2034 SSBFabc 32.9399
Model_1_goa_nr_2022.dat 4 2034 SSBFofl 28.8224
Model_1_goa_nr_2022.dat 4 2034 SSBLCI 30.7068
Model_1_goa_nr_2022.dat 4 2034 SSBUCI 42.4249
Model_1_goa_nr_2022.dat 4 2034 SSBMedian 34.5447
Model_1_goa_nr_2022.dat 4 2034 SSBMean 35.4223
Model_1_goa_nr_2022.dat 4 2035 SSBF100 82.3497
Model_1_goa_nr_2022.dat 4 2035 SSBFabc 32.9399
Model_1_goa_nr_2022.dat 4 2035 SSBFofl 28.8224
Model_1_goa_nr_2022.dat 4 2035 SSBLCI 30.713
Model_1_goa_nr_2022.dat 4 2035 SSBUCI 45.0331
Model_1_goa_nr_2022.dat 4 2035 SSBMedian 35.5179
Model_1_goa_nr_2022.dat 4 2035 SSBMean 36.4856
Model_1_goa_nr_2022.dat 4 2022 F0 0 
Model_1_goa_nr_2022.dat 4 2022 Fabc 0.0612999
Model_1_goa_nr_2022.dat 4 2022 Fofl 0.0736157
Model_1_goa_nr_2022.dat 4 2022  F_LCI 0.0220781
Model_1_goa_nr_2022.dat 4 2022  F_UCI 0.0220781
Model_1_goa_nr_2022.dat 4 2022  F_Median 0.0220781
Model_1_goa_nr_2022.dat 4 2022  F_Mean 0.0220781
Model_1_goa_nr_2022.dat 4 2023 F0 0 
Model_1_goa_nr_2022.dat 4 2023 Fabc 0.0612999
Model_1_goa_nr_2022.dat 4 2023 Fofl 0.0736157
Model_1_goa_nr_2022.dat 4 2023  F_LCI 0.0185527
Model_1_goa_nr_2022.dat 4 2023  F_UCI 0.0185528
Model_1_goa_nr_2022.dat 4 2023  F_Median 0.0185528
Model_1_goa_nr_2022.dat 4 2023  F_Mean 0.0185528
Model_1_goa_nr_2022.dat 4 2024 F0 0 
Model_1_goa_nr_2022.dat 4 2024 Fabc 0.0612999
Model_1_goa_nr_2022.dat 4 2024 Fofl 0.0736157
Model_1_goa_nr_2022.dat 4 2024  F_LCI 0.0247309
Model_1_goa_nr_2022.dat 4 2024  F_UCI 0.0247309
Model_1_goa_nr_2022.dat 4 2024  F_Median 0.0247309
Model_1_goa_nr_2022.dat 4 2024  F_Mean 0.0247309
Model_1_goa_nr_2022.dat 4 2025 F0 0 
Model_1_goa_nr_2022.dat 4 2025 Fabc 0.0612999
Model_1_goa_nr_2022.dat 4 2025 Fofl 0.0736157
Model_1_goa_nr_2022.dat 4 2025  F_LCI 0.0247309
Model_1_goa_nr_2022.dat 4 2025  F_UCI 0.0247309
Model_1_goa_nr_2022.dat 4 2025  F_Median 0.0247309
Model_1_goa_nr_2022.dat 4 2025  F_Mean 0.0247309
Model_1_goa_nr_2022.dat 4 2026 F0 0 
Model_1_goa_nr_2022.dat 4 2026 Fabc 0.0612999
Model_1_goa_nr_2022.dat 4 2026 Fofl 0.0736157
Model_1_goa_nr_2022.dat 4 2026  F_LCI 0.0247309
Model_1_goa_nr_2022.dat 4 2026  F_UCI 0.0247309
Model_1_goa_nr_2022.dat 4 2026  F_Median 0.0247309
Model_1_goa_nr_2022.dat 4 2026  F_Mean 0.0247309
Model_1_goa_nr_2022.dat 4 2027 F0 0 
Model_1_goa_nr_2022.dat 4 2027 Fabc 0.0612999
Model_1_goa_nr_2022.dat 4 2027 Fofl 0.0736157
Model_1_goa_nr_2022.dat 4 2027  F_LCI 0.0247309
Model_1_goa_nr_2022.dat 4 2027  F_UCI 0.0247309
Model_1_goa_nr_2022.dat 4 2027  F_Median 0.0247309
Model_1_goa_nr_2022.dat 4 2027  F_Mean 0.0247309
Model_1_goa_nr_2022.dat 4 2028 F0 0 
Model_1_goa_nr_2022.dat 4 2028 Fabc 0.0612999
Model_1_goa_nr_2022.dat 4 2028 Fofl 0.0736157
Model_1_goa_nr_2022.dat 4 2028  F_LCI 0.0247309
Model_1_goa_nr_2022.dat 4 2028  F_UCI 0.0247309
Model_1_goa_nr_2022.dat 4 2028  F_Median 0.0247309
Model_1_goa_nr_2022.dat 4 2028  F_Mean 0.0247309
Model_1_goa_nr_2022.dat 4 2029 F0 0 
Model_1_goa_nr_2022.dat 4 2029 Fabc 0.0612999
Model_1_goa_nr_2022.dat 4 2029 Fofl 0.0736157
Model_1_goa_nr_2022.dat 4 2029  F_LCI 0.0247309
Model_1_goa_nr_2022.dat 4 2029  F_UCI 0.0247309
Model_1_goa_nr_2022.dat 4 2029  F_Median 0.0247309
Model_1_goa_nr_2022.dat 4 2029  F_Mean 0.0247309
Model_1_goa_nr_2022.dat 4 2030 F0 0 
Model_1_goa_nr_2022.dat 4 2030 Fabc 0.0612999
Model_1_goa_nr_2022.dat 4 2030 Fofl 0.0736157
Model_1_goa_nr_2022.dat 4 2030  F_LCI 0.0247309
Model_1_goa_nr_2022.dat 4 2030  F_UCI 0.0247309
Model_1_goa_nr_2022.dat 4 2030  F_Median 0.0247309
Model_1_goa_nr_2022.dat 4 2030  F_Mean 0.0247309
Model_1_goa_nr_2022.dat 4 2031 F0 0 
Model_1_goa_nr_2022.dat 4 2031 Fabc 0.0612999
Model_1_goa_nr_2022.dat 4 2031 Fofl 0.0736157
Model_1_goa_nr_2022.dat 4 2031  F_LCI 0.0247309
Model_1_goa_nr_2022.dat 4 2031  F_UCI 0.0247309
Model_1_goa_nr_2022.dat 4 2031  F_Median 0.0247309
Model_1_goa_nr_2022.dat 4 2031  F_Mean 0.0247309
Model_1_goa_nr_2022.dat 4 2032 F0 0 
Model_1_goa_nr_2022.dat 4 2032 Fabc 0.0612999
Model_1_goa_nr_2022.dat 4 2032 Fofl 0.0736157
Model_1_goa_nr_2022.dat 4 2032  F_LCI 0.0247309
Model_1_goa_nr_2022.dat 4 2032  F_UCI 0.0247309
Model_1_goa_nr_2022.dat 4 2032  F_Median 0.0247309
Model_1_goa_nr_2022.dat 4 2032  F_Mean 0.0247309
Model_1_goa_nr_2022.dat 4 2033 F0 0 
Model_1_goa_nr_2022.dat 4 2033 Fabc 0.0612999
Model_1_goa_nr_2022.dat 4 2033 Fofl 0.0736157
Model_1_goa_nr_2022.dat 4 2033  F_LCI 0.0247309
Model_1_goa_nr_2022.dat 4 2033  F_UCI 0.0247309
Model_1_goa_nr_2022.dat 4 2033  F_Median 0.0247309
Model_1_goa_nr_2022.dat 4 2033  F_Mean 0.0247309
Model_1_goa_nr_2022.dat 4 2034 F0 0 
Model_1_goa_nr_2022.dat 4 2034 Fabc 0.0612999
Model_1_goa_nr_2022.dat 4 2034 Fofl 0.0736157
Model_1_goa_nr_2022.dat 4 2034  F_LCI 0.0247309
Model_1_goa_nr_2022.dat 4 2034  F_UCI 0.0247309
Model_1_goa_nr_2022.dat 4 2034  F_Median 0.0247309
Model_1_goa_nr_2022.dat 4 2034  F_Mean 0.0247309
Model_1_goa_nr_2022.dat 4 2035 F0 0 
Model_1_goa_nr_2022.dat 4 2035 Fabc 0.0612999
Model_1_goa_nr_2022.dat 4 2035 Fofl 0.0736157
Model_1_goa_nr_2022.dat 4 2035  F_LCI 0.0247309
Model_1_goa_nr_2022.dat 4 2035  F_UCI 0.0247309
Model_1_goa_nr_2022.dat 4 2035  F_Median 0.0247309
Model_1_goa_nr_2022.dat 4 2035  F_Mean 0.0247309
Model_1_goa_nr_2022.dat 5 2022 Cabc 4.75074
Model_1_goa_nr_2022.dat 5 2022 Cofl 5.07516
Model_1_goa_nr_2022.dat 5 2022 CLCI 1.89852
Model_1_goa_nr_2022.dat 5 2022 CUCI 1.89852
Model_1_goa_nr_2022.dat 5 2022 CMedian 1.89852
Model_1_goa_nr_2022.dat 5 2022 CMean 1.89852
Model_1_goa_nr_2022.dat 5 2023 Cabc 4.75074
Model_1_goa_nr_2022.dat 5 2023 Cofl 5.07516
Model_1_goa_nr_2022.dat 5 2023 CLCI 1.53579
Model_1_goa_nr_2022.dat 5 2023 CUCI 1.53579
Model_1_goa_nr_2022.dat 5 2023 CMedian 1.53579
Model_1_goa_nr_2022.dat 5 2023 CMean 1.53579
Model_1_goa_nr_2022.dat 5 2024 Cabc 4.75074
Model_1_goa_nr_2022.dat 5 2024 Cofl 5.07516
Model_1_goa_nr_2022.dat 5 2024 CLCI 0
Model_1_goa_nr_2022.dat 5 2024 CUCI 0
Model_1_goa_nr_2022.dat 5 2024 CMedian 0
Model_1_goa_nr_2022.dat 5 2024 CMean 0
Model_1_goa_nr_2022.dat 5 2025 Cabc 4.75074
Model_1_goa_nr_2022.dat 5 2025 Cofl 5.07516
Model_1_goa_nr_2022.dat 5 2025 CLCI 0
Model_1_goa_nr_2022.dat 5 2025 CUCI 0
Model_1_goa_nr_2022.dat 5 2025 CMedian 0
Model_1_goa_nr_2022.dat 5 2025 CMean 0
Model_1_goa_nr_2022.dat 5 2026 Cabc 4.75074
Model_1_goa_nr_2022.dat 5 2026 Cofl 5.07516
Model_1_goa_nr_2022.dat 5 2026 CLCI 0
Model_1_goa_nr_2022.dat 5 2026 CUCI 0
Model_1_goa_nr_2022.dat 5 2026 CMedian 0
Model_1_goa_nr_2022.dat 5 2026 CMean 0
Model_1_goa_nr_2022.dat 5 2027 Cabc 4.75074
Model_1_goa_nr_2022.dat 5 2027 Cofl 5.07516
Model_1_goa_nr_2022.dat 5 2027 CLCI 0
Model_1_goa_nr_2022.dat 5 2027 CUCI 0
Model_1_goa_nr_2022.dat 5 2027 CMedian 0
Model_1_goa_nr_2022.dat 5 2027 CMean 0
Model_1_goa_nr_2022.dat 5 2028 Cabc 4.75074
Model_1_goa_nr_2022.dat 5 2028 Cofl 5.07516
Model_1_goa_nr_2022.dat 5 2028 CLCI 0
Model_1_goa_nr_2022.dat 5 2028 CUCI 0
Model_1_goa_nr_2022.dat 5 2028 CMedian 0
Model_1_goa_nr_2022.dat 5 2028 CMean 0
Model_1_goa_nr_2022.dat 5 2029 Cabc 4.75074
Model_1_goa_nr_2022.dat 5 2029 Cofl 5.07516
Model_1_goa_nr_2022.dat 5 2029 CLCI 0
Model_1_goa_nr_2022.dat 5 2029 CUCI 0
Model_1_goa_nr_2022.dat 5 2029 CMedian 0
Model_1_goa_nr_2022.dat 5 2029 CMean 0
Model_1_goa_nr_2022.dat 5 2030 Cabc 4.75074
Model_1_goa_nr_2022.dat 5 2030 Cofl 5.07516
Model_1_goa_nr_2022.dat 5 2030 CLCI 0
Model_1_goa_nr_2022.dat 5 2030 CUCI 0
Model_1_goa_nr_2022.dat 5 2030 CMedian 0
Model_1_goa_nr_2022.dat 5 2030 CMean 0
Model_1_goa_nr_2022.dat 5 2031 Cabc 4.75074
Model_1_goa_nr_2022.dat 5 2031 Cofl 5.07516
Model_1_goa_nr_2022.dat 5 2031 CLCI 0
Model_1_goa_nr_2022.dat 5 2031 CUCI 0
Model_1_goa_nr_2022.dat 5 2031 CMedian 0
Model_1_goa_nr_2022.dat 5 2031 CMean 0
Model_1_goa_nr_2022.dat 5 2032 Cabc 4.75074
Model_1_goa_nr_2022.dat 5 2032 Cofl 5.07516
Model_1_goa_nr_2022.dat 5 2032 CLCI 0
Model_1_goa_nr_2022.dat 5 2032 CUCI 0
Model_1_goa_nr_2022.dat 5 2032 CMedian 0
Model_1_goa_nr_2022.dat 5 2032 CMean 0
Model_1_goa_nr_2022.dat 5 2033 Cabc 4.75074
Model_1_goa_nr_2022.dat 5 2033 Cofl 5.07516
Model_1_goa_nr_2022.dat 5 2033 CLCI 0
Model_1_goa_nr_2022.dat 5 2033 CUCI 0
Model_1_goa_nr_2022.dat 5 2033 CMedian 0
Model_1_goa_nr_2022.dat 5 2033 CMean 0
Model_1_goa_nr_2022.dat 5 2034 Cabc 4.75074
Model_1_goa_nr_2022.dat 5 2034 Cofl 5.07516
Model_1_goa_nr_2022.dat 5 2034 CLCI 0
Model_1_goa_nr_2022.dat 5 2034 CUCI 0
Model_1_goa_nr_2022.dat 5 2034 CMedian 0
Model_1_goa_nr_2022.dat 5 2034 CMean 0
Model_1_goa_nr_2022.dat 5 2035 Cabc 4.75074
Model_1_goa_nr_2022.dat 5 2035 Cofl 5.07516
Model_1_goa_nr_2022.dat 5 2035 CLCI 0
Model_1_goa_nr_2022.dat 5 2035 CUCI 0
Model_1_goa_nr_2022.dat 5 2035 CMedian 0
Model_1_goa_nr_2022.dat 5 2035 CMean 0
Model_1_goa_nr_2022.dat 5 2022 SSBF100 82.3497
Model_1_goa_nr_2022.dat 5 2022 SSBFabc 32.9399
Model_1_goa_nr_2022.dat 5 2022 SSBFofl 28.8224
Model_1_goa_nr_2022.dat 5 2022 SSBLCI 41.416
Model_1_goa_nr_2022.dat 5 2022 SSBUCI 41.416
Model_1_goa_nr_2022.dat 5 2022 SSBMedian 41.416
Model_1_goa_nr_2022.dat 5 2022 SSBMean 41.416
Model_1_goa_nr_2022.dat 5 2023 SSBF100 82.3497
Model_1_goa_nr_2022.dat 5 2023 SSBFabc 32.9399
Model_1_goa_nr_2022.dat 5 2023 SSBFofl 28.8224
Model_1_goa_nr_2022.dat 5 2023 SSBLCI 39.6721
Model_1_goa_nr_2022.dat 5 2023 SSBUCI 39.6746
Model_1_goa_nr_2022.dat 5 2023 SSBMedian 39.6726
Model_1_goa_nr_2022.dat 5 2023 SSBMean 39.6729
Model_1_goa_nr_2022.dat 5 2024 SSBF100 82.3497
Model_1_goa_nr_2022.dat 5 2024 SSBFabc 32.9399
Model_1_goa_nr_2022.dat 5 2024 SSBFofl 28.8224
Model_1_goa_nr_2022.dat 5 2024 SSBLCI 38.4173
Model_1_goa_nr_2022.dat 5 2024 SSBUCI 38.429
Model_1_goa_nr_2022.dat 5 2024 SSBMedian 38.4201
Model_1_goa_nr_2022.dat 5 2024 SSBMean 38.4213
Model_1_goa_nr_2022.dat 5 2025 SSBF100 82.3497
Model_1_goa_nr_2022.dat 5 2025 SSBFabc 32.9399
Model_1_goa_nr_2022.dat 5 2025 SSBFofl 28.8224
Model_1_goa_nr_2022.dat 5 2025 SSBLCI 37.78
Model_1_goa_nr_2022.dat 5 2025 SSBUCI 37.8194
Model_1_goa_nr_2022.dat 5 2025 SSBMedian 37.7901
Model_1_goa_nr_2022.dat 5 2025 SSBMean 37.7938
Model_1_goa_nr_2022.dat 5 2026 SSBF100 82.3497
Model_1_goa_nr_2022.dat 5 2026 SSBFabc 32.9399
Model_1_goa_nr_2022.dat 5 2026 SSBFofl 28.8224
Model_1_goa_nr_2022.dat 5 2026 SSBLCI 37.2961
Model_1_goa_nr_2022.dat 5 2026 SSBUCI 37.4086
Model_1_goa_nr_2022.dat 5 2026 SSBMedian 37.3253
Model_1_goa_nr_2022.dat 5 2026 SSBMean 37.3356
Model_1_goa_nr_2022.dat 5 2027 SSBF100 82.3497
Model_1_goa_nr_2022.dat 5 2027 SSBFabc 32.9399
Model_1_goa_nr_2022.dat 5 2027 SSBFofl 28.8224
Model_1_goa_nr_2022.dat 5 2027 SSBLCI 36.977
Model_1_goa_nr_2022.dat 5 2027 SSBUCI 37.2528
Model_1_goa_nr_2022.dat 5 2027 SSBMedian 37.0497
Model_1_goa_nr_2022.dat 5 2027 SSBMean 37.0766
Model_1_goa_nr_2022.dat 5 2028 SSBF100 82.3497
Model_1_goa_nr_2022.dat 5 2028 SSBFabc 32.9399
Model_1_goa_nr_2022.dat 5 2028 SSBFofl 28.8224
Model_1_goa_nr_2022.dat 5 2028 SSBLCI 36.8197
Model_1_goa_nr_2022.dat 5 2028 SSBUCI 37.4515
Model_1_goa_nr_2022.dat 5 2028 SSBMedian 36.9848
Model_1_goa_nr_2022.dat 5 2028 SSBMean 37.0487
Model_1_goa_nr_2022.dat 5 2029 SSBF100 82.3497
Model_1_goa_nr_2022.dat 5 2029 SSBFabc 32.9399
Model_1_goa_nr_2022.dat 5 2029 SSBFofl 28.8224
Model_1_goa_nr_2022.dat 5 2029 SSBLCI 36.8021
Model_1_goa_nr_2022.dat 5 2029 SSBUCI 38.1147
Model_1_goa_nr_2022.dat 5 2029 SSBMedian 37.1623
Model_1_goa_nr_2022.dat 5 2029 SSBMean 37.2872
Model_1_goa_nr_2022.dat 5 2030 SSBF100 82.3497
Model_1_goa_nr_2022.dat 5 2030 SSBFabc 32.9399
Model_1_goa_nr_2022.dat 5 2030 SSBFofl 28.8224
Model_1_goa_nr_2022.dat 5 2030 SSBLCI 36.8889
Model_1_goa_nr_2022.dat 5 2030 SSBUCI 39.4119
Model_1_goa_nr_2022.dat 5 2030 SSBMedian 37.5927
Model_1_goa_nr_2022.dat 5 2030 SSBMean 37.8291
Model_1_goa_nr_2022.dat 5 2031 SSBF100 82.3497
Model_1_goa_nr_2022.dat 5 2031 SSBFabc 32.9399
Model_1_goa_nr_2022.dat 5 2031 SSBFofl 28.8224
Model_1_goa_nr_2022.dat 5 2031 SSBLCI 37.0495
Model_1_goa_nr_2022.dat 5 2031 SSBUCI 41.3222
Model_1_goa_nr_2022.dat 5 2031 SSBMedian 38.3207
Model_1_goa_nr_2022.dat 5 2031 SSBMean 38.7036
Model_1_goa_nr_2022.dat 5 2032 SSBF100 82.3497
Model_1_goa_nr_2022.dat 5 2032 SSBFabc 32.9399
Model_1_goa_nr_2022.dat 5 2032 SSBFofl 28.8224
Model_1_goa_nr_2022.dat 5 2032 SSBLCI 37.2805
Model_1_goa_nr_2022.dat 5 2032 SSBUCI 44.044
Model_1_goa_nr_2022.dat 5 2032 SSBMedian 39.3151
Model_1_goa_nr_2022.dat 5 2032 SSBMean 39.9074
Model_1_goa_nr_2022.dat 5 2033 SSBF100 82.3497
Model_1_goa_nr_2022.dat 5 2033 SSBFabc 32.9399
Model_1_goa_nr_2022.dat 5 2033 SSBFofl 28.8224
Model_1_goa_nr_2022.dat 5 2033 SSBLCI 37.5715
Model_1_goa_nr_2022.dat 5 2033 SSBUCI 47.4461
Model_1_goa_nr_2022.dat 5 2033 SSBMedian 40.6079
Model_1_goa_nr_2022.dat 5 2033 SSBMean 41.3882
Model_1_goa_nr_2022.dat 5 2034 SSBF100 82.3497
Model_1_goa_nr_2022.dat 5 2034 SSBFabc 32.9399
Model_1_goa_nr_2022.dat 5 2034 SSBFofl 28.8224
Model_1_goa_nr_2022.dat 5 2034 SSBLCI 37.9652
Model_1_goa_nr_2022.dat 5 2034 SSBUCI 50.6522
Model_1_goa_nr_2022.dat 5 2034 SSBMedian 42.0859
Model_1_goa_nr_2022.dat 5 2034 SSBMean 43.0582
Model_1_goa_nr_2022.dat 5 2035 SSBF100 82.3497
Model_1_goa_nr_2022.dat 5 2035 SSBFabc 32.9399
Model_1_goa_nr_2022.dat 5 2035 SSBFofl 28.8224
Model_1_goa_nr_2022.dat 5 2035 SSBLCI 38.4367
Model_1_goa_nr_2022.dat 5 2035 SSBUCI 54.2874
Model_1_goa_nr_2022.dat 5 2035 SSBMedian 43.71
Model_1_goa_nr_2022.dat 5 2035 SSBMean 44.828
Model_1_goa_nr_2022.dat 5 2022 F0 0 
Model_1_goa_nr_2022.dat 5 2022 Fabc 0.0612999
Model_1_goa_nr_2022.dat 5 2022 Fofl 0.0736157
Model_1_goa_nr_2022.dat 5 2022  F_LCI 0.0220781
Model_1_goa_nr_2022.dat 5 2022  F_UCI 0.0220781
Model_1_goa_nr_2022.dat 5 2022  F_Median 0.0220781
Model_1_goa_nr_2022.dat 5 2022  F_Mean 0.0220781
Model_1_goa_nr_2022.dat 5 2023 F0 0 
Model_1_goa_nr_2022.dat 5 2023 Fabc 0.0612999
Model_1_goa_nr_2022.dat 5 2023 Fofl 0.0736157
Model_1_goa_nr_2022.dat 5 2023  F_LCI 0.0185527
Model_1_goa_nr_2022.dat 5 2023  F_UCI 0.0185528
Model_1_goa_nr_2022.dat 5 2023  F_Median 0.0185528
Model_1_goa_nr_2022.dat 5 2023  F_Mean 0.0185528
Model_1_goa_nr_2022.dat 5 2024 F0 0 
Model_1_goa_nr_2022.dat 5 2024 Fabc 0.0612999
Model_1_goa_nr_2022.dat 5 2024 Fofl 0.0736157
Model_1_goa_nr_2022.dat 5 2024  F_LCI 0
Model_1_goa_nr_2022.dat 5 2024  F_UCI 0
Model_1_goa_nr_2022.dat 5 2024  F_Median 0
Model_1_goa_nr_2022.dat 5 2024  F_Mean 0
Model_1_goa_nr_2022.dat 5 2025 F0 0 
Model_1_goa_nr_2022.dat 5 2025 Fabc 0.0612999
Model_1_goa_nr_2022.dat 5 2025 Fofl 0.0736157
Model_1_goa_nr_2022.dat 5 2025  F_LCI 0
Model_1_goa_nr_2022.dat 5 2025  F_UCI 0
Model_1_goa_nr_2022.dat 5 2025  F_Median 0
Model_1_goa_nr_2022.dat 5 2025  F_Mean 0
Model_1_goa_nr_2022.dat 5 2026 F0 0 
Model_1_goa_nr_2022.dat 5 2026 Fabc 0.0612999
Model_1_goa_nr_2022.dat 5 2026 Fofl 0.0736157
Model_1_goa_nr_2022.dat 5 2026  F_LCI 0
Model_1_goa_nr_2022.dat 5 2026  F_UCI 0
Model_1_goa_nr_2022.dat 5 2026  F_Median 0
Model_1_goa_nr_2022.dat 5 2026  F_Mean 0
Model_1_goa_nr_2022.dat 5 2027 F0 0 
Model_1_goa_nr_2022.dat 5 2027 Fabc 0.0612999
Model_1_goa_nr_2022.dat 5 2027 Fofl 0.0736157
Model_1_goa_nr_2022.dat 5 2027  F_LCI 0
Model_1_goa_nr_2022.dat 5 2027  F_UCI 0
Model_1_goa_nr_2022.dat 5 2027  F_Median 0
Model_1_goa_nr_2022.dat 5 2027  F_Mean 0
Model_1_goa_nr_2022.dat 5 2028 F0 0 
Model_1_goa_nr_2022.dat 5 2028 Fabc 0.0612999
Model_1_goa_nr_2022.dat 5 2028 Fofl 0.0736157
Model_1_goa_nr_2022.dat 5 2028  F_LCI 0
Model_1_goa_nr_2022.dat 5 2028  F_UCI 0
Model_1_goa_nr_2022.dat 5 2028  F_Median 0
Model_1_goa_nr_2022.dat 5 2028  F_Mean 0
Model_1_goa_nr_2022.dat 5 2029 F0 0 
Model_1_goa_nr_2022.dat 5 2029 Fabc 0.0612999
Model_1_goa_nr_2022.dat 5 2029 Fofl 0.0736157
Model_1_goa_nr_2022.dat 5 2029  F_LCI 0
Model_1_goa_nr_2022.dat 5 2029  F_UCI 0
Model_1_goa_nr_2022.dat 5 2029  F_Median 0
Model_1_goa_nr_2022.dat 5 2029  F_Mean 0
Model_1_goa_nr_2022.dat 5 2030 F0 0 
Model_1_goa_nr_2022.dat 5 2030 Fabc 0.0612999
Model_1_goa_nr_2022.dat 5 2030 Fofl 0.0736157
Model_1_goa_nr_2022.dat 5 2030  F_LCI 0
Model_1_goa_nr_2022.dat 5 2030  F_UCI 0
Model_1_goa_nr_2022.dat 5 2030  F_Median 0
Model_1_goa_nr_2022.dat 5 2030  F_Mean 0
Model_1_goa_nr_2022.dat 5 2031 F0 0 
Model_1_goa_nr_2022.dat 5 2031 Fabc 0.0612999
Model_1_goa_nr_2022.dat 5 2031 Fofl 0.0736157
Model_1_goa_nr_2022.dat 5 2031  F_LCI 0
Model_1_goa_nr_2022.dat 5 2031  F_UCI 0
Model_1_goa_nr_2022.dat 5 2031  F_Median 0
Model_1_goa_nr_2022.dat 5 2031  F_Mean 0
Model_1_goa_nr_2022.dat 5 2032 F0 0 
Model_1_goa_nr_2022.dat 5 2032 Fabc 0.0612999
Model_1_goa_nr_2022.dat 5 2032 Fofl 0.0736157
Model_1_goa_nr_2022.dat 5 2032  F_LCI 0
Model_1_goa_nr_2022.dat 5 2032  F_UCI 0
Model_1_goa_nr_2022.dat 5 2032  F_Median 0
Model_1_goa_nr_2022.dat 5 2032  F_Mean 0
Model_1_goa_nr_2022.dat 5 2033 F0 0 
Model_1_goa_nr_2022.dat 5 2033 Fabc 0.0612999
Model_1_goa_nr_2022.dat 5 2033 Fofl 0.0736157
Model_1_goa_nr_2022.dat 5 2033  F_LCI 0
Model_1_goa_nr_2022.dat 5 2033  F_UCI 0
Model_1_goa_nr_2022.dat 5 2033  F_Median 0
Model_1_goa_nr_2022.dat 5 2033  F_Mean 0
Model_1_goa_nr_2022.dat 5 2034 F0 0 
Model_1_goa_nr_2022.dat 5 2034 Fabc 0.0612999
Model_1_goa_nr_2022.dat 5 2034 Fofl 0.0736157
Model_1_goa_nr_2022.dat 5 2034  F_LCI 0
Model_1_goa_nr_2022.dat 5 2034  F_UCI 0
Model_1_goa_nr_2022.dat 5 2034  F_Median 0
Model_1_goa_nr_2022.dat 5 2034  F_Mean 0
Model_1_goa_nr_2022.dat 5 2035 F0 0 
Model_1_goa_nr_2022.dat 5 2035 Fabc 0.0612999
Model_1_goa_nr_2022.dat 5 2035 Fofl 0.0736157
Model_1_goa_nr_2022.dat 5 2035  F_LCI 0
Model_1_goa_nr_2022.dat 5 2035  F_UCI 0
Model_1_goa_nr_2022.dat 5 2035  F_Median 0
Model_1_goa_nr_2022.dat 5 2035  F_Mean 0
Model_1_goa_nr_2022.dat 6 2022 Cabc 4.75074
Model_1_goa_nr_2022.dat 6 2022 Cofl 5.07516
Model_1_goa_nr_2022.dat 6 2022 CLCI 1.89852
Model_1_goa_nr_2022.dat 6 2022 CUCI 1.89852
Model_1_goa_nr_2022.dat 6 2022 CMedian 1.89852
Model_1_goa_nr_2022.dat 6 2022 CMean 1.89852
Model_1_goa_nr_2022.dat 6 2023 Cabc 4.75074
Model_1_goa_nr_2022.dat 6 2023 Cofl 5.07516
Model_1_goa_nr_2022.dat 6 2023 CLCI 5.93368
Model_1_goa_nr_2022.dat 6 2023 CUCI 5.93368
Model_1_goa_nr_2022.dat 6 2023 CMedian 5.93368
Model_1_goa_nr_2022.dat 6 2023 CMean 5.93368
Model_1_goa_nr_2022.dat 6 2024 Cabc 4.75074
Model_1_goa_nr_2022.dat 6 2024 Cofl 5.07516
Model_1_goa_nr_2022.dat 6 2024 CLCI 5.44579
Model_1_goa_nr_2022.dat 6 2024 CUCI 5.44586
Model_1_goa_nr_2022.dat 6 2024 CMedian 5.4458
Model_1_goa_nr_2022.dat 6 2024 CMean 5.44581
Model_1_goa_nr_2022.dat 6 2025 Cabc 4.75074
Model_1_goa_nr_2022.dat 6 2025 Cofl 5.07516
Model_1_goa_nr_2022.dat 6 2025 CLCI 4.97282
Model_1_goa_nr_2022.dat 6 2025 CUCI 4.97937
Model_1_goa_nr_2022.dat 6 2025 CMedian 4.97448
Model_1_goa_nr_2022.dat 6 2025 CMean 4.97509
Model_1_goa_nr_2022.dat 6 2026 Cabc 4.75074
Model_1_goa_nr_2022.dat 6 2026 Cofl 5.07516
Model_1_goa_nr_2022.dat 6 2026 CLCI 4.28272
Model_1_goa_nr_2022.dat 6 2026 CUCI 4.30136
Model_1_goa_nr_2022.dat 6 2026 CMedian 4.28756
Model_1_goa_nr_2022.dat 6 2026 CMean 4.28931
Model_1_goa_nr_2022.dat 6 2027 Cabc 4.75074
Model_1_goa_nr_2022.dat 6 2027 Cofl 5.07516
Model_1_goa_nr_2022.dat 6 2027 CLCI 3.78865
Model_1_goa_nr_2022.dat 6 2027 CUCI 3.84363
Model_1_goa_nr_2022.dat 6 2027 CMedian 3.80291
Model_1_goa_nr_2022.dat 6 2027 CMean 3.80821
Model_1_goa_nr_2022.dat 6 2028 Cabc 4.75074
Model_1_goa_nr_2022.dat 6 2028 Cofl 5.07516
Model_1_goa_nr_2022.dat 6 2028 CLCI 3.42762
Model_1_goa_nr_2022.dat 6 2028 CUCI 3.59937
Model_1_goa_nr_2022.dat 6 2028 CMedian 3.47106
Model_1_goa_nr_2022.dat 6 2028 CMean 3.48815
Model_1_goa_nr_2022.dat 6 2029 Cabc 4.75074
Model_1_goa_nr_2022.dat 6 2029 Cofl 5.07516
Model_1_goa_nr_2022.dat 6 2029 CLCI 3.14276
Model_1_goa_nr_2022.dat 6 2029 CUCI 3.64542
Model_1_goa_nr_2022.dat 6 2029 CMedian 3.27014
Model_1_goa_nr_2022.dat 6 2029 CMean 3.31756
Model_1_goa_nr_2022.dat 6 2030 Cabc 4.75074
Model_1_goa_nr_2022.dat 6 2030 Cofl 5.07516
Model_1_goa_nr_2022.dat 6 2030 CLCI 2.91177
Model_1_goa_nr_2022.dat 6 2030 CUCI 3.9329
Model_1_goa_nr_2022.dat 6 2030 CMedian 3.17692
Model_1_goa_nr_2022.dat 6 2030 CMean 3.28483
Model_1_goa_nr_2022.dat 6 2031 Cabc 4.75074
Model_1_goa_nr_2022.dat 6 2031 Cofl 5.07516
Model_1_goa_nr_2022.dat 6 2031 CLCI 2.73616
Model_1_goa_nr_2022.dat 6 2031 CUCI 4.41636
Model_1_goa_nr_2022.dat 6 2031 CMedian 3.18571
Model_1_goa_nr_2022.dat 6 2031 CMean 3.35052
Model_1_goa_nr_2022.dat 6 2032 Cabc 4.75074
Model_1_goa_nr_2022.dat 6 2032 Cofl 5.07516
Model_1_goa_nr_2022.dat 6 2032 CLCI 2.64252
Model_1_goa_nr_2022.dat 6 2032 CUCI 4.9077
Model_1_goa_nr_2022.dat 6 2032 CMedian 3.26383
Model_1_goa_nr_2022.dat 6 2032 CMean 3.47674
Model_1_goa_nr_2022.dat 6 2033 Cabc 4.75074
Model_1_goa_nr_2022.dat 6 2033 Cofl 5.07516
Model_1_goa_nr_2022.dat 6 2033 CLCI 2.57199
Model_1_goa_nr_2022.dat 6 2033 CUCI 5.34879
Model_1_goa_nr_2022.dat 6 2033 CMedian 3.38871
Model_1_goa_nr_2022.dat 6 2033 CMean 3.63136
Model_1_goa_nr_2022.dat 6 2034 Cabc 4.75074
Model_1_goa_nr_2022.dat 6 2034 Cofl 5.07516
Model_1_goa_nr_2022.dat 6 2034 CLCI 2.53992
Model_1_goa_nr_2022.dat 6 2034 CUCI 5.72885
Model_1_goa_nr_2022.dat 6 2034 CMedian 3.56533
Model_1_goa_nr_2022.dat 6 2034 CMean 3.79245
Model_1_goa_nr_2022.dat 6 2035 Cabc 4.75074
Model_1_goa_nr_2022.dat 6 2035 Cofl 5.07516
Model_1_goa_nr_2022.dat 6 2035 CLCI 2.54243
Model_1_goa_nr_2022.dat 6 2035 CUCI 6.08474
Model_1_goa_nr_2022.dat 6 2035 CMedian 3.73304
Model_1_goa_nr_2022.dat 6 2035 CMean 3.95392
Model_1_goa_nr_2022.dat 6 2022 SSBF100 82.3497
Model_1_goa_nr_2022.dat 6 2022 SSBFabc 32.9399
Model_1_goa_nr_2022.dat 6 2022 SSBFofl 28.8224
Model_1_goa_nr_2022.dat 6 2022 SSBLCI 41.416
Model_1_goa_nr_2022.dat 6 2022 SSBUCI 41.416
Model_1_goa_nr_2022.dat 6 2022 SSBMedian 41.416
Model_1_goa_nr_2022.dat 6 2022 SSBMean 41.416
Model_1_goa_nr_2022.dat 6 2023 SSBF100 82.3497
Model_1_goa_nr_2022.dat 6 2023 SSBFabc 32.9399
Model_1_goa_nr_2022.dat 6 2023 SSBFofl 28.8224
Model_1_goa_nr_2022.dat 6 2023 SSBLCI 38.9566
Model_1_goa_nr_2022.dat 6 2023 SSBUCI 38.9591
Model_1_goa_nr_2022.dat 6 2023 SSBMedian 38.9571
Model_1_goa_nr_2022.dat 6 2023 SSBMean 38.9574
Model_1_goa_nr_2022.dat 6 2024 SSBF100 82.3497
Model_1_goa_nr_2022.dat 6 2024 SSBFabc 32.9399
Model_1_goa_nr_2022.dat 6 2024 SSBFofl 28.8224
Model_1_goa_nr_2022.dat 6 2024 SSBLCI 35.5196
Model_1_goa_nr_2022.dat 6 2024 SSBUCI 35.5313
Model_1_goa_nr_2022.dat 6 2024 SSBMedian 35.5223
Model_1_goa_nr_2022.dat 6 2024 SSBMean 35.5235
Model_1_goa_nr_2022.dat 6 2025 SSBF100 82.3497
Model_1_goa_nr_2022.dat 6 2025 SSBFabc 32.9399
Model_1_goa_nr_2022.dat 6 2025 SSBFofl 28.8224
Model_1_goa_nr_2022.dat 6 2025 SSBLCI 32.5359
Model_1_goa_nr_2022.dat 6 2025 SSBUCI 32.5742
Model_1_goa_nr_2022.dat 6 2025 SSBMedian 32.5457
Model_1_goa_nr_2022.dat 6 2025 SSBMean 32.5493
Model_1_goa_nr_2022.dat 6 2026 SSBF100 82.3497
Model_1_goa_nr_2022.dat 6 2026 SSBFabc 32.9399
Model_1_goa_nr_2022.dat 6 2026 SSBFofl 28.8224
Model_1_goa_nr_2022.dat 6 2026 SSBLCI 30.0493
Model_1_goa_nr_2022.dat 6 2026 SSBUCI 30.1565
Model_1_goa_nr_2022.dat 6 2026 SSBMedian 30.0771
Model_1_goa_nr_2022.dat 6 2026 SSBMean 30.087
Model_1_goa_nr_2022.dat 6 2027 SSBF100 82.3497
Model_1_goa_nr_2022.dat 6 2027 SSBFabc 32.9399
Model_1_goa_nr_2022.dat 6 2027 SSBFofl 28.8224
Model_1_goa_nr_2022.dat 6 2027 SSBLCI 28.0927
Model_1_goa_nr_2022.dat 6 2027 SSBUCI 28.3532
Model_1_goa_nr_2022.dat 6 2027 SSBMedian 28.1614
Model_1_goa_nr_2022.dat 6 2027 SSBMean 28.187
Model_1_goa_nr_2022.dat 6 2028 SSBF100 82.3497
Model_1_goa_nr_2022.dat 6 2028 SSBFabc 32.9399
Model_1_goa_nr_2022.dat 6 2028 SSBFofl 28.8224
Model_1_goa_nr_2022.dat 6 2028 SSBLCI 26.5691
Model_1_goa_nr_2022.dat 6 2028 SSBUCI 27.1606
Model_1_goa_nr_2022.dat 6 2028 SSBMedian 26.7239
Model_1_goa_nr_2022.dat 6 2028 SSBMean 26.7842
Model_1_goa_nr_2022.dat 6 2029 SSBF100 82.3497
Model_1_goa_nr_2022.dat 6 2029 SSBFabc 32.9399
Model_1_goa_nr_2022.dat 6 2029 SSBFofl 28.8224
Model_1_goa_nr_2022.dat 6 2029 SSBLCI 25.3884
Model_1_goa_nr_2022.dat 6 2029 SSBUCI 26.6051
Model_1_goa_nr_2022.dat 6 2029 SSBMedian 25.7223
Model_1_goa_nr_2022.dat 6 2029 SSBMean 25.8374
Model_1_goa_nr_2022.dat 6 2030 SSBF100 82.3497
Model_1_goa_nr_2022.dat 6 2030 SSBFabc 32.9399
Model_1_goa_nr_2022.dat 6 2030 SSBFofl 28.8224
Model_1_goa_nr_2022.dat 6 2030 SSBLCI 24.4654
Model_1_goa_nr_2022.dat 6 2030 SSBUCI 26.7146
Model_1_goa_nr_2022.dat 6 2030 SSBMedian 25.1116
Model_1_goa_nr_2022.dat 6 2030 SSBMean 25.3172
Model_1_goa_nr_2022.dat 6 2031 SSBF100 82.3497
Model_1_goa_nr_2022.dat 6 2031 SSBFabc 32.9399
Model_1_goa_nr_2022.dat 6 2031 SSBFofl 28.8224
Model_1_goa_nr_2022.dat 6 2031 SSBLCI 23.7511
Model_1_goa_nr_2022.dat 6 2031 SSBUCI 27.4773
Model_1_goa_nr_2022.dat 6 2031 SSBMedian 24.8505
Model_1_goa_nr_2022.dat 6 2031 SSBMean 25.1876
Model_1_goa_nr_2022.dat 6 2032 SSBF100 82.3497
Model_1_goa_nr_2022.dat 6 2032 SSBFabc 32.9399
Model_1_goa_nr_2022.dat 6 2032 SSBFofl 28.8224
Model_1_goa_nr_2022.dat 6 2032 SSBLCI 23.2259
Model_1_goa_nr_2022.dat 6 2032 SSBUCI 28.8438
Model_1_goa_nr_2022.dat 6 2032 SSBMedian 24.9291
Model_1_goa_nr_2022.dat 6 2032 SSBMean 25.3847
Model_1_goa_nr_2022.dat 6 2033 SSBF100 82.3497
Model_1_goa_nr_2022.dat 6 2033 SSBFabc 32.9399
Model_1_goa_nr_2022.dat 6 2033 SSBFofl 28.8224
Model_1_goa_nr_2022.dat 6 2033 SSBLCI 22.8301
Model_1_goa_nr_2022.dat 6 2033 SSBUCI 30.1687
Model_1_goa_nr_2022.dat 6 2033 SSBMedian 25.2309
Model_1_goa_nr_2022.dat 6 2033 SSBMean 25.8118
Model_1_goa_nr_2022.dat 6 2034 SSBF100 82.3497
Model_1_goa_nr_2022.dat 6 2034 SSBFabc 32.9399
Model_1_goa_nr_2022.dat 6 2034 SSBFofl 28.8224
Model_1_goa_nr_2022.dat 6 2034 SSBLCI 22.5751
Model_1_goa_nr_2022.dat 6 2034 SSBUCI 31.8113
Model_1_goa_nr_2022.dat 6 2034 SSBMedian 25.7194
Model_1_goa_nr_2022.dat 6 2034 SSBMean 26.3611
Model_1_goa_nr_2022.dat 6 2035 SSBF100 82.3497
Model_1_goa_nr_2022.dat 6 2035 SSBFabc 32.9399
Model_1_goa_nr_2022.dat 6 2035 SSBFofl 28.8224
Model_1_goa_nr_2022.dat 6 2035 SSBLCI 22.554
Model_1_goa_nr_2022.dat 6 2035 SSBUCI 33.0648
Model_1_goa_nr_2022.dat 6 2035 SSBMedian 26.2633
Model_1_goa_nr_2022.dat 6 2035 SSBMean 26.9455
Model_1_goa_nr_2022.dat 6 2022 F0 0 
Model_1_goa_nr_2022.dat 6 2022 Fabc 0.0612999
Model_1_goa_nr_2022.dat 6 2022 Fofl 0.0736157
Model_1_goa_nr_2022.dat 6 2022  F_LCI 0.0220781
Model_1_goa_nr_2022.dat 6 2022  F_UCI 0.0220781
Model_1_goa_nr_2022.dat 6 2022  F_Median 0.0220781
Model_1_goa_nr_2022.dat 6 2022  F_Mean 0.0220781
Model_1_goa_nr_2022.dat 6 2023 F0 0 
Model_1_goa_nr_2022.dat 6 2023 Fabc 0.0612999
Model_1_goa_nr_2022.dat 6 2023 Fofl 0.0736157
Model_1_goa_nr_2022.dat 6 2023  F_LCI 0.0736156
Model_1_goa_nr_2022.dat 6 2023  F_UCI 0.0736156
Model_1_goa_nr_2022.dat 6 2023  F_Median 0.0736156
Model_1_goa_nr_2022.dat 6 2023  F_Mean 0.0736156
Model_1_goa_nr_2022.dat 6 2024 F0 0 
Model_1_goa_nr_2022.dat 6 2024 Fabc 0.0612999
Model_1_goa_nr_2022.dat 6 2024 Fofl 0.0736157
Model_1_goa_nr_2022.dat 6 2024  F_LCI 0.0736157
Model_1_goa_nr_2022.dat 6 2024  F_UCI 0.0736157
Model_1_goa_nr_2022.dat 6 2024  F_Median 0.0736157
Model_1_goa_nr_2022.dat 6 2024  F_Mean 0.0736157
Model_1_goa_nr_2022.dat 6 2025 F0 0 
Model_1_goa_nr_2022.dat 6 2025 Fabc 0.0612999
Model_1_goa_nr_2022.dat 6 2025 Fofl 0.0736157
Model_1_goa_nr_2022.dat 6 2025  F_LCI 0.0726654
Model_1_goa_nr_2022.dat 6 2025  F_UCI 0.0727556
Model_1_goa_nr_2022.dat 6 2025  F_Median 0.0726885
Model_1_goa_nr_2022.dat 6 2025  F_Mean 0.072697
Model_1_goa_nr_2022.dat 6 2026 F0 0 
Model_1_goa_nr_2022.dat 6 2026 Fabc 0.0612999
Model_1_goa_nr_2022.dat 6 2026 Fofl 0.0736157
Model_1_goa_nr_2022.dat 6 2026  F_LCI 0.0668157
Model_1_goa_nr_2022.dat 6 2026  F_UCI 0.067068
Model_1_goa_nr_2022.dat 6 2026  F_Median 0.0668811
Model_1_goa_nr_2022.dat 6 2026  F_Mean 0.0669043
Model_1_goa_nr_2022.dat 6 2027 F0 0 
Model_1_goa_nr_2022.dat 6 2027 Fabc 0.0612999
Model_1_goa_nr_2022.dat 6 2027 Fofl 0.0736157
Model_1_goa_nr_2022.dat 6 2027  F_LCI 0.0622128
Model_1_goa_nr_2022.dat 6 2027  F_UCI 0.0628256
Model_1_goa_nr_2022.dat 6 2027  F_Median 0.0623744
Model_1_goa_nr_2022.dat 6 2027  F_Mean 0.0624347
Model_1_goa_nr_2022.dat 6 2028 F0 0 
Model_1_goa_nr_2022.dat 6 2028 Fabc 0.0612999
Model_1_goa_nr_2022.dat 6 2028 Fofl 0.0736157
Model_1_goa_nr_2022.dat 6 2028  F_LCI 0.0586286
Model_1_goa_nr_2022.dat 6 2028  F_UCI 0.06002
Model_1_goa_nr_2022.dat 6 2028  F_Median 0.0589928
Model_1_goa_nr_2022.dat 6 2028  F_Mean 0.0591346
Model_1_goa_nr_2022.dat 6 2029 F0 0 
Model_1_goa_nr_2022.dat 6 2029 Fabc 0.0612999
Model_1_goa_nr_2022.dat 6 2029 Fofl 0.0736157
Model_1_goa_nr_2022.dat 6 2029  F_LCI 0.0558509
Model_1_goa_nr_2022.dat 6 2029  F_UCI 0.0587132
Model_1_goa_nr_2022.dat 6 2029  F_Median 0.0566364
Model_1_goa_nr_2022.dat 6 2029  F_Mean 0.0569072
Model_1_goa_nr_2022.dat 6 2030 F0 0 
Model_1_goa_nr_2022.dat 6 2030 Fabc 0.0612999
Model_1_goa_nr_2022.dat 6 2030 Fofl 0.0736157
Model_1_goa_nr_2022.dat 6 2030  F_LCI 0.0536796
Model_1_goa_nr_2022.dat 6 2030  F_UCI 0.0589708
Model_1_goa_nr_2022.dat 6 2030  F_Median 0.0551998
Model_1_goa_nr_2022.dat 6 2030  F_Mean 0.0556836
Model_1_goa_nr_2022.dat 6 2031 F0 0 
Model_1_goa_nr_2022.dat 6 2031 Fabc 0.0612999
Model_1_goa_nr_2022.dat 6 2031 Fofl 0.0736157
Model_1_goa_nr_2022.dat 6 2031  F_LCI 0.0519993
Model_1_goa_nr_2022.dat 6 2031  F_UCI 0.0607651
Model_1_goa_nr_2022.dat 6 2031  F_Median 0.0545855
Model_1_goa_nr_2022.dat 6 2031  F_Mean 0.055376
Model_1_goa_nr_2022.dat 6 2032 F0 0 
Model_1_goa_nr_2022.dat 6 2032 Fabc 0.0612999
Model_1_goa_nr_2022.dat 6 2032 Fofl 0.0736157
Model_1_goa_nr_2022.dat 6 2032  F_LCI 0.0507637
Model_1_goa_nr_2022.dat 6 2032  F_UCI 0.0639798
Model_1_goa_nr_2022.dat 6 2032  F_Median 0.0547704
Model_1_goa_nr_2022.dat 6 2032  F_Mean 0.0558085
Model_1_goa_nr_2022.dat 6 2033 F0 0 
Model_1_goa_nr_2022.dat 6 2033 Fabc 0.0612999
Model_1_goa_nr_2022.dat 6 2033 Fofl 0.0736157
Model_1_goa_nr_2022.dat 6 2033  F_LCI 0.0498325
Model_1_goa_nr_2022.dat 6 2033  F_UCI 0.0670966
Model_1_goa_nr_2022.dat 6 2033  F_Median 0.0554805
Model_1_goa_nr_2022.dat 6 2033  F_Mean 0.0567383
Model_1_goa_nr_2022.dat 6 2034 F0 0 
Model_1_goa_nr_2022.dat 6 2034 Fabc 0.0612999
Model_1_goa_nr_2022.dat 6 2034 Fofl 0.0736157
Model_1_goa_nr_2022.dat 6 2034  F_LCI 0.0492327
Model_1_goa_nr_2022.dat 6 2034  F_UCI 0.0709607
Model_1_goa_nr_2022.dat 6 2034  F_Median 0.0566295
Model_1_goa_nr_2022.dat 6 2034  F_Mean 0.0579101
Model_1_goa_nr_2022.dat 6 2035 F0 0 
Model_1_goa_nr_2022.dat 6 2035 Fabc 0.0612999
Model_1_goa_nr_2022.dat 6 2035 Fofl 0.0736157
Model_1_goa_nr_2022.dat 6 2035  F_LCI 0.0491832
Model_1_goa_nr_2022.dat 6 2035  F_UCI 0.0736157
Model_1_goa_nr_2022.dat 6 2035  F_Median 0.057909
Model_1_goa_nr_2022.dat 6 2035  F_Mean 0.0591398
Model_1_goa_nr_2022.dat 7 2022 Cabc 4.75074
Model_1_goa_nr_2022.dat 7 2022 Cofl 5.07516
Model_1_goa_nr_2022.dat 7 2022 CLCI 1.89852
Model_1_goa_nr_2022.dat 7 2022 CUCI 1.89852
Model_1_goa_nr_2022.dat 7 2022 CMedian 1.89852
Model_1_goa_nr_2022.dat 7 2022 CMean 1.89852
Model_1_goa_nr_2022.dat 7 2023 Cabc 4.75074
Model_1_goa_nr_2022.dat 7 2023 Cofl 5.07516
Model_1_goa_nr_2022.dat 7 2023 CLCI 4.97041
Model_1_goa_nr_2022.dat 7 2023 CUCI 4.97041
Model_1_goa_nr_2022.dat 7 2023 CMedian 4.97041
Model_1_goa_nr_2022.dat 7 2023 CMean 4.97041
Model_1_goa_nr_2022.dat 7 2024 Cabc 4.75074
Model_1_goa_nr_2022.dat 7 2024 Cofl 5.07516
Model_1_goa_nr_2022.dat 7 2024 CLCI 4.6162
Model_1_goa_nr_2022.dat 7 2024 CUCI 4.61626
Model_1_goa_nr_2022.dat 7 2024 CMedian 4.61621
Model_1_goa_nr_2022.dat 7 2024 CMean 4.61622
Model_1_goa_nr_2022.dat 7 2025 Cabc 4.75074
Model_1_goa_nr_2022.dat 7 2025 Cofl 5.07516
Model_1_goa_nr_2022.dat 7 2025 CLCI 5.15427
Model_1_goa_nr_2022.dat 7 2025 CUCI 5.15488
Model_1_goa_nr_2022.dat 7 2025 CMedian 5.1544
Model_1_goa_nr_2022.dat 7 2025 CMean 5.15446
Model_1_goa_nr_2022.dat 7 2026 Cabc 4.75074
Model_1_goa_nr_2022.dat 7 2026 Cofl 5.07516
Model_1_goa_nr_2022.dat 7 2026 CLCI 4.47512
Model_1_goa_nr_2022.dat 7 2026 CUCI 4.49491
Model_1_goa_nr_2022.dat 7 2026 CMedian 4.48026
Model_1_goa_nr_2022.dat 7 2026 CMean 4.48212
Model_1_goa_nr_2022.dat 7 2027 Cabc 4.75074
Model_1_goa_nr_2022.dat 7 2027 Cofl 5.07516
Model_1_goa_nr_2022.dat 7 2027 CLCI 3.94006
Model_1_goa_nr_2022.dat 7 2027 CUCI 3.99664
Model_1_goa_nr_2022.dat 7 2027 CMedian 3.95473
Model_1_goa_nr_2022.dat 7 2027 CMean 3.96018
Model_1_goa_nr_2022.dat 7 2028 Cabc 4.75074
Model_1_goa_nr_2022.dat 7 2028 Cofl 5.07516
Model_1_goa_nr_2022.dat 7 2028 CLCI 3.5484
Model_1_goa_nr_2022.dat 7 2028 CUCI 3.72347
Model_1_goa_nr_2022.dat 7 2028 CMedian 3.59264
Model_1_goa_nr_2022.dat 7 2028 CMean 3.61009
Model_1_goa_nr_2022.dat 7 2029 Cabc 4.75074
Model_1_goa_nr_2022.dat 7 2029 Cofl 5.07516
Model_1_goa_nr_2022.dat 7 2029 CLCI 3.23978
Model_1_goa_nr_2022.dat 7 2029 CUCI 3.75011
Model_1_goa_nr_2022.dat 7 2029 CMedian 3.36913
Model_1_goa_nr_2022.dat 7 2029 CMean 3.41724
Model_1_goa_nr_2022.dat 7 2030 Cabc 4.75074
Model_1_goa_nr_2022.dat 7 2030 Cofl 5.07516
Model_1_goa_nr_2022.dat 7 2030 CLCI 2.99006
Model_1_goa_nr_2022.dat 7 2030 CUCI 4.0236
Model_1_goa_nr_2022.dat 7 2030 CMedian 3.25857
Model_1_goa_nr_2022.dat 7 2030 CMean 3.36772
Model_1_goa_nr_2022.dat 7 2031 Cabc 4.75074
Model_1_goa_nr_2022.dat 7 2031 Cofl 5.07516
Model_1_goa_nr_2022.dat 7 2031 CLCI 2.79978
Model_1_goa_nr_2022.dat 7 2031 CUCI 4.49468
Model_1_goa_nr_2022.dat 7 2031 CMedian 3.25383
Model_1_goa_nr_2022.dat 7 2031 CMean 3.4199
Model_1_goa_nr_2022.dat 7 2032 Cabc 4.75074
Model_1_goa_nr_2022.dat 7 2032 Cofl 5.07516
Model_1_goa_nr_2022.dat 7 2032 CLCI 2.69495
Model_1_goa_nr_2022.dat 7 2032 CUCI 4.97406
Model_1_goa_nr_2022.dat 7 2032 CMedian 3.32151
Model_1_goa_nr_2022.dat 7 2032 CMean 3.53471
Model_1_goa_nr_2022.dat 7 2033 Cabc 4.75074
Model_1_goa_nr_2022.dat 7 2033 Cofl 5.07516
Model_1_goa_nr_2022.dat 7 2033 CLCI 2.61541
Model_1_goa_nr_2022.dat 7 2033 CUCI 5.40457
Model_1_goa_nr_2022.dat 7 2033 CMedian 3.43605
Model_1_goa_nr_2022.dat 7 2033 CMean 3.6793
Model_1_goa_nr_2022.dat 7 2034 Cabc 4.75074
Model_1_goa_nr_2022.dat 7 2034 Cofl 5.07516
Model_1_goa_nr_2022.dat 7 2034 CLCI 2.57547
Model_1_goa_nr_2022.dat 7 2034 CUCI 5.76031
Model_1_goa_nr_2022.dat 7 2034 CMedian 3.60481
Model_1_goa_nr_2022.dat 7 2034 CMean 3.83177
Model_1_goa_nr_2022.dat 7 2035 Cabc 4.75074
Model_1_goa_nr_2022.dat 7 2035 Cofl 5.07516
Model_1_goa_nr_2022.dat 7 2035 CLCI 2.57193
Model_1_goa_nr_2022.dat 7 2035 CUCI 6.10577
Model_1_goa_nr_2022.dat 7 2035 CMedian 3.76537
Model_1_goa_nr_2022.dat 7 2035 CMean 3.98584
Model_1_goa_nr_2022.dat 7 2022 SSBF100 82.3497
Model_1_goa_nr_2022.dat 7 2022 SSBFabc 32.9399
Model_1_goa_nr_2022.dat 7 2022 SSBFofl 28.8224
Model_1_goa_nr_2022.dat 7 2022 SSBLCI 41.416
Model_1_goa_nr_2022.dat 7 2022 SSBUCI 41.416
Model_1_goa_nr_2022.dat 7 2022 SSBMedian 41.416
Model_1_goa_nr_2022.dat 7 2022 SSBMean 41.416
Model_1_goa_nr_2022.dat 7 2023 SSBF100 82.3497
Model_1_goa_nr_2022.dat 7 2023 SSBFabc 32.9399
Model_1_goa_nr_2022.dat 7 2023 SSBFofl 28.8224
Model_1_goa_nr_2022.dat 7 2023 SSBLCI 39.1155
Model_1_goa_nr_2022.dat 7 2023 SSBUCI 39.118
Model_1_goa_nr_2022.dat 7 2023 SSBMedian 39.116
Model_1_goa_nr_2022.dat 7 2023 SSBMean 39.1163
Model_1_goa_nr_2022.dat 7 2024 SSBF100 82.3497
Model_1_goa_nr_2022.dat 7 2024 SSBFabc 32.9399
Model_1_goa_nr_2022.dat 7 2024 SSBFofl 28.8224
Model_1_goa_nr_2022.dat 7 2024 SSBLCI 36.0985
Model_1_goa_nr_2022.dat 7 2024 SSBUCI 36.1102
Model_1_goa_nr_2022.dat 7 2024 SSBMedian 36.1012
Model_1_goa_nr_2022.dat 7 2024 SSBMean 36.1024
Model_1_goa_nr_2022.dat 7 2025 SSBF100 82.3497
Model_1_goa_nr_2022.dat 7 2025 SSBFabc 32.9399
Model_1_goa_nr_2022.dat 7 2025 SSBFofl 28.8224
Model_1_goa_nr_2022.dat 7 2025 SSBLCI 33.315
Model_1_goa_nr_2022.dat 7 2025 SSBUCI 33.3543
Model_1_goa_nr_2022.dat 7 2025 SSBMedian 33.3251
Model_1_goa_nr_2022.dat 7 2025 SSBMean 33.3288
Model_1_goa_nr_2022.dat 7 2026 SSBF100 82.3497
Model_1_goa_nr_2022.dat 7 2026 SSBFabc 32.9399
Model_1_goa_nr_2022.dat 7 2026 SSBFofl 28.8224
Model_1_goa_nr_2022.dat 7 2026 SSBLCI 30.7184
Model_1_goa_nr_2022.dat 7 2026 SSBUCI 30.8283
Model_1_goa_nr_2022.dat 7 2026 SSBMedian 30.7469
Model_1_goa_nr_2022.dat 7 2026 SSBMean 30.757
Model_1_goa_nr_2022.dat 7 2027 SSBF100 82.3497
Model_1_goa_nr_2022.dat 7 2027 SSBFabc 32.9399
Model_1_goa_nr_2022.dat 7 2027 SSBFofl 28.8224
Model_1_goa_nr_2022.dat 7 2027 SSBLCI 28.6561
Model_1_goa_nr_2022.dat 7 2027 SSBUCI 28.9186
Model_1_goa_nr_2022.dat 7 2027 SSBMedian 28.7253
Model_1_goa_nr_2022.dat 7 2027 SSBMean 28.7511
Model_1_goa_nr_2022.dat 7 2028 SSBF100 82.3497
Model_1_goa_nr_2022.dat 7 2028 SSBFabc 32.9399
Model_1_goa_nr_2022.dat 7 2028 SSBFofl 28.8224
Model_1_goa_nr_2022.dat 7 2028 SSBLCI 27.0445
Model_1_goa_nr_2022.dat 7 2028 SSBUCI 27.6371
Model_1_goa_nr_2022.dat 7 2028 SSBMedian 27.1996
Model_1_goa_nr_2022.dat 7 2028 SSBMean 27.26
Model_1_goa_nr_2022.dat 7 2029 SSBF100 82.3497
Model_1_goa_nr_2022.dat 7 2029 SSBFabc 32.9399
Model_1_goa_nr_2022.dat 7 2029 SSBFofl 28.8224
Model_1_goa_nr_2022.dat 7 2029 SSBLCI 25.7893
Model_1_goa_nr_2022.dat 7 2029 SSBUCI 27.0061
Model_1_goa_nr_2022.dat 7 2029 SSBMedian 26.1232
Model_1_goa_nr_2022.dat 7 2029 SSBMean 26.2383
Model_1_goa_nr_2022.dat 7 2030 SSBF100 82.3497
Model_1_goa_nr_2022.dat 7 2030 SSBFabc 32.9399
Model_1_goa_nr_2022.dat 7 2030 SSBFofl 28.8224
Model_1_goa_nr_2022.dat 7 2030 SSBLCI 24.8029
Model_1_goa_nr_2022.dat 7 2030 SSBUCI 27.0499
Model_1_goa_nr_2022.dat 7 2030 SSBMedian 25.4485
Model_1_goa_nr_2022.dat 7 2030 SSBMean 25.654
Model_1_goa_nr_2022.dat 7 2031 SSBF100 82.3497
Model_1_goa_nr_2022.dat 7 2031 SSBFabc 32.9399
Model_1_goa_nr_2022.dat 7 2031 SSBFofl 28.8224
Model_1_goa_nr_2022.dat 7 2031 SSBLCI 24.0347
Model_1_goa_nr_2022.dat 7 2031 SSBUCI 27.7545
Model_1_goa_nr_2022.dat 7 2031 SSBMedian 25.1328
Model_1_goa_nr_2022.dat 7 2031 SSBMean 25.4689
Model_1_goa_nr_2022.dat 7 2032 SSBF100 82.3497
Model_1_goa_nr_2022.dat 7 2032 SSBFabc 32.9399
Model_1_goa_nr_2022.dat 7 2032 SSBFofl 28.8224
Model_1_goa_nr_2022.dat 7 2032 SSBLCI 23.4643
Model_1_goa_nr_2022.dat 7 2032 SSBUCI 29.0708
Model_1_goa_nr_2022.dat 7 2032 SSBMedian 25.163
Model_1_goa_nr_2022.dat 7 2032 SSBMean 25.6181
Model_1_goa_nr_2022.dat 7 2033 SSBF100 82.3497
Model_1_goa_nr_2022.dat 7 2033 SSBFabc 32.9399
Model_1_goa_nr_2022.dat 7 2033 SSBFofl 28.8224
Model_1_goa_nr_2022.dat 7 2033 SSBLCI 23.0294
Model_1_goa_nr_2022.dat 7 2033 SSBUCI 30.3502
Model_1_goa_nr_2022.dat 7 2033 SSBMedian 25.4253
Model_1_goa_nr_2022.dat 7 2033 SSBMean 26.0039
Model_1_goa_nr_2022.dat 7 2034 SSBF100 82.3497
Model_1_goa_nr_2022.dat 7 2034 SSBFabc 32.9399
Model_1_goa_nr_2022.dat 7 2034 SSBFofl 28.8224
Model_1_goa_nr_2022.dat 7 2034 SSBLCI 22.7415
Model_1_goa_nr_2022.dat 7 2034 SSBUCI 31.9532
Model_1_goa_nr_2022.dat 7 2034 SSBMedian 25.8793
Model_1_goa_nr_2022.dat 7 2034 SSBMean 26.518
Model_1_goa_nr_2022.dat 7 2035 SSBF100 82.3497
Model_1_goa_nr_2022.dat 7 2035 SSBFabc 32.9399
Model_1_goa_nr_2022.dat 7 2035 SSBFofl 28.8224
Model_1_goa_nr_2022.dat 7 2035 SSBLCI 22.6932
Model_1_goa_nr_2022.dat 7 2035 SSBUCI 33.1749
Model_1_goa_nr_2022.dat 7 2035 SSBMedian 26.3897
Model_1_goa_nr_2022.dat 7 2035 SSBMean 27.0727
Model_1_goa_nr_2022.dat 7 2022 F0 0 
Model_1_goa_nr_2022.dat 7 2022 Fabc 0.0612999
Model_1_goa_nr_2022.dat 7 2022 Fofl 0.0736157
Model_1_goa_nr_2022.dat 7 2022  F_LCI 0.0220781
Model_1_goa_nr_2022.dat 7 2022  F_UCI 0.0220781
Model_1_goa_nr_2022.dat 7 2022  F_Median 0.0220781
Model_1_goa_nr_2022.dat 7 2022  F_Mean 0.0220781
Model_1_goa_nr_2022.dat 7 2023 F0 0 
Model_1_goa_nr_2022.dat 7 2023 Fabc 0.0612999
Model_1_goa_nr_2022.dat 7 2023 Fofl 0.0736157
Model_1_goa_nr_2022.dat 7 2023  F_LCI 0.0612999
Model_1_goa_nr_2022.dat 7 2023  F_UCI 0.0612999
Model_1_goa_nr_2022.dat 7 2023  F_Median 0.0612999
Model_1_goa_nr_2022.dat 7 2023  F_Mean 0.0612999
Model_1_goa_nr_2022.dat 7 2024 F0 0 
Model_1_goa_nr_2022.dat 7 2024 Fabc 0.0612999
Model_1_goa_nr_2022.dat 7 2024 Fofl 0.0736157
Model_1_goa_nr_2022.dat 7 2024  F_LCI 0.0612999
Model_1_goa_nr_2022.dat 7 2024  F_UCI 0.0612999
Model_1_goa_nr_2022.dat 7 2024  F_Median 0.0612999
Model_1_goa_nr_2022.dat 7 2024  F_Mean 0.0612999
Model_1_goa_nr_2022.dat 7 2025 F0 0 
Model_1_goa_nr_2022.dat 7 2025 Fabc 0.0612999
Model_1_goa_nr_2022.dat 7 2025 Fofl 0.0736157
Model_1_goa_nr_2022.dat 7 2025  F_LCI 0.0736157
Model_1_goa_nr_2022.dat 7 2025  F_UCI 0.0736157
Model_1_goa_nr_2022.dat 7 2025  F_Median 0.0736157
Model_1_goa_nr_2022.dat 7 2025  F_Mean 0.0736157
Model_1_goa_nr_2022.dat 7 2026 F0 0 
Model_1_goa_nr_2022.dat 7 2026 Fabc 0.0612999
Model_1_goa_nr_2022.dat 7 2026 Fofl 0.0736157
Model_1_goa_nr_2022.dat 7 2026  F_LCI 0.0683898
Model_1_goa_nr_2022.dat 7 2026  F_UCI 0.0686483
Model_1_goa_nr_2022.dat 7 2026  F_Median 0.0684569
Model_1_goa_nr_2022.dat 7 2026  F_Mean 0.0684805
Model_1_goa_nr_2022.dat 7 2027 F0 0 
Model_1_goa_nr_2022.dat 7 2027 Fabc 0.0612999
Model_1_goa_nr_2022.dat 7 2027 Fofl 0.0736157
Model_1_goa_nr_2022.dat 7 2027  F_LCI 0.0635382
Model_1_goa_nr_2022.dat 7 2027  F_UCI 0.0641557
Model_1_goa_nr_2022.dat 7 2027  F_Median 0.0637009
Model_1_goa_nr_2022.dat 7 2027  F_Mean 0.0637616
Model_1_goa_nr_2022.dat 7 2028 F0 0 
Model_1_goa_nr_2022.dat 7 2028 Fabc 0.0612999
Model_1_goa_nr_2022.dat 7 2028 Fofl 0.0736157
Model_1_goa_nr_2022.dat 7 2028  F_LCI 0.0597469
Model_1_goa_nr_2022.dat 7 2028  F_UCI 0.0611411
Model_1_goa_nr_2022.dat 7 2028  F_Median 0.0601118
Model_1_goa_nr_2022.dat 7 2028  F_Mean 0.0602538
Model_1_goa_nr_2022.dat 7 2029 F0 0 
Model_1_goa_nr_2022.dat 7 2029 Fabc 0.0612999
Model_1_goa_nr_2022.dat 7 2029 Fofl 0.0736157
Model_1_goa_nr_2022.dat 7 2029  F_LCI 0.056794
Model_1_goa_nr_2022.dat 7 2029  F_UCI 0.0596567
Model_1_goa_nr_2022.dat 7 2029  F_Median 0.0575796
Model_1_goa_nr_2022.dat 7 2029  F_Mean 0.0578504
Model_1_goa_nr_2022.dat 7 2030 F0 0 
Model_1_goa_nr_2022.dat 7 2030 Fabc 0.0612999
Model_1_goa_nr_2022.dat 7 2030 Fofl 0.0736157
Model_1_goa_nr_2022.dat 7 2030  F_LCI 0.0544735
Model_1_goa_nr_2022.dat 7 2030  F_UCI 0.0597596
Model_1_goa_nr_2022.dat 7 2030  F_Median 0.0559922
Model_1_goa_nr_2022.dat 7 2030  F_Mean 0.0564757
Model_1_goa_nr_2022.dat 7 2031 F0 0 
Model_1_goa_nr_2022.dat 7 2031 Fabc 0.0612999
Model_1_goa_nr_2022.dat 7 2031 Fofl 0.0736157
Model_1_goa_nr_2022.dat 7 2031  F_LCI 0.0526664
Model_1_goa_nr_2022.dat 7 2031  F_UCI 0.0614172
Model_1_goa_nr_2022.dat 7 2031  F_Median 0.0552498
Model_1_goa_nr_2022.dat 7 2031  F_Mean 0.0560366
Model_1_goa_nr_2022.dat 7 2032 F0 0 
Model_1_goa_nr_2022.dat 7 2032 Fabc 0.0612999
Model_1_goa_nr_2022.dat 7 2032 Fofl 0.0736157
Model_1_goa_nr_2022.dat 7 2032  F_LCI 0.0513247
Model_1_goa_nr_2022.dat 7 2032  F_UCI 0.0645139
Model_1_goa_nr_2022.dat 7 2032  F_Median 0.0553207
Model_1_goa_nr_2022.dat 7 2032  F_Mean 0.0563541
Model_1_goa_nr_2022.dat 7 2033 F0 0 
Model_1_goa_nr_2022.dat 7 2033 Fabc 0.0612999
Model_1_goa_nr_2022.dat 7 2033 Fofl 0.0736157
Model_1_goa_nr_2022.dat 7 2033  F_LCI 0.0503014
Model_1_goa_nr_2022.dat 7 2033  F_UCI 0.0675235
Model_1_goa_nr_2022.dat 7 2033  F_Median 0.0559377
Model_1_goa_nr_2022.dat 7 2033  F_Mean 0.0571822
Model_1_goa_nr_2022.dat 7 2034 F0 0 
Model_1_goa_nr_2022.dat 7 2034 Fabc 0.0612999
Model_1_goa_nr_2022.dat 7 2034 Fofl 0.0736157
Model_1_goa_nr_2022.dat 7 2034  F_LCI 0.0496243
Model_1_goa_nr_2022.dat 7 2034  F_UCI 0.0712946
Model_1_goa_nr_2022.dat 7 2034  F_Median 0.0570059
Model_1_goa_nr_2022.dat 7 2034  F_Mean 0.0582672
Model_1_goa_nr_2022.dat 7 2035 F0 0 
Model_1_goa_nr_2022.dat 7 2035 Fabc 0.0612999
Model_1_goa_nr_2022.dat 7 2035 Fofl 0.0736157
Model_1_goa_nr_2022.dat 7 2035  F_LCI 0.0495107
Model_1_goa_nr_2022.dat 7 2035  F_UCI 0.0736157
Model_1_goa_nr_2022.dat 7 2035  F_Median 0.0582065
Model_1_goa_nr_2022.dat 7 2035  F_Mean 0.0594239
