
SB0 SB40 SB35 MeanRec HarMeanRec Bnow
82.3497 32.9399 28.8224 0.0175797 0.00972298 42.5553 
CV Recruit
0.89892 
Alternative 1 Alternative  Stock: Model_1_goa_nr_2022.dat
Catch Model_1_goa_nr_2022.dat
Year C0 Cabc Cofl LowCI_Catch Median_Catch Mean_Catch UpperCI_Catch Stdev_Catch 
2022  0 4.75074 5.07516 2.00264 2.00264 2.00264 2.00264 1.95399e-14 
2023  0 4.75074 5.07516 4.96451 4.96451 4.96451 4.96451 2.06009e-06 
2024  0 4.75074 5.07516 4.61086 4.61088 4.61088 4.61093 2.27321e-05 
2025  0 4.75074 5.07516 4.31255 4.31266 4.31272 4.31306 0.000182467 
2026  0 4.75074 5.07516 3.84322 3.8476 3.84918 3.86007 0.00610848 
2027  0 4.75074 5.07516 3.44916 3.46182 3.46652 3.49795 0.0176835 
2028  0 4.75074 5.07516 3.15615 3.19458 3.20969 3.30804 0.0553285 
2029  0 4.75074 5.07516 2.92038 3.03342 3.07538 3.36606 0.160735 
2030  0 4.75074 5.07516 2.72563 2.96216 3.05797 3.63352 0.338427 
2031  0 4.75074 5.07516 2.57521 2.97904 3.12471 4.08299 0.528693 
2032  0 4.75074 5.07516 2.49497 3.05489 3.24374 4.54001 0.69236 
2033  0 4.75074 5.07516 2.43403 3.18542 3.38543 4.95076 0.81191 
2034  0 4.75074 5.07516 2.4078 3.3457 3.53273 5.2373 0.897201 
2035  0 4.75074 5.07516 2.40959 3.49977 3.67872 5.4252 0.95634 

Spawning_Biomass Model_1_goa_nr_2022.dat
Year SSB100 SSBabc SSBofl LowCI_SSB Median_SSB Mean_SSB UpperCI_SSB Stdev_SSB 
2022 82.3497 32.9399 28.8224 41.3992 41.3992 41.3992 41.3992 2.70006e-13 
2023 82.3497 32.9399 28.8224 39.0684 39.0689 39.0691 39.0708 0.000908715 
2024 82.3497 32.9399 28.8224 36.0555 36.0583 36.0594 36.0672 0.00422865 
2025 82.3497 32.9399 28.8224 33.4114 33.4215 33.4252 33.4507 0.014258 
2026 82.3497 32.9399 28.8224 31.1627 31.1913 31.2014 31.273 0.0392463 
2027 82.3497 32.9399 28.8224 29.3522 29.4219 29.4478 29.6166 0.0954382 
2028 82.3497 32.9399 28.8224 27.9272 28.0837 28.1445 28.5249 0.21328 
2029 82.3497 32.9399 28.8224 26.8126 27.1501 27.2663 28.0433 0.436307 
2030 82.3497 32.9399 28.8224 25.9344 26.5865 26.7958 28.2124 0.80703 
2031 82.3497 32.9399 28.8224 25.2468 26.3695 26.7069 29.0402 1.33444 
2032 82.3497 32.9399 28.8224 24.7313 26.4781 26.944 30.4854 1.96981 
2033 82.3497 32.9399 28.8224 24.3461 26.8275 27.4162 31.9383 2.61942 
2034 82.3497 32.9399 28.8224 24.0916 27.3521 28.0188 33.683 3.19435 
2035 82.3497 32.9399 28.8224 24.0736 27.9396 28.6647 35.1642 3.64988 

Fishing_mortalityModel_1_goa_nr_2022.dat
Year F0 Fabc Fofl LowCI_F Median_F Mean_F UpperCI_F Stdev_F 
2022  0 0.0612999 0.0736157 0.0233027 0.0233027 0.0233027 0.0233027 8.32667e-17 
2023  0 0.0612999 0.0736157 0.0612999 0.0612999 0.0612999 0.0612999 6.245e-16 
2024  0 0.0612999 0.0736157 0.0612999 0.0612999 0.0612999 0.0612999 6.245e-16 
2025  0 0.0612999 0.0736157 0.0612999 0.0612999 0.0612999 0.0612999 6.245e-16 
2026  0 0.0612999 0.0736157 0.0578185 0.0578746 0.0578943 0.0580345 7.68805e-05 
2027  0 0.0612999 0.0736157 0.054272 0.0544084 0.0544593 0.0547898 0.000186956 
2028  0 0.0612999 0.0736157 0.0514804 0.0517869 0.0519061 0.0526513 0.000417799 
2029  0 0.0612999 0.0736157 0.0492971 0.0499582 0.0501858 0.0517079 0.00085469 
2030  0 0.0612999 0.0736157 0.0475766 0.0488542 0.0492642 0.0520392 0.0015809 
2031  0 0.0612999 0.0736157 0.0462299 0.048429 0.0490777 0.0536607 0.00254657 
2032  0 0.0612999 0.0736157 0.04522 0.0486418 0.0494903 0.0564917 0.00358416 
2033  0 0.0612999 0.0736157 0.0444654 0.0493263 0.050281 0.0593379 0.0044631 
2034  0 0.0612999 0.0736157 0.0439668 0.0503539 0.0512584 0.0612999 0.00513158 
2035  0 0.0612999 0.0736157 0.0439315 0.0515048 0.0522538 0.0612999 0.00554979 

Total_BiomassModel_1_goa_nr_2022.dat
Year B100 Babc Bofl LowCI_Biom Median_Biom Mean_Biom UpperCI_Biom Stdev_Biom 
2022 407.425 102.239 93.546 97.9501 97.9501 97.9501 97.9501 1.12266e-12 
2023 407.425 102.239 93.546 95.0206 95.3017 95.4518 96.3692 0.496914 
2024 407.425 102.239 93.546 89.4619 90.3647 90.7375 93.1643 1.2956 
2025 407.425 102.239 93.546 84.6657 86.574 87.2633 91.7666 2.46384 
2026 407.425 102.239 93.546 80.6846 83.9218 84.9296 91.8741 3.89827 
2027 407.425 102.239 93.546 77.4705 82.4902 83.7966 93.7815 5.50336 
2028 407.425 102.239 93.546 75.2177 82.0494 83.6643 96.2933 7.1666 
2029 407.425 102.239 93.546 73.4354 82.4376 84.3188 100.419 8.80686 
2030 407.425 102.239 93.546 72.5502 83.5074 85.5213 104.234 10.322 
2031 407.425 102.239 93.546 72.3528 84.8575 87.0721 108.686 11.6363 
2032 407.425 102.239 93.546 72.5727 86.2721 88.7593 112.395 12.7219 
2033 407.425 102.239 93.546 72.7756 88.2287 90.4796 115.111 13.5814 
2034 407.425 102.239 93.546 73.2871 90.2164 92.1164 117.49 14.2668 
2035 407.425 102.239 93.546 73.4715 91.6669 93.6219 119.619 14.8106 
Alternative 2 Alternative  Stock: Model_1_goa_nr_2022.dat
Catch Model_1_goa_nr_2022.dat
Year C0 Cabc Cofl LowCI_Catch Median_Catch Mean_Catch UpperCI_Catch Stdev_Catch 
2022  0 4.75074 5.07516 2.00264 2.00264 2.00264 2.00264 1.95399e-14 
2023  0 4.75074 5.07516 4.96451 4.96451 4.96451 4.96451 2.06009e-06 
2024  0 4.75074 5.07516 4.61086 4.61088 4.61088 4.61093 2.27321e-05 
2025  0 4.75074 5.07516 4.31255 4.31266 4.31272 4.31306 0.000182467 
2026  0 4.75074 5.07516 3.84322 3.8476 3.84918 3.86007 0.00610848 
2027  0 4.75074 5.07516 3.44916 3.46182 3.46652 3.49795 0.0176835 
2028  0 4.75074 5.07516 3.15615 3.19458 3.20969 3.30804 0.0553285 
2029  0 4.75074 5.07516 2.92038 3.03342 3.07538 3.36606 0.160735 
2030  0 4.75074 5.07516 2.72563 2.96216 3.05797 3.63352 0.338427 
2031  0 4.75074 5.07516 2.57521 2.97904 3.12471 4.08299 0.528693 
2032  0 4.75074 5.07516 2.49497 3.05489 3.24374 4.54001 0.69236 
2033  0 4.75074 5.07516 2.43403 3.18542 3.38543 4.95076 0.81191 
2034  0 4.75074 5.07516 2.4078 3.3457 3.53273 5.2373 0.897201 
2035  0 4.75074 5.07516 2.40959 3.49977 3.67872 5.4252 0.95634 

Spawning_Biomass Model_1_goa_nr_2022.dat
Year SSB100 SSBabc SSBofl LowCI_SSB Median_SSB Mean_SSB UpperCI_SSB Stdev_SSB 
2022 82.3497 32.9399 28.8224 41.3992 41.3992 41.3992 41.3992 2.70006e-13 
2023 82.3497 32.9399 28.8224 39.0684 39.0689 39.0691 39.0708 0.000908715 
2024 82.3497 32.9399 28.8224 36.0555 36.0583 36.0594 36.0672 0.00422865 
2025 82.3497 32.9399 28.8224 33.4114 33.4215 33.4252 33.4507 0.014258 
2026 82.3497 32.9399 28.8224 31.1627 31.1913 31.2014 31.273 0.0392463 
2027 82.3497 32.9399 28.8224 29.3522 29.4219 29.4478 29.6166 0.0954382 
2028 82.3497 32.9399 28.8224 27.9272 28.0837 28.1445 28.5249 0.21328 
2029 82.3497 32.9399 28.8224 26.8126 27.1501 27.2663 28.0433 0.436307 
2030 82.3497 32.9399 28.8224 25.9344 26.5865 26.7958 28.2124 0.80703 
2031 82.3497 32.9399 28.8224 25.2468 26.3695 26.7069 29.0402 1.33444 
2032 82.3497 32.9399 28.8224 24.7313 26.4781 26.944 30.4854 1.96981 
2033 82.3497 32.9399 28.8224 24.3461 26.8275 27.4162 31.9383 2.61942 
2034 82.3497 32.9399 28.8224 24.0916 27.3521 28.0188 33.683 3.19435 
2035 82.3497 32.9399 28.8224 24.0736 27.9396 28.6647 35.1642 3.64988 

Fishing_mortalityModel_1_goa_nr_2022.dat
Year F0 Fabc Fofl LowCI_F Median_F Mean_F UpperCI_F Stdev_F 
2022  0 0.0612999 0.0736157 0.0233027 0.0233027 0.0233027 0.0233027 8.32667e-17 
2023  0 0.0612999 0.0736157 0.0612999 0.0612999 0.0612999 0.0612999 6.245e-16 
2024  0 0.0612999 0.0736157 0.0612999 0.0612999 0.0612999 0.0612999 6.245e-16 
2025  0 0.0612999 0.0736157 0.0612999 0.0612999 0.0612999 0.0612999 6.245e-16 
2026  0 0.0612999 0.0736157 0.0578185 0.0578746 0.0578943 0.0580345 7.68805e-05 
2027  0 0.0612999 0.0736157 0.054272 0.0544084 0.0544593 0.0547898 0.000186956 
2028  0 0.0612999 0.0736157 0.0514804 0.0517869 0.0519061 0.0526513 0.000417799 
2029  0 0.0612999 0.0736157 0.0492971 0.0499582 0.0501858 0.0517079 0.00085469 
2030  0 0.0612999 0.0736157 0.0475766 0.0488542 0.0492642 0.0520392 0.0015809 
2031  0 0.0612999 0.0736157 0.0462299 0.048429 0.0490777 0.0536607 0.00254657 
2032  0 0.0612999 0.0736157 0.04522 0.0486418 0.0494903 0.0564917 0.00358416 
2033  0 0.0612999 0.0736157 0.0444654 0.0493263 0.050281 0.0593379 0.0044631 
2034  0 0.0612999 0.0736157 0.0439668 0.0503539 0.0512584 0.0612999 0.00513158 
2035  0 0.0612999 0.0736157 0.0439315 0.0515048 0.0522538 0.0612999 0.00554979 

Total_BiomassModel_1_goa_nr_2022.dat
Year B100 Babc Bofl LowCI_Biom Median_Biom Mean_Biom UpperCI_Biom Stdev_Biom 
2022 407.425 102.239 93.546 97.9501 97.9501 97.9501 97.9501 1.12266e-12 
2023 407.425 102.239 93.546 95.0206 95.3017 95.4518 96.3692 0.496914 
2024 407.425 102.239 93.546 89.4619 90.3647 90.7375 93.1643 1.2956 
2025 407.425 102.239 93.546 84.6657 86.574 87.2633 91.7666 2.46384 
2026 407.425 102.239 93.546 80.6846 83.9218 84.9296 91.8741 3.89827 
2027 407.425 102.239 93.546 77.4705 82.4902 83.7966 93.7815 5.50336 
2028 407.425 102.239 93.546 75.2177 82.0494 83.6643 96.2933 7.1666 
2029 407.425 102.239 93.546 73.4354 82.4376 84.3188 100.419 8.80686 
2030 407.425 102.239 93.546 72.5502 83.5074 85.5213 104.234 10.322 
2031 407.425 102.239 93.546 72.3528 84.8575 87.0721 108.686 11.6363 
2032 407.425 102.239 93.546 72.5727 86.2721 88.7593 112.395 12.7219 
2033 407.425 102.239 93.546 72.7756 88.2287 90.4796 115.111 13.5814 
2034 407.425 102.239 93.546 73.2871 90.2164 92.1164 117.49 14.2668 
2035 407.425 102.239 93.546 73.4715 91.6669 93.6219 119.619 14.8106 
Alternative 3 Alternative  Stock: Model_1_goa_nr_2022.dat
Catch Model_1_goa_nr_2022.dat
Year C0 Cabc Cofl LowCI_Catch Median_Catch Mean_Catch UpperCI_Catch Stdev_Catch 
2022  0 4.75074 5.07516 2.00264 2.00264 2.00264 2.00264 1.95399e-14 
2023  0 4.75074 5.07516 2.51933 2.51934 2.51934 2.51934 1.03004e-06 
2024  0 4.75074 5.07516 2.41009 2.41009 2.4101 2.41012 1.13661e-05 
2025  0 4.75074 5.07516 2.31917 2.31922 2.31925 2.31942 9.12368e-05 
2026  0 4.75074 5.07516 2.24703 2.24742 2.24759 2.24874 0.000612988 
2027  0 4.75074 5.07516 2.18046 2.18784 2.18936 2.20168 0.00708995 
2028  0 4.75074 5.07516 2.06929 2.09182 2.10055 2.15847 0.0317486 
2029  0 4.75074 5.07516 1.97479 2.04177 2.06598 2.23887 0.0916587 
2030  0 4.75074 5.07516 1.89223 2.03507 2.08869 2.43899 0.187402 
2031  0 4.75074 5.07516 1.8263 2.07376 2.14992 2.66518 0.279822 
2032  0 4.75074 5.07516 1.79516 2.14793 2.22944 2.81765 0.349905 
2033  0 4.75074 5.07516 1.77212 2.25693 2.31102 2.97514 0.396463 
2034  0 4.75074 5.07516 1.76776 2.36544 2.38959 3.13473 0.426807 
2035  0 4.75074 5.07516 1.78872 2.44897 2.46741 3.23693 0.448848 

Spawning_Biomass Model_1_goa_nr_2022.dat
Year SSB100 SSBabc SSBofl LowCI_SSB Median_SSB Mean_SSB UpperCI_SSB Stdev_SSB 
2022 82.3497 32.9399 28.8224 41.3992 41.3992 41.3992 41.3992 2.70006e-13 
2023 82.3497 32.9399 28.8224 39.4662 39.4667 39.4669 39.4686 0.000908716 
2024 82.3497 32.9399 28.8224 37.5361 37.5389 37.5401 37.5478 0.00422867 
2025 82.3497 32.9399 28.8224 35.8275 35.8376 35.8413 35.8669 0.0142583 
2026 82.3497 32.9399 28.8224 34.3505 34.3797 34.39 34.463 0.040038 
2027 82.3497 32.9399 28.8224 33.1085 33.1805 33.2073 33.3825 0.0989696 
2028 82.3497 32.9399 28.8224 32.1008 32.2618 32.3247 32.7198 0.220973 
2029 82.3497 32.9399 28.8224 31.3099 31.6575 31.7782 32.5842 0.45225 
2030 82.3497 32.9399 28.8224 30.6848 31.3564 31.581 33.0628 0.845744 
2031 82.3497 32.9399 28.8224 30.195 31.3753 31.7362 34.1961 1.42784 
2032 82.3497 32.9399 28.8224 29.8294 31.6899 32.2153 36.0186 2.16622 
2033 82.3497 32.9399 28.8224 29.5602 32.2388 32.949 38.2153 2.97049 
2034 82.3497 32.9399 28.8224 29.4103 33.0042 33.8445 40.5199 3.73919 
2035 82.3497 32.9399 28.8224 29.4401 33.8908 34.8162 42.9484 4.40808 

Fishing_mortalityModel_1_goa_nr_2022.dat
Year F0 Fabc Fofl LowCI_F Median_F Mean_F UpperCI_F Stdev_F 
2022  0 0.0612999 0.0736157 0.0233027 0.0233027 0.0233027 0.0233027 8.32667e-17 
2023  0 0.0612999 0.0736157 0.0306499 0.0306499 0.0306499 0.0306499 3.1225e-16 
2024  0 0.0612999 0.0736157 0.0306499 0.0306499 0.0306499 0.0306499 3.1225e-16 
2025  0 0.0612999 0.0736157 0.0306499 0.0306499 0.0306499 0.0306499 3.1225e-16 
2026  0 0.0612999 0.0736157 0.0306499 0.0306499 0.0306499 0.0306499 3.1225e-16 
2027  0 0.0612999 0.0736157 0.0304917 0.0305614 0.0305701 0.0306499 5.51412e-05 
2028  0 0.0612999 0.0736157 0.0295245 0.0296803 0.0297395 0.0301238 0.000204333 
2029  0 0.0612999 0.0736157 0.0287649 0.0291011 0.0292097 0.029997 0.000400947 
2030  0 0.0612999 0.0736157 0.0281639 0.0288136 0.028988 0.0304543 0.000673059 
2031  0 0.0612999 0.0736157 0.0276938 0.0288315 0.0290174 0.0306499 0.000954722 
2032  0 0.0612999 0.0736157 0.027343 0.0291336 0.0291945 0.0306499 0.00117316 
2033  0 0.0612999 0.0736157 0.0270837 0.0296594 0.0294064 0.0306499 0.00128187 
2034  0 0.0612999 0.0736157 0.0269422 0.0303928 0.0296154 0.0306499 0.00130898 
2035  0 0.0612999 0.0736157 0.0269716 0.0306499 0.0298117 0.0306499 0.00129024 

Total_BiomassModel_1_goa_nr_2022.dat
Year B100 Babc Bofl LowCI_Biom Median_Biom Mean_Biom UpperCI_Biom Stdev_Biom 
2022 407.425 102.239 93.546 97.9501 97.9501 97.9501 97.9501 1.12266e-12 
2023 407.425 102.239 93.546 95.0206 95.3017 95.4518 96.3692 0.496914 
2024 407.425 102.239 93.546 91.8789 92.7817 93.1544 95.5813 1.2956 
2025 407.425 102.239 93.546 89.1588 91.0671 91.7564 96.2598 2.46387 
2026 407.425 102.239 93.546 86.9627 90.2 91.2079 98.1524 3.89842 
2027 407.425 102.239 93.546 85.0657 90.0898 91.3978 101.398 5.50858 
2028 407.425 102.239 93.546 83.7517 90.5869 92.2119 104.854 7.18117 
2029 407.425 102.239 93.546 82.7001 91.723 93.6074 109.715 8.84115 
2030 407.425 102.239 93.546 82.349 93.3589 95.4249 114.226 10.4117 
2031 407.425 102.239 93.546 82.6367 95.1552 97.5325 119.102 11.8451 
2032 407.425 102.239 93.546 83.186 97.0703 99.7694 123.912 13.1239 
2033 407.425 102.239 93.546 83.6658 99.6813 102.069 128.341 14.2383 
2034 407.425 102.239 93.546 84.8797 102.222 104.333 132.756 15.2123 
2035 407.425 102.239 93.546 85.4532 104.258 106.522 136.326 16.0608 
Alternative 4 Alternative  Stock: Model_1_goa_nr_2022.dat
Catch Model_1_goa_nr_2022.dat
Year C0 Cabc Cofl LowCI_Catch Median_Catch Mean_Catch UpperCI_Catch Stdev_Catch 
2022  0 4.75074 5.07516 2.00264 2.00264 2.00264 2.00264 1.95399e-14 
2023  0 4.75074 5.07516 2.03865 2.03865 2.03866 2.03866 8.31124e-07 
2024  0 4.75074 5.07516 1.96143 1.96143 1.96143 1.96145 9.17114e-06 
2025  0 4.75074 5.07516 1.89785 1.89789 1.89791 1.89805 7.36179e-05 
2026  0 4.75074 5.07516 1.84843 1.84874 1.84888 1.8498 0.000494624 
2027  0 4.75074 5.07516 1.81168 1.81358 1.81436 1.81976 0.00292049 
2028  0 4.75074 5.07516 1.78257 1.79225 1.79627 1.82352 0.0147512 
2029  0 4.75074 5.07516 1.7512 1.78865 1.80285 1.90058 0.0540018 
2030  0 4.75074 5.07516 1.71671 1.80404 1.83767 2.05018 0.119166 
2031  0 4.75074 5.07516 1.69088 1.84183 1.88913 2.22083 0.182658 
2032  0 4.75074 5.07516 1.68273 1.89069 1.94712 2.35386 0.233442 
2033  0 4.75074 5.07516 1.67912 1.94814 2.00531 2.48655 0.271437 
2034  0 4.75074 5.07516 1.67566 2.0056 2.06177 2.61276 0.300304 
2035  0 4.75074 5.07516 1.69019 2.06463 2.11872 2.71446 0.324538 

Spawning_Biomass Model_1_goa_nr_2022.dat
Year SSB100 SSBabc SSBofl LowCI_SSB Median_SSB Mean_SSB UpperCI_SSB Stdev_SSB 
2022 82.3497 32.9399 28.8224 41.3992 41.3992 41.3992 41.3992 2.70006e-13 
2023 82.3497 32.9399 28.8224 39.5434 39.544 39.5442 39.5459 0.000908716 
2024 82.3497 32.9399 28.8224 37.8291 37.8318 37.833 37.8408 0.00422867 
2025 82.3497 32.9399 28.8224 36.3142 36.3242 36.328 36.3535 0.0142584 
2026 82.3497 32.9399 28.8224 35.0113 35.0405 35.0508 35.1239 0.0400389 
2027 82.3497 32.9399 28.8224 33.9247 33.9974 34.0244 34.2005 0.099482 
2028 82.3497 32.9399 28.8224 33.0443 33.2091 33.273 33.6748 0.224653 
2029 82.3497 32.9399 28.8224 32.3418 32.7001 32.8241 33.6509 0.464515 
2030 82.3497 32.9399 28.8224 31.777 32.4704 32.7045 34.2493 0.874423 
2031 82.3497 32.9399 28.8224 31.3222 32.5577 32.9299 35.4866 1.48422 
2032 82.3497 32.9399 28.8224 30.9781 32.929 33.4822 37.4522 2.2624 
2033 82.3497 32.9399 28.8224 30.7125 33.5426 34.2981 39.8594 3.11567 
2034 82.3497 32.9399 28.8224 30.5706 34.4085 35.2861 42.2888 3.93743 
2035 82.3497 32.9399 28.8224 30.5875 35.3923 36.36 44.9075 4.65838 

Fishing_mortalityModel_1_goa_nr_2022.dat
Year F0 Fabc Fofl LowCI_F Median_F Mean_F UpperCI_F Stdev_F 
2022  0 0.0612999 0.0736157 0.0233027 0.0233027 0.0233027 0.0233027 8.32667e-17 
2023  0 0.0612999 0.0736157 0.0247309 0.0247309 0.0247309 0.0247309 4.23273e-16 
2024  0 0.0612999 0.0736157 0.0247309 0.0247309 0.0247309 0.0247309 4.23273e-16 
2025  0 0.0612999 0.0736157 0.0247309 0.0247309 0.0247309 0.0247309 4.23273e-16 
2026  0 0.0612999 0.0736157 0.0247309 0.0247309 0.0247309 0.0247309 4.23273e-16 
2027  0 0.0612999 0.0736157 0.0247309 0.0247309 0.0247309 0.0247309 4.23273e-16 
2028  0 0.0612999 0.0736157 0.0247309 0.0247309 0.0247309 0.0247309 4.23273e-16 
2029  0 0.0612999 0.0736157 0.0247309 0.0247309 0.0247309 0.0247309 4.23273e-16 
2030  0 0.0612999 0.0736157 0.0247309 0.0247309 0.0247309 0.0247309 4.23273e-16 
2031  0 0.0612999 0.0736157 0.0247309 0.0247309 0.0247309 0.0247309 4.23273e-16 
2032  0 0.0612999 0.0736157 0.0247309 0.0247309 0.0247309 0.0247309 4.23273e-16 
2033  0 0.0612999 0.0736157 0.0247309 0.0247309 0.0247309 0.0247309 4.23273e-16 
2034  0 0.0612999 0.0736157 0.0247309 0.0247309 0.0247309 0.0247309 4.23273e-16 
2035  0 0.0612999 0.0736157 0.0247309 0.0247309 0.0247309 0.0247309 4.23273e-16 

Total_BiomassModel_1_goa_nr_2022.dat
Year B100 Babc Bofl LowCI_Biom Median_Biom Mean_Biom UpperCI_Biom Stdev_Biom 
2022 407.425 102.239 93.546 97.9501 97.9501 97.9501 97.9501 1.12266e-12 
2023 407.425 102.239 93.546 95.0206 95.3017 95.4518 96.3692 0.496914 
2024 407.425 102.239 93.546 92.3541 93.2569 93.6296 96.0565 1.2956 
2025 407.425 102.239 93.546 90.0579 91.9663 92.6556 97.159 2.46387 
2026 407.425 102.239 93.546 88.2411 91.4784 92.4863 99.4309 3.89845 
2027 407.425 102.239 93.546 86.685 91.7091 93.0173 103.018 5.50874 
2028 407.425 102.239 93.546 85.6687 92.5063 94.1348 106.783 7.18504 
2029 407.425 102.239 93.546 84.8287 93.8679 95.7513 111.872 8.85967 
2030 407.425 102.239 93.546 84.6031 95.6492 97.7402 116.605 10.461 
2031 407.425 102.239 93.546 85.0035 97.6295 100.001 121.537 11.9486 
2032 407.425 102.239 93.546 85.5509 99.7061 102.397 126.855 13.3016 
2033 407.425 102.239 93.546 86.1746 102.41 104.873 131.744 14.5004 
2034 407.425 102.239 93.546 87.139 105.117 107.333 135.906 15.5586 
2035 407.425 102.239 93.546 88.0648 107.502 109.734 140.137 16.4848 
Alternative 5 Alternative  Stock: Model_1_goa_nr_2022.dat
Catch Model_1_goa_nr_2022.dat
Year C0 Cabc Cofl LowCI_Catch Median_Catch Mean_Catch UpperCI_Catch Stdev_Catch 
2022  0 4.75074 5.07516 2.00264 2.00264 2.00264 2.00264 1.95399e-14 
2023  0 4.75074 5.07516 0 0 0 0 0 
2024  0 4.75074 5.07516 0 0 0 0 0 
2025  0 4.75074 5.07516 0 0 0 0 0 
2026  0 4.75074 5.07516 0 0 0 0 0 
2027  0 4.75074 5.07516 0 0 0 0 0 
2028  0 4.75074 5.07516 0 0 0 0 0 
2029  0 4.75074 5.07516 0 0 0 0 0 
2030  0 4.75074 5.07516 0 0 0 0 0 
2031  0 4.75074 5.07516 0 0 0 0 0 
2032  0 4.75074 5.07516 0 0 0 0 0 
2033  0 4.75074 5.07516 0 0 0 0 0 
2034  0 4.75074 5.07516 0 0 0 0 0 
2035  0 4.75074 5.07516 0 0 0 0 0 

Spawning_Biomass Model_1_goa_nr_2022.dat
Year SSB100 SSBabc SSBofl LowCI_SSB Median_SSB Mean_SSB UpperCI_SSB Stdev_SSB 
2022 82.3497 32.9399 28.8224 41.3992 41.3992 41.3992 41.3992 2.70006e-13 
2023 82.3497 32.9399 28.8224 39.868 39.8685 39.8688 39.8705 0.000908717 
2024 82.3497 32.9399 28.8224 39.0782 39.081 39.0821 39.0899 0.00422869 
2025 82.3497 32.9399 28.8224 38.4212 38.4313 38.435 38.4606 0.0142587 
2026 82.3497 32.9399 28.8224 37.9161 37.9453 37.9556 38.0286 0.0400426 
2027 82.3497 32.9399 28.8224 37.5739 37.6466 37.6735 37.8497 0.0995224 
2028 82.3497 32.9399 28.8224 37.3919 37.5571 37.621 38.0238 0.225038 
2029 82.3497 32.9399 28.8224 37.3487 37.7089 37.8338 38.6613 0.467367 
2030 82.3497 32.9399 28.8224 37.4093 38.1132 38.3496 39.9324 0.888865 
2031 82.3497 32.9399 28.8224 37.544 38.8151 39.198 41.8167 1.53307 
2032 82.3497 32.9399 28.8224 37.7495 39.7841 40.3764 44.513 2.38107 
2033 82.3497 32.9399 28.8224 38.0157 41.0521 41.8325 47.8903 3.34235 
2034 82.3497 32.9399 28.8224 38.3856 42.5063 43.4786 51.0726 4.30215 
2035 82.3497 32.9399 28.8224 38.8342 44.1075 45.2256 54.6849 5.17795 

Fishing_mortalityModel_1_goa_nr_2022.dat
Year F0 Fabc Fofl LowCI_F Median_F Mean_F UpperCI_F Stdev_F 
2022  0 0.0612999 0.0736157 0.0233027 0.0233027 0.0233027 0.0233027 8.32667e-17 
2023  0 0.0612999 0.0736157 0 0 0 0 0 
2024  0 0.0612999 0.0736157 0 0 0 0 0 
2025  0 0.0612999 0.0736157 0 0 0 0 0 
2026  0 0.0612999 0.0736157 0 0 0 0 0 
2027  0 0.0612999 0.0736157 0 0 0 0 0 
2028  0 0.0612999 0.0736157 0 0 0 0 0 
2029  0 0.0612999 0.0736157 0 0 0 0 0 
2030  0 0.0612999 0.0736157 0 0 0 0 0 
2031  0 0.0612999 0.0736157 0 0 0 0 0 
2032  0 0.0612999 0.0736157 0 0 0 0 0 
2033  0 0.0612999 0.0736157 0 0 0 0 0 
2034  0 0.0612999 0.0736157 0 0 0 0 0 
2035  0 0.0612999 0.0736157 0 0 0 0 0 

Total_BiomassModel_1_goa_nr_2022.dat
Year B100 Babc Bofl LowCI_Biom Median_Biom Mean_Biom UpperCI_Biom Stdev_Biom 
2022 407.425 102.239 93.546 97.9501 97.9501 97.9501 97.9501 1.12266e-12 
2023 407.425 102.239 93.546 95.0206 95.3017 95.4518 96.3692 0.496914 
2024 407.425 102.239 93.546 94.3697 95.2725 95.6452 98.0721 1.2956 
2025 407.425 102.239 93.546 93.9296 95.8379 96.5272 101.031 2.46389 
2026 407.425 102.239 93.546 93.8278 97.0652 98.0731 105.018 3.89857 
2027 407.425 102.239 93.546 93.8652 98.8899 100.198 110.201 5.50943 
2028 407.425 102.239 93.546 94.3391 101.177 102.809 115.459 7.18859 
2029 407.425 102.239 93.546 94.9043 103.984 105.84 121.972 8.87618 
2030 407.425 102.239 93.546 95.9803 107.079 109.195 128.119 10.5222 
2031 407.425 102.239 93.546 97.599 110.342 112.809 134.237 12.1094 
2032 407.425 102.239 93.546 99.2495 113.91 116.563 141.45 13.6176 
2033 407.425 102.239 93.546 101.124 117.776 120.411 147.979 15.0111 
2034 407.425 102.239 93.546 102.792 121.897 124.254 154.118 16.2864 
2035 407.425 102.239 93.546 105.071 125.525 128.045 159.804 17.4422 
Alternative 6 Alternative  Stock: Model_1_goa_nr_2022.dat
Catch Model_1_goa_nr_2022.dat
Year C0 Cabc Cofl LowCI_Catch Median_Catch Mean_Catch UpperCI_Catch Stdev_Catch 
2022  0 4.75074 5.07516 2.00264 2.00264 2.00264 2.00264 1.95399e-14 
2023  0 4.75074 5.07516 5.92664 5.92664 5.92664 5.92664 2.47398e-06 
2024  0 4.75074 5.07516 5.4395 5.43951 5.43952 5.43957 2.72991e-05 
2025  0 4.75074 5.07516 4.96155 4.96321 4.96383 4.9681 0.00237216 
2026  0 4.75074 5.07516 4.27407 4.27891 4.28067 4.29271 0.00675188 
2027  0 4.75074 5.07516 3.78189 3.79615 3.80143 3.83683 0.0199164 
2028  0 4.75074 5.07516 3.42226 3.46567 3.48275 3.59389 0.0625325 
2029  0 4.75074 5.07516 3.13848 3.26578 3.31317 3.64081 0.18132 
2030  0 4.75074 5.07516 2.90834 3.17334 3.2812 3.92892 0.380113 
2031  0 4.75074 5.07516 2.73337 3.18273 3.34749 4.41295 0.597805 
2032  0 4.75074 5.07516 2.64023 3.26131 3.47422 4.90482 0.785055 
2033  0 4.75074 5.07516 2.57011 3.38666 3.62928 5.34637 0.927749 
2034  0 4.75074 5.07516 2.53837 3.56359 3.79075 5.72812 1.02784 
2035  0 4.75074 5.07516 2.54115 3.73164 3.95254 6.08408 1.1013 

Spawning_Biomass Model_1_goa_nr_2022.dat
Year SSB100 SSBabc SSBofl LowCI_SSB Median_SSB Mean_SSB UpperCI_SSB Stdev_SSB 
2022 82.3497 32.9399 28.8224 41.3992 41.3992 41.3992 41.3992 2.70006e-13 
2023 82.3497 32.9399 28.8224 38.9097 38.9102 38.9104 38.9121 0.000908715 
2024 82.3497 32.9399 28.8224 35.4773 35.4801 35.4812 35.489 0.00422864 
2025 82.3497 32.9399 28.8224 32.4989 32.5087 32.5123 32.5372 0.0139078 
2026 82.3497 32.9399 28.8224 30.0186 30.0464 30.0563 30.1258 0.038191 
2027 82.3497 32.9399 28.8224 28.0671 28.1358 28.1614 28.3276 0.0940645 
2028 82.3497 32.9399 28.8224 26.5477 26.7025 26.7628 27.1392 0.211033 
2029 82.3497 32.9399 28.8224 25.3705 25.7044 25.8195 26.5873 0.431762 
2030 82.3497 32.9399 28.8224 24.4504 25.0967 25.3023 26.6998 0.796411 
2031 82.3497 32.9399 28.8224 23.7386 24.838 25.1752 27.4652 1.30946 
2032 82.3497 32.9399 28.8224 23.2154 24.9188 25.3745 28.8339 1.91747 
2033 82.3497 32.9399 28.8224 22.8213 25.2224 25.8034 30.1608 2.52542 
2034 82.3497 32.9399 28.8224 22.5679 25.7124 26.3543 31.8051 3.0467 
2035 82.3497 32.9399 28.8224 22.548 26.2578 26.94 33.0601 3.44257 

Fishing_mortalityModel_1_goa_nr_2022.dat
Year F0 Fabc Fofl LowCI_F Median_F Mean_F UpperCI_F Stdev_F 
2022  0 0.0612999 0.0736157 0.0233027 0.0233027 0.0233027 0.0233027 8.32667e-17 
2023  0 0.0612999 0.0736157 0.0736157 0.0736157 0.0736157 0.0736157 1.16573e-15 
2024  0 0.0612999 0.0736157 0.0736157 0.0736157 0.0736157 0.0736157 1.16573e-15 
2025  0 0.0612999 0.0736157 0.0725784 0.0726015 0.07261 0.0726686 3.27182e-05 
2026  0 0.0612999 0.0736157 0.0667434 0.0668089 0.0668321 0.0669957 8.98445e-05 
2027  0 0.0612999 0.0736157 0.0621526 0.0623141 0.0623745 0.0627653 0.000221286 
2028  0 0.0612999 0.0736157 0.0585783 0.0589425 0.0590842 0.0599697 0.000496455 
2029  0 0.0612999 0.0736157 0.0558087 0.0565943 0.0568652 0.0586713 0.00101572 
2030  0 0.0612999 0.0736157 0.0536444 0.0551647 0.0556485 0.058936 0.00187355 
2031  0 0.0612999 0.0736157 0.0519699 0.0545563 0.0553469 0.0607365 0.00306414 
2032  0 0.0612999 0.0736157 0.0507391 0.0547463 0.0557846 0.0639564 0.00434447 
2033  0 0.0612999 0.0736157 0.049812 0.0554605 0.0567189 0.067078 0.00551107 
2034  0 0.0612999 0.0736157 0.0492157 0.0566131 0.0578945 0.0709463 0.00640658 
2035  0 0.0612999 0.0736157 0.049169 0.0578962 0.0591275 0.0736157 0.00703102 

Total_BiomassModel_1_goa_nr_2022.dat
Year B100 Babc Bofl LowCI_Biom Median_Biom Mean_Biom UpperCI_Biom Stdev_Biom 
2022 407.425 102.239 93.546 97.9501 97.9501 97.9501 97.9501 1.12266e-12 
2023 407.425 102.239 93.546 95.0206 95.3017 95.4518 96.3692 0.496914 
2024 407.425 102.239 93.546 88.5111 89.4139 89.7866 92.2135 1.2956 
2025 407.425 102.239 93.546 82.9347 84.843 85.5324 90.0357 2.46383 
2026 407.425 102.239 93.546 78.383 81.6191 82.6263 89.5691 3.89625 
2027 407.425 102.239 93.546 74.839 79.8567 81.1623 91.1397 5.50088 
2028 407.425 102.239 93.546 72.3667 79.197 80.8086 93.4334 7.16223 
2029 407.425 102.239 93.546 70.4361 79.4387 81.3119 97.4088 8.79643 
2030 407.425 102.239 93.546 69.4652 80.3743 82.4034 101.088 10.2949 
2031 407.425 102.239 93.546 69.1941 81.6944 83.8597 105.435 11.5762 
2032 407.425 102.239 93.546 69.3374 82.9708 85.4532 108.845 12.6095 
2033 407.425 102.239 93.546 69.5542 84.9017 87.0723 111.619 13.4033 
2034 407.425 102.239 93.546 69.998 86.7009 88.5944 113.65 14.0129 
2035 407.425 102.239 93.546 70.2958 88.0636 89.9717 115.065 14.4786 
Alternative 7 Alternative  Stock: Model_1_goa_nr_2022.dat
Catch Model_1_goa_nr_2022.dat
Year C0 Cabc Cofl LowCI_Catch Median_Catch Mean_Catch UpperCI_Catch Stdev_Catch 
2022  0 4.75074 5.07516 2.00264 2.00264 2.00264 2.00264 1.95399e-14 
2023  0 4.75074 5.07516 4.96451 4.96451 4.96451 4.96451 2.06009e-06 
2024  0 4.75074 5.07516 4.61086 4.61088 4.61088 4.61093 2.27321e-05 
2025  0 4.75074 5.07516 5.14854 5.14867 5.14873 5.14915 0.000219125 
2026  0 4.75074 5.07516 4.46534 4.47048 4.47233 4.48511 0.00716368 
2027  0 4.75074 5.07516 3.93244 3.9471 3.95255 3.98897 0.0204907 
2028  0 4.75074 5.07516 3.54238 3.58658 3.60402 3.71731 0.0637223 
2029  0 4.75074 5.07516 3.23498 3.36425 3.41232 3.74496 0.184015 
2030  0 4.75074 5.07516 2.98622 3.25456 3.36366 4.01916 0.3845 
2031  0 4.75074 5.07516 2.79667 3.25051 3.41653 4.49088 0.602086 
2032  0 4.75074 5.07516 2.6924 3.31872 3.53191 4.97086 0.788196 
2033  0 4.75074 5.07516 2.61331 3.43376 3.67699 5.40189 0.929108 
2034  0 4.75074 5.07516 2.57376 3.60296 3.82988 5.75815 1.0281 
2035  0 4.75074 5.07516 2.57052 3.76382 3.98432 6.10491 1.10062 

Spawning_Biomass Model_1_goa_nr_2022.dat
Year SSB100 SSBabc SSBofl LowCI_SSB Median_SSB Mean_SSB UpperCI_SSB Stdev_SSB 
2022 82.3497 32.9399 28.8224 41.3992 41.3992 41.3992 41.3992 2.70006e-13 
2023 82.3497 32.9399 28.8224 39.0684 39.0689 39.0691 39.0708 0.000908715 
2024 82.3497 32.9399 28.8224 36.0555 36.0583 36.0594 36.0672 0.00422865 
2025 82.3497 32.9399 28.8224 33.2762 33.2862 33.2899 33.3155 0.0142579 
2026 82.3497 32.9399 28.8224 30.6845 30.713 30.723 30.7943 0.0391046 
2027 82.3497 32.9399 28.8224 28.6278 28.697 28.7228 28.8903 0.0947649 
2028 82.3497 32.9399 28.8224 27.0209 27.176 27.2364 27.6135 0.211472 
2029 82.3497 32.9399 28.8224 25.7695 26.1035 26.2186 26.9865 0.431783 
2030 82.3497 32.9399 28.8224 24.7864 25.432 25.6375 27.0335 0.795619 
2031 82.3497 32.9399 28.8224 24.0209 25.1191 25.4553 27.7411 1.30728 
2032 82.3497 32.9399 28.8224 23.4528 25.1517 25.6068 29.0599 1.91358 
2033 82.3497 32.9399 28.8224 23.0198 25.4159 25.9946 30.3415 2.52001 
2034 82.3497 32.9399 28.8224 22.7335 25.8717 26.5104 31.9464 3.04044 
2035 82.3497 32.9399 28.8224 22.6866 26.3837 27.0666 33.1698 3.43613 

Fishing_mortalityModel_1_goa_nr_2022.dat
Year F0 Fabc Fofl LowCI_F Median_F Mean_F UpperCI_F Stdev_F 
2022  0 0.0612999 0.0736157 0.0233027 0.0233027 0.0233027 0.0233027 8.32667e-17 
2023  0 0.0612999 0.0736157 0.0612999 0.0612999 0.0612999 0.0612999 6.245e-16 
2024  0 0.0612999 0.0736157 0.0612999 0.0612999 0.0612999 0.0612999 6.245e-16 
2025  0 0.0612999 0.0736157 0.0736157 0.0736157 0.0736157 0.0736157 1.16573e-15 
2026  0 0.0612999 0.0736157 0.0683099 0.068377 0.0684007 0.0685684 9.19938e-05 
2027  0 0.0612999 0.0736157 0.0634717 0.0636344 0.0636951 0.0640892 0.000222934 
2028  0 0.0612999 0.0736157 0.0596913 0.0600563 0.0601983 0.0610856 0.000497487 
2029  0 0.0612999 0.0736157 0.0567475 0.0575331 0.057804 0.0596104 0.00101577 
2030  0 0.0612999 0.0736157 0.0544347 0.0559535 0.056437 0.0597211 0.00187169 
2031  0 0.0612999 0.0736157 0.052634 0.0552175 0.0560045 0.0613856 0.00305225 
2032  0 0.0612999 0.0736157 0.0512975 0.0552942 0.0563277 0.0644881 0.00432105 
2033  0 0.0612999 0.0736157 0.0502788 0.0559157 0.0571608 0.0675031 0.00547348 
2034  0 0.0612999 0.0736157 0.0496055 0.0569878 0.0582501 0.0712786 0.00636176 
2035  0 0.0612999 0.0736157 0.049495 0.0581923 0.0594103 0.0736157 0.00698297 

Total_BiomassModel_1_goa_nr_2022.dat
Year B100 Babc Bofl LowCI_Biom Median_Biom Mean_Biom UpperCI_Biom Stdev_Biom 
2022 407.425 102.239 93.546 97.9501 97.9501 97.9501 97.9501 1.12266e-12 
2023 407.425 102.239 93.546 95.0206 95.3017 95.4518 96.3692 0.496914 
2024 407.425 102.239 93.546 89.4619 90.3647 90.7375 93.1643 1.2956 
2025 407.425 102.239 93.546 84.6657 86.574 87.2633 91.7666 2.46384 
2026 407.425 102.239 93.546 79.8558 83.0931 84.1008 91.0454 3.89823 
2027 407.425 102.239 93.546 76.0561 81.075 82.3811 92.3628 5.50231 
2028 407.425 102.239 93.546 73.3773 80.2079 81.8201 94.4457 7.16302 
2029 407.425 102.239 93.546 71.2772 80.2798 82.1527 98.2495 8.7961 
2030 407.425 102.239 93.546 70.1666 81.07 83.1015 101.783 10.2924 
2031 407.425 102.239 93.546 69.7771 82.2769 84.4371 106.005 11.5701 
2032 407.425 102.239 93.546 69.8186 83.4546 85.9281 109.306 12.6 
2033 407.425 102.239 93.546 69.9575 85.2774 87.4603 111.999 13.3917 
2034 407.425 102.239 93.546 70.346 87.0156 88.9097 113.939 14.0009 
2035 407.425 102.239 93.546 70.5786 88.3102 90.2264 115.318 14.4672 
